0, 1.00045907497406
10, 0.26175424456596375
20, 0.11828195303678513
30, 0.13471460342407227
40, 0.08728621155023575
50, 0.013124529272317886
60, 0.04099064692854881
70, 0.18342378735542297
80, 0.07570696622133255
90, 0.02029910683631897
100, 0.008807235397398472
110, 0.0033006237354129553
120, 0.003328573890030384
130, 0.003010357264429331
140, 0.004614011384546757
150, 0.0011141728609800339
160, 0.001240110257640481
170, 0.002348115434870124
180, 0.0017427613493055105
190, 0.0005669034435413778
200, 0.00040724067366681993
210, 0.0005553617374971509
220, 0.0020463785622268915
230, 0.0005660697934217751
240, 0.0013273375807330012
250, 0.00041867373511195183
260, 0.0003214932803530246
270, 0.0005174492252990603
280, 0.0004210089682601392
290, 0.0006489251391030848
300, 0.0002911065239459276
310, 0.00032616365933790803
320, 0.0004124395491089672
330, 0.00027108556241728365
340, 0.0003251346934121102
350, 0.0002962899743579328
360, 0.0003082502807956189
370, 0.0002519196714274585
380, 0.00027066085021942854
390, 0.00022724474547430873
400, 0.00044592685298994184
410, 0.0001788488880265504
420, 0.0001652780338190496
430, 0.00015798304229974747
440, 0.0002976784307975322
450, 0.0003282024699728936
460, 0.0002382840175414458
470, 0.00021039482089690864
480, 0.00021451029169838876
490, 0.00026585886371321976
500, 0.00024152510741259903
510, 0.0003329138271510601
520, 0.00030875438824296
530, 0.00020154714002273977
540, 0.0002791682200040668
550, 0.00021664626547135413
560, 0.00034629242145456374
570, 0.00036784043186344206
580, 0.0003053554391954094
590, 0.0002852149773389101
600, 0.00020940671674907207
610, 0.000375622243154794
620, 0.00028113502776250243
630, 0.00025585247203707695
640, 0.0002905319270212203
650, 0.0003098671732004732
660, 0.00039414348430000246
670, 0.00030019553378224373
680, 0.0003311490290798247
690, 0.0003089640522375703
700, 0.0003026307967957109
710, 0.0003767792077269405
720, 0.0003107509692199528
730, 0.0003793292853515595
740, 0.0003249886794947088
750, 0.00041369764949195087
760, 0.00038523657713085413
770, 0.00033327669370919466
780, 0.00039479247061535716
790, 0.0003322959237266332
800, 0.0002943795989267528
810, 0.000376470445189625
820, 0.0003088679222855717
830, 0.00029850812279619277
840, 0.0003519575111567974
850, 0.00029559381073340774
860, 0.00023488409351557493
870, 0.00033424291177652776
880, 0.0003297942166682333
890, 0.00043142313370481133
900, 0.00029689670191146433
910, 0.00035581711563281715
920, 0.0002855566854123026
930, 0.00037359879934228957
940, 0.0003143393259961158
950, 0.0003387911419849843
960, 0.00031657537329010665
970, 0.0003685126721393317
980, 0.000310789531795308
990, 0.00036001496482640505
1000, 0.0003197838377673179
1010, 0.0003275138442404568
1020, 0.0003427979245316237
1030, 0.000275376281933859
1040, 0.00029194579110480845
1050, 0.000316859339363873
1060, 0.0003049066290259361
1070, 0.0003145821683574468
1080, 0.00033129515941254795
1090, 0.00034270575270056725
1100, 0.00035577311064116657
1110, 0.00030247317044995725
1120, 0.00029635068494826555
1130, 0.00031078155734576285
1140, 0.00035682227462530136
1150, 0.00038536812644451857
1160, 0.000365369749488309
1170, 0.0003316518559586257
1180, 0.00033755245385691524
1190, 0.0003710909513756633
1200, 0.00036255514714866877
1210, 0.0004073610180057585
1220, 0.0004115974879823625
1230, 0.00042608019430190325
1240, 0.00036664039362221956
1250, 0.00043016360723413527
1260, 0.0005106766475364566
1270, 0.0004129400767851621
1280, 0.0003604940138757229
1290, 0.0003965942596551031
1300, 0.0004918827908113599
1310, 0.0004291685181669891
1320, 0.000397192983655259
1330, 0.00042860733810812235
1340, 0.0004128349828533828
1350, 0.0004333849065005779
1360, 0.0005147380870766938
1370, 0.0005019609234295785
1380, 0.0004673105722758919
1390, 0.0005498795653693378
1400, 0.0004314832331147045
1410, 0.0005178024875931442
1420, 0.00045427060103975236
1430, 0.0004745200276374817
1440, 0.000635783071629703
1450, 0.0005870333407074213
1460, 0.00042550492798909545
1470, 0.00041806785156950355
1480, 0.000560182030312717
1490, 0.0005803460371680558
1500, 0.0005026040016673505
1510, 0.0004780939198099077
1520, 0.0004355732526164502
1530, 0.0004648183239623904
1540, 0.0006230435101315379
1550, 0.000477136840345338
1560, 0.000515328545589
1570, 0.0005849961889907718
1580, 0.0004298998392187059
1590, 0.00044448464177548885
1600, 0.00039774313336238265
1610, 0.0004569591546896845
1620, 0.00047615490620955825
1630, 0.0003886623599100858
1640, 0.0004452326684258878
1650, 0.00041813633288256824
1660, 0.00039470961201004684
1670, 0.00038731630775146186
1680, 0.00039366353303194046
1690, 0.00031299859983846545
1700, 0.00033755681943148375
1710, 0.00034074633731506765
1720, 0.00043213582830503583
1730, 0.0004210782644804567
1740, 0.00032275597914122045
1750, 0.00038747265352867544
1760, 0.0003355950175318867
1770, 0.00044757366413250566
1780, 0.0003163140208926052
1790, 0.0003597971808630973
1800, 0.000458694325061515
1810, 0.0003253285540267825
1820, 0.00035757734440267086
1830, 0.0003424699534662068
1840, 0.0003088954254053533
1850, 0.00039728867704980075
1860, 0.0003902060561813414
1870, 0.0003231166338082403
1880, 0.00027114522526971996
1890, 0.0002965149760711938
1900, 0.00027258734917268157
1910, 0.0004095537879038602
1920, 0.00026703893672674894
1930, 0.00027815517387352884
1940, 0.00024665312957949936
1950, 0.00031826080521568656
1960, 0.00030673868604935706
1970, 0.00023891175806056708
1980, 0.000312408315949142
1990, 0.0002884911955334246
2000, 0.0002746888203546405
2010, 0.0003247293643653393
2020, 0.00027243871591053903
2030, 0.00019331011571921408
2040, 0.00026293916744180024
2050, 0.00020109231991227716
2060, 0.0003088607045356184
2070, 0.00023840229550842196
2080, 0.0002742704236879945
2090, 0.0002275702281622216
2100, 0.00023964776482898742
2110, 0.0002980040735565126
2120, 0.00024754731566645205
2130, 0.00026411202270537615
2140, 0.0004061406652908772
2150, 0.00024108955403789878
2160, 0.0001683104783296585
2170, 0.00020886253332719207
2180, 0.00023628819326404482
2190, 0.00029573318897746503
2200, 0.0002161812299164012
2210, 0.00026364909717813134
2220, 0.00023989092733245343
2230, 0.0002475928922649473
2240, 0.0002332961739739403
2250, 0.00026737552252598107
2260, 0.00023784344375599176
2270, 0.00017681448662187904
2280, 0.00027852339553646743
2290, 0.00022849523520562798
2300, 0.00022806224296800792
2310, 0.0002015265345107764
2320, 0.00025243739946745336
2330, 0.0002701847115531564
2340, 0.00019268732285127044
2350, 0.00020548436441458762
2360, 0.00020434606994967908
2370, 0.00019103733939118683
2380, 0.00017415234469808638
2390, 0.00017994969675783068
2400, 0.00019428956147748977
2410, 0.0002005513379117474
2420, 0.00019256959785707295
2430, 0.0002189049409935251
2440, 0.00021430100605357438
2450, 0.00014456402277573943
2460, 0.000189738639164716
2470, 0.00016687621246092021
2480, 0.000154777429997921
2490, 0.0002672518603503704
2500, 0.00022672540217172354
2510, 0.000248684169491753
2520, 0.00020532133930828422
2530, 0.00019862536282744259
2540, 0.0001730844669509679
2550, 0.00024038017727434635
2560, 0.000182259755092673
2570, 0.00017651689995545894
2580, 0.00015947857173159719
2590, 0.00017206452321261168
2600, 0.00021144676429685205
2610, 0.00021350935276132077
2620, 0.00019082888320554048
2630, 0.00014849186118226498
2640, 0.00017797686450649053
2650, 0.0001711005315883085
2660, 0.00020163193403277546
2670, 0.0001491763541707769
2680, 0.00023746855731587857
2690, 0.00016575938207097352
2700, 0.00017345680680591613
2710, 0.000151889500557445
2720, 0.00017569841293152422
2730, 0.0001853734429460019
2740, 0.00020383234368637204
2750, 0.00030811605392955244
2760, 0.00015641011123079807
2770, 0.00019410892855376005
2780, 0.00014675033162347972
2790, 0.00019146283739246428
2800, 0.00023093781783245504
2810, 0.00015051796799525619
2820, 0.00013110820145811886
2830, 0.0001872511493274942
2840, 0.00012245337711647153
2850, 0.00013694459630642086
2860, 0.0002826346317306161
2870, 0.0002216692955698818
2880, 0.00019626747234724462
2890, 0.00018335881759412587
2900, 0.00015750376041978598
2910, 0.00014942098641768098
2920, 0.00018889039347413927
2930, 0.00013324616884347051
2940, 0.00022697969689033926
2950, 0.00018240268400404602
2960, 0.0002324082888662815
2970, 0.0001918744674185291
2980, 0.0001751466770656407
2990, 0.00016659832908771932
3000, 0.00017785586533136666
3010, 0.00014819498755969107
3020, 0.0001714031386654824
3030, 0.00015965322381816804
3040, 0.00016243732534348965
3050, 0.00016404438065364957
3060, 0.00020079381647519767
3070, 0.00018612624262459576
3080, 0.0001597442023921758
3090, 0.0001413514110026881
3100, 0.0002321835490874946
3110, 0.00017771872808225453
3120, 0.0001931929582497105
3130, 0.00017017668869812042
3140, 0.0001540484809083864
3150, 0.00020921033865306526
3160, 0.00014921756519470364
3170, 0.0001947813871083781
3180, 0.00014029476733412594
3190, 0.00018150266259908676
3200, 0.0001408342650393024
3210, 0.00017237906286027282
3220, 0.00014365653623826802
3230, 0.00021403614664450288
3240, 0.00017812040459830314
3250, 0.0001769455848261714
3260, 0.0001609957980690524
3270, 0.0002627584617584944
3280, 0.0001366486685583368
3290, 0.00018673745216801763
3300, 0.00025574126630090177
3310, 0.0001949872385011986
3320, 0.00019171684107277542
3330, 0.0002363949897699058
3340, 0.0002843918919097632
3350, 0.00018981854373123497
3360, 0.00019700902339536697
3370, 0.0002470830804668367
3380, 0.0002844467817340046
3390, 0.00021466839825734496
3400, 0.00014512144844047725
3410, 0.00015820100088603795
3420, 0.00015183055074885488
3430, 0.00012728531146422029
3440, 0.00017061881953850389
3450, 0.00020856565970461816
3460, 0.00018569282838143408
3470, 0.00017378968186676502
3480, 0.00030257529579102993
3490, 0.00015258611529134214
3500, 0.00014784136146772653
3510, 0.0001504385145381093
3520, 0.00016813422553241253
3530, 0.00014164633466862142
3540, 0.00014162158186081797
3550, 0.0001691888610366732
3560, 0.00012225906539242715
3570, 0.0001475024619139731
3580, 0.00014481884136330336
3590, 0.00017511121404822916
3600, 0.0001614797511138022
3610, 0.00017335322627332062
3620, 0.0001896397880045697
3630, 0.00020326030789874494
3640, 0.00022222462575882673
3650, 0.0001536595809739083
3660, 0.0001604375138413161
3670, 0.0001266022154595703
3680, 0.0002035757788689807
3690, 0.000137116207042709
3700, 0.00018874745001085103
3710, 0.00012947469076607376
3720, 0.00015162181807681918
3730, 0.00011785242531914264
3740, 0.00012345059076324105
3750, 0.00020851993758697063
3760, 0.00013601177488453686
3770, 0.00012798608804587275
3780, 0.00026153973885811865
3790, 0.00013976666377857327
3800, 0.0001646733289817348
3810, 0.00018553603149484843
3820, 0.00018414280202705413
3830, 0.00014858151553198695
3840, 0.00019529620476532727
3850, 0.00017786468379199505
3860, 0.00022740245913155377
3870, 0.0001893241424113512
3880, 0.00017686367209535092
3890, 0.000260758213698864
3900, 0.00015332236944232136
3910, 0.0001592326007084921
3920, 0.00017246541392523795
3930, 0.00023264803166966885
3940, 0.00015880978025961667
3950, 0.00016346608754247427
3960, 0.00016982016677502543
3970, 0.00011430708400439471
3980, 0.0002111830544890836
3990, 0.0001705643517198041
4000, 0.00019030105613637716
4010, 0.0001271854853257537
4020, 0.00022216016077436507
4030, 0.0001745436602504924
4040, 0.0001547595311421901
4050, 0.00016378393047489226
4060, 0.00018508567882236093
4070, 0.0002038466336671263
4080, 0.00016820624296087772
4090, 0.00017047955770976841
4100, 0.00018112687394022942
4110, 0.0003063446201849729
4120, 0.00014465086860582232
4130, 0.00012547771621029824
4140, 0.00021097795979585499
4150, 0.00010945323447231203
4160, 0.00016725249588489532
4170, 0.0001989457377931103
4180, 0.00013112409214954823
4190, 0.0001445512316422537
4200, 0.00014799536438658834
4210, 0.00017756829038262367
4220, 0.00019405854982323945
4230, 0.00017057341756299138
4240, 0.0001378084853058681
4250, 0.00019177609647158533
4260, 0.00014491369074676186
4270, 0.00017204438336193562
4280, 0.00015823224384803325
4290, 0.0001400210167048499
4300, 0.0001689142663963139
4310, 0.00011979864939348772
4320, 0.00020485273853410035
4330, 0.000321713654557243
4340, 0.00031531936838291585
4350, 0.0003036929701920599
4360, 0.0002867968869395554
4370, 0.0002844576083589345
4380, 0.0003721838293131441
4390, 0.0002739447227213532
4400, 0.0002787389967124909
4410, 0.00023282578331418335
4420, 0.00027747644344344735
4430, 0.0004075503966305405
4440, 0.0003115855506621301
4450, 0.00040065846405923367
4460, 0.0005112101789563894
4470, 0.00038633443182334304
4480, 0.00032755613210611045
4490, 0.0004632543714251369
4500, 0.0002922740241046995
4510, 0.00043763755820691586
4520, 0.00029701367020606995
4530, 0.0003405824536457658
4540, 0.0004997470532543957
4550, 0.0003362929855939001
4560, 0.00038336895522661507
4570, 0.00040522657218389213
4580, 0.0004588612064253539
4590, 0.0004281178116798401
4600, 0.0004262535076122731
4610, 0.00035629738704301417
4620, 0.00038969842717051506
4630, 0.00037122148205526173
4640, 0.00041495723417028785
4650, 0.0005373589810915291
4660, 0.00040309972246177495
4670, 0.0004070248396601528
4680, 0.00044310587691143155
4690, 0.0005457241786643863
4700, 0.00038252450758591294
4710, 0.0004134704067837447
4720, 0.00030228382092900574
4730, 0.000332719151629135
4740, 0.0003426631446927786
4750, 0.0005066363955847919
4760, 0.00041766365757212043
4770, 0.00041303850593976676
4780, 0.00024613432469777763
4790, 0.00029993895441293716
4800, 0.0003423109301365912
4810, 0.0002850033051799983
4820, 0.00029632242512889206
4830, 0.00032703523174859583
4840, 0.0002990097855217755
4850, 0.0002772722509689629
4860, 0.0003273875336162746
4870, 0.00032525582355447114
4880, 0.0002682889171410352
4890, 0.0002650806272868067
4900, 0.00036368065048009157
4910, 0.00025109254056587815
4920, 0.0001935220352606848
4930, 0.0003067966899834573
4940, 0.00025987005210481584
4950, 0.0002820655354298651
4960, 0.00022893182176630944
4970, 0.00023182305449154228
4980, 0.0002095045056194067
4990, 0.0002910762850660831
