0, -0.7565493583679199
5, -2.8540780544281006
10, -2.9453585147857666
15, -3.0807809829711914
20, -3.210148811340332
25, -2.981095552444458
30, -3.1620395183563232
35, -3.378483295440674
40, -3.413638114929199
45, -3.395707368850708
50, -3.4348230361938477
55, -3.3463706970214844
60, -3.574131727218628
65, -3.471102237701416
70, -3.6417417526245117
75, -3.7147316932678223
80, -3.668421506881714
85, -3.7955427169799805
90, -3.702460289001465
95, -3.723194122314453
100, -3.8057432174682617
105, -3.662578582763672
110, -3.9214630126953125
115, -3.766409158706665
120, -3.614926338195801
125, -3.471451759338379
130, -4.014003753662109
135, -4.084021091461182
140, -3.935256004333496
145, -3.9172167778015137
150, -3.8972880840301514
155, -3.7051620483398438
160, -3.9842419624328613
165, -4.2288818359375
170, -3.9093916416168213
175, -3.651252269744873
180, -3.904047966003418
185, -3.903459310531616
190, -3.94699764251709
195, -4.112649917602539
200, -4.170340538024902
205, -3.858480215072632
210, -3.9452764987945557
215, -4.231971263885498
220, -3.798739433288574
225, -4.083224296569824
230, -3.825134754180908
235, -4.1716532707214355
240, -3.9040286540985107
245, -4.045470237731934
250, -4.010553359985352
255, -3.6267521381378174
260, -4.140605926513672
265, -4.02079439163208
270, -3.9635517597198486
275, -4.03591775894165
280, -4.18828010559082
285, -4.260450839996338
290, -3.999424695968628
295, -3.993788480758667
300, -3.940363645553589
305, -3.79449462890625
310, -4.264636516571045
315, -4.036762714385986
320, -3.7922558784484863
325, -3.8492300510406494
330, -3.888922929763794
335, -4.1233649253845215
340, -4.255945682525635
345, -3.7867095470428467
350, -4.000631809234619
355, -3.854436159133911
360, -3.9634501934051514
365, -3.9654979705810547
370, -4.1682329177856445
375, -4.168233394622803
380, -3.934265613555908
385, -4.24269962310791
390, -4.239509582519531
395, -3.9427006244659424
400, -3.8724305629730225
405, -4.045867919921875
410, -4.2594451904296875
415, -3.9002208709716797
420, -3.885823965072632
425, -3.9871652126312256
430, -4.269776821136475
435, -4.173091411590576
440, -4.212054252624512
445, -4.18522834777832
450, -3.7759861946105957
455, -4.455220699310303
460, -4.240440845489502
465, -4.002233982086182
470, -4.125277042388916
475, -4.313000202178955
480, -3.9398326873779297
485, -3.951491117477417
490, -4.472625255584717
495, -4.120668411254883
500, -4.10127592086792
505, -4.074061870574951
510, -4.258260726928711
515, -4.1588616371154785
520, -4.1096014976501465
525, -4.019737720489502
530, -4.1221160888671875
535, -4.401397228240967
540, -4.326411247253418
545, -4.332305431365967
550, -4.371328830718994
555, -4.352563858032227
560, -4.531681537628174
565, -4.340898513793945
570, -4.630103588104248
575, -4.463377475738525
580, -4.232632160186768
585, -4.475096702575684
590, -4.298640251159668
595, -4.193977355957031
600, -4.583044528961182
605, -4.51440954208374
610, -4.444846153259277
615, -4.596906661987305
620, -4.652153015136719
625, -4.466613292694092
630, -4.7131242752075195
635, -4.42293643951416
640, -4.248012065887451
645, -4.553106784820557
650, -4.566570281982422
655, -4.743819236755371
660, -4.532114028930664
665, -4.4973249435424805
670, -4.642669200897217
675, -4.80872106552124
680, -4.703319072723389
685, -4.824241638183594
690, -4.813345432281494
695, -4.822091102600098
700, -5.194340229034424
705, -4.700638771057129
710, -4.715315818786621
715, -5.189664363861084
720, -5.012153148651123
725, -4.888449668884277
730, -4.559080123901367
735, -5.075974464416504
740, -4.912775993347168
745, -5.06243896484375
750, -4.967466831207275
755, -5.116524696350098
760, -5.244749069213867
765, -5.308263301849365
770, -5.020527362823486
775, -4.881214618682861
780, -5.265905857086182
785, -5.18605375289917
790, -5.070799827575684
795, -4.891668796539307
800, -4.9797773361206055
805, -5.011116027832031
810, -5.475865364074707
815, -5.537758827209473
820, -5.57046365737915
825, -5.54714822769165
830, -5.504195213317871
835, -5.274054050445557
840, -5.187255859375
845, -5.3769211769104
850, -5.585451602935791
855, -5.375112056732178
860, -5.424850940704346
865, -5.378288269042969
870, -5.306149959564209
875, -6.014241695404053
880, -5.2769060134887695
885, -5.731480598449707
890, -5.441661834716797
895, -5.5585198402404785
900, -5.68138313293457
905, -5.448405742645264
910, -5.635732173919678
915, -5.863710880279541
920, -5.687968730926514
925, -5.736868381500244
930, -5.582073211669922
935, -5.595312595367432
940, -5.748220920562744
945, -5.812777042388916
950, -5.932586669921875
955, -5.442899227142334
960, -5.721094131469727
965, -5.905786037445068
970, -5.845081806182861
975, -5.694199085235596
980, -5.836357116699219
985, -5.776740550994873
990, -6.085302829742432
995, -5.550129413604736
1000, -5.863273620605469
1005, -5.883544921875
1010, -5.730874061584473
1015, -5.928200721740723
1020, -6.050689697265625
1025, -6.095218181610107
1030, -6.149927616119385
1035, -5.815958499908447
1040, -6.00706672668457
1045, -5.841145992279053
1050, -6.001772403717041
1055, -5.853354454040527
1060, -5.913277626037598
1065, -6.127702713012695
1070, -6.19596004486084
1075, -6.049007415771484
1080, -6.047199726104736
1085, -5.7979631423950195
1090, -6.015038967132568
1095, -5.993888854980469
1100, -6.042733192443848
1105, -6.395979404449463
1110, -5.970076084136963
1115, -5.955688953399658
1120, -6.157830715179443
1125, -6.108983516693115
1130, -6.317399978637695
1135, -6.07386589050293
1140, -5.997843265533447
1145, -6.214277267456055
1150, -5.826556205749512
1155, -5.798933982849121
1160, -6.340540409088135
1165, -6.149909019470215
1170, -6.148096561431885
1175, -5.93506383895874
1180, -6.731603145599365
1185, -6.358279705047607
1190, -6.245970249176025
1195, -6.320836067199707
1200, -6.23008918762207
1205, -6.427728176116943
1210, -6.239454746246338
1215, -6.608837604522705
1220, -6.120812892913818
1225, -6.4740824699401855
1230, -6.256019115447998
1235, -6.293770790100098
1240, -6.335921287536621
1245, -6.374353885650635
1250, -6.221071720123291
1255, -6.336075305938721
1260, -6.346461772918701
1265, -6.264459133148193
1270, -6.112460613250732
1275, -6.374169826507568
1280, -6.253087043762207
1285, -6.4344000816345215
1290, -6.328162670135498
1295, -6.672873497009277
1300, -6.667792797088623
1305, -6.63490104675293
1310, -6.429275989532471
1315, -6.420125484466553
1320, -6.605451583862305
1325, -6.735688209533691
1330, -7.033229827880859
1335, -6.412096977233887
1340, -6.975574016571045
1345, -6.404216289520264
1350, -6.845961570739746
1355, -6.597897052764893
1360, -6.446736812591553
1365, -6.795199871063232
1370, -6.835638046264648
1375, -6.915235996246338
1380, -6.642317771911621
1385, -6.541896820068359
1390, -6.739044189453125
1395, -6.489096641540527
1400, -6.925084590911865
1405, -6.83880615234375
1410, -6.884832382202148
1415, -6.751619815826416
1420, -6.7701849937438965
1425, -6.470162391662598
1430, -6.689783573150635
1435, -6.852823257446289
1440, -6.711016654968262
1445, -7.320633411407471
1450, -6.546182155609131
1455, -6.682230472564697
1460, -6.603194236755371
1465, -6.724515438079834
1470, -6.938804626464844
1475, -6.755058288574219
1480, -6.927133560180664
1485, -6.559678077697754
1490, -6.809948444366455
1495, -7.11674165725708
1500, -7.172823429107666
1505, -6.888998985290527
1510, -6.9078369140625
1515, -7.07232141494751
1520, -6.666289329528809
1525, -7.120389461517334
1530, -7.15142822265625
1535, -6.737720966339111
1540, -6.788031578063965
1545, -6.864327430725098
1550, -7.189065933227539
1555, -6.953917026519775
1560, -6.883617877960205
1565, -6.74342155456543
1570, -7.004837989807129
1575, -7.21312952041626
1580, -6.88346529006958
1585, -7.134929180145264
1590, -6.884474754333496
1595, -6.957522869110107
1600, -7.145108699798584
1605, -7.076592445373535
1610, -6.990893840789795
1615, -7.49163293838501
1620, -7.439005374908447
1625, -7.152393817901611
1630, -7.208359241485596
1635, -7.03646183013916
1640, -7.083301067352295
1645, -7.238542556762695
1650, -7.003042221069336
1655, -7.124777793884277
1660, -7.166244983673096
1665, -7.156900405883789
1670, -7.055840492248535
1675, -7.0724778175354
1680, -7.171796798706055
1685, -7.271909713745117
1690, -6.603699684143066
1695, -6.97421932220459
1700, -7.272778034210205
1705, -7.1404314041137695
1710, -7.219266414642334
1715, -7.102975368499756
1720, -7.289455890655518
1725, -7.646280765533447
1730, -7.251079082489014
1735, -7.055173397064209
1740, -7.040196418762207
1745, -7.317259311676025
1750, -7.13288688659668
1755, -7.103163242340088
1760, -7.055577754974365
1765, -7.217922210693359
1770, -7.130524635314941
1775, -7.555278301239014
1780, -7.152598857879639
1785, -7.148872375488281
1790, -7.290613651275635
1795, -7.466408729553223
1800, -7.034172058105469
1805, -7.135549068450928
1810, -7.546573162078857
1815, -7.022422790527344
1820, -7.977148056030273
1825, -7.623511791229248
1830, -7.062306880950928
1835, -7.178737640380859
1840, -7.172398567199707
1845, -7.108456134796143
1850, -7.483828067779541
1855, -7.187477111816406
1860, -7.042275905609131
1865, -7.518483638763428
1870, -7.517021179199219
1875, -7.073009967803955
1880, -7.470400333404541
1885, -7.386900901794434
1890, -7.669525146484375
1895, -7.492787837982178
1900, -7.739451885223389
1905, -7.656040668487549
1910, -7.571703910827637
1915, -7.397371768951416
1920, -7.089941024780273
1925, -7.626033306121826
1930, -7.723351955413818
1935, -7.425845623016357
1940, -7.672139644622803
1945, -7.723202228546143
1950, -7.441339015960693
1955, -7.543675899505615
1960, -7.333800315856934
1965, -7.491782188415527
1970, -7.879087448120117
1975, -7.347076416015625
1980, -7.777930736541748
1985, -7.651124000549316
1990, -7.506833553314209
1995, -8.012688636779785
2000, -7.750556945800781
2005, -7.608654499053955
2010, -7.623080253601074
2015, -7.635186672210693
2020, -7.684598445892334
2025, -7.878326416015625
2030, -7.882394790649414
2035, -7.630987167358398
2040, -7.6776123046875
2045, -7.781453609466553
2050, -7.702471733093262
2055, -7.764394283294678
2060, -7.778221130371094
2065, -7.895392417907715
2070, -7.562650203704834
2075, -7.588576316833496
2080, -7.743561744689941
2085, -7.7798662185668945
2090, -7.9727606773376465
2095, -7.590395450592041
2100, -7.867639541625977
2105, -7.795155048370361
2110, -7.85316276550293
2115, -8.063241004943848
2120, -7.416224002838135
2125, -8.092166900634766
2130, -7.938289642333984
2135, -7.906461238861084
2140, -7.720849514007568
2145, -7.9246039390563965
2150, -7.649388313293457
2155, -7.872751235961914
2160, -7.999636650085449
2165, -7.567951679229736
2170, -7.93997049331665
2175, -7.538846492767334
2180, -8.120977401733398
2185, -7.582733154296875
2190, -8.180456161499023
2195, -8.00374698638916
2200, -7.757761001586914
2205, -7.803267478942871
2210, -7.742372989654541
2215, -8.097152709960938
2220, -7.738245487213135
2225, -7.647835731506348
2230, -8.039161682128906
2235, -7.918290615081787
2240, -7.911443710327148
2245, -7.960059642791748
2250, -8.056182861328125
2255, -8.05838680267334
2260, -8.239171028137207
2265, -7.774429798126221
2270, -8.18529987335205
2275, -8.009509086608887
2280, -8.18510627746582
2285, -7.882630348205566
2290, -7.794320583343506
2295, -7.968046188354492
2300, -8.48085880279541
2305, -8.009172439575195
2310, -8.096410751342773
2315, -7.893099308013916
2320, -8.071334838867188
2325, -7.8826584815979
2330, -8.14226245880127
2335, -8.07580280303955
2340, -8.112018585205078
2345, -8.13666820526123
2350, -7.729699611663818
2355, -8.25770378112793
2360, -8.23038387298584
2365, -8.203472137451172
2370, -7.920259952545166
2375, -8.514678955078125
2380, -8.060783386230469
2385, -8.372758865356445
2390, -7.920685768127441
2395, -8.245716094970703
2400, -8.019139289855957
2405, -8.10671615600586
2410, -8.211892127990723
2415, -7.88221549987793
2420, -8.318917274475098
2425, -8.362798690795898
2430, -8.202550888061523
2435, -8.205892562866211
2440, -8.392704963684082
2445, -8.441095352172852
2450, -8.242942810058594
2455, -7.891960144042969
2460, -7.9672441482543945
2465, -8.12856388092041
2470, -8.112725257873535
2475, -8.055724143981934
2480, -7.977464199066162
2485, -8.01782512664795
2490, -8.191527366638184
2495, -8.15195083618164
2500, -8.594955444335938
2505, -8.211596488952637
2510, -8.512482643127441
2515, -7.9269609451293945
2520, -8.303475379943848
2525, -8.38516616821289
2530, -8.313852310180664
2535, -8.157937049865723
2540, -8.288091659545898
2545, -8.182979583740234
2550, -8.28285026550293
2555, -8.374259948730469
2560, -8.567374229431152
2565, -7.78994083404541
2570, -8.281087875366211
2575, -8.3350191116333
2580, -8.406234741210938
2585, -8.119171142578125
2590, -8.328776359558105
2595, -8.058747291564941
2600, -8.239953994750977
2605, -8.189251899719238
2610, -8.305071830749512
2615, -7.780372619628906
2620, -8.094858169555664
2625, -8.33172607421875
2630, -8.111772537231445
2635, -8.516719818115234
2640, -8.2825288772583
2645, -8.165227890014648
2650, -7.9547624588012695
2655, -8.231255531311035
2660, -8.412697792053223
2665, -8.268184661865234
2670, -7.966683387756348
2675, -8.292078018188477
2680, -8.091055870056152
2685, -8.427407264709473
2690, -8.294191360473633
2695, -8.180760383605957
2700, -8.032451629638672
2705, -8.30130386352539
2710, -8.371861457824707
2715, -8.489548683166504
2720, -8.196562767028809
2725, -8.433460235595703
2730, -8.327760696411133
2735, -8.131717681884766
2740, -8.10683822631836
2745, -8.574078559875488
2750, -8.276375770568848
2755, -8.638675689697266
2760, -8.182879447937012
2765, -8.380003929138184
2770, -8.337320327758789
2775, -8.493896484375
2780, -8.293859481811523
2785, -8.335158348083496
2790, -8.507669448852539
2795, -8.223320960998535
2800, -8.05744457244873
2805, -8.294257164001465
2810, -8.307496070861816
2815, -8.612679481506348
2820, -8.192974090576172
2825, -8.72115421295166
2830, -8.116216659545898
2835, -8.385590553283691
2840, -8.342673301696777
2845, -8.6975736618042
2850, -8.232600212097168
2855, -8.688015937805176
2860, -8.484139442443848
2865, -8.363605499267578
2870, -8.21122932434082
2875, -8.372063636779785
2880, -8.241185188293457
2885, -8.478228569030762
2890, -8.537391662597656
2895, -8.399015426635742
2900, -8.510004997253418
2905, -8.256163597106934
2910, -8.59893798828125
2915, -8.576765060424805
2920, -8.495502471923828
2925, -8.263653755187988
2930, -8.416770935058594
2935, -8.239643096923828
2940, -8.754220962524414
2945, -8.389381408691406
2950, -8.185136795043945
2955, -8.526564598083496
2960, -8.507631301879883
2965, -8.624407768249512
2970, -8.21627140045166
2975, -8.418519973754883
2980, -8.211597442626953
2985, -8.19041633605957
2990, -8.653308868408203
2995, -8.860075950622559
3000, -8.603178977966309
3005, -8.310811042785645
3010, -8.011383056640625
3015, -8.509124755859375
3020, -8.583184242248535
3025, -8.436691284179688
3030, -8.409050941467285
3035, -8.55195140838623
3040, -8.618924140930176
3045, -8.709291458129883
3050, -8.762524604797363
3055, -8.439666748046875
3060, -8.260045051574707
3065, -8.36448860168457
3070, -8.615851402282715
3075, -8.246636390686035
3080, -8.470940589904785
3085, -8.383014678955078
3090, -8.197890281677246
3095, -8.480707168579102
3100, -8.442286491394043
3105, -8.587101936340332
3110, -8.441397666931152
3115, -8.509130477905273
3120, -8.60662841796875
3125, -8.38090705871582
3130, -8.768292427062988
3135, -8.366009712219238
3140, -8.57982063293457
3145, -8.508357048034668
3150, -8.096510887145996
3155, -8.626176834106445
3160, -8.619307518005371
3165, -8.661364555358887
3170, -8.644779205322266
3175, -8.711466789245605
3180, -8.307705879211426
3185, -8.631087303161621
3190, -8.711324691772461
3195, -8.777117729187012
3200, -8.676568031311035
3205, -8.641777038574219
3210, -8.447690963745117
3215, -8.261824607849121
3220, -8.738186836242676
3225, -8.503846168518066
3230, -8.677403450012207
3235, -8.55571174621582
3240, -8.584649085998535
3245, -8.47907543182373
3250, -8.643819808959961
3255, -8.365804672241211
3260, -8.9004487991333
3265, -8.685040473937988
3270, -8.744109153747559
3275, -8.931473731994629
3280, -8.91585636138916
3285, -8.728315353393555
3290, -8.705323219299316
3295, -8.770316123962402
3300, -8.912616729736328
3305, -8.716776847839355
3310, -8.708514213562012
3315, -8.628652572631836
3320, -8.716705322265625
3325, -8.694748878479004
3330, -8.901058197021484
3335, -8.858721733093262
3340, -8.631552696228027
3345, -8.838149070739746
3350, -8.67360782623291
3355, -8.816761016845703
3360, -8.724456787109375
3365, -8.650991439819336
3370, -8.519336700439453
3375, -8.746743202209473
3380, -8.87458324432373
3385, -8.958894729614258
3390, -8.760807037353516
3395, -8.70011043548584
3400, -8.440669059753418
3405, -9.008255004882812
3410, -8.552492141723633
3415, -8.804109573364258
3420, -9.154629707336426
3425, -8.584771156311035
3430, -8.71497917175293
3435, -8.294259071350098
3440, -8.942497253417969
3445, -8.763956069946289
3450, -8.63985824584961
3455, -8.69227409362793
3460, -8.9699068069458
3465, -8.858710289001465
3470, -8.806262969970703
3475, -8.777223587036133
3480, -8.998421669006348
3485, -9.00476360321045
3490, -8.645861625671387
3495, -8.811579704284668
3500, -9.04554557800293
3505, -8.882948875427246
3510, -8.937851905822754
3515, -8.980473518371582
3520, -8.79869270324707
3525, -8.879134178161621
3530, -8.880990982055664
3535, -8.902942657470703
3540, -8.709908485412598
3545, -8.731257438659668
3550, -8.993339538574219
3555, -8.953740119934082
3560, -8.687118530273438
3565, -9.198359489440918
3570, -8.605847358703613
3575, -8.88874340057373
3580, -8.7367525100708
3585, -9.234359741210938
3590, -8.865151405334473
3595, -9.23153018951416
3600, -9.251015663146973
3605, -8.826987266540527
3610, -8.698540687561035
3615, -8.945858001708984
3620, -9.096965789794922
3625, -9.06052303314209
3630, -9.023722648620605
3635, -9.003117561340332
3640, -8.944182395935059
3645, -9.166842460632324
3650, -8.901820182800293
3655, -8.743042945861816
3660, -8.53773021697998
3665, -8.587445259094238
3670, -8.636116981506348
3675, -9.108942985534668
3680, -9.134427070617676
3685, -9.049466133117676
3690, -8.670387268066406
3695, -9.270101547241211
3700, -9.041030883789062
3705, -8.996099472045898
3710, -9.232491493225098
3715, -8.927603721618652
3720, -9.22702407836914
3725, -8.838441848754883
3730, -9.049078941345215
3735, -9.169210433959961
3740, -8.818997383117676
3745, -8.94151496887207
3750, -9.113348960876465
3755, -8.645727157592773
3760, -8.85583209991455
3765, -9.008454322814941
3770, -9.175042152404785
3775, -9.031668663024902
3780, -8.978006362915039
3785, -9.257655143737793
3790, -8.940832138061523
3795, -9.323278427124023
3800, -9.24863338470459
3805, -9.183015823364258
3810, -9.50606632232666
3815, -8.900949478149414
3820, -9.010019302368164
3825, -9.189579010009766
3830, -9.379581451416016
3835, -9.133354187011719
3840, -8.685166358947754
3845, -8.975037574768066
3850, -9.13965892791748
3855, -8.789799690246582
3860, -8.930785179138184
3865, -8.88682746887207
3870, -9.215105056762695
3875, -9.342629432678223
3880, -8.967300415039062
3885, -8.92650032043457
3890, -9.05728816986084
3895, -9.063227653503418
3900, -8.941499710083008
3905, -9.14106273651123
3910, -9.097740173339844
3915, -9.07194995880127
3920, -8.881820678710938
3925, -8.90200138092041
3930, -8.902576446533203
3935, -9.124286651611328
3940, -9.148510932922363
3945, -8.975098609924316
3950, -8.980363845825195
3955, -9.014131546020508
3960, -9.122880935668945
3965, -9.098825454711914
3970, -9.204254150390625
3975, -8.839759826660156
3980, -9.17432689666748
3985, -9.35408878326416
3990, -9.044873237609863
3995, -8.937003135681152
4000, -9.289749145507812
4005, -8.931468963623047
4010, -8.808610916137695
4015, -9.057058334350586
4020, -9.266119956970215
4025, -9.092211723327637
4030, -9.182673454284668
4035, -9.121381759643555
4040, -8.948346138000488
4045, -9.186408042907715
4050, -9.125178337097168
4055, -9.009400367736816
4060, -9.377270698547363
4065, -9.359529495239258
4070, -9.09066104888916
4075, -9.106528282165527
4080, -9.032196044921875
4085, -9.409427642822266
4090, -9.110100746154785
4095, -9.598588943481445
4100, -9.410758018493652
4105, -9.251766204833984
4110, -8.888015747070312
4115, -9.245795249938965
4120, -9.354188919067383
4125, -9.17232894897461
4130, -9.229253768920898
4135, -9.309212684631348
4140, -9.554952621459961
4145, -9.19510555267334
4150, -9.145219802856445
4155, -9.249210357666016
4160, -9.327911376953125
4165, -9.212303161621094
4170, -9.313654899597168
4175, -9.28286361694336
4180, -9.356276512145996
4185, -9.178187370300293
4190, -9.243302345275879
4195, -9.20787239074707
4200, -9.401288986206055
4205, -9.057697296142578
4210, -9.461767196655273
4215, -8.999566078186035
4220, -9.066915512084961
4225, -8.997711181640625
4230, -9.465707778930664
4235, -9.166749954223633
4240, -9.22546100616455
4245, -9.263765335083008
4250, -9.318099021911621
4255, -9.22821044921875
4260, -9.324642181396484
4265, -9.418728828430176
4270, -9.084146499633789
4275, -9.332673072814941
4280, -8.98536205291748
4285, -9.429567337036133
4290, -9.16455078125
4295, -9.044137954711914
4300, -9.091314315795898
4305, -9.707147598266602
4310, -9.595202445983887
4315, -9.306047439575195
4320, -9.557472229003906
4325, -9.462678909301758
4330, -9.315823554992676
4335, -9.49460506439209
4340, -9.072250366210938
4345, -9.526413917541504
4350, -9.205562591552734
4355, -9.372480392456055
4360, -9.541404724121094
4365, -9.295454978942871
4370, -9.191193580627441
4375, -9.256712913513184
4380, -9.520536422729492
4385, -9.305973052978516
4390, -9.368762016296387
4395, -9.441521644592285
4400, -9.182356834411621
4405, -9.539688110351562
4410, -9.506346702575684
4415, -9.392826080322266
4420, -8.792627334594727
4425, -9.412026405334473
4430, -9.574925422668457
4435, -9.355623245239258
4440, -9.627046585083008
4445, -9.114913940429688
4450, -9.093184471130371
4455, -9.108051300048828
4460, -9.391042709350586
4465, -9.412288665771484
4470, -9.566926002502441
4475, -9.451131820678711
4480, -9.055789947509766
4485, -9.065664291381836
4490, -9.464580535888672
4495, -9.60495376586914
4500, -9.587454795837402
4505, -9.535919189453125
4510, -9.378153800964355
4515, -9.345696449279785
4520, -9.180042266845703
4525, -9.394673347473145
4530, -8.849452018737793
4535, -9.38354778289795
4540, -9.479052543640137
4545, -9.316537857055664
4550, -9.353009223937988
4555, -9.145414352416992
4560, -9.212409973144531
4565, -9.359554290771484
4570, -9.162332534790039
4575, -9.221359252929688
4580, -9.506685256958008
4585, -9.53021240234375
4590, -9.220826148986816
4595, -9.33243179321289
4600, -9.649404525756836
4605, -9.33039379119873
4610, -9.557483673095703
4615, -9.33678150177002
4620, -9.833935737609863
4625, -9.608304977416992
4630, -9.445612907409668
4635, -9.638772964477539
4640, -9.569990158081055
4645, -9.137232780456543
4650, -9.410758018493652
4655, -9.514699935913086
4660, -9.41505241394043
4665, -9.65091323852539
4670, -9.459656715393066
4675, -9.509194374084473
4680, -9.117667198181152
4685, -9.144542694091797
4690, -9.269522666931152
4695, -9.220854759216309
4700, -9.338603973388672
4705, -9.531801223754883
4710, -9.542742729187012
4715, -9.366515159606934
4720, -9.39720344543457
4725, -9.156023025512695
4730, -9.202021598815918
4735, -9.37199592590332
4740, -9.640606880187988
4745, -9.613629341125488
4750, -9.699283599853516
4755, -9.397421836853027
4760, -9.763094902038574
4765, -9.538743019104004
4770, -9.612587928771973
4775, -9.555636405944824
4780, -9.112176895141602
4785, -9.277023315429688
4790, -9.5262451171875
4795, -9.527175903320312
4800, -9.621658325195312
4805, -9.504379272460938
4810, -9.585074424743652
4815, -9.486509323120117
4820, -9.567822456359863
4825, -9.26392650604248
4830, -9.317617416381836
4835, -9.564448356628418
4840, -9.187378883361816
4845, -9.122111320495605
4850, -9.596989631652832
4855, -9.691433906555176
4860, -9.696839332580566
4865, -9.549099922180176
4870, -9.56078815460205
4875, -9.465728759765625
4880, -9.745678901672363
4885, -9.748952865600586
4890, -9.686544418334961
4895, -9.642661094665527
4900, -9.151123046875
4905, -9.607901573181152
4910, -9.78615665435791
4915, -9.577659606933594
4920, -9.791573524475098
4925, -9.371861457824707
4930, -9.501677513122559
4935, -9.67121410369873
4940, -9.73404312133789
4945, -9.610246658325195
4950, -9.484148025512695
4955, -9.635107040405273
4960, -9.647574424743652
4965, -9.438783645629883
4970, -9.64647388458252
4975, -9.343997955322266
4980, -9.589727401733398
4985, -9.706512451171875
4990, -9.863018989562988
4995, -9.563436508178711
5000, -9.563653945922852
5005, -9.661343574523926
5010, -9.822992324829102
5015, -9.424572944641113
5020, -9.755816459655762
5025, -9.74389362335205
5030, -9.33144474029541
5035, -9.738683700561523
5040, -9.659794807434082
5045, -9.403435707092285
5050, -9.64082145690918
5055, -9.260757446289062
5060, -9.639126777648926
5065, -9.471381187438965
5070, -9.496950149536133
5075, -9.346467018127441
5080, -9.457383155822754
5085, -9.459927558898926
5090, -9.540287017822266
5095, -9.125819206237793
5100, -9.53417682647705
5105, -9.679200172424316
5110, -9.18863296508789
5115, -9.599077224731445
5120, -9.55797290802002
5125, -9.144227981567383
5130, -9.65075969696045
5135, -9.512442588806152
5140, -9.669363021850586
5145, -9.314424514770508
5150, -9.704476356506348
5155, -9.580599784851074
5160, -9.571916580200195
5165, -9.774032592773438
5170, -9.639811515808105
5175, -9.528865814208984
5180, -9.658825874328613
5185, -9.499573707580566
5190, -9.556150436401367
5195, -9.20067024230957
5200, -9.609830856323242
5205, -9.593292236328125
5210, -9.285621643066406
5215, -9.47175407409668
5220, -9.702072143554688
5225, -9.343881607055664
5230, -9.754817962646484
5235, -9.51931095123291
5240, -9.668635368347168
5245, -9.65894603729248
5250, -9.55729866027832
5255, -9.486305236816406
5260, -9.476529121398926
5265, -9.434598922729492
5270, -8.868794441223145
5275, -9.844910621643066
5280, -9.62109375
5285, -9.781219482421875
5290, -9.638162612915039
5295, -9.659207344055176
5300, -9.581284523010254
5305, -9.543718338012695
5310, -9.667353630065918
5315, -9.524273872375488
5320, -9.912836074829102
5325, -9.792157173156738
5330, -9.592918395996094
5335, -9.348868370056152
5340, -9.701292991638184
5345, -9.488821983337402
5350, -9.593878746032715
5355, -9.84359073638916
5360, -9.538816452026367
5365, -9.950750350952148
5370, -9.714254379272461
5375, -9.84840202331543
5380, -9.272510528564453
5385, -9.782808303833008
5390, -9.489641189575195
5395, -9.60239028930664
5400, -9.744756698608398
5405, -9.614470481872559
5410, -9.642468452453613
5415, -9.908501625061035
5420, -9.906389236450195
5425, -9.73825454711914
5430, -9.57101058959961
5435, -9.66574478149414
5440, -9.816925048828125
5445, -9.735549926757812
5450, -9.629997253417969
5455, -9.844511032104492
5460, -9.830732345581055
5465, -9.67316722869873
5470, -9.823286056518555
5475, -9.659143447875977
5480, -9.602465629577637
5485, -9.794819831848145
5490, -9.892058372497559
5495, -9.857975006103516
5500, -9.482048988342285
5505, -9.71438980102539
5510, -9.632210731506348
5515, -9.650811195373535
5520, -9.822818756103516
5525, -9.462726593017578
5530, -9.654833793640137
5535, -9.775257110595703
5540, -9.821884155273438
5545, -9.313026428222656
5550, -10.056427001953125
5555, -9.935757637023926
5560, -9.879471778869629
5565, -9.6119384765625
5570, -9.679316520690918
5575, -9.700355529785156
5580, -10.035406112670898
5585, -9.880271911621094
5590, -9.625587463378906
5595, -9.679227828979492
5600, -9.558012008666992
5605, -9.827282905578613
5610, -9.94034194946289
5615, -9.780553817749023
5620, -10.05521011352539
5625, -9.136514663696289
5630, -9.629325866699219
5635, -9.656707763671875
5640, -9.739402770996094
5645, -9.552879333496094
5650, -9.433236122131348
5655, -9.988556861877441
5660, -10.141782760620117
5665, -9.638666152954102
5670, -9.700593948364258
5675, -9.81110668182373
5680, -9.679596900939941
5685, -9.875136375427246
5690, -9.824344635009766
5695, -9.674314498901367
5700, -9.685004234313965
5705, -9.605692863464355
5710, -9.751386642456055
5715, -9.729642868041992
5720, -9.55966854095459
5725, -10.056913375854492
5730, -9.506962776184082
5735, -9.703363418579102
5740, -9.663095474243164
5745, -9.927871704101562
5750, -9.801472663879395
5755, -9.59656047821045
5760, -9.907279968261719
5765, -9.859973907470703
5770, -9.697294235229492
5775, -9.799052238464355
5780, -9.546311378479004
5785, -9.73046875
5790, -9.79835033416748
5795, -9.755355834960938
5800, -9.873994827270508
5805, -9.853114128112793
5810, -9.847209930419922
5815, -9.667753219604492
5820, -9.993903160095215
5825, -9.489080429077148
5830, -9.438232421875
5835, -9.723238945007324
5840, -9.65379524230957
5845, -9.801798820495605
5850, -9.798487663269043
5855, -10.006254196166992
5860, -10.077404022216797
5865, -9.808342933654785
5870, -9.975808143615723
5875, -9.726780891418457
5880, -9.796070098876953
5885, -9.806039810180664
5890, -9.64057445526123
5895, -9.579591751098633
5900, -9.821617126464844
5905, -9.838809967041016
5910, -9.82490348815918
5915, -9.866467475891113
5920, -9.808124542236328
5925, -9.445913314819336
5930, -9.909454345703125
5935, -10.215876579284668
5940, -9.408235549926758
5945, -9.697184562683105
5950, -9.686360359191895
5955, -9.857647895812988
5960, -9.823989868164062
5965, -9.94865608215332
5970, -9.812274932861328
5975, -10.087258338928223
5980, -9.882559776306152
5985, -9.958285331726074
5990, -10.001540184020996
5995, -9.762834548950195
6000, -10.060782432556152
6005, -9.934026718139648
6010, -9.77294635772705
6015, -9.8010892868042
6020, -10.087860107421875
6025, -9.97945499420166
6030, -9.788357734680176
6035, -9.873477935791016
6040, -9.798057556152344
6045, -9.748706817626953
6050, -9.690694808959961
6055, -10.014822959899902
6060, -10.028444290161133
6065, -9.630249977111816
6070, -9.99029541015625
6075, -9.650968551635742
6080, -9.830798149108887
6085, -9.9319429397583
6090, -9.772082328796387
6095, -9.410088539123535
6100, -9.76087474822998
6105, -9.863533973693848
6110, -9.854975700378418
6115, -9.550512313842773
6120, -9.712982177734375
6125, -9.696516990661621
6130, -10.092039108276367
6135, -9.804356575012207
6140, -9.762822151184082
6145, -9.942439079284668
6150, -9.606842041015625
6155, -10.210103988647461
6160, -9.72304630279541
6165, -9.950170516967773
6170, -9.68966293334961
6175, -9.594785690307617
6180, -9.372974395751953
6185, -10.04042911529541
6190, -9.806785583496094
6195, -10.022848129272461
6200, -9.896913528442383
6205, -9.747758865356445
6210, -9.939107894897461
6215, -10.108222961425781
6220, -9.76669979095459
6225, -9.731962203979492
6230, -9.640530586242676
6235, -10.049466133117676
6240, -9.79245662689209
6245, -9.852924346923828
6250, -10.02199935913086
6255, -9.986504554748535
6260, -9.921247482299805
6265, -10.023261070251465
6270, -9.918412208557129
6275, -9.78439712524414
6280, -10.202882766723633
6285, -10.112041473388672
6290, -9.829021453857422
6295, -9.82427978515625
6300, -9.785971641540527
6305, -9.923789978027344
6310, -9.935872077941895
6315, -9.903891563415527
6320, -9.744688034057617
6325, -9.669008255004883
6330, -10.022589683532715
6335, -9.655797004699707
6340, -9.702590942382812
6345, -9.983201026916504
6350, -9.713274002075195
6355, -9.990194320678711
6360, -9.820554733276367
6365, -9.71617603302002
6370, -10.03711986541748
6375, -10.112774848937988
6380, -9.75028133392334
6385, -9.413825035095215
6390, -9.84609317779541
6395, -9.91476821899414
6400, -9.891997337341309
6405, -9.855411529541016
6410, -9.821724891662598
6415, -9.993536949157715
6420, -10.034238815307617
6425, -10.094534873962402
6430, -10.035829544067383
6435, -9.577794075012207
6440, -9.759614944458008
6445, -10.032045364379883
6450, -9.724279403686523
6455, -9.672924995422363
6460, -9.487750053405762
6465, -9.852288246154785
6470, -10.124099731445312
6475, -9.822152137756348
6480, -9.762341499328613
6485, -10.07616901397705
6490, -9.95308780670166
6495, -9.873214721679688
6500, -9.915698051452637
6505, -10.20899486541748
6510, -10.25600528717041
6515, -9.687307357788086
6520, -9.971327781677246
6525, -9.959320068359375
6530, -9.817946434020996
6535, -9.759113311767578
6540, -10.144145011901855
6545, -10.269292831420898
6550, -9.899049758911133
6555, -10.341382026672363
6560, -10.009201049804688
6565, -10.037610054016113
6570, -9.852057456970215
6575, -9.87424373626709
6580, -9.959513664245605
6585, -10.03775405883789
6590, -9.887189865112305
6595, -10.048999786376953
6600, -10.146367073059082
6605, -9.832733154296875
6610, -10.202987670898438
6615, -10.019387245178223
6620, -9.873340606689453
6625, -9.952560424804688
6630, -10.138724327087402
6635, -10.159525871276855
6640, -9.792577743530273
6645, -9.815645217895508
6650, -9.91115665435791
6655, -9.671314239501953
6660, -9.702882766723633
6665, -9.927657127380371
6670, -9.94250202178955
6675, -9.947813034057617
6680, -10.193066596984863
6685, -10.142565727233887
6690, -10.036073684692383
6695, -9.86091136932373
6700, -9.740461349487305
6705, -9.81330394744873
6710, -9.805264472961426
6715, -9.724748611450195
6720, -10.023975372314453
6725, -9.925825119018555
6730, -10.054693222045898
6735, -9.973672866821289
6740, -9.862913131713867
6745, -9.825416564941406
6750, -10.150426864624023
6755, -10.101280212402344
6760, -10.076520919799805
6765, -10.256566047668457
6770, -9.929692268371582
6775, -9.874041557312012
6780, -10.039705276489258
6785, -10.058918952941895
6790, -10.229767799377441
6795, -10.029585838317871
6800, -9.845966339111328
6805, -10.1704683303833
6810, -9.902777671813965
6815, -9.927448272705078
6820, -10.24782943725586
6825, -9.783123970031738
6830, -9.898016929626465
6835, -10.168557167053223
6840, -10.02949047088623
6845, -10.133380889892578
6850, -10.138507843017578
6855, -10.056998252868652
6860, -9.645256042480469
6865, -10.198941230773926
6870, -10.16151237487793
6875, -10.393478393554688
6880, -10.37436294555664
6885, -10.11256217956543
6890, -9.97315502166748
6895, -9.770201683044434
6900, -10.218894004821777
6905, -9.920620918273926
6910, -10.116287231445312
6915, -10.116499900817871
6920, -9.826071739196777
6925, -10.137629508972168
6930, -9.74332332611084
6935, -10.089335441589355
6940, -9.854039192199707
6945, -10.060420036315918
6950, -10.0278902053833
6955, -9.972493171691895
6960, -10.062047004699707
6965, -10.373679161071777
6970, -9.9564208984375
6975, -9.904043197631836
6980, -10.191215515136719
6985, -10.193644523620605
6990, -10.280946731567383
6995, -9.965179443359375
7000, -10.167695999145508
7005, -10.022421836853027
7010, -10.130743026733398
7015, -9.9673433303833
7020, -10.1444673538208
7025, -10.088480949401855
7030, -10.159078598022461
7035, -10.090932846069336
7040, -10.067351341247559
7045, -10.0274076461792
7050, -10.043631553649902
7055, -10.072553634643555
7060, -10.159290313720703
7065, -10.132325172424316
7070, -9.834930419921875
7075, -9.980213165283203
7080, -10.095081329345703
7085, -10.121594429016113
7090, -9.981104850769043
7095, -9.874683380126953
7100, -10.367913246154785
7105, -9.78405475616455
7110, -9.787553787231445
7115, -9.7250337600708
7120, -9.869154930114746
7125, -9.774551391601562
7130, -10.092473030090332
7135, -10.008122444152832
7140, -10.207876205444336
7145, -9.908477783203125
7150, -10.021894454956055
7155, -10.244547843933105
7160, -9.934638023376465
7165, -9.873396873474121
7170, -10.005162239074707
7175, -10.15245246887207
7180, -9.659870147705078
7185, -10.046034812927246
7190, -10.007485389709473
7195, -10.0527925491333
7200, -10.19230842590332
7205, -10.314870834350586
7210, -9.933267593383789
7215, -10.18761920928955
7220, -9.935359954833984
7225, -10.221939086914062
7230, -10.031444549560547
7235, -9.891715049743652
7240, -10.155817985534668
7245, -10.098337173461914
7250, -10.184431076049805
7255, -10.007295608520508
7260, -9.766372680664062
7265, -10.172003746032715
7270, -9.847677230834961
7275, -10.213610649108887
7280, -10.017271995544434
7285, -10.090474128723145
7290, -10.082660675048828
7295, -10.214476585388184
7300, -10.067419052124023
7305, -10.144286155700684
7310, -10.153610229492188
7315, -10.235665321350098
7320, -10.097594261169434
7325, -9.964378356933594
7330, -9.985806465148926
7335, -10.325175285339355
7340, -10.108951568603516
7345, -9.913932800292969
7350, -10.1876802444458
7355, -10.129725456237793
7360, -10.198006629943848
7365, -10.206894874572754
7370, -10.136719703674316
7375, -10.080423355102539
7380, -10.011710166931152
7385, -10.113089561462402
7390, -10.22664737701416
7395, -10.173999786376953
7400, -10.069534301757812
7405, -9.966684341430664
7410, -9.926191329956055
7415, -9.790326118469238
7420, -9.951031684875488
7425, -10.197802543640137
7430, -9.978568077087402
7435, -10.060121536254883
7440, -10.218843460083008
7445, -9.901796340942383
7450, -10.150486946105957
7455, -10.328182220458984
7460, -10.239973068237305
7465, -10.289591789245605
7470, -10.293183326721191
7475, -9.84652042388916
7480, -10.097612380981445
7485, -10.145410537719727
7490, -9.92347240447998
7495, -10.077474594116211
7500, -9.963762283325195
7505, -9.977673530578613
7510, -10.03940486907959
7515, -10.005329132080078
7520, -10.18260669708252
7525, -9.950199127197266
7530, -10.153573036193848
7535, -10.075753211975098
7540, -10.22413444519043
7545, -10.127079963684082
7550, -10.110170364379883
7555, -10.177024841308594
7560, -9.938283920288086
7565, -10.034896850585938
7570, -10.061040878295898
7575, -9.813006401062012
7580, -9.886327743530273
7585, -9.915027618408203
7590, -9.965384483337402
7595, -10.160186767578125
7600, -10.337499618530273
7605, -10.175695419311523
7610, -10.013111114501953
7615, -10.121792793273926
7620, -9.876696586608887
7625, -10.19058895111084
7630, -9.892088890075684
7635, -9.450809478759766
7640, -9.915700912475586
7645, -9.96628189086914
7650, -9.920744895935059
7655, -9.907572746276855
7660, -10.16627025604248
7665, -10.141827583312988
7670, -10.266491889953613
7675, -10.14402961730957
7680, -10.26915168762207
7685, -10.24471664428711
7690, -9.90499210357666
7695, -10.363992691040039
7700, -10.105904579162598
7705, -10.344919204711914
7710, -10.114009857177734
7715, -9.958154678344727
7720, -10.04127311706543
7725, -10.320945739746094
7730, -10.220196723937988
7735, -10.224187850952148
7740, -10.02985668182373
7745, -10.053333282470703
7750, -10.04727840423584
7755, -10.20389461517334
7760, -10.209539413452148
7765, -10.311891555786133
7770, -10.365521430969238
7775, -10.327228546142578
7780, -10.235429763793945
7785, -10.081067085266113
7790, -10.187047958374023
7795, -9.910755157470703
7800, -10.192928314208984
7805, -10.167341232299805
7810, -10.134477615356445
7815, -10.165881156921387
7820, -10.25217056274414
7825, -10.211759567260742
7830, -10.390792846679688
7835, -10.308551788330078
7840, -10.17898941040039
7845, -10.205561637878418
7850, -9.894085884094238
7855, -10.0397310256958
7860, -10.260119438171387
7865, -10.43257999420166
7870, -10.419450759887695
7875, -10.387526512145996
7880, -9.924287796020508
7885, -10.15058708190918
7890, -10.383017539978027
7895, -10.425722122192383
7900, -10.316629409790039
7905, -9.916817665100098
7910, -10.214756965637207
7915, -10.451616287231445
7920, -10.352327346801758
7925, -10.38309097290039
7930, -10.345638275146484
7935, -10.424009323120117
7940, -10.203189849853516
7945, -10.306380271911621
7950, -10.39206600189209
7955, -10.079484939575195
7960, -10.507675170898438
7965, -9.946969032287598
7970, -10.095787048339844
7975, -10.046332359313965
7980, -10.47700309753418
7985, -9.910021781921387
7990, -10.039145469665527
7995, -10.040037155151367
8000, -10.198227882385254
8005, -10.331010818481445
8010, -10.193603515625
8015, -10.310993194580078
8020, -10.438298225402832
8025, -10.291011810302734
8030, -10.367566108703613
8035, -10.183732032775879
8040, -9.769356727600098
8045, -9.89965534210205
8050, -10.255589485168457
8055, -10.15324592590332
8060, -10.294742584228516
8065, -10.038084030151367
8070, -10.330045700073242
8075, -10.271979331970215
8080, -9.950357437133789
8085, -10.337286949157715
8090, -9.981667518615723
8095, -10.134888648986816
8100, -9.59763240814209
8105, -10.188275337219238
8110, -10.320959091186523
8115, -10.38001537322998
8120, -10.279484748840332
8125, -10.206164360046387
8130, -10.462570190429688
8135, -10.114048957824707
8140, -10.350634574890137
8145, -10.20022201538086
8150, -10.124678611755371
8155, -10.451361656188965
8160, -10.256068229675293
8165, -10.117898941040039
8170, -10.273683547973633
8175, -9.996614456176758
8180, -10.318681716918945
8185, -10.339552879333496
8190, -10.326190948486328
8195, -10.550501823425293
8200, -9.904712677001953
8205, -10.229772567749023
8210, -10.07480239868164
8215, -10.258881568908691
8220, -10.116331100463867
8225, -10.181649208068848
8230, -10.374298095703125
8235, -9.893593788146973
8240, -10.354581832885742
8245, -10.129129409790039
8250, -9.943840026855469
8255, -10.273280143737793
8260, -10.175272941589355
8265, -10.096988677978516
8270, -9.87559700012207
8275, -10.148427963256836
8280, -10.459991455078125
8285, -10.794411659240723
8290, -10.30340576171875
8295, -10.387250900268555
8300, -10.160611152648926
8305, -10.165891647338867
8310, -10.300899505615234
8315, -10.654871940612793
8320, -10.161614418029785
8325, -9.97063159942627
8330, -10.198169708251953
8335, -10.2485933303833
8340, -10.156502723693848
8345, -10.2346773147583
8350, -10.316947937011719
8355, -10.135696411132812
8360, -9.87246036529541
8365, -10.184789657592773
8370, -10.306724548339844
8375, -10.254311561584473
8380, -10.333257675170898
8385, -10.238348007202148
8390, -10.259140014648438
8395, -10.126431465148926
8400, -9.751969337463379
8405, -10.298060417175293
8410, -10.40744400024414
8415, -10.467985153198242
8420, -10.281312942504883
8425, -10.329266548156738
8430, -10.196063995361328
8435, -10.21606731414795
8440, -10.09205150604248
8445, -10.481008529663086
8450, -10.179006576538086
8455, -10.214042663574219
8460, -10.458230018615723
8465, -9.956071853637695
8470, -10.117789268493652
8475, -10.45218276977539
8480, -10.30001163482666
8485, -10.445963859558105
8490, -10.299184799194336
8495, -10.144874572753906
8500, -10.294748306274414
8505, -10.355547904968262
8510, -10.229362487792969
8515, -10.274426460266113
8520, -10.341283798217773
8525, -10.24865436553955
8530, -10.378058433532715
8535, -10.377134323120117
8540, -10.528862953186035
8545, -10.258593559265137
8550, -10.326690673828125
8555, -10.47964859008789
8560, -10.166308403015137
8565, -10.41006088256836
8570, -10.454282760620117
8575, -10.393420219421387
8580, -10.490865707397461
8585, -10.414541244506836
8590, -10.169825553894043
8595, -10.24576473236084
8600, -10.428215980529785
8605, -10.219732284545898
8610, -10.533032417297363
8615, -10.21389389038086
8620, -10.310531616210938
8625, -10.545838356018066
8630, -10.450514793395996
8635, -10.120244026184082
8640, -10.21806526184082
8645, -10.293126106262207
8650, -10.42520523071289
8655, -10.09658145904541
8660, -10.309395790100098
8665, -10.203582763671875
8670, -9.922672271728516
8675, -10.167497634887695
8680, -10.598982810974121
8685, -10.141669273376465
8690, -10.116042137145996
8695, -10.312861442565918
8700, -10.39654541015625
8705, -10.488368034362793
8710, -10.307638168334961
8715, -10.2164888381958
8720, -10.366804122924805
8725, -10.310840606689453
8730, -10.098488807678223
8735, -9.886564254760742
8740, -10.364242553710938
8745, -10.330554008483887
8750, -10.279264450073242
8755, -10.16503620147705
8760, -10.39052677154541
8765, -10.25987434387207
8770, -10.363103866577148
8775, -10.007674217224121
8780, -10.269287109375
8785, -10.593670845031738
8790, -10.287912368774414
8795, -10.468440055847168
8800, -9.99956226348877
8805, -10.000021934509277
8810, -10.445197105407715
8815, -10.23957633972168
8820, -10.454686164855957
8825, -10.46231460571289
8830, -10.44228458404541
8835, -10.432619094848633
8840, -10.201309204101562
8845, -10.130027770996094
8850, -10.363334655761719
8855, -10.380181312561035
8860, -10.18140697479248
8865, -10.147815704345703
8870, -10.463859558105469
8875, -10.135366439819336
8880, -10.303304672241211
8885, -10.492646217346191
8890, -10.363537788391113
8895, -10.567554473876953
8900, -10.450666427612305
8905, -9.99588394165039
8910, -9.826008796691895
8915, -10.129504203796387
8920, -10.193649291992188
8925, -10.387627601623535
8930, -10.25571060180664
8935, -9.988125801086426
8940, -10.008207321166992
8945, -10.374094009399414
8950, -10.082955360412598
8955, -10.390913009643555
8960, -10.273914337158203
8965, -10.31966781616211
8970, -9.992344856262207
8975, -10.336615562438965
8980, -10.268035888671875
8985, -10.576913833618164
8990, -10.42860221862793
8995, -10.495758056640625
9000, -10.34360122680664
9005, -10.48800277709961
9010, -10.305258750915527
9015, -10.301872253417969
9020, -10.4434814453125
9025, -10.255318641662598
9030, -10.162348747253418
9035, -10.088820457458496
9040, -10.412920951843262
9045, -10.696864128112793
9050, -10.549933433532715
9055, -10.270121574401855
9060, -10.365314483642578
9065, -10.32723331451416
9070, -10.311027526855469
9075, -10.578598022460938
9080, -10.46993350982666
9085, -10.537543296813965
9090, -10.496199607849121
9095, -10.245824813842773
9100, -10.221650123596191
9105, -10.182378768920898
9110, -10.183769226074219
9115, -10.084476470947266
9120, -10.215128898620605
9125, -10.266035079956055
9130, -10.384455680847168
9135, -10.214381217956543
9140, -10.304291725158691
9145, -10.38927936553955
9150, -10.110312461853027
9155, -10.456521034240723
9160, -10.075043678283691
9165, -10.210091590881348
9170, -10.162442207336426
9175, -10.479437828063965
9180, -10.102988243103027
9185, -10.12413501739502
9190, -10.289840698242188
9195, -10.609749794006348
9200, -10.142996788024902
9205, -10.29183578491211
9210, -10.201838493347168
9215, -10.264716148376465
9220, -10.533500671386719
9225, -10.501256942749023
9230, -10.076830863952637
9235, -10.388010025024414
9240, -10.491192817687988
9245, -10.364611625671387
9250, -10.290672302246094
9255, -10.261923789978027
9260, -10.55807876586914
9265, -10.220220565795898
9270, -10.568098068237305
9275, -10.436503410339355
9280, -10.552844047546387
9285, -10.260499954223633
9290, -10.422537803649902
9295, -10.521961212158203
9300, -10.405961990356445
9305, -10.471620559692383
9310, -10.461780548095703
9315, -10.553787231445312
9320, -10.56045150756836
9325, -10.461640357971191
9330, -10.317282676696777
9335, -10.352652549743652
9340, -10.339377403259277
9345, -10.421765327453613
9350, -10.251948356628418
9355, -10.329225540161133
9360, -10.066584587097168
9365, -10.242006301879883
9370, -10.221837043762207
9375, -10.382946968078613
9380, -10.244144439697266
9385, -10.472150802612305
9390, -10.458942413330078
9395, -10.46119213104248
9400, -10.571992874145508
9405, -10.240473747253418
9410, -10.561467170715332
9415, -10.179923057556152
9420, -10.43412971496582
9425, -10.143765449523926
9430, -10.543149948120117
9435, -10.514554977416992
9440, -10.339195251464844
9445, -10.254379272460938
9450, -10.43978214263916
9455, -10.270770072937012
9460, -10.27756118774414
9465, -10.32132339477539
9470, -10.305249214172363
9475, -10.377525329589844
9480, -10.317927360534668
9485, -10.413002967834473
9490, -10.527810096740723
9495, -10.527496337890625
9500, -10.308786392211914
9505, -10.156764030456543
9510, -10.340909004211426
9515, -10.392535209655762
9520, -10.367532730102539
9525, -10.536788940429688
9530, -9.9053316116333
9535, -10.64262580871582
9540, -10.463191032409668
9545, -10.548964500427246
9550, -10.423088073730469
9555, -10.283903121948242
9560, -10.365896224975586
9565, -10.661928176879883
9570, -10.607270240783691
9575, -10.49710464477539
9580, -10.27773666381836
9585, -10.428967475891113
9590, -10.576203346252441
9595, -10.60579776763916
9600, -10.248909950256348
9605, -10.283987045288086
9610, -10.522313117980957
9615, -10.540989875793457
9620, -10.624024391174316
9625, -10.516179084777832
9630, -10.375821113586426
9635, -10.489351272583008
9640, -10.412610054016113
9645, -10.630436897277832
9650, -10.041963577270508
9655, -10.450165748596191
9660, -10.553393363952637
9665, -10.675149917602539
9670, -10.518877029418945
9675, -10.68586254119873
9680, -9.968481063842773
9685, -10.517623901367188
9690, -10.328352928161621
9695, -10.289267539978027
9700, -10.331696510314941
9705, -10.221617698669434
9710, -10.26890754699707
9715, -10.70540714263916
9720, -10.194677352905273
9725, -10.405131340026855
9730, -10.249357223510742
9735, -10.516288757324219
9740, -10.08437728881836
9745, -10.582819938659668
9750, -10.43149185180664
9755, -10.62197208404541
9760, -10.80189037322998
9765, -10.263174057006836
9770, -10.28714370727539
9775, -10.507843971252441
9780, -10.507834434509277
9785, -10.680133819580078
9790, -10.390603065490723
9795, -10.480245590209961
9800, -10.423851013183594
9805, -10.573287963867188
9810, -10.754939079284668
9815, -10.240365028381348
9820, -10.561049461364746
9825, -10.388466835021973
9830, -10.491904258728027
9835, -10.247314453125
9840, -10.752787590026855
9845, -10.389396667480469
9850, -10.583328247070312
9855, -10.35189151763916
9860, -10.514806747436523
9865, -10.749429702758789
9870, -10.360749244689941
9875, -10.72890853881836
9880, -10.375702857971191
9885, -10.458361625671387
9890, -10.668864250183105
9895, -10.82618236541748
9900, -10.666923522949219
9905, -10.281526565551758
9910, -10.187314987182617
9915, -10.683266639709473
9920, -10.432787895202637
9925, -10.550146102905273
9930, -10.585269927978516
9935, -10.50448989868164
9940, -10.379040718078613
9945, -10.497275352478027
9950, -10.487380027770996
9955, -10.669116973876953
9960, -10.635119438171387
9965, -10.042415618896484
9970, -10.501129150390625
9975, -10.640766143798828
9980, -10.333183288574219
9985, -10.370284080505371
9990, -10.463574409484863
9995, -10.400797843933105
10000, -10.49826431274414
10005, -10.303333282470703
10010, -10.60937213897705
10015, -10.404314041137695
10020, -10.654716491699219
10025, -10.48144245147705
10030, -10.587965965270996
10035, -10.5595064163208
10040, -10.787968635559082
10045, -10.42605972290039
10050, -10.52172565460205
10055, -10.356338500976562
10060, -10.186078071594238
10065, -10.53339958190918
10070, -10.502059936523438
10075, -10.554160118103027
10080, -10.3524169921875
10085, -10.47884464263916
10090, -10.415021896362305
10095, -10.43642520904541
10100, -10.393632888793945
10105, -10.418314933776855
10110, -10.704337120056152
10115, -10.278712272644043
10120, -10.335264205932617
10125, -10.778084754943848
10130, -10.321772575378418
10135, -10.614480972290039
10140, -10.132899284362793
10145, -10.68026065826416
10150, -10.465805053710938
10155, -10.703665733337402
10160, -10.486181259155273
10165, -10.29152774810791
10170, -10.444730758666992
10175, -10.446903228759766
10180, -10.428670883178711
10185, -10.577536582946777
10190, -10.581464767456055
10195, -10.300301551818848
10200, -10.612663269042969
10205, -10.617493629455566
10210, -10.485013008117676
10215, -10.475337028503418
10220, -10.767152786254883
10225, -10.35306167602539
10230, -10.688464164733887
10235, -10.58439826965332
10240, -10.46949291229248
10245, -10.595998764038086
10250, -10.605782508850098
10255, -10.2124662399292
10260, -10.458226203918457
10265, -10.521621704101562
10270, -10.686640739440918
10275, -10.510432243347168
10280, -10.52424144744873
10285, -10.442338943481445
10290, -10.448718070983887
10295, -10.3075532913208
10300, -10.630637168884277
10305, -10.50197696685791
10310, -10.63619327545166
10315, -10.395977973937988
10320, -10.829599380493164
10325, -10.510087966918945
10330, -10.768731117248535
10335, -10.367732048034668
10340, -10.548670768737793
10345, -10.721195220947266
10350, -10.506598472595215
10355, -10.532276153564453
10360, -10.318387985229492
10365, -10.776232719421387
10370, -10.714677810668945
10375, -10.348628044128418
10380, -10.692148208618164
10385, -10.512197494506836
10390, -10.314348220825195
10395, -10.317501068115234
10400, -10.569196701049805
10405, -10.4948091506958
10410, -10.576583862304688
10415, -10.429094314575195
10420, -10.703669548034668
10425, -10.636420249938965
10430, -10.45584487915039
10435, -10.643803596496582
10440, -10.342400550842285
10445, -10.220047950744629
10450, -10.757664680480957
10455, -10.507243156433105
10460, -10.498580932617188
10465, -10.535575866699219
10470, -10.393424034118652
10475, -10.496450424194336
10480, -10.427468299865723
10485, -10.317183494567871
10490, -10.420562744140625
10495, -10.559017181396484
10500, -10.53028392791748
10505, -10.662917137145996
10510, -10.553296089172363
10515, -10.607131004333496
10520, -10.606772422790527
10525, -10.625054359436035
10530, -10.65036392211914
10535, -10.373454093933105
10540, -10.65936279296875
10545, -10.39627456665039
10550, -10.694169998168945
10555, -10.461639404296875
10560, -10.438395500183105
10565, -10.540410041809082
10570, -10.484359741210938
10575, -10.42421817779541
10580, -10.820778846740723
10585, -10.504926681518555
10590, -10.43578815460205
10595, -10.371199607849121
10600, -10.403243064880371
10605, -10.46661376953125
10610, -10.441790580749512
10615, -10.528465270996094
10620, -10.235658645629883
10625, -10.398857116699219
10630, -10.525761604309082
10635, -10.692292213439941
10640, -10.208098411560059
10645, -10.274297714233398
10650, -10.263167381286621
10655, -10.205266952514648
10660, -10.621500968933105
10665, -10.297070503234863
10670, -10.536795616149902
10675, -10.540149688720703
10680, -10.459896087646484
10685, -10.474540710449219
10690, -10.559123039245605
10695, -10.203079223632812
10700, -10.251643180847168
10705, -10.533294677734375
10710, -10.398263931274414
10715, -10.397850036621094
10720, -10.688041687011719
10725, -10.377106666564941
10730, -10.493284225463867
10735, -10.229533195495605
10740, -10.40209674835205
10745, -10.476686477661133
10750, -10.435155868530273
10755, -10.799347877502441
10760, -10.477540969848633
10765, -10.605131149291992
10770, -10.657261848449707
10775, -10.572580337524414
10780, -10.163667678833008
10785, -10.427958488464355
10790, -10.368029594421387
10795, -10.527201652526855
10800, -10.41444206237793
10805, -10.340790748596191
10810, -10.590716361999512
10815, -10.45743465423584
10820, -10.421823501586914
10825, -10.631274223327637
10830, -10.46042251586914
10835, -10.689138412475586
10840, -10.693605422973633
10845, -10.462221145629883
10850, -10.48689079284668
10855, -10.46096134185791
10860, -10.440961837768555
10865, -10.614339828491211
10870, -10.7918701171875
10875, -10.516371726989746
10880, -10.645686149597168
10885, -10.50013256072998
10890, -10.511847496032715
10895, -10.621865272521973
10900, -10.600589752197266
10905, -10.445966720581055
10910, -10.571938514709473
10915, -10.738182067871094
10920, -10.671510696411133
10925, -10.303434371948242
10930, -10.42926025390625
10935, -10.609292030334473
10940, -10.502673149108887
10945, -10.401904106140137
10950, -10.336008071899414
10955, -10.40152359008789
10960, -10.535733222961426
10965, -10.527392387390137
10970, -10.276089668273926
10975, -10.574886322021484
10980, -10.408137321472168
10985, -10.350268363952637
10990, -10.598803520202637
10995, -10.658525466918945
11000, -10.582803726196289
11005, -10.832768440246582
11010, -10.450063705444336
11015, -10.664809226989746
11020, -10.57175064086914
11025, -10.525856971740723
11030, -10.269018173217773
11035, -10.26517105102539
11040, -10.416364669799805
11045, -10.459098815917969
11050, -10.581024169921875
11055, -10.249975204467773
11060, -10.724069595336914
11065, -10.478452682495117
11070, -10.441046714782715
11075, -10.467742919921875
11080, -10.652167320251465
11085, -10.53397274017334
11090, -10.401756286621094
11095, -10.549339294433594
11100, -10.24020004272461
11105, -10.379891395568848
11110, -10.618743896484375
11115, -10.571159362792969
11120, -10.244272232055664
11125, -10.510717391967773
11130, -10.384705543518066
11135, -10.49853229522705
11140, -10.211862564086914
11145, -10.255876541137695
11150, -10.634343147277832
11155, -10.346029281616211
11160, -10.604429244995117
11165, -10.562504768371582
11170, -10.694573402404785
11175, -10.608437538146973
11180, -10.476842880249023
11185, -10.605470657348633
11190, -10.698713302612305
11195, -10.22087287902832
11200, -10.747001647949219
11205, -10.496505737304688
11210, -10.455575942993164
11215, -10.653840065002441
11220, -10.49660587310791
11225, -10.727316856384277
11230, -10.575216293334961
11235, -10.415851593017578
11240, -10.488529205322266
11245, -10.494568824768066
11250, -10.441160202026367
11255, -10.682619094848633
11260, -10.847552299499512
11265, -10.403274536132812
11270, -10.750751495361328
11275, -10.139225006103516
11280, -10.75513744354248
11285, -10.571517944335938
11290, -10.57271957397461
11295, -10.60568904876709
11300, -10.67324161529541
11305, -10.487287521362305
11310, -10.408479690551758
11315, -10.443095207214355
11320, -10.426431655883789
11325, -10.406965255737305
11330, -10.641374588012695
11335, -10.714590072631836
11340, -10.761884689331055
11345, -10.66214370727539
11350, -10.37758731842041
11355, -10.508110046386719
11360, -10.60262393951416
11365, -10.715380668640137
11370, -10.725248336791992
11375, -10.268220901489258
11380, -10.4778413772583
11385, -10.738187789916992
11390, -10.768747329711914
11395, -10.843792915344238
11400, -10.621686935424805
11405, -10.553261756896973
11410, -10.640881538391113
11415, -10.565103530883789
11420, -10.747153282165527
11425, -10.078977584838867
11430, -10.76659870147705
11435, -10.523507118225098
11440, -10.345817565917969
11445, -10.59386920928955
11450, -10.637953758239746
11455, -10.307060241699219
11460, -10.49838638305664
11465, -10.550053596496582
11470, -10.753849983215332
11475, -10.615910530090332
11480, -10.690373420715332
11485, -10.661417007446289
11490, -10.57174301147461
11495, -10.544866561889648
11500, -10.236133575439453
11505, -10.49264907836914
11510, -10.469164848327637
11515, -10.760364532470703
11520, -10.624698638916016
11525, -10.587602615356445
11530, -10.648019790649414
11535, -10.555975914001465
11540, -10.362841606140137
11545, -10.325539588928223
11550, -10.657061576843262
11555, -10.443720817565918
11560, -10.41042423248291
11565, -10.570646286010742
11570, -10.164695739746094
11575, -10.57669448852539
11580, -10.58958625793457
11585, -10.395306587219238
11590, -10.478778839111328
11595, -10.562257766723633
11600, -10.622785568237305
11605, -10.37845230102539
11610, -10.284114837646484
11615, -10.334386825561523
11620, -10.730292320251465
11625, -10.743329048156738
11630, -10.587260246276855
11635, -10.798650741577148
11640, -10.693220138549805
11645, -10.823465347290039
11650, -10.626962661743164
11655, -10.394845962524414
11660, -10.592108726501465
11665, -10.631409645080566
11670, -10.402509689331055
11675, -10.496265411376953
11680, -10.624726295471191
11685, -10.43661880493164
11690, -10.52428913116455
11695, -10.62087631225586
11700, -10.34194564819336
11705, -10.665755271911621
11710, -10.771010398864746
11715, -10.350980758666992
11720, -10.476594924926758
11725, -10.703201293945312
11730, -10.561098098754883
11735, -10.603239059448242
11740, -10.577210426330566
11745, -10.454427719116211
11750, -10.7299165725708
11755, -10.752692222595215
11760, -10.617011070251465
11765, -10.809812545776367
11770, -10.586682319641113
11775, -10.73824691772461
11780, -10.725678443908691
11785, -10.515920639038086
11790, -10.825230598449707
11795, -10.603089332580566
11800, -10.864847183227539
11805, -10.824118614196777
11810, -10.814579963684082
11815, -10.621182441711426
11820, -10.50445556640625
11825, -10.473752975463867
11830, -10.451193809509277
11835, -10.407109260559082
11840, -10.501200675964355
11845, -10.425773620605469
11850, -10.651225090026855
11855, -10.477213859558105
11860, -10.633380889892578
11865, -10.536224365234375
11870, -10.922731399536133
11875, -10.462542533874512
11880, -10.839238166809082
11885, -10.521584510803223
11890, -10.60731029510498
11895, -10.549595832824707
11900, -10.77203369140625
11905, -10.45671272277832
11910, -10.576723098754883
11915, -10.469717025756836
11920, -10.437540054321289
11925, -10.57879638671875
11930, -10.607641220092773
11935, -10.128636360168457
11940, -10.81180191040039
11945, -10.450065612792969
11950, -10.375802040100098
11955, -10.713644981384277
11960, -10.7732515335083
11965, -10.69789981842041
11970, -10.556530952453613
11975, -10.685036659240723
11980, -10.697929382324219
11985, -10.31052017211914
11990, -10.459821701049805
11995, -10.483346939086914
12000, -10.351921081542969
12005, -10.564474105834961
12010, -10.706558227539062
12015, -10.494786262512207
12020, -10.448293685913086
12025, -10.296365737915039
12030, -10.60565185546875
12035, -10.6854829788208
12040, -10.619146347045898
12045, -10.782910346984863
12050, -10.538213729858398
12055, -10.311014175415039
12060, -10.4717378616333
12065, -10.579488754272461
12070, -10.347687721252441
12075, -10.583426475524902
12080, -10.568869590759277
12085, -10.614611625671387
12090, -10.396659851074219
12095, -10.678468704223633
12100, -10.264655113220215
12105, -10.724705696105957
12110, -10.441923141479492
12115, -10.706623077392578
12120, -10.78887939453125
12125, -10.768366813659668
12130, -10.763007164001465
12135, -10.933584213256836
12140, -10.713067054748535
12145, -10.669440269470215
12150, -10.657919883728027
12155, -10.569538116455078
12160, -10.65256118774414
12165, -10.715771675109863
12170, -10.764341354370117
12175, -10.863703727722168
12180, -10.458273887634277
12185, -10.44265365600586
12190, -10.490360260009766
12195, -10.243515014648438
12200, -10.710001945495605
12205, -10.698503494262695
12210, -10.603958129882812
12215, -10.502333641052246
12220, -10.611433029174805
12225, -10.571704864501953
12230, -10.467277526855469
12235, -10.570484161376953
12240, -10.144510269165039
12245, -10.618430137634277
12250, -10.550065994262695
12255, -10.710440635681152
12260, -10.396550178527832
12265, -10.686187744140625
12270, -10.727827072143555
12275, -10.511335372924805
12280, -10.60018539428711
12285, -10.520570755004883
12290, -10.505263328552246
12295, -10.498969078063965
12300, -10.266694068908691
12305, -10.331897735595703
12310, -10.660209655761719
12315, -10.040681838989258
12320, -10.542983055114746
12325, -10.74538803100586
12330, -10.498373031616211
12335, -10.580349922180176
12340, -10.259577751159668
12345, -10.444231986999512
12350, -10.622255325317383
12355, -10.76134967803955
12360, -10.706442832946777
12365, -10.378131866455078
12370, -10.719539642333984
12375, -10.713533401489258
12380, -10.928729057312012
12385, -10.631961822509766
12390, -10.58851146697998
12395, -10.643997192382812
12400, -10.504928588867188
12405, -10.376823425292969
12410, -10.584796905517578
12415, -10.309157371520996
12420, -10.666763305664062
12425, -10.892587661743164
12430, -10.761284828186035
12435, -10.638436317443848
12440, -10.545058250427246
12445, -10.467954635620117
12450, -10.748661041259766
12455, -10.606484413146973
12460, -10.755759239196777
12465, -10.617834091186523
12470, -10.577407836914062
12475, -10.750009536743164
12480, -10.746970176696777
12485, -10.47217845916748
12490, -10.590688705444336
12495, -10.39754867553711
12500, -10.779373168945312
12505, -10.785829544067383
12510, -10.407480239868164
12515, -10.46857738494873
12520, -10.78803539276123
12525, -10.738251686096191
12530, -10.603620529174805
12535, -10.57546329498291
12540, -10.482914924621582
12545, -10.413214683532715
12550, -10.621867179870605
12555, -10.585978507995605
12560, -10.575931549072266
12565, -10.350372314453125
12570, -10.453335762023926
12575, -10.641258239746094
12580, -10.58816909790039
12585, -10.533266067504883
12590, -10.609785079956055
12595, -10.748702049255371
12600, -10.653094291687012
12605, -10.33223819732666
12610, -10.437983512878418
12615, -10.193063735961914
12620, -10.617436408996582
12625, -10.545968055725098
12630, -10.736600875854492
12635, -10.608832359313965
12640, -10.515700340270996
12645, -10.821481704711914
12650, -10.568625450134277
12655, -10.6984224319458
12660, -10.538004875183105
12665, -10.58465576171875
12670, -10.555839538574219
12675, -10.600189208984375
12680, -10.672568321228027
12685, -10.57938003540039
12690, -10.818408966064453
12695, -10.78866958618164
12700, -10.768280029296875
12705, -10.27929401397705
12710, -10.547582626342773
12715, -10.665192604064941
12720, -10.475799560546875
12725, -10.990300178527832
12730, -10.765993118286133
12735, -10.388921737670898
12740, -10.470620155334473
12745, -10.461906433105469
12750, -10.523804664611816
12755, -10.306710243225098
12760, -10.553544998168945
12765, -10.770247459411621
12770, -10.70568561553955
12775, -10.638933181762695
12780, -10.65683364868164
12785, -10.613286018371582
12790, -10.607523918151855
12795, -10.661823272705078
12800, -10.536199569702148
12805, -10.604841232299805
12810, -10.300572395324707
12815, -10.513190269470215
12820, -10.17030143737793
12825, -10.642260551452637
12830, -10.511103630065918
12835, -10.613592147827148
12840, -10.379803657531738
12845, -10.894662857055664
12850, -10.55561351776123
12855, -10.515493392944336
12860, -10.60598087310791
12865, -10.74838638305664
12870, -10.715886116027832
12875, -10.526966094970703
12880, -10.63644790649414
12885, -10.667603492736816
12890, -10.612287521362305
12895, -10.706555366516113
12900, -10.78914737701416
12905, -10.590432167053223
12910, -10.948287963867188
12915, -10.444868087768555
12920, -10.770395278930664
12925, -10.572702407836914
12930, -10.621350288391113
12935, -10.63083553314209
12940, -10.69818115234375
12945, -10.785409927368164
12950, -10.563526153564453
12955, -10.52158260345459
12960, -10.549050331115723
12965, -10.581414222717285
12970, -10.499135971069336
12975, -10.362009048461914
12980, -10.51682186126709
12985, -10.424450874328613
12990, -10.608403205871582
12995, -10.33120059967041
13000, -10.85013198852539
13005, -10.702061653137207
13010, -10.536490440368652
13015, -10.66224193572998
13020, -10.802276611328125
13025, -10.662375450134277
13030, -10.629621505737305
13035, -10.768176078796387
13040, -10.644431114196777
13045, -10.675140380859375
13050, -10.62813663482666
13055, -10.690128326416016
13060, -10.561605453491211
13065, -10.652907371520996
13070, -10.284774780273438
13075, -10.614144325256348
13080, -10.695178985595703
13085, -10.467206954956055
13090, -10.515982627868652
13095, -10.301143646240234
13100, -10.674612045288086
13105, -10.525688171386719
13110, -10.559085845947266
13115, -10.61529541015625
13120, -10.734548568725586
13125, -10.594382286071777
13130, -10.66592788696289
13135, -10.471160888671875
13140, -10.630386352539062
13145, -10.713068962097168
13150, -10.34676456451416
13155, -10.706586837768555
13160, -10.780627250671387
13165, -10.88988971710205
13170, -10.610979080200195
13175, -10.676589012145996
13180, -10.714076042175293
13185, -10.419910430908203
13190, -10.804309844970703
13195, -10.612783432006836
13200, -10.73739242553711
13205, -10.732522964477539
13210, -11.043705940246582
13215, -10.925432205200195
13220, -10.815730094909668
13225, -10.565290451049805
13230, -10.92110538482666
13235, -10.686535835266113
13240, -10.861838340759277
13245, -10.301567077636719
13250, -10.413317680358887
13255, -10.420763969421387
13260, -10.831045150756836
13265, -10.506632804870605
13270, -10.594672203063965
13275, -10.543707847595215
13280, -10.767675399780273
13285, -10.196616172790527
13290, -10.76688289642334
13295, -10.600348472595215
13300, -10.717865943908691
13305, -10.419239044189453
13310, -10.554560661315918
13315, -10.511442184448242
13320, -10.797526359558105
13325, -10.438703536987305
13330, -10.588991165161133
13335, -11.021143913269043
13340, -10.885346412658691
13345, -10.70534896850586
13350, -10.65561294555664
13355, -10.673760414123535
13360, -10.684369087219238
13365, -10.635754585266113
13370, -10.61129379272461
13375, -10.491796493530273
13380, -10.768049240112305
13385, -10.54050064086914
13390, -10.520146369934082
13395, -10.521268844604492
13400, -10.79675006866455
13405, -10.654130935668945
13410, -10.622424125671387
13415, -10.753164291381836
13420, -10.663469314575195
13425, -10.569259643554688
13430, -10.43062686920166
13435, -10.590518951416016
13440, -10.705134391784668
13445, -10.984192848205566
13450, -10.513708114624023
13455, -10.85263442993164
13460, -10.842768669128418
13465, -10.436088562011719
13470, -10.99303913116455
13475, -10.78447151184082
13480, -10.486798286437988
13485, -10.742741584777832
13490, -10.826996803283691
13495, -10.456474304199219
13500, -10.40925121307373
13505, -10.630546569824219
13510, -10.782814979553223
13515, -10.741808891296387
13520, -10.5023193359375
13525, -10.750014305114746
13530, -10.559523582458496
13535, -10.71438217163086
13540, -10.450031280517578
13545, -10.634516716003418
13550, -10.92788028717041
13555, -10.745646476745605
13560, -10.695987701416016
13565, -10.672269821166992
13570, -10.882380485534668
13575, -10.874058723449707
13580, -10.769968032836914
13585, -10.700666427612305
13590, -10.217978477478027
13595, -11.029157638549805
13600, -10.507682800292969
13605, -10.733112335205078
13610, -10.895038604736328
13615, -10.761981010437012
13620, -10.940810203552246
13625, -10.739087104797363
13630, -10.229803085327148
13635, -10.709112167358398
13640, -10.779841423034668
13645, -10.820196151733398
13650, -10.821730613708496
13655, -10.518515586853027
13660, -10.334460258483887
13665, -10.691340446472168
13670, -10.56222152709961
13675, -10.70241928100586
13680, -10.746377944946289
13685, -10.92737865447998
13690, -10.734463691711426
13695, -10.675820350646973
13700, -10.578259468078613
13705, -10.973917961120605
13710, -10.647939682006836
13715, -10.446948051452637
13720, -10.704602241516113
13725, -10.50124740600586
13730, -10.659985542297363
13735, -10.686633110046387
13740, -10.863998413085938
13745, -10.936511039733887
13750, -10.540184020996094
13755, -10.668745040893555
13760, -10.59301471710205
13765, -10.610954284667969
13770, -10.780099868774414
13775, -10.732702255249023
13780, -10.50344181060791
13785, -10.93012523651123
13790, -10.614893913269043
13795, -10.73666000366211
13800, -10.751487731933594
13805, -10.229354858398438
13810, -10.8903169631958
13815, -10.597590446472168
13820, -10.669879913330078
13825, -10.300407409667969
13830, -10.400246620178223
13835, -10.620131492614746
13840, -10.651891708374023
13845, -10.647470474243164
13850, -10.65838623046875
13855, -10.477617263793945
13860, -10.75856876373291
13865, -10.812889099121094
13870, -10.628275871276855
13875, -10.638354301452637
13880, -10.485865592956543
13885, -10.621100425720215
13890, -10.453295707702637
13895, -10.528226852416992
13900, -10.476335525512695
13905, -10.610946655273438
13910, -10.749106407165527
13915, -10.806083679199219
13920, -10.668386459350586
13925, -10.594182014465332
13930, -10.381793975830078
13935, -10.911016464233398
13940, -10.5383882522583
13945, -10.617918014526367
13950, -10.897870063781738
13955, -10.786075592041016
13960, -10.642434120178223
13965, -10.086430549621582
13970, -10.38036823272705
13975, -10.41580867767334
13980, -10.518327713012695
13985, -10.59857177734375
13990, -10.606825828552246
13995, -10.147698402404785
14000, -10.40652084350586
14005, -10.34896183013916
14010, -10.749699592590332
14015, -10.768027305603027
14020, -10.784090042114258
14025, -10.757580757141113
14030, -10.339770317077637
14035, -10.750669479370117
14040, -10.8912935256958
14045, -10.720048904418945
14050, -10.7462158203125
14055, -10.818716049194336
14060, -10.808378219604492
14065, -10.303241729736328
14070, -10.756071090698242
14075, -10.449716567993164
14080, -10.85448932647705
14085, -10.901337623596191
14090, -10.574530601501465
14095, -10.282937049865723
14100, -10.655901908874512
14105, -10.896767616271973
14110, -10.62820816040039
14115, -10.780466079711914
14120, -10.764799118041992
14125, -10.376646041870117
14130, -10.548012733459473
14135, -10.63527774810791
14140, -10.702505111694336
14145, -10.837980270385742
14150, -10.610036849975586
14155, -10.423493385314941
14160, -10.727069854736328
14165, -10.648272514343262
14170, -10.792314529418945
14175, -10.370368003845215
14180, -10.51396369934082
14185, -10.755280494689941
14190, -10.694074630737305
14195, -10.877020835876465
14200, -10.84517765045166
14205, -10.484148025512695
14210, -10.587286949157715
14215, -10.776906967163086
14220, -10.763895034790039
14225, -11.007482528686523
14230, -10.62579345703125
14235, -10.666696548461914
14240, -11.0891695022583
14245, -10.868253707885742
14250, -10.707084655761719
14255, -10.865463256835938
14260, -10.294023513793945
14265, -10.988840103149414
14270, -10.727346420288086
14275, -11.039899826049805
14280, -10.812788009643555
14285, -10.77999210357666
14290, -10.840655326843262
14295, -10.687858581542969
14300, -10.952704429626465
14305, -10.776647567749023
14310, -10.76998233795166
14315, -10.8359375
14320, -10.654889106750488
14325, -10.815749168395996
14330, -10.656160354614258
14335, -10.446447372436523
14340, -10.71328067779541
14345, -10.566489219665527
14350, -10.8893404006958
14355, -10.606193542480469
14360, -10.864665031433105
14365, -10.254191398620605
14370, -10.821085929870605
14375, -10.801191329956055
14380, -10.896162033081055
14385, -10.721166610717773
14390, -10.694597244262695
14395, -10.803507804870605
14400, -10.806230545043945
14405, -10.288122177124023
14410, -10.717419624328613
14415, -10.57936954498291
14420, -10.718942642211914
14425, -10.85285472869873
14430, -10.804322242736816
14435, -10.725502967834473
14440, -10.689558982849121
14445, -10.672825813293457
14450, -10.858661651611328
14455, -10.718836784362793
14460, -10.886222839355469
14465, -10.605491638183594
14470, -10.812360763549805
14475, -10.628829956054688
14480, -10.777106285095215
14485, -10.646232604980469
14490, -10.715189933776855
14495, -10.896379470825195
14500, -10.884538650512695
14505, -10.568093299865723
14510, -10.819546699523926
14515, -10.60397720336914
14520, -10.658226013183594
14525, -10.849807739257812
14530, -10.960423469543457
14535, -10.510446548461914
14540, -11.01180648803711
14545, -10.934430122375488
14550, -11.056640625
14555, -10.728022575378418
14560, -10.705436706542969
14565, -10.759570121765137
14570, -10.717377662658691
14575, -10.744829177856445
14580, -10.682038307189941
14585, -10.434946060180664
14590, -10.715442657470703
14595, -10.61602783203125
14600, -10.655391693115234
14605, -10.608640670776367
14610, -10.65224552154541
14615, -10.710986137390137
14620, -10.579541206359863
14625, -10.745170593261719
14630, -10.733795166015625
14635, -10.81235122680664
14640, -10.787638664245605
14645, -10.76837158203125
14650, -10.658414840698242
14655, -10.755341529846191
14660, -10.654520988464355
14665, -10.687917709350586
14670, -10.629386901855469
14675, -10.372915267944336
14680, -10.539358139038086
14685, -10.694785118103027
14690, -10.910378456115723
14695, -10.764533042907715
14700, -10.576481819152832
14705, -10.54736042022705
14710, -10.615683555603027
14715, -10.66984748840332
14720, -10.847424507141113
14725, -10.582533836364746
14730, -10.818432807922363
14735, -10.992057800292969
14740, -10.86190128326416
14745, -10.878990173339844
14750, -10.870973587036133
14755, -10.738187789916992
14760, -10.649706840515137
14765, -10.864436149597168
14770, -10.886556625366211
14775, -10.861701011657715
14780, -10.818269729614258
14785, -10.786832809448242
14790, -10.819162368774414
14795, -10.602582931518555
14800, -10.828146934509277
14805, -10.83742618560791
14810, -10.573927879333496
14815, -10.626846313476562
14820, -10.693037986755371
14825, -10.79775619506836
14830, -10.403544425964355
14835, -10.75082778930664
14840, -10.621203422546387
14845, -10.615578651428223
14850, -10.939946174621582
14855, -10.78188705444336
14860, -10.741215705871582
14865, -10.958251953125
14870, -10.687470436096191
14875, -10.74556827545166
14880, -10.676193237304688
14885, -10.655771255493164
14890, -10.618459701538086
14895, -10.529489517211914
14900, -10.677130699157715
14905, -10.351174354553223
14910, -10.484926223754883
14915, -10.449750900268555
14920, -10.501462936401367
14925, -10.70709228515625
14930, -10.704946517944336
14935, -10.732460975646973
14940, -10.580339431762695
14945, -10.704582214355469
14950, -10.820674896240234
14955, -10.81231689453125
14960, -10.78764533996582
14965, -10.559268951416016
14970, -10.790514945983887
14975, -10.718527793884277
14980, -10.64041519165039
14985, -9.837944984436035
14990, -8.667799949645996
14995, -8.89895248413086
15000, -8.792022705078125
15005, -9.12753677368164
15010, -8.9613618850708
15015, -9.257598876953125
15020, -9.049477577209473
15025, -9.31094741821289
15030, -9.19863510131836
15035, -9.698524475097656
15040, -9.273033142089844
15045, -9.410639762878418
15050, -9.414651870727539
15055, -9.686506271362305
15060, -9.438146591186523
15065, -9.516974449157715
15070, -9.45562744140625
15075, -9.904488563537598
15080, -9.914202690124512
15085, -9.39468765258789
15090, -9.821925163269043
15095, -9.723128318786621
15100, -9.846402168273926
15105, -10.083524703979492
15110, -9.982770919799805
15115, -10.0909423828125
15120, -9.771349906921387
15125, -10.102278709411621
15130, -9.971564292907715
15135, -9.882269859313965
15140, -9.932645797729492
15145, -10.019997596740723
15150, -9.758062362670898
15155, -10.261893272399902
15160, -10.01475715637207
15165, -9.956756591796875
15170, -10.163187980651855
15175, -10.211517333984375
15180, -10.228666305541992
15185, -10.275251388549805
15190, -10.388004302978516
15195, -10.328605651855469
15200, -10.303070068359375
15205, -10.273049354553223
15210, -10.39947509765625
15215, -10.070808410644531
15220, -10.32533073425293
15225, -10.232518196105957
15230, -10.14493179321289
15235, -10.383520126342773
15240, -10.446595191955566
15245, -10.291654586791992
15250, -10.2459716796875
15255, -10.293869018554688
15260, -10.45382022857666
15265, -10.15487289428711
15270, -10.260236740112305
15275, -10.48229694366455
15280, -10.31719970703125
15285, -10.570951461791992
15290, -10.386415481567383
15295, -10.265900611877441
15300, -10.678804397583008
15305, -10.636617660522461
15310, -10.473149299621582
15315, -10.636136054992676
15320, -10.530746459960938
15325, -10.296923637390137
15330, -10.28976058959961
15335, -10.503931999206543
15340, -10.218793869018555
15345, -10.584878921508789
15350, -10.357431411743164
15355, -10.486777305603027
15360, -10.646964073181152
15365, -10.362175941467285
15370, -10.633261680603027
15375, -10.868307113647461
15380, -10.512199401855469
15385, -10.663270950317383
15390, -10.861955642700195
15395, -10.607961654663086
15400, -10.179908752441406
15405, -10.630960464477539
15410, -10.49554443359375
15415, -10.761370658874512
15420, -10.615824699401855
15425, -10.304450035095215
15430, -10.565845489501953
15435, -10.630659103393555
15440, -10.48741340637207
15445, -10.550399780273438
15450, -10.308561325073242
15455, -10.697019577026367
15460, -10.656537055969238
15465, -10.805500030517578
15470, -10.300003051757812
15475, -10.38613510131836
15480, -10.495880126953125
15485, -10.749330520629883
15490, -10.663742065429688
15495, -10.622282028198242
15500, -10.567214965820312
15505, -10.284573554992676
15510, -10.48719596862793
15515, -10.341803550720215
15520, -10.775813102722168
15525, -10.765179634094238
15530, -10.414801597595215
15535, -10.403129577636719
15540, -10.580988883972168
15545, -10.553044319152832
15550, -10.547150611877441
15555, -10.43709659576416
15560, -10.662389755249023
15565, -10.655192375183105
15570, -10.888708114624023
15575, -10.878339767456055
15580, -10.734830856323242
15585, -10.524765014648438
15590, -10.628540992736816
15595, -10.667350769042969
15600, -10.618642807006836
15605, -10.686205863952637
15610, -10.25173282623291
15615, -10.754230499267578
15620, -10.661273956298828
15625, -10.926310539245605
15630, -10.566207885742188
15635, -10.564190864562988
15640, -10.828264236450195
15645, -10.810280799865723
15650, -10.717905044555664
15655, -10.638525009155273
15660, -10.684873580932617
15665, -10.745147705078125
15670, -10.499524116516113
15675, -10.388093948364258
15680, -10.20014476776123
15685, -10.464953422546387
15690, -10.693666458129883
15695, -10.60181713104248
15700, -10.616015434265137
15705, -10.797304153442383
15710, -10.705183029174805
15715, -10.573600769042969
15720, -10.78934383392334
15725, -10.642963409423828
15730, -10.66055679321289
15735, -10.496801376342773
15740, -10.781417846679688
15745, -10.6813325881958
15750, -10.855716705322266
15755, -10.601332664489746
15760, -10.86030387878418
15765, -10.780726432800293
15770, -10.699947357177734
15775, -10.723989486694336
15780, -10.557976722717285
15785, -10.670888900756836
15790, -10.4146089553833
15795, -10.602434158325195
15800, -10.604963302612305
15805, -10.757442474365234
15810, -10.714826583862305
15815, -10.890582084655762
15820, -10.507298469543457
15825, -10.638538360595703
15830, -10.439251899719238
15835, -10.752934455871582
15840, -10.637356758117676
15845, -10.437098503112793
15850, -10.512861251831055
15855, -10.929330825805664
15860, -10.710053443908691
15865, -10.824934005737305
15870, -10.616923332214355
15875, -10.564309120178223
15880, -10.695871353149414
15885, -10.692182540893555
15890, -10.697174072265625
15895, -10.82492446899414
15900, -10.440919876098633
15905, -10.67620849609375
15910, -10.68753433227539
15915, -10.743935585021973
15920, -10.626029968261719
15925, -10.744718551635742
15930, -10.802555084228516
15935, -10.676074028015137
15940, -10.626883506774902
15945, -10.632912635803223
15950, -10.688227653503418
15955, -10.5425386428833
15960, -10.85634708404541
15965, -10.217253684997559
15970, -10.443822860717773
15975, -10.505681037902832
15980, -10.625633239746094
15985, -10.74221420288086
15990, -10.64827823638916
15995, -10.662392616271973
16000, -10.43608283996582
16005, -10.59135627746582
16010, -10.401750564575195
16015, -10.694928169250488
16020, -10.45960807800293
16025, -10.526673316955566
16030, -10.561869621276855
16035, -10.386364936828613
16040, -10.359519004821777
16045, -10.798301696777344
16050, -10.77431583404541
