0, 0.018159965053200722
5, 0.005403604358434677
10, 0.003854204434901476
15, 0.0028657126240432262
20, 0.002677756128832698
25, 0.003437784733250737
30, 0.0028627340216189623
35, 0.002331153489649296
40, 0.0022833298426121473
45, 0.002135693095624447
50, 0.0020774416625499725
55, 0.0023609884083271027
60, 0.001935166073963046
65, 0.0021530012600123882
70, 0.001924590440467
75, 0.002021993976086378
80, 0.0020490819588303566
85, 0.0017888976726680994
90, 0.00206390512175858
95, 0.0021460813004523516
100, 0.0019700839184224606
105, 0.0021743583492934704
110, 0.0019710452761501074
115, 0.002077774377539754
120, 0.0023577683605253696
125, 0.0024379135575145483
130, 0.0019337642006576061
135, 0.0018313314067199826
140, 0.0018687138799577951
145, 0.0019876137375831604
150, 0.0018090980593115091
155, 0.0021082463208585978
160, 0.0019350798102095723
165, 0.0019140478689223528
170, 0.0020765147637575865
175, 0.002239025430753827
180, 0.0021133741829544306
185, 0.001965051284059882
190, 0.0019974522292613983
195, 0.0016993912868201733
200, 0.0017523645656183362
205, 0.0020543148275464773
210, 0.0018539616139605641
215, 0.0015728829894214869
220, 0.002187581267207861
225, 0.0018355032661929727
230, 0.0021964325569570065
235, 0.0019215684151276946
240, 0.002106084255501628
245, 0.0018888756167143583
250, 0.002084591891616583
255, 0.00214163470081985
260, 0.0017309939721599221
265, 0.0018709661671891809
270, 0.001905381795950234
275, 0.001927676610648632
280, 0.0016840050229802728
285, 0.0018477333942428231
290, 0.0018780191894620657
295, 0.0017870008014142513
300, 0.001883906777948141
305, 0.0021012085489928722
310, 0.0016835215501487255
315, 0.0018648627446964383
320, 0.0022521556820720434
325, 0.002114146249368787
330, 0.0019365322077646852
335, 0.0016959626227617264
340, 0.0017579731065779924
345, 0.002184199169278145
350, 0.0019004581263288856
355, 0.00211552856490016
360, 0.001945970579981804
365, 0.0017987365135923028
370, 0.0015993588604032993
375, 0.0016431614058092237
380, 0.0021168699022382498
385, 0.0016391746466979384
390, 0.0015702754026278853
395, 0.0018846046878024936
400, 0.0019938189070671797
405, 0.0018553262343630195
410, 0.0017402700614184141
415, 0.0021152240224182606
420, 0.0019269132753834128
425, 0.002013095188885927
430, 0.0018082049209624529
435, 0.0016711070202291012
440, 0.0014071258483454585
445, 0.001824202830903232
450, 0.0019487586105242372
455, 0.0015509109944105148
460, 0.001719340099953115
465, 0.001757739344611764
470, 0.0016470724949613214
475, 0.0015696632908657193
480, 0.0018120616441592574
485, 0.0019405529601499438
490, 0.0014206115156412125
495, 0.0017837166087701917
500, 0.0017581534339115024
505, 0.001808131579309702
510, 0.0016609480371698737
515, 0.0016285537276417017
520, 0.0016815349226817489
525, 0.0016438147285953164
530, 0.0016358729917556047
535, 0.0015210782876238227
540, 0.0015136065194383264
545, 0.0013314291136339307
550, 0.0015081856399774551
555, 0.001379982684738934
560, 0.0013130499282851815
565, 0.001468435162678361
570, 0.0012990464456379414
575, 0.0012569582322612405
580, 0.0013877653982490301
585, 0.0013679119292646646
590, 0.001454716781154275
595, 0.001471395487897098
600, 0.0012388345785439014
605, 0.0012398895341902971
610, 0.0013588669244199991
615, 0.001221309881657362
620, 0.001182587118819356
625, 0.00114647566806525
630, 0.001198840094730258
635, 0.001292887143790722
640, 0.001440031104721129
645, 0.0010678729740902781
650, 0.0011053304187953472
655, 0.0010739431018009782
660, 0.001242928672581911
665, 0.0010349140502512455
670, 0.0009528572554700077
675, 0.0009759162785485387
680, 0.0009714786428958178
685, 0.0008220009040087461
690, 0.0009066517231985927
695, 0.0008719663019292057
700, 0.0008303145878016949
705, 0.0009954215493053198
710, 0.0009698495268821716
715, 0.0007598848314955831
720, 0.0007612471235916018
725, 0.0007449920522049069
730, 0.0008948968024924397
735, 0.0007481591310352087
740, 0.0008248514495790005
745, 0.0006706771091558039
750, 0.0007209923933260143
755, 0.0006928140646778047
760, 0.0006749002495780587
765, 0.0005359219503588974
770, 0.0007495137979276478
775, 0.0007404119241982698
780, 0.0006516055436804891
785, 0.0005917927483096719
790, 0.0006859887507744133
795, 0.0006955207209102809
800, 0.0007096929475665092
805, 0.000656331772916019
810, 0.0005292451241984963
815, 0.0004893140867352486
820, 0.0004582475812640041
825, 0.0004818916495423764
830, 0.0005442250985652208
835, 0.0005454625352285802
840, 0.0005797763587906957
845, 0.0004402095219120383
850, 0.0004329980001784861
855, 0.00046461535384878516
860, 0.0004883993533439934
865, 0.0005052475607953966
870, 0.0004953598254360259
875, 0.00036607994115911424
880, 0.000503852148540318
885, 0.0003821179270744324
890, 0.00045020467950962484
895, 0.00041679225978441536
900, 0.0003681510570459068
905, 0.00040912083932198584
910, 0.00040964095387607813
915, 0.0003255574847571552
920, 0.00036005390575155616
925, 0.0003687871794681996
930, 0.00039808242581784725
935, 0.0004113445756956935
940, 0.00034449383383616805
945, 0.0003294333873782307
950, 0.00029420206556096673
955, 0.0004067998379468918
960, 0.00036824075505137444
965, 0.0003506563662085682
970, 0.0003763326967600733
975, 0.0003301810647826642
980, 0.0003150608972646296
985, 0.00034717677044682205
990, 0.00028356420807540417
995, 0.0003760663385037333
1000, 0.0003227264969609678
1005, 0.0003281892859376967
1010, 0.00033738728961907327
1015, 0.0003110885445494205
1020, 0.00027354012127034366
1025, 0.00027491964283399284
1030, 0.0003173529985360801
1035, 0.0003069798112846911
1040, 0.0002702679776120931
1045, 0.00032440153881907463
1050, 0.00029189017368480563
1055, 0.0003107831289526075
1060, 0.00027680728817358613
1065, 0.00023382619838230312
1070, 0.00020813326409552246
1075, 0.0002666772052180022
1080, 0.00030386459548026323
1085, 0.0002621598250698298
1090, 0.0002856785140465945
1095, 0.00024759877123869956
1100, 0.0002686213993001729
1105, 0.0002221241156803444
1110, 0.00027237035101279616
1115, 0.00028227444272488356
1120, 0.0002569129574112594
1125, 0.00024200383631978184
1130, 0.000227955068112351
1135, 0.0002520672569517046
1140, 0.00026942454860545695
1145, 0.00023984778090380132
1150, 0.00028919774922542274
1155, 0.00027622393099591136
1160, 0.0002085204323520884
1165, 0.00024234152806457132
1170, 0.00028814160032197833
1175, 0.0002573746896814555
1180, 0.00018373395141679794
1185, 0.0002278062456753105
1190, 0.00024499755818396807
1195, 0.00020360514463391155
1200, 0.00022164758411236107
1205, 0.00022587901912629604
1210, 0.00022752772201783955
1215, 0.00018699294014368206
1220, 0.00025045566144399345
1225, 0.000216874890611507
1230, 0.000203683041036129
1235, 0.00018942949827760458
1240, 0.00019302974396850914
1245, 0.00019854873244185
1250, 0.00020410616707522422
1255, 0.00018135255959350616
1260, 0.00020204971951898187
1265, 0.0002585646871011704
1270, 0.00021110640955157578
1275, 0.00019909713591914624
1280, 0.0001896071044029668
1285, 0.00016409638919867575
1290, 0.00017954304348677397
1295, 0.00016231441986747086
1300, 0.00016600385424681008
1305, 0.00019878664170391858
1310, 0.00019955489551648498
1315, 0.00019664678256958723
1320, 0.00018667466065380722
1325, 0.00016590084123890847
1330, 0.00013259910338092595
1335, 0.0001624450960662216
1340, 0.0001271022338187322
1345, 0.00016435237193945795
1350, 0.00015299850201699883
1355, 0.00014958975953049958
1360, 0.00024822138948366046
1365, 0.00013773197133559734
1370, 0.00015391409397125244
1375, 0.00013373502588365227
1380, 0.00014925753930583596
1385, 0.00017088302411139011
1390, 0.00017400937213096768
1395, 0.00021325889974832535
1400, 0.0001573682966409251
1405, 0.0001394877617713064
1410, 0.0001987454597838223
1415, 0.0001401623449055478
1420, 0.00014258851297199726
1425, 0.0001928624842548743
1430, 0.00013607162691187114
1435, 0.00014438130892813206
1440, 0.00012727337889373302
1445, 0.00010207652667304501
1450, 0.00015105865895748138
1455, 0.00014814085443504155
1460, 0.00016393055557273328
1465, 0.00014098855899646878
1470, 0.00012355088256299496
1475, 0.0001551918248878792
1480, 0.00011958157119806856
1485, 0.00015628938854206353
1490, 0.00017137183749582618
1495, 0.00011610596993705258
1500, 0.00011087267193943262
1505, 0.00010696498793549836
1510, 0.00013021481572650373
1515, 0.00010884025687118992
1520, 0.00014104609726928174
1525, 0.00011028801964130253
1530, 9.883203892968595e-05
1535, 0.0001431593409506604
1540, 0.00012532474647741765
1545, 0.00013828155351802707
1550, 0.00010978498903568834
1555, 0.00012660147331189364
1560, 0.00011596489639487118
1565, 0.0001237254764419049
1570, 0.00011412152525736019
1575, 0.00010214733629254624
1580, 0.00012408298789523542
1585, 9.622155630495399e-05
1590, 0.00013241743727121502
1595, 0.0001214841176988557
1600, 0.00010461572674103081
1605, 9.881578444037586e-05
1610, 0.00011407481360947713
1615, 8.925918518798426e-05
1620, 8.902519039111212e-05
1625, 8.833822357701138e-05
1630, 9.275119373342022e-05
1635, 0.00010807249782374129
1640, 0.00010327956260880455
1645, 9.072426473721862e-05
1650, 0.00011072164488723502
1655, 0.00010636523802531883
1660, 9.897206473397091e-05
1665, 8.972271461971104e-05
1670, 0.00011788465053541586
1675, 0.00010557411587797105
1680, 0.00010374459816375747
1685, 0.00012331634934525937
1690, 0.00011825534602394328
1695, 0.00013843468332197517
1700, 7.693309453316033e-05
1705, 0.00012923910981044173
1710, 0.00010820073657669127
1715, 9.230861178366467e-05
1720, 9.067867358680815e-05
1725, 7.616714719915763e-05
1730, 0.00012119898019591346
1735, 0.00013218176900409162
1740, 0.00011286263179499656
1745, 9.04470871319063e-05
1750, 9.785689326236024e-05
1755, 0.0001054758540703915
1760, 0.00010287893383065239
1765, 0.00014522654237225652
1770, 0.00010273070074617863
1775, 6.041706001269631e-05
1780, 9.770511678652838e-05
1785, 0.00010304420720785856
1790, 8.99710285011679e-05
1795, 0.0001240847777808085
1800, 0.00011852993338834494
1805, 9.927761857397854e-05
1810, 8.223952318076044e-05
1815, 0.00010790258238557726
1820, 4.686057582148351e-05
1825, 6.444044993259013e-05
1830, 0.00012794096255674958
1835, 9.599256736692041e-05
1840, 9.34838317334652e-05
1845, 9.329307795269415e-05
1850, 0.00011983864533249289
1855, 0.00013716907415073365
1860, 0.00012167632667114958
1865, 7.140784146031365e-05
1870, 7.979739166330546e-05
1875, 0.00016007648082450032
1880, 9.010869689518586e-05
1885, 7.625250873388723e-05
1890, 7.3831390182022e-05
1895, 0.00011923666170332581
1900, 7.072198786772788e-05
1905, 6.343983113765717e-05
1910, 9.267168206861243e-05
1915, 8.660165622131899e-05
1920, 9.409525227965787e-05
1925, 6.176628812681884e-05
1930, 7.169400487327948e-05
1935, 7.84324438427575e-05
1940, 7.001613266766071e-05
1945, 0.00012017606786685064
1950, 7.282335718628019e-05
1955, 7.434438157361001e-05
1960, 0.00014589025522582233
1965, 0.00012892605445813388
1970, 7.460659981006756e-05
1975, 0.00013618114462587982
1980, 5.216999852564186e-05
1985, 6.487989594461396e-05
1990, 7.452747377101332e-05
1995, 5.714298094972037e-05
2000, 6.137649324955419e-05
2005, 5.722014248021878e-05
2010, 7.764765177853405e-05
2015, 6.334433419397101e-05
2020, 0.00011033393093384802
2025, 9.411334758624434e-05
2030, 7.50954495742917e-05
2035, 7.003717473708093e-05
2040, 7.244722655741498e-05
2045, 8.189967047655955e-05
2050, 0.00012547665392048657
2055, 5.777022670372389e-05
2060, 6.375957309501246e-05
2065, 5.916295413044281e-05
2070, 7.284964522114024e-05
2075, 7.001030462561175e-05
2080, 6.939897866686806e-05
2085, 6.235759792616591e-05
2090, 4.7341502067865804e-05
2095, 9.578454773873091e-05
2100, 5.833922841702588e-05
2105, 5.117299951962195e-05
2110, 5.162642992218025e-05
2115, 5.433300248114392e-05
2120, 9.766835137270391e-05
2125, 4.892793731414713e-05
2130, 4.642400745069608e-05
2135, 7.214862125692889e-05
2140, 6.222535012057051e-05
2145, 5.267445885692723e-05
2150, 6.697786739096045e-05
2155, 6.869124626973644e-05
2160, 8.571586658945307e-05
2165, 6.492246757261455e-05
2170, 8.684243221068755e-05
2175, 0.00010737658885773271
2180, 6.111023685662076e-05
2185, 7.201729022199288e-05
2190, 5.2533578127622604e-05
2195, 5.25483483215794e-05
2200, 6.073399345041253e-05
2205, 5.167897688806988e-05
2210, 7.265048043336719e-05
2215, 5.6160741223720834e-05
2220, 5.5164498917292804e-05
2225, 9.105454955715686e-05
2230, 8.133702067425475e-05
2235, 6.68008578941226e-05
2240, 6.373214273480698e-05
2245, 6.077654688851908e-05
2250, 6.413376104319468e-05
2255, 6.134864815976471e-05
2260, 5.323205186869018e-05
2265, 6.963109626667574e-05
2270, 4.571464887703769e-05
2275, 5.138144115335308e-05
2280, 4.819411697098985e-05
2285, 0.00010627536539686844
2290, 7.077238842612132e-05
2295, 8.481584518449381e-05
2300, 3.7169462302699685e-05
2305, 5.6712273362791166e-05
2310, 5.287865496939048e-05
2315, 7.706637552473694e-05
2320, 9.507637150818482e-05
2325, 5.883717676624656e-05
2330, 7.872836431488395e-05
2335, 6.428718188544735e-05
2340, 0.00011942491255467758
2345, 6.720847159158438e-05
2350, 7.738875137874857e-05
2355, 4.4992346374783665e-05
2360, 9.501598833594471e-05
2365, 3.943371484638192e-05
2370, 5.644222619594075e-05
2375, 3.3030708436854184e-05
2380, 4.763551987707615e-05
2385, 4.8646103095961735e-05
2390, 7.155519415391609e-05
2395, 8.222700853366405e-05
2400, 5.3693074733018875e-05
2405, 7.420345355058089e-05
2410, 8.07716278359294e-05
2415, 5.115920430398546e-05
2420, 4.507262201514095e-05
2425, 3.9018832467263564e-05
2430, 0.00010026802192442119
2435, 7.3315626650583e-05
2440, 4.49049512099009e-05
2445, 5.2450006478466094e-05
2450, 6.0196271078893915e-05
2455, 8.903121488401666e-05
2460, 6.645824032602832e-05
2465, 3.6845267459284514e-05
2470, 5.962139039183967e-05
2475, 7.278330303961411e-05
2480, 9.841429709922522e-05
2485, 8.502259879605845e-05
2490, 4.301351509639062e-05
2495, 5.500804400071502e-05
2500, 3.6034409276908264e-05
2505, 3.5402215871727094e-05
2510, 5.641240568365902e-05
2515, 5.547007094719447e-05
2520, 4.207822712487541e-05
2525, 3.568146348698065e-05
2530, 3.136547820759006e-05
2535, 8.648919902043417e-05
2540, 5.826191045343876e-05
2545, 4.9063179176300764e-05
2550, 4.56595589639619e-05
2555, 6.536470755236223e-05
2560, 5.266880543786101e-05
2565, 7.7937358582858e-05
2570, 4.763672041008249e-05
2575, 5.955227970844135e-05
2580, 6.141067569842562e-05
2585, 4.6438239223789424e-05
2590, 6.0324189689708874e-05
2595, 8.154878014465794e-05
2600, 7.954028114909306e-05
2605, 3.607791586546227e-05
2610, 7.742732850601897e-05
2615, 0.00012060319568263367
2620, 4.2994244722649455e-05
2625, 3.889838990289718e-05
2630, 4.4201853597769514e-05
2635, 3.8806301745353267e-05
2640, 4.754819383379072e-05
2645, 8.930117473937571e-05
2650, 8.421741222264245e-05
2655, 7.110006117727607e-05
2660, 7.598269439768046e-05
2665, 4.268745396984741e-05
2670, 8.836459164740518e-05
2675, 5.4901218391023576e-05
2680, 0.00011957652895944193
2685, 3.7558816984528676e-05
2690, 5.781596337328665e-05
2695, 6.201247742865235e-05
2700, 7.091731822583824e-05
2705, 5.2359740948304534e-05
2710, 7.682640716666356e-05
2715, 7.36875444999896e-05
2720, 5.049559331382625e-05
2725, 6.614029553020373e-05
2730, 6.272883911151439e-05
2735, 9.67830783338286e-05
2740, 6.514557753689587e-05
2745, 4.069988426635973e-05
2750, 5.002381658414379e-05
2755, 3.5464083339320496e-05
2760, 4.463495497475378e-05
2765, 4.0994167648022994e-05
2770, 7.066125544952229e-05
2775, 6.047114948160015e-05
2780, 8.879960660124198e-05
2785, 3.6433633795240894e-05
2790, 5.526328459382057e-05
2795, 6.646572728641331e-05
2800, 9.487247734796256e-05
2805, 5.424728442449123e-05
2810, 3.880426083924249e-05
2815, 2.983214108098764e-05
2820, 5.5310938478214666e-05
2825, 4.147174331592396e-05
2830, 8.32326477393508e-05
2835, 0.00010583285620668903
2840, 4.145153798162937e-05
2845, 3.1597362976754084e-05
2850, 5.250098911346868e-05
2855, 3.2677427952876315e-05
2860, 4.766281563206576e-05
2865, 9.681448136689141e-05
2870, 4.1193161450792104e-05
2875, 6.563466740772128e-05
2880, 5.0913447921629995e-05
2885, 4.312080636736937e-05
2890, 5.2488834626274183e-05
2895, 5.185836926102638e-05
2900, 5.578690252150409e-05
2905, 4.672875365940854e-05
2910, 4.4726992200594395e-05
2915, 3.779055623454042e-05
2920, 9.705540287541226e-05
2925, 3.29641297867056e-05
2930, 3.11464536935091e-05
2935, 7.092445594025776e-05
2940, 6.836438114987686e-05
2945, 5.59542968403548e-05
2950, 6.336822116281837e-05
2955, 4.808543235412799e-05
2960, 3.698698492371477e-05
2965, 8.147420885507017e-05
2970, 4.256457032170147e-05
2975, 9.344726277049631e-05
2980, 5.738347681472078e-05
2985, 7.818815356586128e-05
2990, 6.642923835897818e-05
2995, 4.823301060241647e-05
3000, 9.300630335928872e-05
3005, 0.00013004319043830037
3010, 0.00012714843614958227
3015, 5.024046549806371e-05
3020, 6.488942744908854e-05
3025, 5.9325608162907884e-05
3030, 0.00010779252625070512
3035, 7.335632108151913e-05
3040, 3.53121395164635e-05
3045, 4.643561987904832e-05
3050, 3.983085844083689e-05
3055, 8.81813612068072e-05
3060, 5.867022991878912e-05
3065, 5.642358519253321e-05
3070, 5.1340917707420886e-05
3075, 5.9524660173337907e-05
3080, 8.378237544093281e-05
3085, 4.8382964450865984e-05
3090, 9.717543434817344e-05
3095, 0.00011197447747690603
3100, 3.726270006154664e-05
3105, 8.255647117039189e-05
3110, 3.681135785882361e-05
3115, 5.718083048122935e-05
3120, 6.062659667804837e-05
3125, 4.907221591565758e-05
3130, 4.899803752778098e-05
3135, 4.4859112676931545e-05
3140, 6.107561785029247e-05
3145, 4.9162663344759494e-05
3150, 5.983381561236456e-05
3155, 3.907670179614797e-05
3160, 4.298083877074532e-05
3165, 4.798327063326724e-05
3170, 4.534646723186597e-05
3175, 7.237637328216806e-05
3180, 6.0516362282214686e-05
3185, 7.264481973834336e-05
3190, 4.284002716303803e-05
3195, 3.557977106538601e-05
3200, 4.688859189627692e-05
3205, 4.931306466460228e-05
3210, 4.2060120904352516e-05
3215, 9.333109483122826e-05
3220, 5.6493478041375056e-05
3225, 9.769705502549186e-05
3230, 6.410774949472398e-05
3235, 0.00011561129213077947
3240, 3.0450359190581366e-05
3245, 0.00011710606486303732
3250, 5.2832554501947016e-05
3255, 5.015492206439376e-05
3260, 6.300014501903206e-05
3265, 5.817315832246095e-05
3270, 3.105805808445439e-05
3275, 2.50831144512631e-05
3280, 2.6142919523408636e-05
3285, 4.049547715112567e-05
3290, 8.073683420661837e-05
3295, 3.920013477909379e-05
3300, 3.045793346245773e-05
3305, 4.195610017632134e-05
3310, 5.940559640293941e-05
3315, 8.830954902805388e-05
3320, 9.409977064933628e-05
3325, 3.985628063674085e-05
3330, 2.5760777134564705e-05
3335, 5.43368405487854e-05
3340, 3.1082341592991725e-05
3345, 4.3857780838152394e-05
3350, 9.166427480522543e-05
3355, 6.234898319235072e-05
3360, 3.2485590054420754e-05
3365, 5.288843749440275e-05
3370, 3.8916059565963224e-05
3375, 2.9864206226193346e-05
3380, 5.686516669811681e-05
3385, 3.0192806661943905e-05
3390, 7.045282109174877e-05
3395, 4.146228457102552e-05
3400, 8.563311712350696e-05
3405, 5.5136541050160304e-05
3410, 5.1966406317660585e-05
3415, 3.685642150230706e-05
3420, 2.9481474484782666e-05
3425, 5.953646541456692e-05
3430, 3.3909804187715054e-05
3435, 8.287555101560429e-05
3440, 5.005656566936523e-05
3445, 5.720428816857748e-05
3450, 7.217034726636484e-05
3455, 6.0122878494439647e-05
3460, 2.1287431081873365e-05
3465, 3.728107185452245e-05
3470, 5.456944927573204e-05
3475, 5.457026418298483e-05
3480, 3.8012844015611336e-05
3485, 3.046092933800537e-05
3490, 6.201338692335412e-05
3495, 3.984893191955052e-05
3500, 2.090214729832951e-05
3505, 0.00011176574480487034
3510, 5.346259422367439e-05
3515, 2.837281317624729e-05
3520, 2.657800905581098e-05
3525, 5.414166298578493e-05
3530, 4.9207519623450935e-05
3535, 3.0835424695396796e-05
3540, 2.956261596409604e-05
3545, 4.607885057339445e-05
3550, 3.5791308619081974e-05
3555, 5.248842353466898e-05
3560, 5.7096574892057106e-05
3565, 1.643343966861721e-05
3570, 7.947999984025955e-05
3575, 4.840978726861067e-05
3580, 0.0001184225402539596
3585, 1.571424218127504e-05
3590, 3.1280069379135966e-05
3595, 2.7532443709787913e-05
3600, 1.6325817341567017e-05
3605, 8.476123184664175e-05
3610, 6.698515790048987e-05
3615, 2.7935777325183153e-05
3620, 3.3123524190159515e-05
3625, 6.189734267536551e-05
3630, 2.0921370378346182e-05
3635, 3.094986459473148e-05
3640, 6.302644032984972e-05
3645, 1.8393791833659634e-05
3650, 7.098483911249787e-05
3655, 4.412661292008124e-05
3660, 5.4040963732404634e-05
3665, 5.059681643615477e-05
3670, 2.7968168069492094e-05
3675, 3.476897472864948e-05
3680, 2.12029081012588e-05
3685, 3.0336570489453152e-05
3690, 5.117946056998335e-05
3695, 2.5225754143320955e-05
3700, 2.8911197659908794e-05
3705, 2.5038811145350337e-05
3710, 1.4624532013840508e-05
3715, 9.18450386961922e-05
3720, 4.186398291494697e-05
3725, 7.758391438983381e-05
3730, 2.3264157789526507e-05
3735, 3.1013380066724494e-05
3740, 4.0429084037896246e-05
3745, 2.0229748770361766e-05
3750, 1.6616086213616654e-05
3755, 8.049829921219498e-05
3760, 6.042181485099718e-05
3765, 1.9258186512161046e-05
3770, 3.14096687361598e-05
3775, 4.989442459191196e-05
3780, 3.142872446915135e-05
3785, 4.325737609178759e-05
3790, 2.895478974096477e-05
3795, 2.5028928575920872e-05
3800, 4.3112628191011027e-05
3805, 3.1252289772965014e-05
3810, 3.21616098517552e-05
3815, 4.103655010112561e-05
3820, 4.7927958803484216e-05
3825, 1.9540786524885334e-05
3830, 7.085343531798571e-05
3835, 3.073998595937155e-05
3840, 3.863568417727947e-05
3845, 2.5094090233324096e-05
3850, 1.742094536894001e-05
3855, 3.8809794205008075e-05
3860, 3.216788172721863e-05
3865, 6.50278088869527e-05
3870, 3.0174836865626276e-05
3875, 2.8415186534402892e-05
3880, 4.1566479922039434e-05
3885, 4.402753620524891e-05
3890, 2.746141399256885e-05
3895, 4.205745426588692e-05
3900, 4.1167393646901473e-05
3905, 3.334721623104997e-05
3910, 2.1970117813907564e-05
3915, 2.3347327442024834e-05
3920, 3.0926643376005813e-05
3925, 4.1086597775574774e-05
3930, 5.6883811339503154e-05
3935, 3.553566784830764e-05
3940, 3.0046076062717475e-05
3945, 1.840339791669976e-05
3950, 3.1773550290381536e-05
3955, 2.1944995751255192e-05
3960, 1.9471568521112204e-05
3965, 3.0970222724135965e-05
3970, 1.7932481569005176e-05
3975, 4.648715184885077e-05
3980, 2.9066926799714565e-05
3985, 2.454443347232882e-05
3990, 4.127433930989355e-05
3995, 2.346063411096111e-05
4000, 2.427909021207597e-05
4005, 3.0196681109373458e-05
4010, 3.84886225219816e-05
4015, 5.336067624739371e-05
4020, 2.610815135994926e-05
4025, 1.5168604477366898e-05
4030, 2.6106828954652883e-05
4035, 2.8161848604213446e-05
4040, 3.9306440157815814e-05
4045, 3.279857992311008e-05
4050, 2.2949063350097276e-05
4055, 2.9046888812445104e-05
4060, 1.53888831846416e-05
4065, 2.890604082494974e-05
4070, 3.557913805707358e-05
4075, 3.241294689360075e-05
4080, 4.4693144445773214e-05
4085, 2.031383519351948e-05
4090, 1.9385150153539144e-05
4095, 1.480385890317848e-05
4100, 2.3859030989115126e-05
4105, 2.6737972802948207e-05
4110, 3.2398787880083546e-05
4115, 3.2270258088828996e-05
4120, 2.217867768194992e-05
4125, 2.8759675842593424e-05
4130, 4.623656059266068e-05
4135, 2.4858069082256407e-05
4140, 9.004352250485681e-06
4145, 2.291130840603728e-05
4150, 2.8932796340086497e-05
4155, 2.0152552679064684e-05
4160, 2.4511553419870324e-05
4165, 2.8404958356986754e-05
4170, 1.7485630451119505e-05
4175, 1.7965614460990764e-05
4180, 1.4752906281501055e-05
4185, 3.680573354358785e-05
4190, 2.6579386030789465e-05
4195, 3.8696998672094196e-05
4200, 3.7152276490814984e-05
4205, 7.26762373233214e-05
4210, 1.5656050891266204e-05
4215, 2.2283707949100062e-05
4220, 8.327620889758691e-05
4225, 2.5737241230672225e-05
4230, 1.4669417396362405e-05
4235, 2.644493906700518e-05
4240, 2.091010901494883e-05
4245, 2.465673242113553e-05
4250, 1.2495650480559561e-05
4255, 3.4397417039144784e-05
4260, 1.7504653442301787e-05
4265, 1.0896970707108267e-05
4270, 2.792152918118518e-05
4275, 2.2669149984722026e-05
4280, 3.495620330795646e-05
4285, 1.3805253729515243e-05
4290, 3.033486063941382e-05
4295, 2.028476956184022e-05
4300, 2.4902494260459207e-05
4305, 7.302139238163363e-06
4310, 1.3874396245228127e-05
4315, 3.893991743098013e-05
4320, 1.4307295714388601e-05
4325, 1.0968253263854422e-05
4330, 3.286565697635524e-05
4335, 1.0556757843005471e-05
4340, 2.1467469196068123e-05
4345, 1.7566268070368096e-05
4350, 2.2678977984469384e-05
4355, 5.9893714933423325e-05
4360, 1.0836683031811845e-05
4365, 2.0992121790186502e-05
4370, 1.8660050045582466e-05
4375, 6.129958637757227e-05
4380, 1.0093221135321073e-05
4385, 1.5317276847781613e-05
4390, 2.5054747311514802e-05
4395, 1.6299525668728165e-05
4400, 2.5950002964236774e-05
4405, 2.2352069208864123e-05
4410, 1.1446983080531936e-05
4415, 2.152653360099066e-05
4420, 4.352352334535681e-05
4425, 3.0380151656572707e-05
4430, 1.1852718671434559e-05
4435, 5.062703712610528e-05
4440, 1.0138524885405786e-05
4445, 3.82873258786276e-05
4450, 3.934324922738597e-05
4455, 3.0676736059831455e-05
4460, 1.4732309864484705e-05
4465, 1.8830280168913305e-05
4470, 1.4911255675542634e-05
4475, 2.0329052858869545e-05
4480, 3.753601777134463e-05
4485, 2.886873517127242e-05
4490, 9.729328667162918e-06
4495, 8.893909580365289e-06
4500, 8.828774298308417e-06
4505, 1.1501995686558075e-05
4510, 1.807235094020143e-05
4515, 1.759784390742425e-05
4520, 2.8125539756729268e-05
4525, 9.74672548181843e-06
4530, 2.450853025948163e-05
4535, 2.086752101604361e-05
4540, 1.0749220564321149e-05
4545, 2.3553529899800196e-05
4550, 1.7404807294951752e-05
4555, 2.9691938834730536e-05
4560, 2.839719491021242e-05
4565, 1.2318879271333572e-05
4570, 3.1268100428860635e-05
4575, 1.2961093489138875e-05
4580, 1.938816967594903e-05
4585, 2.1039311832282692e-05
4590, 1.611050174687989e-05
4595, 4.20237920479849e-05
4600, 1.8691725927055813e-05
4605, 3.528517481754534e-05
4610, 1.2142783816670999e-05
4615, 1.6312324078171514e-05
4620, 8.704244464752264e-06
4625, 1.0906853276537731e-05
4630, 1.9183607946615666e-05
4635, 1.592010994500015e-05
4640, 1.1003332474501804e-05
4645, 5.322336437529884e-05
4650, 1.8658158296602778e-05
4655, 1.2987949958187528e-05
4660, 2.2467733288067393e-05
4665, 1.3362830941332504e-05
4670, 3.38573481712956e-05
4675, 1.2297986359044444e-05
4680, 2.7896636311197653e-05
4685, 1.8695034668780863e-05
4690, 1.2806744052795693e-05
4695, 1.5520474335062318e-05
4700, 1.965108822332695e-05
4705, 2.4404385840171017e-05
4710, 7.81669223215431e-06
4715, 4.903466469841078e-05
4720, 1.7204065443365835e-05
4725, 3.4254699130542576e-05
4730, 1.7328029571217485e-05
4735, 1.7057143850252032e-05
4740, 9.078619768843055e-06
4745, 1.19355872811866e-05
4750, 1.0659687177394517e-05
4755, 2.514237530704122e-05
4760, 7.274265954038128e-06
4765, 1.3196171494200826e-05
4770, 2.236990439996589e-05
4775, 2.288846553710755e-05
4780, 2.5515397283015773e-05
4785, 3.263624239480123e-05
4790, 2.217833389295265e-05
4795, 2.3859724024077877e-05
4800, 1.0155539712286554e-05
4805, 2.0985167793696746e-05
4810, 1.3201120054873172e-05
4815, 9.815216799324844e-06
4820, 1.2635926395887509e-05
4825, 4.404439823701978e-05
4830, 1.343990061286604e-05
4835, 2.0714383936137892e-05
4840, 3.500304956105538e-05
4845, 3.7094345316290855e-05
4850, 1.9680386685649864e-05
4855, 1.3774102626484819e-05
4860, 9.971360668714624e-06
4865, 4.154015550739132e-05
4870, 2.2523005100083537e-05
4875, 1.5642375728930347e-05
4880, 1.0520020623516757e-05
4885, 8.61815715325065e-06
4890, 1.2530075764516369e-05
4895, 1.0239654329780024e-05
4900, 3.8190548366401345e-05
4905, 8.587631782575045e-06
4910, 1.0894629667745903e-05
4915, 1.1702260053425562e-05
4920, 1.425504160579294e-05
4925, 1.1459600500529632e-05
4930, 1.620633884158451e-05
4935, 1.211979179061018e-05
4940, 3.1641357054468244e-05
4945, 1.723172317724675e-05
4950, 4.972434544470161e-05
4955, 6.7915721047029365e-06
4960, 1.0684602784749586e-05
4965, 1.3577120625996031e-05
4970, 1.0344433576392476e-05
4975, 2.4026679966482334e-05
4980, 1.0495788956177421e-05
4985, 9.472302735957783e-06
4990, 1.4411374650080688e-05
4995, 7.281240687007084e-05
5000, 2.0599794879672118e-05
5005, 1.0503727935429197e-05
5010, 7.2524358074588235e-06
5015, 1.2986562069272622e-05
5020, 2.4577057047281414e-05
5025, 1.5942545360303484e-05
5030, 1.6853786291903816e-05
5035, 7.97027132648509e-06
5040, 9.824322660278995e-06
5045, 1.1954032743233256e-05
5050, 2.379322177148424e-05
5055, 2.1962414393783547e-05
5060, 1.3572884199675173e-05
5065, 1.0383237167843617e-05
5070, 1.9057621102547273e-05
5075, 1.225024516315898e-05
5080, 2.209459307778161e-05
5085, 9.670584404375404e-06
5090, 1.88143749255687e-05
5095, 4.541260204860009e-05
5100, 1.2983523447473999e-05
5105, 1.4262212062021717e-05
5110, 5.23305352544412e-05
5115, 3.177388498443179e-05
5120, 7.029450443951646e-06
5125, 8.788512786850333e-05
5130, 1.553536276333034e-05
5135, 4.134919436182827e-05
5140, 7.933106644486543e-06
5145, 1.789077214198187e-05
5150, 3.757143713301048e-05
5155, 1.3087195839034393e-05
5160, 8.520811206835788e-06
5165, 1.0026628842751961e-05
5170, 1.1698438356688712e-05
5175, 5.851818059454672e-05
5180, 2.8322499929345213e-05
5185, 3.224957617931068e-05
5190, 1.4424745131691452e-05
5195, 2.260371547890827e-05
5200, 6.716817006235942e-05
5205, 2.905162182287313e-05
5210, 6.0293579736026004e-05
5215, 1.847059502324555e-05
5220, 2.544740345911123e-05
5225, 2.0589384803315625e-05
5230, 1.3303412742970977e-05
5235, 1.148086266766768e-05
5240, 1.2022065675409976e-05
5245, 2.3044392946758308e-05
5250, 1.0889761142607313e-05
5255, 9.55913037614664e-06
5260, 1.0837743502634112e-05
5265, 4.051240102853626e-05
5270, 3.485584238660522e-05
5275, 9.378163667861372e-06
5280, 1.1513030585774686e-05
5285, 8.438351869699545e-06
5290, 1.3388856132223736e-05
5295, 8.646109563414939e-06
5300, 4.67657191620674e-05
5305, 5.553562368731946e-05
5310, 9.55930408963468e-06
5315, 1.4921962247171905e-05
5320, 1.0160903912037611e-05
5325, 3.2328076486010104e-05
5330, 8.8575952759129e-06
5335, 2.344101812923327e-05
5340, 3.572640343918465e-05
5345, 1.34438296299777e-05
5350, 1.2278112990316004e-05
5355, 5.75581589146168e-06
5360, 1.303292992815841e-05
5365, 5.104971023683902e-06
5370, 1.0345137525291648e-05
5375, 1.8118917068932205e-05
5380, 2.8442998882383108e-05
5385, 1.290110139962053e-05
5390, 4.11553010053467e-05
5395, 3.0870214686729014e-05
5400, 1.9076680473517627e-05
5405, 4.538657594821416e-05
5410, 1.09405918919947e-05
5415, 8.964339031081181e-06
5420, 5.861177669430617e-06
5425, 6.854942512291018e-06
5430, 1.2405285815475509e-05
5435, 1.0284611562383361e-05
5440, 1.9649474779726006e-05
5445, 6.097955974837532e-06
5450, 5.592076922766864e-05
5455, 1.203143438033294e-05
5460, 1.6659045286360197e-05
5465, 4.031381831737235e-05
5470, 1.4854916116746608e-05
5475, 3.45495791407302e-05
5480, 4.844073919230141e-05
5485, 4.0559803892392665e-05
5490, 5.723783488065237e-06
5495, 7.4846843745035585e-06
5500, 3.0536099075106904e-05
5505, 9.661494914325885e-06
5510, 1.6299694834742695e-05
5515, 7.47926287658629e-06
5520, 2.9987280868226662e-05
5525, 1.8956643543788232e-05
5530, 5.161916124052368e-05
5535, 2.7615122235147282e-05
5540, 1.2840834642702248e-05
5545, 1.642439565330278e-05
5550, 1.30978696688544e-05
5555, 8.650115887576248e-06
5560, 9.084351404453628e-06
5565, 1.1765872841351666e-05
5570, 1.0121302693733014e-05
5575, 2.1418058167910203e-05
5580, 4.891248408966931e-06
5585, 1.3441828741633799e-05
5590, 3.191114228684455e-05
5595, 1.9084620362264104e-05
5600, 2.7349738957127556e-05
5605, 2.747140752035193e-05
5610, 7.5437110353959724e-06
5615, 7.444180937454803e-06
5620, 8.005613381101284e-06
5625, 1.6751531802583486e-05
5630, 3.640403156168759e-05
5635, 9.332864465250168e-06
5640, 1.6369773220503703e-05
5645, 1.1179811735928524e-05
5650, 1.635706939850934e-05
5655, 9.348657840746455e-06
5660, 1.5807661839062348e-05
5665, 3.2828411349328235e-05
5670, 2.7687792680808343e-05
5675, 1.395610706822481e-05
5680, 2.7145111744175665e-05
5685, 1.5713059838162735e-05
5690, 2.3170827262219973e-05
5695, 2.6798832550412044e-05
5700, 2.174444671254605e-05
5705, 1.9561890439945273e-05
5710, 8.106354471237864e-06
5715, 6.291172212513629e-06
5720, 4.0651619201526046e-05
5725, 4.695556071965257e-06
5730, 3.48519861290697e-05
5735, 2.3280017558136024e-05
5740, 9.965589015337173e-06
5745, 1.2212990441184957e-05
5750, 1.2453129784262273e-05
5755, 3.292564724688418e-05
5760, 1.1191437806701288e-05
5765, 9.638793562771752e-05
5770, 9.816877536650281e-06
5775, 1.9577364582801238e-05
5780, 4.275009996490553e-05
5785, 2.3478200091631152e-05
5790, 2.7996973585686646e-05
5795, 1.8007813196163625e-05
5800, 2.136468538083136e-05
5805, 1.3697048416361213e-05
5810, 1.501679616922047e-05
5815, 3.144040238112211e-05
5820, 7.051406100799795e-06
5825, 5.907884769840166e-05
5830, 1.743353823258076e-05
5835, 1.6298623449984007e-05
5840, 4.21963122789748e-05
5845, 1.657970278756693e-05
5850, 4.89169942738954e-05
5855, 7.156584160838975e-06
5860, 4.76209788757842e-06
5865, 5.0080099754268304e-05
5870, 5.310335836838931e-06
5875, 1.8313123291591182e-05
5880, 1.920970498758834e-05
5885, 4.316318518249318e-05
5890, 2.27646050916519e-05
5895, 5.029496969655156e-05
5900, 1.7849093637778424e-05
5905, 3.5062043025391176e-05
5910, 7.342578464886174e-05
5915, 5.3078661039762665e-06
5920, 3.5071312595391646e-05
5925, 1.7022723113768734e-05
5930, 3.085816933889873e-05
5935, 3.7427328152261907e-06
5940, 6.872999074403197e-05
5945, 3.563218342605978e-05
5950, 5.332735599949956e-05
5955, 1.3931984540249687e-05
5960, 6.748106898157857e-06
5965, 4.831540536542889e-06
5970, 1.1684785022225697e-05
5975, 1.0053310688817874e-05
5980, 1.450831496185856e-05
5985, 6.3024226619745605e-06
5990, 3.185064997524023e-05
5995, 1.6700674677849747e-05
6000, 6.7557402871898375e-06
6005, 7.224895853141788e-06
6010, 5.0003116484731436e-05
6015, 6.346444024529774e-06
6020, 4.4887296098750085e-05
6025, 3.1171555747278035e-05
6030, 1.0513585948501714e-05
6035, 1.5995772628230043e-05
6040, 1.7682701582089067e-05
6045, 4.459814226720482e-05
6050, 1.286146289203316e-05
6055, 4.392680239106994e-06
6060, 6.102795850893017e-06
6065, 4.8857931687962264e-05
6070, 9.658615454100072e-06
6075, 3.762163032661192e-05
6080, 1.72481140907621e-05
6085, 8.46595321490895e-06
6090, 5.8464529502089135e-06
6095, 5.0845024816226214e-05
6100, 2.5185345293721184e-05
6105, 1.9368502762517892e-05
6110, 1.0433021088829264e-05
6115, 6.992208363953978e-05
6120, 3.158579784212634e-05
6125, 7.888037362135947e-05
6130, 2.3722299374639988e-05
6135, 1.6727743059163913e-05
6140, 9.796203812584281e-06
6145, 1.6842452168930322e-05
6150, 2.8537106118164957e-05
6155, 2.8998374546063133e-06
6160, 3.4411088563501835e-05
6165, 3.8284113543340936e-05
6170, 3.8122023397590965e-05
6175, 3.323747296235524e-05
6180, 4.735373659059405e-05
6185, 1.1851863746414892e-05
6190, 1.2521919416030869e-05
6195, 2.0742600099765696e-05
6200, 3.6728146369569004e-05
6205, 2.1858317268197425e-05
6210, 3.636152541730553e-05
6215, 6.681088052573614e-06
6220, 2.0431050870683976e-05
6225, 2.2220303435460664e-05
6230, 5.934473392699147e-06
6235, 5.207926733419299e-06
6240, 2.334510827495251e-05
6245, 4.6347722673090175e-05
6250, 1.2327808690315578e-05
6255, 1.8414722944726236e-05
6260, 1.6768146451795474e-05
6265, 1.2520396921900101e-05
6270, 4.169752173766028e-06
6275, 1.013785458781058e-05
6280, 7.321420071093598e-06
6285, 1.1396336049074307e-05
6290, 1.661829446675256e-05
6295, 3.0222225177567452e-05
6300, 1.1979835107922554e-05
6305, 7.236622423079098e-06
6310, 4.346194691606797e-05
6315, 7.312368779821554e-06
6320, 4.900867861579172e-05
6325, 3.856088369502686e-05
6330, 1.354654614260653e-05
6335, 4.3423278839327395e-05
6340, 2.373812640144024e-05
6345, 1.667555443418678e-05
6350, 1.0820534043887164e-05
6355, 1.3344919352675788e-05
6360, 9.750601748237386e-06
6365, 4.768154030898586e-05
6370, 8.059426363615785e-06
6375, 8.028158845263533e-06
6380, 6.862088412162848e-06
6385, 1.6283260265481658e-05
6390, 4.371759496279992e-05
6395, 2.7687194233294576e-05
6400, 1.0837677109520882e-05
6405, 1.3350299013836775e-05
6410, 5.346036414266564e-05
6415, 4.3854329305759165e-06
6420, 8.768711268203333e-06
6425, 5.545375188376056e-06
6430, 4.790781531482935e-06
6435, 8.284976502181962e-05
6440, 9.391419553139713e-06
6445, 2.8681286494247615e-05
6450, 1.8252258087159134e-05
6455, 2.9359873224166222e-05
6460, 2.5646299036452547e-05
6465, 2.742196556937415e-05
6470, 4.4832627281721216e-06
6475, 3.2450225262437016e-05
6480, 1.4108647519606166e-05
6485, 2.0964456780347973e-05
6490, 1.0038291293312795e-05
6495, 1.569263076817151e-05
6500, 4.2524658056208864e-05
6505, 1.1310386980767362e-05
6510, 5.213787062530173e-06
6515, 3.107670636381954e-05
6520, 2.2894748326507397e-05
6525, 9.693152605905198e-06
6530, 1.3233343452156987e-05
6535, 6.081583251216216e-06
6540, 1.2847674952354282e-05
6545, 3.7485465327335987e-06
6550, 3.37057099386584e-05
6555, 6.070779363653855e-06
6560, 2.9491486202459782e-05
6565, 1.4697989172418602e-05
6570, 1.5911698937998153e-05
6575, 1.6249623513431288e-05
6580, 1.105695901060244e-05
6585, 1.5775838619447313e-05
6590, 3.7628824429702945e-06
6595, 4.475550667848438e-06
6600, 5.486666395881912e-06
6605, 9.826584573602304e-06
6610, 6.118504643382039e-06
6615, 6.352718628477305e-06
6620, 6.9953989623172674e-06
6625, 1.1720479960786179e-05
6630, 3.930442289856728e-06
6635, 1.4008497601025738e-05
6640, 2.1741238015238196e-05
6645, 1.3484203918778803e-05
6650, 1.5603198335156776e-05
6655, 2.9773264031973667e-05
6660, 1.696564504527487e-05
6665, 3.181278225383721e-05
6670, 1.4551270396623295e-05
6675, 7.98960627435008e-06
6680, 4.127256488573039e-06
6685, 6.122051672718953e-06
6690, 2.0855317416135222e-05
6695, 5.686265922122402e-06
6700, 1.4322360584628768e-05
6705, 9.127106022788212e-05
6710, 1.2398794751788955e-05
6715, 1.5086615348991472e-05
6720, 9.171347301162314e-06
6725, 2.3044349291012622e-05
6730, 7.144762093957979e-06
6735, 1.3962026059743948e-05
6740, 1.4383580491994508e-05
6745, 6.857585049147019e-06
6750, 4.388370143715292e-06
6755, 8.929670002544299e-06
6760, 2.0193418095004745e-05
6765, 7.087443918862846e-06
6770, 1.586252255947329e-05
6775, 2.39146775129484e-05
6780, 9.363674507767428e-06
6785, 3.853940143017098e-06
6790, 4.961208105669357e-06
6795, 2.2092190192779526e-05
6800, 1.1087782695540227e-05
6805, 1.8810387700796127e-05
6810, 3.0896619136910886e-05
6815, 6.633016164414585e-05
6820, 2.339248931093607e-05
6825, 4.6802411816315725e-05
6830, 2.6211773729301058e-05
6835, 9.553366908221506e-06
6840, 1.0398841368441936e-05
6845, 7.4144149948551785e-06
6850, 4.819055448024301e-06
6855, 5.43623355042655e-05
6860, 4.209721373626962e-05
6865, 3.353399506522692e-06
6870, 5.266456810204545e-06
6875, 2.2741189695807407e-06
6880, 8.435873496637214e-06
6885, 3.648559186331113e-06
6890, 6.560178735526279e-05
6895, 9.21232276596129e-06
6900, 5.646734280162491e-06
6905, 5.714321378036402e-05
6910, 4.690238711191341e-06
6915, 3.953688974434044e-06
6920, 1.4189244211593177e-05
6925, 1.2110422176192515e-05
6930, 1.2577192137541715e-05
6935, 1.4895190361130517e-05
6940, 9.7671781986719e-06
6945, 5.595910806732718e-06
6950, 2.1419322365545668e-05
6955, 5.2443163440329954e-05
6960, 5.550175046664663e-06
6965, 3.3887376957864035e-06
6970, 6.349083560053259e-05
6975, 6.72224314257619e-06
6980, 2.294813748449087e-05
6985, 5.203949331189506e-05
6990, 1.681442154222168e-05
6995, 4.311660086386837e-05
7000, 4.878790150542045e-06
7005, 1.3481664609571453e-05
7010, 7.318921689147828e-06
7015, 1.5493717000936158e-05
7020, 4.396745225676568e-06
7025, 1.719123793009203e-05
7030, 3.31224910041783e-05
7035, 9.262486855732277e-06
7040, 2.5412989998585545e-05
7045, 4.7114237531786785e-05
7050, 1.2256427908141632e-05
7055, 4.358303340268321e-05
7060, 8.903420166461729e-06
7065, 8.243595948442817e-05
7070, 5.4472424380946904e-05
7075, 5.377855632104911e-05
7080, 8.984614396467805e-06
7085, 4.374191121314652e-06
7090, 3.5778499295702204e-05
7095, 1.500853159086546e-05
7100, 2.6574076400720514e-05
7105, 4.631772026186809e-05
7110, 7.300919969566166e-05
7115, 2.389971814409364e-05
7120, 5.328087354428135e-05
7125, 4.8520323616685346e-05
7130, 3.569550608517602e-05
7135, 6.953002866794122e-06
7140, 7.428789103869349e-06
7145, 1.879827141237911e-05
7150, 4.521338632912375e-05
7155, 1.4366979485203046e-05
7160, 3.039367038581986e-05
7165, 4.440641532710288e-06
7170, 1.5240196262311656e-05
7175, 1.5475770851480775e-05
7180, 3.139703767374158e-05
7185, 1.6065001545939595e-05
7190, 1.912134393933229e-05
7195, 2.7359747036825866e-05
7200, 1.238124787050765e-05
7205, 3.4230115488753654e-06
7210, 6.471911910921335e-05
7215, 1.7509366443846375e-05
7220, 1.7836706319940276e-05
7225, 1.4512494090013206e-05
7230, 5.24288225278724e-06
7235, 1.2293732652324252e-05
7240, 1.9676386727951467e-05
7245, 1.001749205897795e-05
7250, 3.470836236374453e-05
7255, 1.518448789283866e-05
7260, 2.404031329206191e-05
7265, 1.3226665032561868e-05
7270, 3.828242188319564e-05
7275, 3.5191480947105447e-06
7280, 9.957208021660335e-06
7285, 2.4675207896507345e-05
7290, 5.931980467721587e-06
7295, 2.6439607609063387e-05
7300, 6.146800387796247e-06
7305, 1.1105693374702241e-05
7310, 2.1672380171366967e-05
7315, 1.4012958672537934e-05
7320, 1.406722094543511e-05
7325, 4.367065412225202e-05
7330, 2.4518607460777275e-05
7335, 1.743466236803215e-05
7340, 8.505630830768496e-06
7345, 5.4806273510621395e-06
7350, 4.199763679935131e-06
7355, 2.4617225790279917e-05
7360, 1.3394506822805852e-05
7365, 2.5823633222898934e-06
7370, 1.612689629837405e-05
7375, 1.687800613581203e-05
7380, 4.589800937537802e-06
7385, 7.159938377299113e-06
7390, 7.356155947491061e-06
7395, 6.336767455650261e-06
7400, 3.464485644144588e-06
7405, 1.8805800209520385e-05
7410, 6.630200459767366e-06
7415, 2.0621431758627295e-05
7420, 2.1102241589687765e-05
7425, 9.495176527707372e-06
7430, 1.4644894690718502e-05
7435, 2.2408719814848155e-05
7440, 1.414311282132985e-05
7445, 1.4588024896511342e-05
7450, 6.103081614128314e-05
7455, 4.41043775936123e-05
7460, 4.348631591710728e-06
7465, 5.462908575282199e-06
7470, 2.3927990696392953e-05
7475, 3.960460162488744e-05
7480, 2.7184683858649805e-05
7485, 3.417886546230875e-05
7490, 2.6193756639258936e-05
7495, 6.749981366738211e-06
7500, 6.703838607791113e-06
7505, 1.5946574421832338e-05
7510, 5.2383842557901517e-05
7515, 5.212491942074848e-06
7520, 7.911115062597673e-06
7525, 7.274457311723381e-05
7530, 3.735390419024043e-05
7535, 5.5649372370680794e-05
7540, 1.3686662896361668e-05
7545, 7.029747393971775e-06
7550, 1.2304098163440358e-05
7555, 8.857043576426804e-05
7560, 4.238810106471647e-06
7565, 1.3725581084145233e-05
7570, 8.77206457516877e-06
7575, 4.509858263190836e-05
7580, 5.2217725169612095e-05
7585, 3.1059626053320244e-05
7590, 1.7702230252325535e-05
7595, 1.0611321158648934e-05
7600, 2.5685992568469374e-06
7605, 4.681805148720741e-05
7610, 1.390795296174474e-05
7615, 8.017950312932953e-05
7620, 3.5847409890266135e-05
7625, 2.4785105779301375e-05
7630, 5.116070678923279e-05
7635, 1.4334631487145089e-05
7640, 1.2709614566119853e-05
7645, 4.5720571506535634e-05
7650, 3.319782263133675e-05
7655, 2.4194274374167435e-05
7660, 6.89909666107269e-06
7665, 1.9530732970451936e-05
7670, 8.377732228836976e-06
7675, 1.6819560187286697e-05
7680, 9.678890819486696e-06
7685, 2.8618362193810754e-05
7690, 2.2151434677653015e-05
7695, 4.2390706767037045e-06
7700, 2.428061270620674e-05
7705, 2.627356934681302e-06
7710, 3.789468973991461e-05
7715, 2.2042830096324906e-05
7720, 1.0464881597727071e-05
7725, 4.167148290434852e-05
7730, 2.3581820641993545e-05
7735, 1.6237074305536225e-05
7740, 1.913979576784186e-05
7745, 4.239101690473035e-05
7750, 2.952039176307153e-05
7755, 4.261964477336733e-06
7760, 1.1876663847942837e-05
7765, 2.4653094442328438e-05
7770, 3.611673264458659e-06
7775, 5.1777374210359994e-06
7780, 1.1133600310131442e-05
7785, 8.901361979951616e-06
7790, 8.49422394821886e-06
7795, 4.4178523239679635e-05
7800, 3.912063766620122e-05
7805, 4.7330730012618005e-05
7810, 8.827874808048364e-06
7815, 5.2898627473041415e-05
7820, 6.575740371772554e-06
7825, 4.941313818562776e-06
7830, 3.6256492421671283e-06
7835, 1.331892690359382e-05
7840, 3.4949014207086293e-06
7845, 1.650577542022802e-05
7850, 7.004471990512684e-05
7855, 4.2766405385918915e-05
7860, 2.3381955543300137e-05
7865, 5.052642336522695e-06
7870, 5.46497631148668e-06
7875, 2.219094858446624e-05
7880, 1.1044677194149699e-05
7885, 1.1213690413569566e-05
7890, 3.122175621683709e-05
7895, 2.0527375454548746e-05
7900, 1.8134567653760314e-05
7905, 2.563240377639886e-05
7910, 2.883473371184664e-06
7915, 3.5759965157922124e-06
7920, 2.087550274154637e-05
7925, 3.1619222227163846e-06
7930, 1.40915826705168e-05
7935, 3.238072849853779e-06
7940, 3.097797525697388e-05
7945, 1.1399542927392758e-05
7950, 4.624138455255888e-06
7955, 8.03973016445525e-05
7960, 9.126728400588036e-06
7965, 1.0899729204538744e-05
7970, 1.2953766599821392e-05
7975, 1.6307682017213665e-05
7980, 2.8936330636497587e-05
7985, 2.377708187850658e-05
7990, 1.5575542420265265e-05
7995, 3.413410377106629e-05
8000, 2.223759838670958e-05
8005, 3.2463567549712025e-06
8010, 1.0896470485022292e-05
8015, 1.0784982805489562e-05
8020, 6.955328899493907e-06
8025, 5.003775640943786e-06
8030, 3.202876996510895e-06
8035, 1.3088925697957166e-05
8040, 4.035488746012561e-05
8045, 5.876499926671386e-05
8050, 1.3328525710676331e-05
8055, 2.7363459594198503e-05
8060, 4.989171884517418e-06
8065, 2.6149977202294394e-05
8070, 7.7407130447682e-06
8075, 1.407033414579928e-05
8080, 4.18801027990412e-05
8085, 4.417066065798281e-06
8090, 3.9791575545677915e-05
8095, 9.402463547303341e-06
8100, 2.2955697204452008e-05
8105, 4.087610705028055e-06
8110, 1.0849078535102308e-05
8115, 9.2253067123238e-06
8120, 1.0711924005590845e-05
8125, 2.282070454384666e-05
8130, 8.744601473154034e-06
8135, 9.741372196003795e-06
8140, 8.526421879651025e-06
8145, 5.386410975916078e-06
8150, 1.5204776900645811e-05
8155, 1.1796882063208614e-05
8160, 1.258702377526788e-05
8165, 8.327237992489245e-06
8170, 9.406465323991142e-06
8175, 1.3999820112076122e-05
8180, 4.7411376726813614e-06
8185, 4.2549574573058635e-05
8190, 1.1066775186918676e-05
8195, 1.0032407772087026e-05
8200, 8.568984412704594e-06
8205, 6.508909791591577e-06
8210, 1.7920230675372295e-05
8215, 6.16789066043566e-06
8220, 3.842862497549504e-06
8225, 1.1297687706246506e-05
8230, 4.076638651895337e-05
8235, 2.1737734641646966e-05
8240, 3.054390390389017e-06
8245, 2.0416444385773502e-05
8250, 5.121041613165289e-05
8255, 5.064042125013657e-05
8260, 3.532061236910522e-05
8265, 1.4375800674315542e-05
8270, 3.339229442644864e-05
8275, 1.600042924110312e-05
8280, 9.911197594192345e-06
8285, 1.651151364967518e-06
8290, 1.2285780940146651e-05
8295, 8.580417670600582e-06
8300, 8.309563781949691e-06
8305, 3.064316479139961e-05
8310, 1.7031434254022315e-05
8315, 5.0762341743393335e-06
8320, 1.899172093544621e-05
8325, 5.83172841288615e-05
8330, 2.1334173652576283e-05
8335, 1.1079697287641466e-05
8340, 7.126605851226486e-06
8345, 4.04447564505972e-06
8350, 1.3722693438467104e-05
8355, 2.2755430109100416e-05
8360, 9.972065527108498e-06
8365, 1.5767183867865242e-05
8370, 7.089689461281523e-06
8375, 1.513308598077856e-05
8380, 2.783078116408433e-06
8385, 1.1221308341191616e-05
8390, 7.898450348875485e-06
8395, 9.425382813788019e-06
8400, 1.379553123115329e-05
8405, 4.891940079687629e-06
8410, 1.0002580893342383e-05
8415, 2.4967441731860163e-06
8420, 4.9130735533253755e-06
8425, 4.459509909793269e-06
8430, 1.718978091957979e-05
8435, 3.225841965104337e-06
8440, 5.147498995938804e-06
8445, 9.387033060193062e-06
8450, 2.2459294996224344e-05
8455, 1.7648930224822834e-05
8460, 2.0363808289403096e-05
8465, 3.3720276405801997e-05
8470, 6.252104412851622e-06
8475, 2.7140114980284125e-05
8480, 5.045176294515841e-06
8485, 7.240985723910853e-06
8490, 7.940063369460404e-06
8495, 3.632345760706812e-05
8500, 1.7273150660912506e-05
8505, 2.879414205381181e-05
8510, 1.987462746910751e-05
8515, 9.460985893383622e-06
8520, 2.149709871446248e-05
8525, 6.8473668761726e-06
8530, 5.210834842728218e-06
8535, 9.45453120948514e-06
8540, 1.646825353418535e-06
8545, 6.359631697705481e-06
8550, 1.3536238839151338e-05
8555, 1.3136535017110873e-05
8560, 2.395080628048163e-05
8565, 3.789235506701516e-06
8570, 3.7116076327947667e-06
8575, 1.2358276762824971e-05
8580, 4.0042232285486534e-06
8585, 1.4336780623125378e-05
8590, 2.818311941155116e-06
8595, 6.2620406424684916e-06
8600, 7.254624961205991e-06
8605, 1.4532263776345644e-05
8610, 6.1657651713176165e-06
8615, 8.383889507967979e-06
8620, 4.898735824099276e-06
8625, 4.042587534058839e-06
8630, 2.586916934887995e-06
8635, 1.5234482816595118e-05
8640, 1.3713603948417585e-05
8645, 1.2109447197872214e-05
8650, 9.067212886293419e-06
8655, 5.627949121844722e-06
8660, 1.6789801520644687e-05
8665, 3.713799378601834e-05
8670, 1.3399447198025882e-05
8675, 1.9350782167748548e-05
8680, 9.262915227736812e-06
8685, 1.0298228517058305e-05
8690, 9.283558028982952e-06
8695, 1.9282020730315708e-05
8700, 7.882227691879962e-06
8705, 3.6080502923141466e-06
8710, 8.899864042177796e-06
8715, 1.4503382772090845e-05
8720, 2.9415734843496466e-06
8725, 2.6548708774498664e-05
8730, 1.857875395216979e-05
8735, 4.444257865543477e-05
8740, 8.226378668041434e-06
8745, 4.2770893742272165e-06
8750, 1.199695634568343e-05
8755, 6.956208835617872e-06
8760, 8.516746675013565e-06
8765, 2.340392893529497e-05
8770, 1.045765293383738e-05
8775, 9.541673534840811e-06
8780, 6.006111561873695e-06
8785, 2.1297969396982808e-06
8790, 5.9050071286037564e-06
8795, 3.4664278700802242e-06
8800, 2.8100177587475628e-05
8805, 1.5625624655513093e-05
8810, 3.0860996957926545e-06
8815, 8.179810720321257e-06
8820, 5.7506858865963295e-06
8825, 4.45161049356102e-06
8830, 9.21856644708896e-06
8835, 2.4405092062806943e-06
8840, 8.386910849367268e-06
8845, 1.9927536413888447e-05
8850, 3.34618853230495e-05
8855, 4.894682660960825e-06
8860, 1.0110180483025033e-05
8865, 1.580902790010441e-05
8870, 2.0278281226637773e-05
8875, 9.6747889983817e-06
8880, 8.891871402738616e-06
8885, 6.062086868041661e-06
8890, 2.685583422135096e-05
8895, 9.838803634920623e-06
8900, 1.3429026694211643e-05
8905, 1.1294325304334052e-05
8910, 1.1237412763875909e-05
8915, 2.5802359232329763e-05
8920, 8.229176273744088e-06
8925, 3.0245651032601018e-06
8930, 6.7012442741543055e-06
8935, 2.0008890714962035e-05
8940, 9.354500434710644e-06
8945, 2.912308673330699e-06
8950, 1.418526971974643e-05
8955, 2.5488543542451225e-05
8960, 3.1331219361163676e-05
8965, 1.0952699085464701e-05
8970, 9.976233741326723e-06
8975, 1.246579904545797e-05
8980, 1.3183745977585204e-05
8985, 4.712349436886143e-06
8990, 6.307924650172936e-06
8995, 2.081826323774294e-06
9000, 1.6131956726894714e-05
9005, 7.192268640210386e-06
9010, 1.4683019799122121e-05
9015, 8.72279179020552e-06
9020, 2.7186740680917865e-06
9025, 1.1667159924400039e-05
9030, 5.806587523693452e-06
9035, 6.677092642348725e-06
9040, 9.483057510806248e-06
9045, 2.3454219899576856e-06
9050, 5.694856554327998e-06
9055, 9.026313819049392e-06
9060, 2.7442999908089405e-06
9065, 1.8288892533746548e-05
9070, 1.942218659678474e-05
9075, 5.659701855620369e-06
9080, 5.735484137403546e-06
9085, 3.933760581276147e-06
9090, 6.284825758484658e-06
9095, 8.114408956316765e-06
9100, 2.8941326490894426e-06
9105, 7.16107570042368e-06
9110, 5.961092483630637e-06
9115, 5.8625341807783116e-06
9120, 8.662923391966615e-06
9125, 1.054254789778497e-05
9130, 5.256395979813533e-06
9135, 9.263028914574534e-06
9140, 7.367223133769585e-06
9145, 3.406076984902029e-06
9150, 6.6254715420654975e-06
9155, 3.857860974676441e-06
9160, 5.621749096462736e-06
9165, 9.251749361283146e-06
9170, 2.8202168778079795e-06
9175, 5.529313057195395e-06
9180, 1.083970255422173e-05
9185, 3.294288717370364e-06
9190, 2.529048060750938e-06
9195, 4.829341378354002e-06
9200, 5.550847617996624e-06
9205, 4.07590687245829e-06
9210, 1.9500281268847175e-05
9215, 6.7544306148192845e-06
9220, 3.096690079473774e-06
9225, 5.806288754683919e-06
9230, 1.6527206753380597e-05
9235, 1.1117027497675736e-05
9240, 1.7778069150153897e-06
9245, 2.4207786282204324e-06
9250, 6.147444310045103e-06
9255, 4.715280283562606e-06
9260, 1.032545515045058e-05
9265, 1.3560405932366848e-05
9270, 2.894707904488314e-06
9275, 5.338796654541511e-06
9280, 2.999891876243055e-06
9285, 6.7641153691511136e-06
9290, 3.12631323140522e-06
9295, 5.093287199997576e-06
9300, 2.517306256777374e-06
9305, 1.3355851478991099e-05
9310, 2.7798184873972787e-06
9315, 2.9280229227879317e-06
9320, 5.119264642416965e-06
9325, 8.003021321201231e-06
9330, 4.909014933218714e-06
9335, 1.0516407201066613e-05
9340, 7.662324605917092e-06
9345, 7.490500593121396e-06
9350, 1.243959013663698e-05
9355, 7.079847819113638e-06
9360, 5.040854830440367e-06
9365, 8.471414730593096e-06
9370, 8.332433026225772e-06
9375, 8.002558388398029e-06
9380, 8.788047125563025e-06
9385, 2.4284540813823696e-06
9390, 5.828354005643632e-06
9395, 7.207810085674282e-06
9400, 9.609653716324829e-06
9405, 7.258029654622078e-06
9410, 2.3781933577993186e-06
9415, 6.907403530931333e-06
9420, 3.0765681913180742e-06
9425, 4.740525127999717e-06
9430, 7.506503607146442e-06
9435, 8.101759704004508e-06
9440, 7.723968337813858e-06
9445, 8.34285583550809e-06
9450, 4.810178779734997e-06
9455, 6.768406365154078e-06
9460, 5.492165200848831e-06
9465, 4.901294687442714e-06
9470, 9.350550499220844e-06
9475, 3.920685230696108e-06
9480, 1.7026120985974558e-05
9485, 2.402099880782771e-06
9490, 2.806271595545695e-06
9495, 5.6172366384998895e-06
9500, 5.27847851117258e-06
9505, 1.581619835633319e-05
9510, 2.921333589256392e-06
9515, 3.2481736980116693e-06
9520, 4.036495283799013e-06
9525, 5.284160124574555e-06
9530, 1.0347943316446617e-05
9535, 1.314290511800209e-05
9540, 5.240206064627273e-06
9545, 3.928019850718556e-06
9550, 5.967031484033214e-06
9555, 1.8828355678124353e-05
9560, 3.8041278457967564e-05
9565, 1.287021495954832e-05
9570, 2.704228108996176e-06
9575, 6.097644472902175e-06
9580, 1.3189338460506406e-05
9585, 2.0655063053709455e-05
9590, 3.091049165959703e-06
9595, 2.6874336072069127e-06
9600, 5.090885315439664e-05
9605, 1.1020401871064678e-05
9610, 3.6429437386686914e-06
9615, 1.0898653272306547e-05
9620, 1.8798681367115933e-06
9625, 2.236548198197852e-06
9630, 1.0842810297617689e-05
9635, 3.427295450819656e-05
9640, 3.3941250876523554e-06
9645, 6.439505796151934e-06
9650, 5.514820804819465e-05
9655, 4.424066901265178e-06
9660, 3.4662516554817557e-06
9665, 1.3332823073142208e-05
9670, 3.936349912692094e-06
9675, 6.788583505112911e-06
9680, 4.5182408939581364e-05
9685, 3.469604280326166e-06
9690, 2.3651822630199604e-05
9695, 1.2147104825999122e-05
9700, 2.995775685121771e-05
9705, 3.428985564823961e-06
9710, 2.778019006655086e-05
9715, 2.129619497281965e-05
9720, 7.035583166725701e-06
9725, 2.8737249522237107e-06
9730, 3.5910297810914926e-06
9735, 2.303729388586362e-06
9740, 2.240758294647094e-05
9745, 5.895375579711981e-06
9750, 2.487725623723236e-06
9755, 2.588733877928462e-06
9760, 2.2042518139642198e-06
9765, 3.2288935472024605e-06
9770, 8.14501618151553e-06
9775, 2.347511099287658e-06
9780, 2.4987332380987937e-06
9785, 2.3834259081922937e-06
9790, 1.6948353732004762e-05
9795, 2.0261572899471503e-06
9800, 2.0324596334830858e-05
9805, 3.3269736832153285e-06
9810, 1.906101829263207e-06
9815, 2.1574305719695985e-06
9820, 2.7657224563881755e-06
9825, 6.083210337237688e-06
9830, 8.007910764717963e-06
9835, 1.1491905752336606e-05
9840, 2.581875833129743e-06
9845, 3.3976657505263574e-06
9850, 8.583833732700441e-06
9855, 1.0414632924948819e-05
9860, 6.079426839278312e-06
9865, 2.5268523131671827e-06
9870, 2.434797806927236e-06
9875, 5.253222752799047e-06
9880, 1.2235151189088356e-05
9885, 1.9578142200771254e-06
9890, 2.262976522615645e-06
9895, 1.642004008317599e-06
9900, 4.1812822928477544e-06
9905, 1.3839251550962217e-05
9910, 1.0683182154025417e-05
9915, 2.2824222014605766e-06
9920, 5.596883511316264e-06
9925, 1.224834250024287e-05
9930, 1.7837950281318626e-06
9935, 9.381627933180425e-06
9940, 5.628192866424797e-06
9945, 1.1797421393566765e-05
9950, 3.16860678140074e-06
9955, 2.0002350993308937e-06
9960, 4.487178557610605e-06
9965, 3.429565913393162e-05
9970, 1.0306194781151135e-05
9975, 4.69658880319912e-06
9980, 3.6641904443968087e-06
9985, 7.015587016212521e-06
9990, 1.1274288226559293e-05
9995, 1.0909089724009391e-05
10000, 6.994405794102931e-06
10005, 1.1490767974464688e-05
10010, 4.0327486203750595e-06
10015, 1.2600411537277978e-05
10020, 2.9441634978866205e-06
10025, 2.6259069272782654e-05
10030, 1.8130003809346817e-06
10035, 2.660512473084964e-05
10040, 1.8377998003415996e-06
10045, 4.319429081078852e-06
10050, 1.1105162229796406e-05
10055, 3.4522352052590577e-06
10060, 3.096027285209857e-05
10065, 2.1105735868331976e-05
10070, 1.6283212971757166e-05
10075, 2.5809254111663904e-06
10080, 1.0131264389201533e-05
10085, 2.1494233806151897e-06
10090, 2.376154498051619e-06
10095, 7.87634326115949e-06
10100, 2.446800408506533e-06
10105, 2.0161121938144788e-05
10110, 1.658548399063875e-06
10115, 3.4522186069807503e-06
10120, 2.7182046324014664e-05
10125, 9.914496331475675e-06
10130, 2.9507535145967267e-05
10135, 1.6980782675091177e-05
10140, 3.8861260691192e-05
10145, 1.6466862007291638e-06
10150, 2.013041012105532e-06
10155, 4.4532112042361405e-06
10160, 2.052219088000129e-06
10165, 2.3103468265617266e-05
10170, 7.708479643042665e-06
10175, 3.341210322105326e-05
10180, 2.5550666578055825e-06
10185, 1.720192358334316e-06
10190, 1.6358491166101885e-06
10195, 1.8141825421480462e-05
10200, 2.115144525305368e-05
10205, 6.648484031757107e-06
10210, 4.860626177105587e-06
10215, 1.0507189472264145e-05
10220, 5.701964710169705e-06
10225, 2.1570422177319415e-05
10230, 1.6180684951905278e-06
10235, 1.8871522797780926e-06
10240, 2.358114033995662e-05
10245, 1.6626701835775748e-05
10250, 1.4558107750417548e-06
10255, 2.0273224436095916e-05
10260, 3.5744724300457165e-05
10265, 8.726316991669592e-06
10270, 1.4326116115626064e-06
10275, 2.3529608370154165e-05
10280, 4.235274900565855e-05
10285, 1.6235719158430584e-05
10290, 9.445188879908528e-06
10295, 5.214529664954171e-06
10300, 1.2933954167237971e-05
10305, 9.342942576040514e-06
10310, 1.8690607248572633e-06
10315, 1.3993397260492202e-05
10320, 1.0745558938651811e-05
10325, 3.096428554272279e-05
10330, 1.4382137578650145e-06
10335, 3.2857631140359445e-06
10340, 1.290714499191381e-05
10345, 4.697956683230586e-06
10350, 2.740313902904745e-06
10355, 3.2030773127189605e-06
10360, 5.569962922891136e-06
10365, 3.5451919302431634e-06
10370, 2.3813021471141838e-05
10375, 1.0593344995868392e-05
10380, 1.7969505279324949e-06
10385, 1.0482427569513675e-05
10390, 1.2601220078067854e-05
10395, 4.034146058984334e-06
10400, 7.706041287747212e-06
10405, 1.541529672977049e-05
10410, 1.3806828064844012e-05
10415, 1.4737730452907272e-05
10420, 3.2352904781873804e-06
10425, 2.671126821951475e-06
10430, 1.5307783542084508e-05
10435, 3.827944510703674e-06
10440, 1.0753217793535441e-05
10445, 1.5881223589531146e-05
10450, 1.5948475265759043e-05
10455, 1.5229516066028737e-05
10460, 1.5070185327203944e-05
10465, 1.9287642771814717e-06
10470, 1.0193159141635988e-05
10475, 2.964561190310633e-06
10480, 6.59481656839489e-06
10485, 4.089555659447797e-06
10490, 1.2867497389379423e-05
10495, 1.2242041520948987e-05
10500, 3.8914013202884234e-06
10505, 1.3409982102530194e-06
10510, 8.150870598910842e-06
10515, 1.5846392216189997e-06
10520, 9.823154869081918e-06
10525, 1.6211748743444332e-06
10530, 5.563081231230171e-06
10535, 1.1088885003118776e-05
10540, 3.888700121024158e-06
10545, 4.680695838032989e-06
10550, 2.4038808987825178e-06
10555, 1.5036614968266804e-05
10560, 8.022171641641762e-06
10565, 1.4104018646321492e-06
10570, 9.918981049850117e-06
10575, 6.2517110563931055e-06
10580, 2.1465916688612197e-06
10585, 3.698152568176738e-06
10590, 4.445058948476799e-06
10595, 1.2109438102925196e-05
10600, 3.673745595733635e-05
10605, 6.3662996581115294e-06
10610, 4.611188342096284e-05
10615, 2.0507245608314406e-06
10620, 5.0421094783814624e-05
10625, 5.98636916038231e-06
10630, 1.0230958650936373e-05
10635, 1.4562159549313947e-06
10640, 5.279846845951397e-06
10645, 2.7469935957924463e-05
10650, 3.1222840334521607e-05
10655, 6.5702138272172306e-06
10660, 1.780312572918774e-06
10665, 5.954135849606246e-05
10670, 6.382405899785226e-06
10675, 2.651104841788765e-05
10680, 1.1303282917651813e-05
10685, 2.7345080525265075e-05
10690, 3.4030383631034056e-06
10695, 8.40716438688105e-06
10700, 4.548061497189337e-06
10705, 2.593552380858455e-05
10710, 2.1671157810487784e-05
10715, 4.698760221799603e-06
10720, 3.921434199583018e-06
10725, 9.358695024275221e-06
10730, 2.3518741727457382e-05
10735, 2.5833662220975384e-05
10740, 3.9870559703558683e-05
10745, 3.731114338734187e-05
10750, 2.1015535821788944e-05
10755, 1.987134510272881e-06
10760, 4.098035424249247e-05
10765, 3.1082290661288425e-05
10770, 2.069510992441792e-05
10775, 2.36316609516507e-05
10780, 2.20523179450538e-05
10785, 1.1289566828054376e-05
10790, 3.5109335385641316e-06
10795, 8.594563951191958e-06
10800, 1.7456615751143545e-05
10805, 1.9588003851822577e-05
10810, 7.81042399466969e-06
10815, 4.991145033272915e-06
10820, 3.122027692370466e-06
10825, 1.924342541315127e-06
10830, 4.18369090766646e-05
10835, 2.1496562112588435e-06
10840, 2.335877525183605e-06
10845, 2.3690097805229016e-05
10850, 5.059402246843092e-05
10855, 1.0767912499431986e-05
10860, 3.880391159327701e-05
10865, 2.4266555556096137e-06
10870, 2.411894456599839e-05
10875, 1.142995370173594e-05
10880, 1.1261423424002714e-05
10885, 1.1489073585835285e-05
10890, 3.254286411902285e-06
10895, 2.1079792986711254e-06
10900, 3.9125108742155135e-05
10905, 1.1906046893273015e-05
10910, 2.504824124116567e-06
10915, 1.2172017704870086e-06
10920, 1.9255096049164422e-05
10925, 1.428778614354087e-05
10930, 3.004018435603939e-05
10935, 3.0021616112207994e-05
10940, 1.6076431847977801e-06
10945, 1.101538055081619e-05
10950, 2.9613865990540944e-06
10955, 1.7897253201226704e-05
10960, 1.4508029380522203e-05
10965, 2.7684782253345475e-05
10970, 4.670697308029048e-05
10975, 1.3992574167787097e-05
10980, 4.482935764826834e-06
10985, 2.5008301236084662e-05
10990, 2.0222441889927723e-06
10995, 1.664163573877886e-05
11000, 1.2671880540437996e-05
11005, 1.430252950740396e-06
11010, 2.3239558686327655e-06
11015, 3.1858269267104333e-06
11020, 2.4632270651636645e-05
11025, 9.51632137002889e-06
11030, 7.723610906396061e-06
11035, 3.1121529900701717e-05
11040, 2.9896286832808983e-06
11045, 2.741462958510965e-05
11050, 2.0670811409218004e-06
11055, 1.925324795593042e-05
11060, 3.917529738828307e-06
11065, 1.6956942999968305e-05
11070, 6.426253548852401e-06
11075, 2.384115032327827e-05
11080, 3.825011390290456e-06
11085, 7.191076747403713e-06
11090, 1.9647728549898602e-05
11095, 1.4127345821179915e-05
11100, 7.662713869649451e-06
11105, 1.3070811291981954e-05
11110, 7.633391760464292e-06
11115, 1.8711356233325205e-06
11120, 1.2326549040153623e-05
11125, 1.2142006198700983e-05
11130, 1.1842190360766836e-05
11135, 3.4553206660348224e-06
11140, 3.033829307241831e-05
11145, 1.1226867172808852e-05
11150, 2.4381686216656817e-06
11155, 3.520971586112864e-05
11160, 8.773133231443353e-06
11165, 2.514955667720642e-06
11170, 3.0478947792289546e-06
11175, 1.636563683860004e-05
11180, 1.572269684402272e-05
11185, 3.470183855824871e-06
11190, 1.5093717138370266e-06
11195, 1.5342875485657714e-05
11200, 3.505724816932343e-05
11205, 3.9416019717464224e-05
11210, 3.4403645258862525e-05
11215, 3.6928951885784045e-05
11220, 4.881374479737133e-05
11225, 6.706296971970005e-06
11230, 8.359324965567794e-06
11235, 1.460732710256707e-05
11240, 2.869262516469462e-06
11245, 3.3630010420893086e-06
11250, 3.28494002133084e-06
11255, 1.6786943888291717e-06
11260, 5.195234280108707e-06
11265, 1.4524192920362111e-05
11270, 5.722323476220481e-05
11275, 2.5465469661867246e-05
11280, 5.247188710200135e-06
11285, 9.830784620135091e-06
11290, 1.2949368283443619e-05
11295, 2.7922178560402244e-06
11300, 7.615861250087619e-06
11305, 2.7996196877211332e-05
11310, 6.9281213654903695e-06
11315, 2.170229890907649e-05
11320, 4.9731621402315795e-05
11325, 2.4105538614094257e-05
11330, 6.673281313851476e-05
11335, 1.4738182017026702e-06
11340, 1.36509493131598e-06
11345, 2.3634165700059384e-05
11350, 1.2979340681340545e-05
11355, 1.1830221410491504e-05
11360, 6.370507435349282e-06
11365, 4.039971099700779e-05
11370, 4.254748546372866e-06
11375, 5.128554766997695e-05
11380, 3.1559309263684554e-06
11385, 1.4097844314164831e-06
11390, 1.6292410691676196e-06
11395, 5.812838480778737e-06
11400, 5.067736765340669e-06
11405, 8.177798918040935e-06
11410, 8.399640137213282e-06
11415, 2.4030148324527545e-06
11420, 4.224978965794435e-06
11425, 3.826691317954101e-05
11430, 1.6963957705229404e-06
11435, 5.897567461943254e-06
11440, 2.3644097382202744e-06
11445, 5.5983878155529965e-06
11450, 1.6480154954479076e-05
11455, 8.096823876257986e-06
11460, 1.34042275021784e-05
11465, 1.6019649820009363e-06
11470, 9.247170964954421e-06
11475, 5.815976237499854e-06
11480, 1.5263947716448456e-05
11485, 6.830748588981805e-06
11490, 2.5335437385365367e-05
11495, 1.9093658920610324e-06
11500, 5.4794859352114145e-06
11505, 4.637312486011069e-06
11510, 2.2703525246470235e-06
11515, 1.5067447520777932e-06
11520, 1.9668198092404054e-06
11525, 3.679586370708421e-05
11530, 1.689014084149676e-06
11535, 7.481864031433361e-06
11540, 2.2939455448067747e-05
11545, 1.062652427208377e-05
11550, 1.293241439270787e-05
11555, 1.7759530237526633e-05
11560, 1.6051910279202275e-05
11565, 1.8828447991836583e-06
11570, 5.842454356752569e-06
11575, 3.259319782955572e-06
11580, 1.6417337974417023e-05
11585, 2.5769189960556105e-05
11590, 1.0714496056607459e-05
11595, 1.9932855138904415e-05
11600, 1.7805403331294656e-05
11605, 4.3650947191054e-05
11610, 1.4968376490287483e-05
11615, 2.937800672953017e-05
11620, 1.3980076801090036e-05
11625, 1.3541292673835414e-06
11630, 1.7257847503060475e-05
11635, 3.511755494400859e-06
11640, 5.3658709475712385e-06
11645, 1.2665581152759842e-06
11650, 1.985349808819592e-05
11655, 1.4633364116889425e-05
11660, 2.8749473131028935e-06
11665, 1.5145184988796245e-05
11670, 1.6110585420392454e-05
11675, 1.2203597179905046e-05
11680, 1.1368714694981463e-05
11685, 2.8395970730343834e-05
11690, 2.1047761038062163e-05
11695, 3.1904669413052034e-06
11700, 9.014725037559401e-06
11705, 2.263139094793587e-06
11710, 1.2150747352279723e-05
11715, 1.606115256436169e-05
11720, 1.3726752513321117e-05
11725, 8.73828957992373e-06
11730, 1.1135667591588572e-05
11735, 2.537800128266099e-06
11740, 5.559439159696922e-06
11745, 6.490672149084276e-06
11750, 1.0735798241512384e-05
11755, 1.7085478702938417e-06
11760, 1.8009635596172302e-06
11765, 2.475171868354664e-06
11770, 7.314365120691946e-06
11775, 1.5855860056035453e-06
11780, 1.6794300563560682e-06
11785, 8.914341378840618e-06
11790, 3.938588179153157e-06
11795, 2.1710427972720936e-05
11800, 1.2044926052112714e-06
11805, 7.93109938967973e-06
11810, 3.0545702429662924e-06
11815, 3.932840627385303e-06
11820, 7.206447662611026e-06
11825, 2.6841512408282142e-06
11830, 7.475601705664303e-06
11835, 5.6544781728007365e-06
11840, 9.912367204378825e-06
11845, 1.083975894289324e-05
11850, 2.6831294235307723e-05
11855, 2.5719882614794187e-05
11860, 7.551401722594164e-06
11865, 2.038543243543245e-06
11870, 1.1701745279424358e-06
11875, 1.6525857063243166e-05
11880, 1.2426472721926984e-06
11885, 2.0433610188774765e-05
11890, 1.5508545402553864e-05
11895, 2.463749478920363e-05
11900, 1.3414062323136022e-06
11905, 2.7974263502983376e-05
11910, 2.8784752430510707e-06
11915, 8.61503303895006e-06
11920, 9.297486030845903e-06
11925, 5.887392035219818e-06
11930, 1.0795317393785808e-05
11935, 1.0193628440902103e-05
11940, 2.724306568779866e-06
11945, 1.3959828720544465e-05
11950, 2.0593406588886864e-05
11955, 5.237529421719955e-06
11960, 5.512167717824923e-06
11965, 6.230688541108975e-06
11970, 1.4482312508334871e-05
11975, 8.284671821456868e-06
11980, 3.7591344153042883e-06
11985, 2.8764707167283632e-05
11990, 1.2194985174573958e-05
11995, 1.9085657640971476e-06
12000, 4.783139593200758e-05
12005, 3.199587126800907e-06
12010, 3.148331870761467e-06
12015, 7.884276783443056e-06
12020, 5.3064035455463454e-05
12025, 4.262976653990336e-05
12030, 5.119626621308271e-06
12035, 2.6706652533903252e-06
12040, 4.949525191477733e-06
12045, 2.11771816793771e-06
12050, 8.584381248510908e-06
12055, 7.590836503368337e-06
12060, 1.2586709999595769e-05
12065, 1.8575874491943978e-06
12070, 3.779005055548623e-05
12075, 2.7647140541375848e-06
12080, 5.84469171371893e-06
12085, 2.7579831112234388e-06
12090, 3.143845606246032e-05
12095, 4.9161735660163686e-06
12100, 2.62712001131149e-06
12105, 5.65025811738451e-06
12110, 3.5489995298121357e-06
12115, 3.840786575892707e-06
12120, 4.690363766712835e-06
12125, 3.695697387229302e-06
12130, 4.388955858303234e-06
12135, 1.5204111605271464e-06
12140, 5.229822818364482e-06
12145, 1.9099441487924196e-05
12150, 2.181773652409902e-06
12155, 1.9167915525031276e-05
12160, 2.6159755179833155e-06
12165, 2.4948826649051625e-06
12170, 1.4265544905356364e-06
12175, 1.741386085996055e-06
12180, 3.296405793662416e-06
12185, 2.605718509585131e-05
12190, 2.2809404981671833e-05
12195, 2.0023813704028726e-05
12200, 6.1427303990058135e-06
12205, 1.4263768207456451e-05
12210, 2.0079507521586493e-05
12215, 9.961814612324815e-06
12220, 1.0846329132618848e-05
12225, 1.1646947314147837e-05
12230, 2.905483825088595e-06
12235, 2.733303290369804e-06
12240, 1.3204625247453805e-05
12245, 2.486193807271775e-06
12250, 1.8898261259892024e-05
12255, 3.097287162745488e-06
12260, 1.8826709492714144e-05
12265, 8.417744538746774e-06
12270, 1.4773852399230236e-06
12275, 1.7333437654087902e-06
12280, 1.6236213923548348e-05
12285, 2.3247495846590027e-05
12290, 1.6744683307479136e-05
12295, 4.861304478254169e-05
12300, 3.3298361813649535e-05
12305, 2.5982388251577504e-05
12310, 4.651507879316341e-06
12315, 4.86397220811341e-06
12320, 2.300242158526089e-06
12325, 1.4583597476303112e-06
12330, 3.2883747280720854e-06
12335, 2.1820962501806207e-05
12340, 2.0766705347341485e-05
12345, 3.635393341028248e-06
12350, 1.4907169315847568e-05
12355, 7.119639121810906e-06
12360, 7.667847057746258e-06
12365, 5.05001344208722e-06
12370, 1.0513805136724841e-05
12375, 3.0668131785205333e-06
12380, 2.701588073250605e-06
12385, 6.4165783442149404e-06
12390, 4.56899797427468e-05
12395, 7.145853032852756e-06
12400, 1.0261790521326475e-05
12405, 3.2359148463001475e-06
12410, 5.405754563980736e-06
12415, 3.4966462408192456e-05
12420, 2.0174068140477175e-06
12425, 1.4689655927213607e-06
12430, 3.154080786771374e-06
12435, 1.7605935909159598e-06
12440, 1.8152023812945117e-06
12445, 3.9319711504504085e-06
12450, 1.1069068932556547e-05
12455, 2.9932493816886563e-06
12460, 1.4352358448377345e-06
12465, 2.008753426707699e-06
12470, 6.512462732644053e-06
12475, 5.683766175934579e-06
12480, 2.8878093871753663e-06
12485, 1.6007699741749093e-05
12490, 6.430585472116945e-06
12495, 1.7322015992249362e-05
12500, 1.98967586584331e-06
12505, 1.5954325135680847e-05
12510, 5.928202881477773e-06
12515, 6.761942131561227e-06
12520, 1.5162032696025562e-06
12525, 1.7316660887445323e-06
12530, 1.2827877071686089e-05
12535, 2.67994764726609e-05
12540, 2.609804505482316e-05
12545, 5.476664227899164e-05
12550, 2.0565823433571495e-05
12555, 1.8139360236091306e-06
12560, 4.329498915467411e-05
12565, 4.687380351242609e-05
12570, 2.809930083458312e-05
12575, 1.9325099856359884e-05
12580, 9.193772712023929e-06
12585, 4.526349948719144e-05
12590, 3.751897565962281e-06
12595, 1.7000376146825147e-06
12600, 3.951159669668414e-05
12605, 2.3927416350488784e-06
12610, 3.0808670999249443e-05
12615, 5.3286843467503786e-05
12620, 7.326813374675112e-06
12625, 3.243245737394318e-05
12630, 1.952805632754462e-06
12635, 8.949827133619692e-06
12640, 1.486407927586697e-05
12645, 1.3263413620734354e-06
12650, 7.074694622133393e-06
12655, 4.963497121934779e-05
12660, 3.4418210361764068e-06
12665, 1.0747855412773788e-05
12670, 1.394146352140524e-06
12675, 8.266962140623946e-06
12680, 2.35781553783454e-05
12685, 9.070350643014535e-06
12690, 2.4170337837858824e-06
12695, 2.6029836135421647e-06
12700, 8.799969691608567e-06
12705, 3.0449316909653135e-05
12710, 3.629065759014338e-05
12715, 6.4912892412394285e-06
12720, 4.2392988689243793e-05
12725, 2.9351799639698584e-06
12730, 2.5070260107895592e-06
12735, 8.83535722095985e-06
12740, 1.5290195733541623e-05
12745, 4.6968943934189156e-05
12750, 2.8964718694624025e-06
12755, 3.884912803187035e-05
12760, 4.1690604120958596e-05
12765, 1.5527231198575464e-06
12770, 2.2576371065952117e-06
12775, 1.6114142908918438e-06
12780, 8.36927483760519e-06
12785, 2.237319858977571e-05
12790, 2.141432787539088e-06
12795, 1.8639885865923134e-06
12800, 3.9881851989775896e-05
12805, 1.6653327747917501e-06
12810, 1.785058520908933e-05
12815, 3.063289477722719e-05
12820, 2.7395548386266455e-05
12825, 9.39210076467134e-06
12830, 1.3591563401860185e-05
12835, 1.1806382644863334e-05
12840, 3.1222757570503745e-06
12845, 1.7630326283324393e-06
12850, 2.802806193358265e-05
12855, 4.470315616345033e-05
12860, 4.107207860215567e-05
12865, 3.4003867313003866e-06
12870, 2.570448850747198e-05
12875, 1.898268237709999e-05
12880, 5.911149855819531e-06
12885, 5.345041699911235e-06
12890, 4.132524281885708e-06
12895, 5.192405751586193e-06
12900, 1.2246918231539894e-05
12905, 1.758556390996091e-05
12910, 1.2353959846223006e-06
12915, 3.277217547292821e-05
12920, 1.0928734809567686e-05
12925, 5.4345382523024455e-05
12930, 6.0817794292233884e-05
12935, 2.567041065049125e-06
12940, 1.3823748759023147e-06
12945, 2.991945621033665e-06
12950, 4.585941042023478e-06
12955, 1.08573340185103e-05
12960, 1.4912183360138442e-05
12965, 2.110414243361447e-06
12970, 3.89583183277864e-05
12975, 1.0395364370197058e-05
12980, 4.724908649222925e-05
12985, 1.414281996403588e-05
12990, 3.212868477930897e-06
12995, 5.066919038654305e-05
13000, 3.8089940517238574e-06
13005, 3.700219895108603e-05
13010, 1.1130489838251378e-05
13015, 9.30814439925598e-06
13020, 9.647402293921914e-06
13025, 4.4598118620342575e-06
13030, 4.884192094323225e-06
13035, 4.176717538939556e-06
13040, 1.4952127457945608e-05
13045, 2.143905248885858e-06
13050, 1.8261944205733016e-06
13055, 2.288924042659346e-05
13060, 2.911230876634363e-05
13065, 1.8226523025077768e-05
13070, 3.3137828722829e-05
13075, 3.509481030050665e-05
13080, 2.3259832232724875e-05
13085, 2.0553598005790263e-05
13090, 1.0075502359541133e-05
13095, 1.1871065908053424e-05
13100, 3.8843030779389665e-05
13105, 1.592040825926233e-05
13110, 1.998111429202254e-06
13115, 2.1801790353492834e-05
13120, 2.0527184460661374e-05
13125, 4.994096525479108e-05
13130, 1.4692361673951382e-06
13135, 3.985051989729982e-06
13140, 8.86418274603784e-06
13145, 2.2313284716801718e-05
13150, 5.920605872233864e-06
13155, 3.210166687495075e-05
13160, 2.583985633464181e-06
13165, 1.3088314290143899e-06
13170, 2.1920692233834416e-05
13175, 2.8249087336007506e-06
13180, 1.6879228496691212e-05
13185, 4.5841909013688564e-05
13190, 4.239522240823135e-06
13195, 6.53616143608815e-06
13200, 4.263848495611455e-06
13205, 3.4569940908113495e-05
13210, 1.2232328572281403e-06
13215, 1.1949853160331259e-06
13220, 3.1613562896382064e-05
13225, 1.6435205907328054e-06
13230, 1.6167718058568425e-05
13235, 2.200312110289815e-06
13240, 1.6452775525976904e-05
13245, 9.793270692171063e-06
13250, 2.522089380363468e-05
13255, 5.424031041911803e-05
13260, 1.2833209439122584e-05
13265, 1.4967275092203636e-05
13270, 4.677364995586686e-05
13275, 5.559079727390781e-05
13280, 1.3473971193889156e-05
13285, 3.5839791962644085e-05
13290, 2.2570086457562866e-06
13295, 1.0536236914049368e-05
13300, 3.5088989534415305e-05
13305, 1.9632483599707484e-05
13310, 4.319179060985334e-05
13315, 2.660970676515717e-05
13320, 2.589330961200176e-06
13325, 6.018198109813966e-05
13330, 2.1366518922150135e-05
13335, 1.3858336842531571e-06
13340, 1.354333676317765e-06
13345, 3.963514245697297e-05
13350, 1.0120080332853831e-05
13355, 3.2462121453136206e-06
13360, 3.958824891014956e-05
13365, 2.293870693392819e-06
13370, 1.137985509558348e-05
13375, 4.5483349822461605e-05
13380, 6.254778782022186e-06
13385, 4.676720345742069e-05
13390, 2.213723200839013e-05
13395, 7.154318154789507e-05
13400, 1.1333232578181196e-05
13405, 1.6406938811996952e-05
13410, 3.217036646674387e-05
13415, 1.9132619854644872e-05
13420, 7.562169776065275e-05
13425, 5.332784712663852e-05
13430, 2.4873235815903172e-05
13435, 5.134843013365753e-05
13440, 3.6671630368800834e-05
13445, 1.1674188726829016e-06
13450, 6.548899546032771e-05
13455, 1.1369111234671436e-06
13460, 1.5557127426291117e-06
13465, 6.009128355799476e-06
13470, 1.128138137573842e-06
13475, 1.939305366249755e-05
13480, 6.022446086717537e-06
13485, 1.4539630683430005e-05
13490, 1.1886918400705326e-06
13495, 1.3539111023419537e-05
13500, 1.5143679775064811e-05
13505, 3.88083708457998e-06
13510, 5.131166290084366e-06
13515, 7.954957254696637e-06
13520, 4.099691068404354e-05
13525, 1.8998209270648658e-05
13530, 7.637650560354814e-05
13535, 3.349236067151651e-05
13540, 2.9142140192561783e-05
13545, 2.404145789114409e-06
13550, 1.1393585737096146e-06
13555, 2.0103018414374674e-06
13560, 1.4934273167455103e-05
13565, 1.2967100246896734e-06
13570, 2.0144325389992446e-06
13575, 2.1167634258745238e-05
13580, 9.491634045843966e-06
13585, 3.319932147860527e-05
13590, 4.64648510387633e-05
13595, 4.352514224592596e-06
13600, 7.555663614766672e-05
13605, 5.0131398893427104e-05
13610, 1.6363833310606424e-06
13615, 1.2147810593887698e-05
13620, 3.0502667868859135e-05
13625, 1.9815051928162575e-06
13630, 1.0828300219145603e-05
13635, 8.662717846164014e-06
13640, 1.2448955203581136e-05
13645, 2.106971078319475e-05
13650, 3.363519499544054e-05
13655, 9.44920157053275e-06
13660, 5.31973855686374e-05
13665, 9.564728316036053e-06
13670, 8.262439223472029e-05
13675, 1.5018819112810888e-06
13680, 6.307634066615719e-06
13685, 1.0057491635961924e-05
13690, 9.09282243810594e-06
13695, 2.2330761566990986e-05
13700, 7.499421917600557e-05
13705, 3.5793782444670796e-06
13710, 1.455430992791662e-05
13715, 1.2797617273463402e-05
13720, 2.0274403141229413e-05
13725, 1.9548497220966965e-05
13730, 2.9389063911366975e-06
13735, 5.017061539547285e-06
13740, 3.3047465421987e-06
13745, 1.2634586710191797e-06
13750, 3.9719161577522755e-05
13755, 2.525244326534448e-06
13760, 1.5346955706263543e-06
13765, 3.705818016896956e-05
13770, 7.401309176202631e-06
13775, 1.0036838830274064e-05
13780, 4.8074278311105445e-05
13785, 5.142744157637935e-06
13790, 1.363936098641716e-05
13795, 1.81277882802533e-05
13800, 1.6106985640362836e-05
13805, 2.9655433536390774e-05
13810, 1.341536972176982e-06
13815, 2.5321318389615044e-05
13820, 1.5748209989396855e-06
13825, 3.351547275087796e-05
13830, 2.9102461667207535e-06
13835, 2.0738516468554735e-05
13840, 6.688954272249248e-06
13845, 1.9213895939174108e-05
13850, 6.207664227986243e-06
13855, 3.979426764999516e-05
13860, 2.2862054720462766e-06
13865, 5.084760232421104e-06
13870, 2.3852678623370593e-06
13875, 4.29594365414232e-05
13880, 9.833212970988825e-06
13885, 9.743172995513305e-06
13890, 1.9215326574339997e-06
13895, 1.966582567547448e-05
13900, 2.9287999495863914e-05
13905, 1.0283350093232002e-05
13910, 1.7600427781871986e-06
13915, 3.560476898201159e-06
13920, 1.5083812286320608e-05
13925, 3.4958688956976403e-06
13930, 1.8751305105979554e-05
13935, 5.39775919605745e-06
13940, 3.943083720514551e-05
13945, 3.6791891034226865e-05
13950, 1.2184042361695901e-06
13955, 1.2033595339744352e-05
13960, 1.768423135217745e-05
13965, 5.148617856320925e-05
13970, 3.308702798676677e-05
13975, 7.064605597406626e-06
13980, 5.427409178082598e-06
13985, 8.377602171094622e-06
13990, 1.638497633393854e-05
13995, 1.2849226550315507e-05
14000, 7.230601477203891e-05
14005, 3.596509850467555e-05
14010, 4.382392035040539e-06
14015, 1.252446418220643e-05
14020, 1.1830951734737027e-05
14025, 1.061430975823896e-05
14030, 2.2142636225908063e-05
14035, 1.3754104656982236e-05
14040, 1.1564508895389736e-05
14045, 8.900551620172337e-06
14050, 1.4710585674038157e-06
14055, 7.1688768912281375e-06
14060, 1.648139118515246e-06
14065, 4.701635771198198e-05
14070, 1.5736841305624694e-05
14075, 1.1678827831929084e-05
14080, 5.9224380493105855e-06
14085, 5.4442111832031514e-06
14090, 4.574829290504567e-05
14095, 7.720848770986777e-06
14100, 2.2198746592039242e-05
14105, 2.107079308188986e-05
14110, 3.7628829886671156e-05
14115, 1.6127947901622974e-06
14120, 6.53286269880482e-06
14125, 3.878746792906895e-05
14130, 3.2213192753260955e-06
14135, 1.7369873603456654e-05
14140, 4.275739047443494e-05
14145, 4.299059582990594e-05
14150, 2.6863019229494967e-05
14155, 3.5213655792176723e-05
14160, 2.9493032343452796e-05
14165, 2.521503483876586e-05
14170, 1.5603984593326459e-06
14175, 5.348351351130987e-06
14180, 1.3083645171718672e-05
14185, 1.6464138752780855e-05
14190, 1.584515757713234e-06
14195, 1.3451451195578557e-05
14200, 5.360941031540278e-06
14205, 2.5263740099035203e-05
14210, 1.0850843864318449e-05
14215, 4.054475994053064e-06
14220, 3.833521532214945e-06
14225, 4.526862994680414e-06
14230, 6.0271049733273685e-05
14235, 3.834852032014169e-05
14240, 9.377389460496488e-07
14245, 1.6044088624767028e-05
14250, 1.1900086064997595e-05
14255, 1.2475918538257247e-06
14260, 2.2304229787550867e-05
14265, 2.5886859020829434e-06
14270, 1.4058461601962335e-05
14275, 9.204840353049804e-06
14280, 3.889579966198653e-05
14285, 2.684285618670401e-06
14290, 1.2859835578638013e-06
14295, 1.004175101115834e-05
14300, 1.723892637528479e-06
14305, 3.934187589038629e-06
14310, 3.884850229951553e-05
14315, 5.5849541240604594e-06
14320, 1.2874063941126224e-05
14325, 2.7605417926679365e-05
14330, 4.139888005738612e-06
14335, 2.9197031835792586e-05
14340, 1.4127695067145396e-06
14345, 1.1148515113745816e-05
14350, 2.907696398324333e-06
14355, 6.604730515391566e-06
14360, 8.052347766351886e-06
14365, 1.081151367543498e-05
14370, 2.529178800614318e-06
14375, 5.669643087458098e-06
14380, 1.3528120916816988e-06
14385, 1.7444833702029428e-06
14390, 3.0659801268484443e-05
14395, 2.3410082121699816e-06
14400, 2.5808894861256704e-06
14405, 1.1687753612932283e-05
14410, 1.2800970580428839e-05
14415, 2.3874903490650468e-05
14420, 1.4051052858121693e-05
14425, 6.93918673277949e-06
14430, 3.5416899208939867e-06
14435, 8.789964340394363e-06
14440, 1.641656922402035e-06
14445, 3.6044191347173182e-06
14450, 1.331336079601897e-06
14455, 1.9479944967315532e-05
14460, 7.93740400695242e-06
14465, 3.062650648644194e-06
14470, 1.6555172805965412e-06
14475, 6.953541742404923e-06
14480, 2.9387749691522913e-06
14485, 1.1814302524726372e-05
14490, 3.519916208460927e-05
14495, 1.4541866221406963e-05
14500, 1.5160966313487734e-06
14505, 9.976968613045756e-06
14510, 3.2764114621386398e-06
14515, 3.393020506337052e-06
14520, 6.512924301205203e-06
14525, 2.9449365683831275e-06
14530, 2.8704489523079246e-06
14535, 1.0198083145951387e-05
14540, 1.2027074944853666e-06
14545, 3.4805807445081882e-06
14550, 1.074115402843745e-06
14555, 1.1750754310924094e-05
14560, 8.379599421459716e-06
14565, 1.8514570911065675e-05
14570, 3.332788764964789e-06
14575, 1.432722456229385e-06
14580, 1.0446962733112741e-05
14585, 4.359913873486221e-05
14590, 4.883802375843516e-06
14595, 4.873792022408452e-06
14600, 2.309589763171971e-05
14605, 5.617502029053867e-05
14610, 8.8534407041152e-06
14615, 1.0258785550831817e-05
14620, 4.371119757706765e-06
14625, 1.4882127288728952e-05
14630, 4.190938398096478e-06
14635, 9.346723345515784e-06
14640, 1.3392638038567384e-06
14645, 6.5999538492178544e-06
14650, 3.776610355998855e-06
14655, 3.990700406575343e-06
14660, 1.5500107110710815e-05
14665, 1.563791920489166e-05
14670, 1.5892788951532566e-06
14675, 5.9240021073492244e-05
14680, 1.1373363122402225e-05
14685, 8.269608770206105e-06
14690, 1.3000920944250538e-06
14695, 1.5120446050786995e-06
14700, 7.481811280740658e-06
14705, 1.4388085219252389e-05
14710, 1.3330154615687206e-05
14715, 4.847672698815586e-06
14720, 1.286843962589046e-05
14725, 3.714432750712149e-06
14730, 5.476863407238852e-06
14735, 4.204996002954431e-06
14740, 1.1865429769386537e-05
14745, 3.6186736451782053e-06
14750, 6.562420821865089e-06
14755, 5.3554125770460814e-05
14760, 1.3111290172673762e-05
14765, 2.27429563892656e-06
14770, 1.7215110347024165e-05
14775, 1.112763857236132e-05
14780, 1.3399031558947172e-05
14785, 1.524546178188757e-06
14790, 1.414611119798792e-06
14795, 4.587390776578104e-06
14800, 1.0265627679473255e-05
14805, 2.7662985303322785e-05
14810, 1.9909718957933364e-06
14815, 4.462889592105057e-06
14820, 9.209526615450159e-05
14825, 2.7098431019112468e-06
14830, 1.1868655747093726e-05
14835, 3.4411550586810336e-05
14840, 7.33334809410735e-06
14845, 3.319411916891113e-05
14850, 3.2593338801234495e-06
14855, 4.661909315473167e-06
14860, 1.4943072983442107e-06
14865, 3.3684837035252713e-06
14870, 1.6065154341049492e-05
14875, 3.964753432228463e-06
14880, 2.7720521757146344e-05
14885, 2.1206285964581184e-05
14890, 3.630674427768099e-06
14895, 3.706667848746292e-05
14900, 1.1882592843903694e-05
14905, 1.7306232621194795e-05
14910, 2.849110751412809e-05
14915, 3.1820774893276393e-05
14920, 1.3151490747986827e-05
14925, 7.426185220538173e-06
14930, 1.799639721866697e-05
14935, 1.4367201401910279e-05
14940, 2.1507683413801715e-05
14945, 8.586173862568103e-06
14950, 1.8031441868515685e-05
14955, 1.523771516076522e-06
14960, 1.1468610864540096e-05
14965, 2.5963704501918983e-06
14970, 5.0611666665645316e-05
14975, 2.078207671729615e-06
14980, 4.444550995685859e-06
14985, 1.7616910554352216e-05
14990, 2.678519558685366e-05
14995, 1.1433678992034402e-05
15000, 1.0157285942113958e-05
15005, 2.1099918740219437e-05
15010, 1.1289282156212721e-05
15015, 5.634450644720346e-06
15020, 1.286806036659982e-05
15025, 2.0122031855862588e-05
15030, 2.110391142196022e-05
15035, 1.5457668268936686e-05
15040, 1.4040661881153937e-05
15045, 8.267289558716584e-06
15050, 2.386760934314225e-05
15055, 1.1278300007688813e-05
15060, 6.325682534225052e-06
15065, 3.514035415719263e-05
15070, 5.757738836109638e-05
15075, 4.737117251352174e-06
15080, 4.0979512050398625e-06
15085, 3.4204127587145194e-05
15090, 2.4289038265123963e-05
15095, 5.395750486059114e-05
15100, 5.151788627699716e-06
15105, 1.4634892977483105e-05
15110, 1.3268837392388377e-05
15115, 3.1799077078176197e-06
15120, 1.0549102626100648e-05
15125, 8.280007023131475e-06
15130, 5.47881154489005e-06
15135, 0.00010338654828956351
15140, 2.1952613678877242e-05
15145, 8.712869203009177e-06
15150, 2.5346189431729726e-05
15155, 4.02998875870253e-06
15160, 5.208239599596709e-05
15165, 1.5443751181010157e-05
15170, 1.1320676094328519e-05
15175, 2.7963619686488528e-06
15180, 7.882378668000456e-06
15185, 5.50379945707391e-06
15190, 1.4719271348440088e-05
15195, 2.2345750494423555e-06
15200, 8.34780621516984e-06
15205, 3.533617700668401e-06
15210, 1.6582562238909304e-05
15215, 3.7870755477342755e-05
15220, 1.5928326320135966e-05
15225, 1.0246260899293702e-05
15230, 4.387445005704649e-05
15235, 3.610561907407828e-05
15240, 2.155557467631297e-06
15245, 7.4448876148380805e-06
15250, 8.801394869806245e-06
15255, 1.4954352081986144e-05
15260, 3.3425942092435434e-05
15265, 3.543287448337651e-06
15270, 1.4901074791850988e-05
15275, 2.5813667434704257e-06
15280, 1.2311390491959173e-05
15285, 4.693529717769707e-06
15290, 1.2014319509034976e-05
15295, 7.616337825311348e-06
15300, 1.9162989701726474e-06
15305, 3.026312924703234e-06
15310, 3.743033084901981e-05
15315, 3.2336561162082944e-06
15320, 7.405332326015923e-06
15325, 7.035205726424465e-06
15330, 6.70595618430525e-05
15335, 1.557136420160532e-05
15340, 3.9587877836311236e-05
15345, 4.768163307744544e-06
15350, 2.8338899937807582e-05
15355, 4.436224480741657e-05
15360, 6.503824806713965e-06
15365, 6.828144250903279e-06
15370, 2.651896284078248e-05
15375, 5.63071307624341e-06
15380, 1.6939568013185635e-05
15385, 1.6372268873965368e-06
15390, 8.862006325216498e-06
15395, 2.8436734282877296e-06
15400, 1.2487439562391955e-05
15405, 2.6015224648290314e-05
15410, 2.8179063519928604e-05
15415, 3.63484286936e-06
15420, 1.6769430430940702e-06
15425, 2.1620840016112197e-06
15430, 4.858219836023636e-05
15435, 2.565282557043247e-05
15440, 1.2065392184013035e-05
15445, 2.7162097467225976e-05
15450, 5.019826130592264e-05
15455, 1.8443723092786968e-05
15460, 1.0535100045672152e-05
15465, 2.2577478375751525e-05
15470, 5.516508099390194e-05
15475, 2.3746266379021108e-05
15480, 2.5834626285359263e-05
15485, 1.3904793831898132e-06
15490, 9.786708687897772e-06
15495, 2.1956477212370373e-05
15500, 2.0008994397358038e-05
15505, 2.1576141080004163e-05
15510, 7.915208698250353e-06
15515, 1.5558382074232213e-05
15520, 2.7320306799083482e-06
15525, 6.074516932130791e-06
15530, 8.092631105682813e-06
15535, 1.1565421118575614e-05
15540, 8.38773212308297e-06
15545, 8.500490366714075e-06
15550, 7.786217793182004e-06
15555, 9.989099635276943e-05
15560, 4.366062512417557e-06
15565, 1.1599000799833448e-06
15570, 1.6659381799399853e-05
15575, 5.320361651683925e-06
15580, 4.574855120154098e-05
15585, 1.0243188626191113e-05
15590, 2.2184967747307383e-06
15595, 2.9034988529019756e-06
15600, 8.279589565063361e-06
15605, 8.076422091107816e-06
15610, 3.4673164918785915e-05
15615, 1.7708794985082932e-05
15620, 4.934655407851096e-06
15625, 1.3273838703753427e-06
15630, 1.7336084056296386e-05
15635, 1.9178891307092272e-05
15640, 4.345284651208203e-06
15645, 1.390507441101363e-05
15650, 5.087709268991603e-06
15655, 2.1563027985394e-05
15660, 2.955466015919228e-06
15665, 1.4447395187744405e-05
15670, 5.444632733997423e-06
15675, 2.5042863853741437e-06
15680, 4.766316578752594e-06
15685, 8.385471119254362e-06
15690, 2.6179268388659693e-06
15695, 1.9342172890901566e-05
15700, 2.2366932626027847e-06
15705, 4.570037617668277e-06
15710, 2.557711468398338e-06
15715, 1.5475361578864977e-06
15720, 7.060190000629518e-06
15725, 1.8364280549576506e-05
15730, 3.951985036110273e-06
15735, 1.4392267985385843e-05
15740, 3.666623115350376e-06
15745, 2.647115252329968e-06
15750, 3.3959581742237788e-06
15755, 2.3842036171117797e-05
15760, 5.306069397192914e-06
15765, 1.7239152612091857e-06
15770, 2.763723614407354e-06
15775, 3.394420855329372e-05
15780, 1.6661192603351083e-06
15785, 1.4459818885370623e-05
15790, 1.2906625670439098e-05
15795, 2.3120668629417196e-05
15800, 2.4593295165686868e-05
15805, 6.033380486769602e-06
15810, 1.53777000377886e-05
15815, 1.4459213844020269e-06
15820, 9.618181138648652e-06
15825, 1.557175892230589e-05
15830, 3.8688620406901464e-05
15835, 1.9617706129793078e-05
15840, 9.997745110013057e-06
15845, 5.016649083700031e-06
15850, 1.2246380720171146e-05
15855, 2.6315813101973617e-06
15860, 7.375380846497137e-06
15865, 3.7472188978426857e-06
15870, 1.0822414878930431e-05
15875, 6.144808867247775e-05
15880, 6.646129804721568e-06
15885, 1.0020673471444752e-05
15890, 1.1296800948912278e-05
15895, 2.0008956198580563e-06
15900, 4.0863324102247134e-05
15905, 9.214895726472605e-06
15910, 2.8014927011099644e-05
15915, 1.3860637409379706e-05
15920, 4.3724921852117404e-05
15925, 4.476475623960141e-06
15930, 2.7927637347602285e-05
15935, 7.546345841547009e-06
15940, 2.1380732505349442e-05
15945, 2.9351447210501647e-06
15950, 1.3007197594561148e-05
15955, 2.5026001821970567e-05
15960, 1.4545195199389127e-06
15965, 3.0490557037410326e-05
15970, 3.406857285881415e-05
15975, 1.2346406037977431e-05
15980, 2.4312155801453628e-05
15985, 1.198200334329158e-05
15990, 2.108552143909037e-05
15995, 1.56352216436062e-05
16000, 8.402671483054291e-06
16005, 2.4091963496175595e-05
16010, 1.5050019101181533e-05
16015, 2.2083663679950405e-06
16020, 3.647490666480735e-05
16025, 1.4321987691801041e-05
16030, 1.5338109733420424e-05
16035, 1.2598990906553809e-05
16040, 1.534164766781032e-05
16045, 1.3957229384686798e-05
16050, 3.6179626476950943e-06
