0, 0.11138229072093964
5, 0.11262063682079315
10, 0.12321588397026062
15, 0.052028536796569824
20, 0.02758806198835373
25, 0.07385256141424179
30, 0.03733277693390846
35, 0.009169883094727993
40, 0.01835392415523529
45, 0.01660945639014244
50, 0.0407414585351944
55, 0.01114778034389019
60, 0.006044808309525251
65, 0.010618424974381924
70, 0.004561400506645441
75, 0.007152189034968615
80, 0.006150314584374428
85, 0.002304414752870798
90, 0.001915809465572238
95, 0.0014503301354125142
100, 0.0017343562794849277
105, 0.0017557782121002674
110, 0.001146081485785544
115, 0.0010313749080523849
120, 0.0009753228514455259
125, 0.0012581461342051625
130, 0.0006535083521157503
135, 0.0006460229633376002
140, 0.0004573440528474748
145, 0.0007242757710628211
150, 0.00044880920904688537
155, 0.0004527995770331472
160, 0.0004139014345128089
165, 0.0003870348446071148
170, 0.0004597364750225097
175, 0.0003645764081738889
180, 0.000618796213530004
185, 0.0003453760873526335
190, 0.00032717580324970186
195, 0.0002700128243304789
200, 0.000304421380860731
205, 0.00020273304835427552
210, 0.0003779604157898575
215, 0.0001665770832914859
220, 0.0002124918974004686
225, 0.00017343989748042077
230, 0.00023461575619876385
235, 0.00015154584252741188
240, 0.0002063152933260426
245, 0.0002743575896602124
250, 0.00015704176621511579
255, 0.00017125751764979213
260, 0.00017516675870865583
265, 0.0001917573536047712
270, 0.0002341846120543778
275, 0.00012956182763446122
280, 0.0001633261126698926
285, 0.00011809793795691803
290, 0.00023076341312844306
295, 0.00012645275273825973
300, 0.0001093475948437117
305, 0.00011797785555245355
310, 0.00013040743942838162
315, 0.0001253815134987235
320, 0.00011205543705727905
325, 0.00011649213411146775
330, 0.00013610850146505982
335, 0.00011233117402298376
340, 0.00012731079186778516
345, 0.00016583810793235898
350, 0.00017374895105604082
355, 0.00020745373331010342
360, 0.00019785184122156352
365, 0.0001528057618997991
370, 0.00019029367831535637
375, 0.0001707741612335667
380, 0.0001807658263714984
385, 0.00014715755241923034
390, 0.00021425554587040097
395, 0.00017386356194037944
400, 0.00018289772560819983
405, 0.00022834326955489814
410, 0.00018269868451170623
415, 0.0002383256214670837
420, 0.00024299210053868592
425, 0.0002918734971899539
430, 0.0002445499994792044
435, 0.00023139012046158314
440, 0.0002604296605568379
445, 0.0002162174496334046
450, 0.00028267622110433877
455, 0.000284240348264575
460, 0.0003022006421815604
465, 0.00045298575423657894
470, 0.000351836031768471
475, 0.00044416828313842416
480, 0.00036570808151736856
485, 0.00034053975832648575
490, 0.00028063292847946286
495, 0.0003645847027655691
500, 0.0004310561344027519
505, 0.0005152981611900032
510, 0.0005142281879670918
515, 0.0005111906211823225
520, 0.00042625784408301115
525, 0.0003594075096771121
530, 0.00036863156128674746
535, 0.0005250733229331672
540, 0.0003506959183141589
545, 0.00042350863805040717
550, 0.0006931608077138662
555, 0.0004536552296485752
560, 0.0004194358771201223
565, 0.00042245909571647644
570, 0.0007091913721524179
575, 0.0005078683025203645
580, 0.0005620671436190605
585, 0.00045377688365988433
590, 0.0006061538006179035
595, 0.0005504370201379061
600, 0.0006769184838049114
605, 0.0006440612487494946
610, 0.0006226556724868715
615, 0.0005508200265467167
620, 0.0008534155786037445
625, 0.0006301368121057749
630, 0.0007859854376874864
635, 0.0006742352270521224
640, 0.0008608540520071983
645, 0.000668879714794457
650, 0.0008086817688308656
655, 0.0007811769610270858
660, 0.0009616443421691656
665, 0.0008814335451461375
670, 0.0007581533282063901
675, 0.0009300473029725254
680, 0.000951120222453028
685, 0.0007692517247051001
690, 0.0008048529853112996
695, 0.0007357269641943276
700, 0.000993583002127707
705, 0.0008516113157384098
710, 0.0011799545027315617
715, 0.0007948450511321425
720, 0.0007676093373447657
725, 0.0010617292718961835
730, 0.0009402993018738925
735, 0.0006973107811063528
740, 0.0007699595298618078
745, 0.0007866565720178187
750, 0.0008523185388185084
755, 0.0007766411290504038
760, 0.0007390008540824056
765, 0.0007225847220979631
770, 0.0008399246726185083
775, 0.0008435535710304976
780, 0.0007306540501303971
785, 0.0007417317247018218
790, 0.0009729117155075073
795, 0.000944558356422931
800, 0.0008268814999610186
805, 0.0008026370196603239
810, 0.0006137837772257626
815, 0.0006294911727309227
820, 0.0006097998120822012
825, 0.000575220852624625
830, 0.0007786749047227204
835, 0.0007553879986517131
840, 0.0007825526990927756
845, 0.0006472347304224968
850, 0.0006147488602437079
855, 0.0006468980573117733
860, 0.0008139115525409579
865, 0.0007752148667350411
870, 0.0006551782716996968
875, 0.0006292190519161522
880, 0.0007233187207020819
885, 0.0005589612410403788
890, 0.0005937512614764273
895, 0.0006005611503496766
900, 0.0005909426254220307
905, 0.0006508289952762425
910, 0.0006184846279211342
915, 0.0005381745286285877
920, 0.0007107511628419161
925, 0.0005929853650741279
930, 0.0006233383319340646
935, 0.0006856519030407071
940, 0.00050352793186903
945, 0.0005059794057160616
950, 0.0004623859713319689
955, 0.0006436335970647633
960, 0.0005742107750847936
965, 0.0004935646429657936
970, 0.0005540539277717471
975, 0.0005060604307800531
980, 0.00046386904432438314
985, 0.0005655386485159397
990, 0.00040079563041217625
995, 0.0005721168126910925
1000, 0.000473161693662405
1005, 0.0004792081890627742
1010, 0.0005241396138444543
1015, 0.0005017916555516422
1020, 0.00039341344381682575
1025, 0.00041672817314974964
1030, 0.00048121457803063095
1035, 0.0005207828362472355
1040, 0.0004244204901624471
1045, 0.00048806058475747705
1050, 0.00046046130592003465
1055, 0.0004965166444890201
1060, 0.0004504719690885395
1065, 0.0003691852034535259
1070, 0.0003257071948610246
1075, 0.0003933245607186109
1080, 0.00039047232712619007
1085, 0.0003937891742680222
1090, 0.0003658622445072979
1095, 0.0003801056300289929
1100, 0.0004257336840964854
1105, 0.00032511851168237627
1110, 0.000429093895945698
1115, 0.00040349355549551547
1120, 0.00042136505362577736
1125, 0.0004296012921258807
1130, 0.0003598818148020655
1135, 0.0003992759739048779
1140, 0.00042377732461318374
1145, 0.0003373733488842845
1150, 0.0004329564981162548
1155, 0.0004176624061074108
1160, 0.00032970093889161944
1165, 0.00036827236181125045
1170, 0.0003750153409782797
1175, 0.00039120219298638403
1180, 0.0003014588728547096
1185, 0.00031930155819281936
1190, 0.0003556378069333732
1195, 0.0003255965420976281
1200, 0.0003562878700904548
1205, 0.0003001524310093373
1210, 0.0003706903662532568
1215, 0.0003005530161317438
1220, 0.000356279342668131
1225, 0.00034842558670789003
1230, 0.0003368241887073964
1235, 0.00035278103314340115
1240, 0.0003181236970704049
1245, 0.00031014339765533805
1250, 0.00031328710610978305
1255, 0.0002932872448582202
1260, 0.0003007634950336069
1265, 0.00031864194897934794
1270, 0.0003370039048604667
1275, 0.00032339669996872544
1280, 0.00030479009728878736
1285, 0.00024399477115366608
1290, 0.0003049903898499906
1295, 0.00023726194922346622
1300, 0.00025951582938432693
1305, 0.00025517999893054366
1310, 0.0003187563270330429
1315, 0.00031343731097877026
1320, 0.0002594069519545883
1325, 0.0002261280023958534
1330, 0.00023481356038246304
1335, 0.0002823766553774476
1340, 0.00022775887919124216
1345, 0.00027000511181540787
1350, 0.0002397517382632941
1355, 0.0002404144179308787
1360, 0.0002792307350318879
1365, 0.00022095128952059895
1370, 0.00024171426775865257
1375, 0.00021275068866088986
1380, 0.00026328820968046784
1385, 0.0002755362365860492
1390, 0.00022729247575625777
1395, 0.0002639523590914905
1400, 0.00021642781211994588
1405, 0.0002386562409810722
1410, 0.00019566722039598972
1415, 0.00024250472779385746
1420, 0.00022787593479733914
1425, 0.00029230304062366486
1430, 0.00023590894124936312
1435, 0.0002337547339266166
1440, 0.00020301803306210786
1445, 0.00018946881755255163
1450, 0.0002514853549655527
1455, 0.00025223696138709784
1460, 0.00026466092094779015
1465, 0.00023272514226846397
1470, 0.00023481725656893104
1475, 0.00021231356367934495
1480, 0.00020420934015419334
1485, 0.00030616787262260914
1490, 0.0002517180982977152
1495, 0.0002414363989373669
1500, 0.000215948632103391
1505, 0.00021282128000166267
1510, 0.0002580370637588203
1515, 0.00022993276070337743
1520, 0.00024351365573238581
1525, 0.00019965923274867237
1530, 0.00018829233886208385
1535, 0.00029131528572179377
1540, 0.0002456810907460749
1545, 0.00023949022579472512
1550, 0.0002512575883883983
1555, 0.00024007659521885216
1560, 0.00021820800611749291
1565, 0.00024097107234410942
1570, 0.00020399258937686682
1575, 0.0002057553647318855
1580, 0.00024061321164481342
1585, 0.00019253272330388427
1590, 0.0002550830249674618
1595, 0.0002301381464349106
1600, 0.00021235925669316202
1605, 0.0002082967694150284
1610, 0.00020892726024612784
1615, 0.00018106881179846823
1620, 0.00019176067144144326
1625, 0.00017757437308318913
1630, 0.00020152881916146725
1635, 0.00022698420798406005
1640, 0.0002785796532407403
1645, 0.0001680105342529714
1650, 0.00020019001385662705
1655, 0.00019970990251749754
1660, 0.0001901997165987268
1665, 0.00017939404642675072
1670, 0.00022405266645364463
1675, 0.00018252074369229376
1680, 0.00020024947298225015
1685, 0.0002240484463982284
1690, 0.00022504660591948777
1695, 0.0002456409565638751
1700, 0.00016900654009077698
1705, 0.0001794666750356555
1710, 0.0002195795241277665
1715, 0.00019523191440384835
1720, 0.0001883910590549931
1725, 0.00017023207328747958
1730, 0.00016145390691235662
1735, 0.0002053522621281445
1740, 0.0002330284914933145
1745, 0.00018204924708697945
1750, 0.0002161856391467154
1755, 0.00024493696400895715
1760, 0.00020067780860699713
1765, 0.00019553622405510396
1770, 0.0002233782724943012
1775, 0.00015923868340905756
1780, 0.00021641455532517284
1785, 0.00017911723989527673
1790, 0.00018266651022713631
1795, 0.000198507696040906
1800, 0.0002168182545574382
1805, 0.00023746673832647502
1810, 0.00015929699293337762
1815, 0.00025326767354272306
1820, 0.00011470053141238168
1825, 0.00016147196583915502
1830, 0.00021664521773345768
1835, 0.00021250412100926042
1840, 0.00020386978576425463
1845, 0.0002084753941744566
1850, 0.00023579460685141385
1855, 0.0002476765075698495
1860, 0.00021827692398801446
1865, 0.00018678336346056312
1870, 0.00017150993517134339
1875, 0.00018434795492794365
1880, 0.00021307438146322966
1885, 0.00016462683561258018
1890, 0.00016060963389463723
1895, 0.00018558870942797512
1900, 0.0001601687108632177
1905, 0.00016565235273446888
1910, 0.00018100645684171468
1915, 0.00019570760196074843
1920, 0.00019325315952301025
1925, 0.00016351220256183296
1930, 0.00014620409638155252
1935, 0.0001835423317970708
1940, 0.00017777470930013806
1945, 0.00017524161376059055
1950, 0.00016471484559588134
1955, 0.00017916892829816788
1960, 0.0001616372464923188
1965, 0.00015659995551686734
1970, 0.0001270545180886984
1975, 0.0002042205014731735
1980, 0.00012295381748117507
1985, 0.00016445969231426716
1990, 0.00016112079902086407
1995, 0.00012708830763585865
2000, 0.00013428967213258147
2005, 0.00013697049871552736
2010, 0.000212972066947259
2015, 0.0001626086886972189
2020, 0.00015128277300391346
2025, 0.000141958735184744
2030, 0.00015794250066392124
2035, 0.00016122075612656772
2040, 0.00014529431064147502
2045, 0.0001220117264892906
2050, 0.00014281249605119228
2055, 0.0001175619981950149
2060, 0.00014300746261142194
2065, 0.00012366000737529248
2070, 0.00014002907846588641
2075, 0.00014913473569322377
2080, 0.0001528574211988598
2085, 0.00012917713320348412
2090, 0.0001024785524350591
2095, 0.00018179706239607185
2100, 0.0001213619252666831
2105, 0.00015105443890206516
2110, 0.00011241422907914966
2115, 0.00014856942289043218
2120, 0.00018659967463463545
2125, 0.00012030869402224198
2130, 0.00010635174839990214
2135, 0.0001780234306352213
2140, 0.00016884099750313908
2145, 0.00013716652756556869
2150, 0.0001279003481613472
2155, 0.00014914102212060243
2160, 0.0001182018022518605
2165, 0.00014815086615271866
2170, 0.0001427088864147663
2175, 0.0001991529861697927
2180, 0.00012767281441483647
2185, 0.0001516636402811855
2190, 0.00014871495659463108
2195, 0.00011627553612925112
2200, 0.00015372988127637655
2205, 0.00011916751827811822
2210, 0.00014647854550275952
2215, 0.00012533266271930188
2220, 0.00011660644668154418
2225, 0.00015436364628840238
2230, 0.00015162113413680345
2235, 0.00012855484965257347
2240, 0.000134036730742082
2245, 0.00012463986058719456
2250, 0.00014357284817378968
2255, 0.00013672195200342685
2260, 0.00010822113108588383
2265, 0.00013486281386576593
2270, 0.00010032417048932984
2275, 0.00011253354750806466
2280, 0.0001053632004186511
2285, 0.00011215772246941924
2290, 0.00013252426288090646
2295, 0.000134769594296813
2300, 8.166961197275668e-05
2305, 0.00011823898239526898
2310, 0.0001014633453451097
2315, 0.00014091837510932237
2320, 0.00011584781896090135
2325, 0.0001301995653193444
2330, 0.00011229285883018747
2335, 0.00013274639786686748
2340, 0.00012120565224904567
2345, 0.00013737197150476277
2350, 0.00015087933570612222
2355, 0.00010960038343910128
2360, 8.898621308617294e-05
2365, 9.86608283710666e-05
2370, 0.00011840023944387212
2375, 8.692078699823469e-05
2380, 0.00012309258454479277
2385, 9.850908099906519e-05
2390, 0.00014786656538490206
2395, 0.00010224202560493723
2400, 0.00010001724149333313
2405, 9.906009654514492e-05
2410, 0.00010068366100313142
2415, 0.0001157665901700966
2420, 0.0001027320686262101
2425, 8.345253445440903e-05
2430, 9.831119677983224e-05
2435, 0.0001315560657531023
2440, 9.399158443557099e-05
2445, 7.47467129258439e-05
2450, 0.00011413299944251776
2455, 0.00011968107719440013
2460, 0.00010826376819750294
2465, 9.857691475190222e-05
2470, 0.0001224394072778523
2475, 9.303962724516168e-05
2480, 0.00012827357568312436
2485, 0.0001158741579274647
2490, 8.848158176988363e-05
2495, 0.00012054511898895726
2500, 9.246151603292674e-05
2505, 8.525028533767909e-05
2510, 8.530094783054665e-05
2515, 0.00011843828542623669
2520, 8.008979057194665e-05
2525, 8.002884715097025e-05
2530, 7.87929238867946e-05
2535, 0.0001363065530313179
2540, 9.03087857295759e-05
2545, 0.00011131893552374095
2550, 0.00011018156510544941
2555, 9.150861296802759e-05
2560, 7.995698251761496e-05
2565, 0.00013562173990067095
2570, 0.0001070564758265391
2575, 8.872526814229786e-05
2580, 9.356874943478033e-05
2585, 9.664591198088601e-05
2590, 0.000137124938191846
2595, 0.0001320115552516654
2600, 0.00012786153820343316
2605, 9.203180525219068e-05
2610, 0.00010626953007886186
2615, 0.00013527773262467235
2620, 9.587166277924553e-05
2625, 9.730251622386277e-05
2630, 0.00010818793816724792
2635, 8.518701361026615e-05
2640, 0.00010909629054367542
2645, 0.00011503503628773615
2650, 0.00010882874630624428
2655, 9.26890570553951e-05
2660, 7.610290049342439e-05
2665, 9.780466643860564e-05
2670, 0.00010936392936855555
2675, 8.250817336374894e-05
2680, 0.00014971436758060008
2685, 0.0001011514468700625
2690, 9.49474488152191e-05
2695, 0.00010864393698284402
2700, 0.00010682790889404714
2705, 0.00010059140186058357
2710, 0.00010593151091597974
2715, 8.342381624970585e-05
2720, 8.74265460879542e-05
2725, 9.472751844441518e-05
2730, 0.00010765969636850059
2735, 0.00011579685815377161
2740, 0.00011131749488413334
2745, 0.00010077549086418003
2750, 0.00011049758177250624
2755, 8.277539018308744e-05
2760, 8.809880819171667e-05
2765, 9.876858530333266e-05
2770, 8.56122569530271e-05
2775, 8.324148075189441e-05
2780, 0.0001229315239470452
2785, 8.982500003185123e-05
2790, 7.422017370117828e-05
2795, 0.00012044920003972948
2800, 9.644241799833253e-05
2805, 0.00010155577911064029
2810, 9.353642963105813e-05
2815, 7.409047975670546e-05
2820, 9.563963976688683e-05
2825, 8.013134356588125e-05
2830, 0.00011755959712900221
2835, 0.00012695262557826936
2840, 0.0001036389367072843
2845, 8.022259862627834e-05
2850, 0.00013184758427087218
2855, 8.638972940389067e-05
2860, 9.259550279239193e-05
2865, 0.000120338358101435
2870, 9.414827218279243e-05
2875, 8.539808914065361e-05
2880, 0.0001112880781874992
2885, 9.003651939565316e-05
2890, 8.437812357442454e-05
2895, 8.296448504552245e-05
2900, 0.00010491027205716819
2905, 9.956741268979385e-05
2910, 0.0001067270859493874
2915, 7.793509576003999e-05
2920, 0.00010888566612266004
2925, 8.258476009359583e-05
2930, 9.060872253030539e-05
2935, 0.00013687241880688816
2940, 0.00012013299419777468
2945, 8.346532558789477e-05
2950, 0.00011412094318075106
2955, 8.185002661775798e-05
2960, 9.064437472261488e-05
2965, 8.505836740368977e-05
2970, 0.00010070644202642143
2975, 9.237289486918598e-05
2980, 0.00012162255734438077
2985, 9.181331552099437e-05
2990, 9.132256673183292e-05
2995, 7.080554496496916e-05
3000, 8.510337647749111e-05
3005, 0.0001264688471565023
3010, 0.0001151275064330548
3015, 9.3498507339973e-05
3020, 0.00010584121628198773
3025, 9.95508671621792e-05
3030, 0.0001079996582120657
3035, 9.162597416434437e-05
3040, 8.017898653633893e-05
3045, 0.00011392222222639248
3050, 7.395001739496365e-05
3055, 9.284680709242821e-05
3060, 9.645975660532713e-05
3065, 0.0001137359140557237
3070, 8.352336590178311e-05
3075, 0.00010762041347334161
3080, 9.597382450010628e-05
3085, 9.04115368030034e-05
3090, 0.00013169745216146111
3095, 0.00010124672553502023
3100, 8.87054338818416e-05
3105, 0.00013252068310976028
3110, 9.327424777438864e-05
3115, 9.083771874429658e-05
3120, 8.46970797283575e-05
3125, 7.74680229369551e-05
3130, 7.175268547143787e-05
3135, 0.00011056313087465242
3140, 0.0001050272403517738
3145, 0.00010208706225967035
3150, 0.00015131535474210978
3155, 7.942363299662247e-05
3160, 0.00010196446237387136
3165, 8.382090163649991e-05
3170, 8.202010940294713e-05
3175, 8.895109931472689e-05
3180, 8.458800584776327e-05
3185, 8.686297223903239e-05
3190, 8.585102477809414e-05
3195, 9.453259553993121e-05
3200, 9.371039050165564e-05
3205, 7.147665019147098e-05
3210, 9.972286352422088e-05
3215, 9.890962246572599e-05
3220, 9.359329851577058e-05
3225, 0.00010289529018336907
3230, 0.00010251122148474678
3235, 8.232719847001135e-05
3240, 7.95082378317602e-05
3245, 0.00012144661013735458
3250, 9.743304690346122e-05
3255, 9.763114940142259e-05
3260, 7.902314973762259e-05
3265, 7.321121665881947e-05
3270, 6.853438389953226e-05
3275, 5.7584715250413865e-05
3280, 7.93777362559922e-05
3285, 6.462579040089622e-05
3290, 0.00013822097389493138
3295, 7.159606320783496e-05
3300, 7.489795825676993e-05
3305, 9.179172047879547e-05
3310, 8.321359928231686e-05
3315, 9.121929906541482e-05
3320, 9.704945114208385e-05
3325, 6.593189755221829e-05
3330, 5.77306273044087e-05
3335, 7.254512456711382e-05
3340, 7.133978942874819e-05
3345, 7.499200000893325e-05
3350, 0.00011833538883365691
3355, 8.504938159603626e-05
3360, 7.96028325567022e-05
3365, 8.450519089819863e-05
3370, 8.062547567533329e-05
3375, 6.955589196877554e-05
3380, 8.393721509492025e-05
3385, 6.638814375037327e-05
3390, 9.9557226349134e-05
3395, 8.074387005763128e-05
3400, 0.00010414352436782792
3405, 0.00010255813685944304
3410, 9.36775904847309e-05
3415, 6.331587792374194e-05
3420, 7.48778838897124e-05
3425, 9.01235980563797e-05
3430, 9.911270899465308e-05
3435, 0.00013683835277333856
3440, 7.198651292128488e-05
3445, 9.060019510798156e-05
3450, 0.00012627345859073102
3455, 0.00010313619713997468
3460, 6.153980211820453e-05
3465, 6.658294296357781e-05
3470, 7.364561315625906e-05
3475, 7.822522456990555e-05
3480, 9.809358016354963e-05
3485, 6.780209514545277e-05
3490, 0.00011606160114752129
3495, 6.851398211438209e-05
3500, 5.759349005529657e-05
3505, 9.742010297486559e-05
3510, 6.97968716849573e-05
3515, 6.16349934716709e-05
3520, 5.394235995481722e-05
3525, 7.717118569416925e-05
3530, 7.234149234136567e-05
3535, 7.00132513884455e-05
3540, 8.726104715606198e-05
3545, 6.954780837986618e-05
3550, 7.921869109850377e-05
3555, 9.504174522589892e-05
3560, 0.00010603127157082781
3565, 5.32380654476583e-05
3570, 0.00012012358638457954
3575, 9.379608673043549e-05
3580, 7.527558773290366e-05
3585, 4.251750942785293e-05
3590, 8.860067464411259e-05
3595, 5.9383699408499524e-05
3600, 4.3004001781810075e-05
3605, 6.162438512546942e-05
3610, 8.083559077931568e-05
3615, 6.448898056987673e-05
3620, 7.233033829834312e-05
3625, 6.678401405224577e-05
3630, 5.769108247477561e-05
3635, 6.0502290580188856e-05
3640, 6.948889495106414e-05
3645, 4.537504355539568e-05
3650, 7.69198959460482e-05
3655, 7.250734051922336e-05
3660, 0.00010759001452242956
3665, 0.00011155835818499327
3670, 6.535075226565823e-05
3675, 6.224626122275367e-05
3680, 5.744762165704742e-05
3685, 6.411501817638054e-05
3690, 8.407432324020192e-05
3695, 6.552529521286488e-05
3700, 5.968454570393078e-05
3705, 5.012198744225316e-05
3710, 3.9959708374226466e-05
3715, 0.00010424620995763689
3720, 8.899273962015286e-05
3725, 7.700562127865851e-05
3730, 6.450103683164343e-05
3735, 6.093349657021463e-05
3740, 8.484946010867134e-05
3745, 5.5523942137369886e-05
3750, 4.6233577450038865e-05
3755, 0.00010895527520915493
3760, 9.244118700735271e-05
3765, 4.164977872278541e-05
3770, 7.14620400685817e-05
3775, 6.516963185276836e-05
3780, 5.203934415476397e-05
3785, 5.944464646745473e-05
3790, 6.003251110087149e-05
3795, 5.8584686485119164e-05
3800, 5.9687426983146e-05
3805, 5.945570228504948e-05
3810, 4.100712976651266e-05
3815, 6.735597708029673e-05
3820, 8.007701399037614e-05
3825, 4.017090395791456e-05
3830, 6.317943189060315e-05
3835, 6.888421921757981e-05
3840, 5.643574695568532e-05
3845, 5.176970444153994e-05
3850, 4.962400271324441e-05
3855, 6.53152383165434e-05
3860, 5.893243360333145e-05
3865, 6.581074558198452e-05
3870, 6.549465615535155e-05
3875, 6.894810212543234e-05
3880, 7.961877417983487e-05
3885, 8.446990977972746e-05
3890, 6.78676224197261e-05
3895, 7.29500170564279e-05
3900, 6.15567114436999e-05
3905, 6.443076563300565e-05
3910, 5.014650378143415e-05
3915, 7.082345109665766e-05
3920, 7.368116348516196e-05
3925, 6.987843516981229e-05
3930, 6.795022636651993e-05
3935, 7.147429278120399e-05
3940, 6.265898991841823e-05
3945, 4.7992783947847784e-05
3950, 5.2026050980202854e-05
3955, 6.007954289088957e-05
3960, 5.236211291048676e-05
3965, 5.7812190789263695e-05
3970, 5.0443810323486105e-05
3975, 7.605939754284918e-05
3980, 7.449380791513249e-05
3985, 4.960256046615541e-05
3990, 6.073093754821457e-05
3995, 5.607770799542777e-05
4000, 5.7640969316707924e-05
4005, 6.965424108784646e-05
4010, 7.394971180474386e-05
4015, 6.954875425435603e-05
4020, 5.9033445722889155e-05
4025, 4.8725185479270294e-05
4030, 5.3212079365039244e-05
4035, 5.858760778210126e-05
4040, 7.81164999352768e-05
4045, 8.467207226203755e-05
4050, 5.130325735080987e-05
4055, 6.19536658632569e-05
4060, 4.733338937512599e-05
4065, 4.6891364036127925e-05
4070, 6.996305455686525e-05
4075, 6.092324110795744e-05
4080, 5.5620388593524694e-05
4085, 3.95043462049216e-05
4090, 5.4103471484268084e-05
4095, 4.264591188984923e-05
4100, 5.468097879202105e-05
4105, 5.150788274477236e-05
4110, 6.701209349557757e-05
4115, 6.367713649524376e-05
4120, 6.009580829413608e-05
4125, 6.0835693147964776e-05
4130, 6.0186412156326696e-05
4135, 5.2684474212583154e-05
4140, 3.15803408739157e-05
4145, 4.402375270728953e-05
4150, 4.2957970435963944e-05
4155, 5.463560955831781e-05
4160, 5.0800554163288325e-05
4165, 4.57477945019491e-05
4170, 3.770924377022311e-05
4175, 4.130272282054648e-05
4180, 4.053177690366283e-05
4185, 5.670178506989032e-05
4190, 5.44455397175625e-05
4195, 6.689333531539887e-05
4200, 5.487480666488409e-05
4205, 5.198330836719833e-05
4210, 3.783402280532755e-05
4215, 5.9795769629999995e-05
4220, 8.342044020537287e-05
4225, 5.750285345129669e-05
4230, 4.0428145439364016e-05
4235, 5.6708984629949555e-05
4240, 6.08376540185418e-05
4245, 4.736880509881303e-05
4250, 3.438674320932478e-05
4255, 5.4690292017767206e-05
4260, 4.6008979552425444e-05
4265, 3.699571607285179e-05
4270, 5.3278727136785164e-05
4275, 5.028648956795223e-05
4280, 8.056406659306958e-05
4285, 4.267286931280978e-05
4290, 7.413102139253169e-05
4295, 5.032455737818964e-05
4300, 5.911357584409416e-05
4305, 3.2470852602273226e-05
4310, 3.535711584845558e-05
4315, 6.0683119954774156e-05
4320, 3.810081761912443e-05
4325, 3.278024814790115e-05
4330, 6.675073382211849e-05
4335, 3.650096186902374e-05
4340, 4.507338962866925e-05
4345, 3.317502705613151e-05
4350, 4.401098340167664e-05
4355, 7.326011109398678e-05
4360, 3.7215257179923356e-05
4365, 4.479047856875695e-05
4370, 4.477504626265727e-05
4375, 4.7139841626631096e-05
4380, 3.7311052437871695e-05
4385, 3.9512247894890606e-05
4390, 4.5701643102802336e-05
4395, 4.330517549533397e-05
4400, 4.726627594209276e-05
4405, 5.4646850912831724e-05
4410, 3.927348006982356e-05
4415, 3.6818033549934626e-05
4420, 6.284449773374945e-05
4425, 4.2730567656690255e-05
4430, 3.227013075957075e-05
4435, 3.941455724998377e-05
4440, 3.7937079468974844e-05
4445, 4.969288784195669e-05
4450, 4.916757097817026e-05
4455, 4.9416830734116957e-05
4460, 3.9052167267072946e-05
4465, 4.400836769491434e-05
4470, 3.565942097338848e-05
4475, 5.855528434040025e-05
4480, 5.587660416495055e-05
4485, 5.824259642395191e-05
4490, 4.0273058402817696e-05
4495, 3.255274714319967e-05
4500, 3.9691192796453834e-05
4505, 4.139030716032721e-05
4510, 4.8431258619530126e-05
4515, 3.707407086039893e-05
4520, 8.021602843655273e-05
4525, 3.6875411751680076e-05
4530, 6.417938129743561e-05
4535, 4.136009010835551e-05
4540, 4.1114064515568316e-05
4545, 6.523240881506354e-05
4550, 5.394342224462889e-05
4555, 6.645639223279431e-05
4560, 5.227339352131821e-05
4565, 3.7821759178768843e-05
4570, 8.424834959441796e-05
4575, 4.260997229721397e-05
4580, 4.1693067032611e-05
4585, 4.1557395888958126e-05
4590, 4.0660062950337306e-05
4595, 7.868405373301357e-05
4600, 4.237844404997304e-05
4605, 5.819025318487547e-05
4610, 3.659572757896967e-05
4615, 3.820324127445929e-05
4620, 2.4833268980728462e-05
4625, 3.1237588700605556e-05
4630, 3.6404322599992156e-05
4635, 3.45787157129962e-05
4640, 3.882629607687704e-05
4645, 6.016425686539151e-05
4650, 3.751685653696768e-05
4655, 4.01720026275143e-05
4660, 3.632184598245658e-05
4665, 3.638393172877841e-05
4670, 3.700793968164362e-05
4675, 3.725775968632661e-05
4680, 6.990147812757641e-05
4685, 4.799173620995134e-05
4690, 4.901642751065083e-05
4695, 4.831581100006588e-05
4700, 3.4136603062506765e-05
4705, 4.53979337180499e-05
4710, 3.575743903638795e-05
4715, 5.46859300811775e-05
4720, 4.4218289986019954e-05
4725, 5.306614548317157e-05
4730, 5.1464368880260736e-05
4735, 3.645729520940222e-05
4740, 4.032573997392319e-05
4745, 3.267240754212253e-05
4750, 3.293799454695545e-05
4755, 3.640623253886588e-05
4760, 3.017507515323814e-05
4765, 3.710952660185285e-05
4770, 3.179783379891887e-05
4775, 3.6394852941157296e-05
4780, 5.035171125200577e-05
4785, 3.829552588285878e-05
4790, 5.365755350794643e-05
4795, 3.6292367440182716e-05
4800, 3.644767275545746e-05
4805, 3.722992187249474e-05
4810, 4.3509928218554705e-05
4815, 4.0725160943111405e-05
4820, 3.430026845308021e-05
4825, 4.8685305955586955e-05
4830, 3.463613393250853e-05
4835, 5.193187826080248e-05
4840, 4.661396087612957e-05
4845, 5.5389486078638583e-05
4850, 3.415457103983499e-05
4855, 3.768269016291015e-05
4860, 3.075097993132658e-05
4865, 6.163819489302114e-05
4870, 4.638177415472455e-05
4875, 4.293560050427914e-05
4880, 3.1962048524292186e-05
4885, 3.674424078781158e-05
4890, 3.9014252251945436e-05
4895, 2.8808723072870634e-05
4900, 4.842874841415323e-05
4905, 2.5941062631318346e-05
4910, 3.403024311410263e-05
4915, 3.495147029752843e-05
4920, 3.7746689486084506e-05
4925, 5.525537198991515e-05
4930, 4.371814429759979e-05
4935, 3.7798276025569066e-05
4940, 6.602771463803947e-05
4945, 3.900544470525347e-05
4950, 3.9982412999961525e-05
4955, 3.070275852223858e-05
4960, 3.0688319384353235e-05
4965, 3.46810556948185e-05
4970, 3.628796184784733e-05
4975, 3.7678728403989226e-05
4980, 3.525794454617426e-05
4985, 2.817175118252635e-05
4990, 4.4188844185555354e-05
4995, 3.951816324843094e-05
5000, 4.83738913317211e-05
5005, 3.3013529900927097e-05
5010, 3.848659616778605e-05
5015, 4.015300874016248e-05
5020, 3.648168421932496e-05
5025, 3.6884521250613034e-05
5030, 4.0429335058433935e-05
5035, 3.3303276723017916e-05
5040, 2.9653952879016288e-05
5045, 4.8069989134091884e-05
5050, 5.733874422730878e-05
5055, 6.711133755743504e-05
5060, 5.335426612873562e-05
5065, 3.9045000448822975e-05
5070, 4.876421735389158e-05
5075, 4.654437361750752e-05
5080, 4.348480069893412e-05
5085, 3.8935784687055275e-05
5090, 4.109598739887588e-05
5095, 7.630028267158195e-05
5100, 3.559040851541795e-05
5105, 3.7534100556513295e-05
5110, 7.465609814971685e-05
5115, 3.766461668419652e-05
5120, 3.1409839721163735e-05
5125, 5.396550477598794e-05
5130, 3.611225474742241e-05
5135, 5.448125011753291e-05
5140, 3.4880140447057784e-05
5145, 4.592305776895955e-05
5150, 4.109994551981799e-05
5155, 3.540664692991413e-05
5160, 3.371900675119832e-05
5165, 3.3761156373657286e-05
5170, 3.870579894282855e-05
5175, 4.222290954203345e-05
5180, 3.451923475950025e-05
5185, 3.564660073607229e-05
5190, 3.988328171544708e-05
5195, 4.540742884273641e-05
5200, 3.698960426845588e-05
5205, 4.337403879617341e-05
5210, 4.45501682406757e-05
5215, 4.978308788849972e-05
5220, 3.31601440848317e-05
5225, 5.725009395973757e-05
5230, 3.350904444232583e-05
5235, 3.9565926272189245e-05
5240, 3.633973028627224e-05
5245, 3.122618727502413e-05
5250, 3.3264888770645484e-05
5255, 3.562645360943861e-05
5260, 4.377969526103698e-05
5265, 3.6268298572395e-05
5270, 8.30118078738451e-05
5275, 3.397237742319703e-05
5280, 3.485371416900307e-05
5285, 3.3288353733951226e-05
5290, 3.8577276427531615e-05
5295, 3.3383810659870505e-05
5300, 3.777435267693363e-05
5305, 3.970347097492777e-05
5310, 3.283563637523912e-05
5315, 3.781813575187698e-05
5320, 3.066189310629852e-05
5325, 4.277331754565239e-05
5330, 3.5927856515627354e-05
5335, 5.2555667934939265e-05
5340, 3.173217555740848e-05
5345, 4.12004446843639e-05
5350, 5.483655695570633e-05
5355, 2.6666395569918677e-05
5360, 4.6623295929748565e-05
5365, 2.577496343292296e-05
5370, 2.9839073249604553e-05
5375, 3.074316191487014e-05
5380, 5.764859452028759e-05
5385, 3.297193688922562e-05
5390, 3.866621773340739e-05
5395, 3.7780813727295026e-05
5400, 3.770820330828428e-05
5405, 6.42822269583121e-05
5410, 3.4706550650298595e-05
5415, 3.0292459996417165e-05
5420, 2.7444337320048362e-05
5425, 2.7661662898026407e-05
5430, 4.8981069994624704e-05
5435, 3.301631295471452e-05
5440, 3.636357359937392e-05
5445, 3.2672211091266945e-05
5450, 4.6819401177344844e-05
5455, 3.930788443540223e-05
5460, 3.716156425070949e-05
5465, 3.688794458867051e-05
5470, 2.9659815481863916e-05
5475, 3.4512799174990505e-05
5480, 4.183025885140523e-05
5485, 4.764558616443537e-05
5490, 3.1796680559637025e-05
5495, 3.147327515762299e-05
5500, 5.530815542442724e-05
5505, 3.107544034719467e-05
5510, 5.911900007049553e-05
5515, 4.648008325602859e-05
5520, 3.643927630037069e-05
5525, 4.073189847986214e-05
5530, 4.9407601181883365e-05
5535, 2.9507724320865236e-05
5540, 4.032067226944491e-05
5545, 4.81437127746176e-05
5550, 3.011378794326447e-05
5555, 3.0612078262493014e-05
5560, 3.340544935781509e-05
5565, 4.6374127123272046e-05
5570, 3.50621048710309e-05
5575, 3.7034566048532724e-05
5580, 2.399877121206373e-05
5585, 3.996130544692278e-05
5590, 5.236356082605198e-05
5595, 3.502889376250096e-05
5600, 4.8613517719786614e-05
5605, 3.847639527521096e-05
5610, 2.8429263693396933e-05
5615, 3.547580854501575e-05
5620, 2.9832877771696076e-05
5625, 6.877596024423838e-05
5630, 5.240342579782009e-05
5635, 3.555607327143662e-05
5640, 3.80574056180194e-05
5645, 4.5064360165270045e-05
5650, 4.209714097669348e-05
5655, 2.929330184997525e-05
5660, 3.711332465172745e-05
5665, 3.846296385745518e-05
5670, 4.0170521970139816e-05
5675, 3.9473758079111576e-05
5680, 3.6651665141107515e-05
5685, 3.49462206941098e-05
5690, 3.206760811735876e-05
5695, 5.759506530012004e-05
5700, 4.437135430634953e-05
5705, 3.446232949499972e-05
5710, 3.765696965274401e-05
5715, 4.303583409637213e-05
5720, 4.322603126638569e-05
5725, 2.6888148568104953e-05
5730, 4.176236689090729e-05
5735, 5.1502545829862356e-05
5740, 3.729134550667368e-05
5745, 3.4345954190939665e-05
5750, 3.364210715517402e-05
5755, 4.801370232598856e-05
5760, 3.344963988638483e-05
5765, 3.7901012547081336e-05
5770, 3.3213324059033766e-05
5775, 3.400099740247242e-05
5780, 5.385431359172799e-05
5785, 4.879530752077699e-05
5790, 3.885188925778493e-05
5795, 4.1374940337846056e-05
5800, 3.223586827516556e-05
5805, 3.9016769733279943e-05
5810, 3.271629611845128e-05
5815, 6.128956738393754e-05
5820, 3.052030297112651e-05
5825, 4.387489752843976e-05
5830, 5.285352381179109e-05
5835, 3.328052116557956e-05
5840, 5.540811253013089e-05
5845, 4.970466034137644e-05
5850, 3.4439482988091186e-05
5855, 2.6873303795582615e-05
5860, 2.4286131520057097e-05
5865, 4.148570224060677e-05
5870, 2.323032822459936e-05
5875, 3.0876068194629624e-05
5880, 4.36394548160024e-05
5885, 2.8845632186857983e-05
5890, 4.378628364065662e-05
5895, 4.066178371431306e-05
5900, 5.05129064549692e-05
5905, 4.689441993832588e-05
5910, 5.345137833501212e-05
5915, 2.5461078621447086e-05
5920, 4.569222073769197e-05
5925, 4.7519552026642486e-05
5930, 3.130275217699818e-05
5935, 2.460502764733974e-05
5940, 6.920003943378106e-05
5945, 3.286929495516233e-05
5950, 3.784783621085808e-05
5955, 2.8921369448653422e-05
5960, 2.999743628606666e-05
5965, 2.8966602258151397e-05
5970, 3.753399505512789e-05
5975, 3.4461587347323075e-05
5980, 4.233863000990823e-05
5985, 3.762653432204388e-05
5990, 4.044715387863107e-05
5995, 5.112137660034932e-05
6000, 2.7067510018241592e-05
6005, 3.0257149774115533e-05
6010, 4.3108975660288706e-05
6015, 3.184235902153887e-05
6020, 2.83807185041951e-05
6025, 3.177560938638635e-05
6030, 3.6920544516760856e-05
6035, 3.60982958227396e-05
6040, 3.5032899177167565e-05
6045, 4.7603087296010926e-05
6050, 3.6033783544553444e-05
6055, 2.820845111273229e-05
6060, 3.0721606890438125e-05
6065, 5.153509846422821e-05
6070, 2.5668110538390465e-05
6075, 5.1426319259917364e-05
6080, 4.273924059816636e-05
6085, 3.589131301851012e-05
6090, 3.7815967516507953e-05
6095, 5.37686501047574e-05
6100, 3.51687558577396e-05
6105, 3.691322490340099e-05
6110, 3.820646816166118e-05
6115, 4.075297692907043e-05
6120, 3.6835735954809934e-05
6125, 3.940248643630184e-05
6130, 2.6877665732172318e-05
6135, 2.790188773360569e-05
6140, 3.1667488656239584e-05
6145, 2.5903776986524463e-05
6150, 4.902981891063973e-05
6155, 2.8355143513181247e-05
6160, 4.4925185648025945e-05
6165, 5.0952712626894936e-05
6170, 5.725664959754795e-05
6175, 4.921226718579419e-05
6180, 6.780097464798018e-05
6185, 3.526425643940456e-05
6190, 3.753433338715695e-05
6195, 3.2816627935972065e-05
6200, 3.630369246820919e-05
6205, 4.149917367612943e-05
6210, 3.09312526951544e-05
6215, 3.054444459849037e-05
6220, 3.067033685510978e-05
6225, 3.621439464041032e-05
6230, 5.308071195031516e-05
6235, 3.056203786400147e-05
6240, 3.991672565462068e-05
6245, 4.8453137424075976e-05
6250, 3.682989699882455e-05
6255, 3.0466662792605348e-05
6260, 3.821176869678311e-05
6265, 3.722184192156419e-05
6270, 4.8509366024518386e-05
6275, 3.223083695047535e-05
6280, 3.266958083258942e-05
6285, 2.928574576799292e-05
6290, 3.7466401408892125e-05
6295, 3.3826818253146484e-05
6300, 3.682244641822763e-05
6305, 3.975232903030701e-05
6310, 3.556975207175128e-05
6315, 2.6151254132855684e-05
6320, 4.381778489914723e-05
6325, 4.373686169856228e-05
6330, 3.477269274299033e-05
6335, 5.885457358090207e-05
6340, 4.1641731513664126e-05
6345, 3.3100630389526486e-05
6350, 3.066752105951309e-05
6355, 4.070536306244321e-05
6360, 3.471058153081685e-05
6365, 3.645939796115272e-05
6370, 3.5164281143806875e-05
6375, 2.7690086426446214e-05
6380, 4.2291001591365784e-05
6385, 4.441014243639074e-05
6390, 4.062711013830267e-05
6395, 3.9980222936719656e-05
6400, 3.11155199597124e-05
6405, 3.8000423955963925e-05
6410, 3.3476477256044745e-05
6415, 2.71289191005053e-05
6420, 2.7980979211861268e-05
6425, 2.3774444343871437e-05
6430, 3.09607494273223e-05
6435, 5.7980887504527345e-05
6440, 2.9087625080137514e-05
6445, 4.913098018732853e-05
6450, 3.1563486118102446e-05
6455, 5.109187986818142e-05
6460, 4.357446960057132e-05
6465, 3.474620098131709e-05
6470, 3.594892768887803e-05
6475, 3.9781833038432524e-05
6480, 4.372380135464482e-05
6485, 2.6809600967681035e-05
6490, 3.7547983083641157e-05
6495, 4.550002995529212e-05
6500, 5.58862739126198e-05
6505, 3.432840094319545e-05
6510, 2.6291496396879666e-05
6515, 4.926889232592657e-05
6520, 4.19993230025284e-05
6525, 3.540917532518506e-05
6530, 3.0899685953045264e-05
6535, 4.401428668643348e-05
6540, 2.589778887340799e-05
6545, 2.7917823899770156e-05
6550, 4.652304050978273e-05
6555, 2.479864633642137e-05
6560, 5.615739428321831e-05
6565, 2.968008084280882e-05
6570, 3.189384005963802e-05
6575, 3.958305387641303e-05
6580, 3.4025917557301e-05
6585, 3.388910772628151e-05
6590, 3.256811760365963e-05
6595, 2.74410740530584e-05
6600, 2.9179494958953e-05
6605, 3.506961002130993e-05
6610, 2.535466046538204e-05
6615, 3.0407303711399436e-05
6620, 3.630104038165882e-05
6625, 3.415178434806876e-05
6630, 3.2848049158928916e-05
6635, 2.78661373158684e-05
6640, 5.340910502127372e-05
6645, 3.400152490939945e-05
6650, 3.586100501706824e-05
6655, 4.553154940367676e-05
6660, 4.454287045518868e-05
6665, 3.655277032521553e-05
6670, 4.1286253690486774e-05
6675, 2.7389824026613496e-05
6680, 2.4749586373218335e-05
6685, 3.355161607032642e-05
6690, 3.179455961799249e-05
6695, 3.2125117286341265e-05
6700, 4.305569382268004e-05
6705, 3.35724871547427e-05
6710, 4.403905404615216e-05
6715, 4.541906309896149e-05
6720, 2.92834265565034e-05
6725, 3.227428169338964e-05
6730, 3.032601307495497e-05
6735, 4.260927744326182e-05
6740, 4.351403913460672e-05
6745, 3.821568316197954e-05
6750, 2.6630536012817174e-05
6755, 2.681669320736546e-05
6760, 3.583552097552456e-05
6765, 2.8600450605154037e-05
6770, 3.291206667199731e-05
6775, 3.386116441106424e-05
6780, 2.304211739101447e-05
6785, 2.55061768257292e-05
6790, 3.0018200050108135e-05
6795, 5.3724572353530675e-05
6800, 4.6413595555350184e-05
6805, 3.7939353205729276e-05
6810, 3.012202614627313e-05
6815, 3.0648727260995656e-05
6820, 4.404173887451179e-05
6825, 5.6856002629501745e-05
6830, 5.8888490457320586e-05
6835, 3.223006206098944e-05
6840, 3.237392957089469e-05
6845, 2.491403756721411e-05
6850, 2.5264665964641608e-05
6855, 4.490560604608618e-05
6860, 5.440186578198336e-05
6865, 2.742536162259057e-05
6870, 3.5599932743934914e-05
6875, 2.5846840799204074e-05
6880, 2.547245821915567e-05
6885, 2.672992559382692e-05
6890, 3.698692671605386e-05
6895, 3.376675158506259e-05
6900, 2.466626392561011e-05
6905, 3.594153531594202e-05
6910, 2.6455520128365606e-05
6915, 3.82670114049688e-05
6920, 4.5449611207004637e-05
6925, 2.9995459044585004e-05
6930, 4.496799374464899e-05
6935, 3.286444189143367e-05
6940, 4.3389321945142e-05
6945, 2.8478938475018367e-05
6950, 3.3864333090605214e-05
6955, 4.673438161262311e-05
6960, 2.8429756639525294e-05
6965, 2.0498129742918536e-05
6970, 3.927236684830859e-05
6975, 4.0254344639834017e-05
6980, 3.512483453960158e-05
6985, 3.1855397537583485e-05
6990, 2.8500202461145818e-05
6995, 3.765899964491837e-05
7000, 2.5910707336151972e-05
7005, 4.005853406852111e-05
7010, 4.123241888009943e-05
7015, 4.097612327313982e-05
7020, 3.828482294920832e-05
7025, 3.409411510801874e-05
7030, 3.4205517295049503e-05
7035, 3.2326188375009224e-05
7040, 2.43191698245937e-05
7045, 4.1797495214268565e-05
7050, 3.439093052293174e-05
7055, 4.4437711039790884e-05
7060, 2.3229340513353236e-05
7065, 4.13196612498723e-05
7070, 4.1592324123485014e-05
7075, 4.702464138972573e-05
7080, 3.5753229894908145e-05
7085, 2.8402751922840253e-05
7090, 4.762632306665182e-05
7095, 3.558362732292153e-05
7100, 3.311438922537491e-05
7105, 5.442905967356637e-05
7110, 5.5373122449964285e-05
7115, 5.061472620582208e-05
7120, 3.81230165658053e-05
7125, 5.210657400311902e-05
7130, 4.5717883040197194e-05
7135, 3.745488720596768e-05
7140, 2.9865894248359837e-05
7145, 3.653781095636077e-05
7150, 4.294388782000169e-05
7155, 2.7593152481131256e-05
7160, 4.061304571223445e-05
7165, 3.827748878393322e-05
7170, 2.8173575628898107e-05
7175, 3.104236020590179e-05
7180, 6.039147046976723e-05
7185, 3.675173866213299e-05
7190, 3.739105159183964e-05
7195, 4.168138912064023e-05
7200, 2.4066190235316753e-05
7205, 2.373462302784901e-05
7210, 5.17599364684429e-05
7215, 2.9552680643973872e-05
7220, 3.378581823199056e-05
7225, 2.2748237824998796e-05
7230, 2.6558851459412836e-05
7235, 3.360847767908126e-05
7240, 3.63505823770538e-05
7245, 2.3445338229066692e-05
7250, 4.8345234972657636e-05
7255, 3.586979437386617e-05
7260, 3.007741725014057e-05
7265, 2.413257425359916e-05
7270, 5.0000504415947944e-05
7275, 2.124814818671439e-05
7280, 3.990313416579738e-05
7285, 4.3296386138536036e-05
7290, 3.56534801539965e-05
7295, 3.361482959007844e-05
7300, 3.496849967632443e-05
7305, 3.06446963804774e-05
7310, 4.501466901274398e-05
7315, 3.555208968464285e-05
7320, 3.344272045069374e-05
7325, 5.057059752289206e-05
7330, 4.661881393985823e-05
7335, 3.4906781365862116e-05
7340, 2.880194915633183e-05
7345, 3.417338666622527e-05
7350, 2.3154778318712488e-05
7355, 5.17463922733441e-05
7360, 3.0186902222339995e-05
7365, 2.661108192114625e-05
7370, 4.190300023765303e-05
7375, 3.556910451152362e-05
7380, 2.8361948352539912e-05
7385, 2.4469985874020495e-05
7390, 2.1883281078771688e-05
7395, 2.240742469439283e-05
7400, 2.8047546948073432e-05
7405, 4.078669735463336e-05
7410, 3.837384792859666e-05
7415, 3.829591878456995e-05
7420, 3.293333065812476e-05
7425, 3.433395249885507e-05
7430, 4.2410072637721896e-05
7435, 5.632648753817193e-05
7440, 2.5293033104389906e-05
7445, 3.431342338444665e-05
7450, 2.760318966466002e-05
7455, 2.6507612346904352e-05
7460, 2.052300078503322e-05
7465, 2.4214337827288546e-05
7470, 4.728740896098316e-05
7475, 3.5608776670414954e-05
7480, 2.846637653419748e-05
7485, 3.210585782653652e-05
7490, 3.257431308156811e-05
7495, 3.2529544114368036e-05
7500, 4.4622829591389745e-05
7505, 5.193699325900525e-05
7510, 3.996862142230384e-05
7515, 2.8631751774810255e-05
7520, 2.2679430912830867e-05
7525, 4.306492337491363e-05
7530, 3.587307219277136e-05
7535, 3.5035336622968316e-05
7540, 3.0581479222746566e-05
7545, 3.125095463474281e-05
7550, 3.306397047708742e-05
7555, 3.0485814932035282e-05
7560, 4.259200795786455e-05
7565, 3.614166416809894e-05
7570, 3.232492599636316e-05
7575, 3.9592821849510074e-05
7580, 4.431953129824251e-05
7585, 5.192375465412624e-05
7590, 3.356623346917331e-05
7595, 3.2529333111597225e-05
7600, 2.5440358513151295e-05
7605, 3.257310527260415e-05
7610, 2.806469456118066e-05
7615, 3.733018456841819e-05
7620, 4.098172576050274e-05
7625, 3.3352713217027485e-05
7630, 3.18961865559686e-05
7635, 5.2921943279216066e-05
7640, 3.93496775359381e-05
7645, 4.496478504734114e-05
7650, 4.414609429659322e-05
7655, 3.931941682822071e-05
7660, 2.4111302991514094e-05
7665, 3.0510489523294382e-05
7670, 2.6972906198352575e-05
7675, 3.1810228392714635e-05
7680, 2.6788655304699205e-05
7685, 3.765736619243398e-05
7690, 5.2813578804489225e-05
7695, 2.2143667592899874e-05
7700, 2.7112009775009938e-05
7705, 2.023252636718098e-05
7710, 4.807635195902549e-05
7715, 3.4673390473471954e-05
7720, 3.2913671020651236e-05
7725, 2.5352699594805017e-05
7730, 2.8523971195681952e-05
7735, 3.162856955896132e-05
7740, 3.184270826750435e-05
7745, 3.0175728170434013e-05
7750, 5.065196455689147e-05
7755, 2.3115057047107257e-05
7760, 3.9427588490070775e-05
7765, 3.230395304854028e-05
7770, 2.3404243620461784e-05
7775, 2.340876017115079e-05
7780, 2.6818352125701495e-05
7785, 2.8654671041294932e-05
7790, 2.286596100020688e-05
7795, 3.600976924644783e-05
7800, 4.839916437049396e-05
7805, 3.494118936941959e-05
7810, 3.5685206967173144e-05
7815, 3.2457406632602215e-05
7820, 2.4523204047000036e-05
7825, 2.15064956137212e-05
7830, 2.3869710275903344e-05
7835, 3.6463341530179605e-05
7840, 2.2557916963705793e-05
7845, 2.5588869903003797e-05
7850, 5.506172601599246e-05
7855, 3.741428008652292e-05
7860, 2.9553708372986875e-05
7865, 3.0313196475617588e-05
7870, 2.8372429369483143e-05
7875, 2.030891482718289e-05
7880, 4.55990266345907e-05
7885, 3.0449686164502054e-05
7890, 2.988969390571583e-05
7895, 2.60069591604406e-05
7900, 2.4967464923975058e-05
7905, 2.8695099899778143e-05
7910, 2.4853932700352743e-05
7915, 1.927988341776654e-05
7920, 2.3050111849443056e-05
7925, 2.7404736101743765e-05
7930, 3.534446295816451e-05
7935, 2.128320193151012e-05
7940, 3.838095290120691e-05
7945, 2.9920225642854348e-05
7950, 2.3264228730113246e-05
7955, 5.099116242490709e-05
7960, 2.4734472390264273e-05
7965, 3.1980500352801755e-05
7970, 2.958897857752163e-05
7975, 2.8002528779325075e-05
7980, 3.493630720186047e-05
7985, 3.5161676350981e-05
7990, 4.34318499173969e-05
7995, 4.452201392268762e-05
8000, 3.2313702831743285e-05
8005, 2.139031857950613e-05
8010, 3.676873893709853e-05
8015, 3.0217470339266583e-05
8020, 3.0374138077604584e-05
8025, 2.9466207706718706e-05
8030, 2.416709321551025e-05
8035, 3.556596129783429e-05
8040, 4.414004069985822e-05
8045, 5.5016651458572596e-05
8050, 2.27505479415413e-05
8055, 2.9447555789374746e-05
8060, 2.5621659005992115e-05
8065, 4.304277535993606e-05
8070, 3.1803359888726845e-05
8075, 4.0278740925714374e-05
8080, 5.7141445722663775e-05
8085, 2.0042256437591277e-05
8090, 3.5271747037768364e-05
8095, 3.32475065079052e-05
8100, 4.45910518465098e-05
8105, 2.6940813768305816e-05
8110, 2.652757757459767e-05
8115, 2.7636839149636216e-05
8120, 2.9582563001895323e-05
8125, 4.491764047998004e-05
8130, 2.3791286366758868e-05
8135, 3.254851617384702e-05
8140, 2.2928416001377627e-05
8145, 2.1118674339959398e-05
8150, 2.639613921928685e-05
8155, 2.2726351744495332e-05
8160, 3.025794285349548e-05
8165, 4.0389670175500214e-05
8170, 2.7159321689396165e-05
8175, 3.437046689214185e-05
8180, 2.3056580175762065e-05
8185, 2.3551876438432373e-05
8190, 2.140822289220523e-05
8195, 2.466890146024525e-05
8200, 4.905050082015805e-05
8205, 2.2726537281414494e-05
8210, 2.9849345082766376e-05
8215, 2.6338946554460563e-05
8220, 3.065616692765616e-05
8225, 2.520016278140247e-05
8230, 2.9555749279097654e-05
8235, 5.8850040659308434e-05
8240, 2.0278142983443104e-05
8245, 3.279694283264689e-05
8250, 3.8896818296052516e-05
8255, 3.001991171913687e-05
8260, 2.7693113224813715e-05
8265, 3.224569445592351e-05
8270, 3.342690979479812e-05
8275, 3.359058246132918e-05
8280, 1.8030019418802112e-05
8285, 2.7912528821616434e-05
8290, 3.4368797059869394e-05
8295, 2.552220757934265e-05
8300, 3.264024053351022e-05
8305, 3.3310083381365985e-05
8310, 2.968680564663373e-05
8315, 1.836269257182721e-05
8320, 3.363200448802672e-05
8325, 3.068448859266937e-05
8330, 3.110108445980586e-05
8335, 2.8339149139355868e-05
8340, 4.107541826670058e-05
8345, 3.2475607440574095e-05
8350, 2.5958575861295685e-05
8355, 2.7801475880551152e-05
8360, 3.907602513208985e-05
8365, 2.7198248062632047e-05
8370, 2.2073287254897878e-05
8375, 2.840157139871735e-05
8380, 2.374762698309496e-05
8385, 3.31358787661884e-05
8390, 2.9689803341170773e-05
8395, 2.1974303308525123e-05
8400, 5.5777927627786994e-05
8405, 2.2144600734463893e-05
8410, 2.55222348641837e-05
8415, 1.9272494682809338e-05
8420, 2.168295395676978e-05
8425, 2.1057037884020247e-05
8430, 2.9181348509155214e-05
8435, 2.4509425202268176e-05
8440, 3.473063407000154e-05
8445, 2.2376350898412056e-05
8450, 2.8072732675354928e-05
8455, 3.100571484537795e-05
8460, 3.157668106723577e-05
8465, 3.899865259882063e-05
8470, 2.5457255105720833e-05
8475, 3.0424107535509393e-05
8480, 2.4411952836089768e-05
8485, 1.8745195120573044e-05
8490, 2.2968955818214454e-05
8495, 3.3197826269315556e-05
8500, 1.8850189007935114e-05
8505, 2.9133396310498938e-05
8510, 2.135896465915721e-05
8515, 2.517076427466236e-05
8520, 2.8042177291354164e-05
8525, 2.624629451020155e-05
8530, 1.9451235857559368e-05
8535, 2.3470271116821095e-05
8540, 2.1499625290744007e-05
8545, 2.3383923689834774e-05
8550, 3.11862604576163e-05
8555, 2.057114033959806e-05
8560, 4.207506572129205e-05
8565, 1.957741733349394e-05
8570, 2.5232056941604242e-05
8575, 2.3399212295771576e-05
8580, 2.4448341719107702e-05
8585, 2.6248088033753447e-05
8590, 2.4211869458667934e-05
8595, 2.5644558263593353e-05
8600, 2.7877662432729267e-05
8605, 3.155301237711683e-05
8610, 2.4227967514889315e-05
8615, 2.44986640609568e-05
8620, 2.391918133071158e-05
8625, 1.8641921997186728e-05
8630, 2.5137087504845113e-05
8635, 2.9010627258685417e-05
8640, 2.329149174329359e-05
8645, 3.902480602846481e-05
8650, 3.333915810799226e-05
8655, 3.3392741897841915e-05
8660, 2.3912441974971443e-05
8665, 3.1804349418962374e-05
8670, 3.787153400480747e-05
8675, 3.346576340845786e-05
8680, 2.271343873871956e-05
8685, 2.4313083486049436e-05
8690, 2.9937451472505927e-05
8695, 2.609736293379683e-05
8700, 1.9406659703236073e-05
8705, 2.2269894543569535e-05
8710, 2.6455656552570872e-05
8715, 2.7361762477084994e-05
8720, 2.21466052607866e-05
8725, 3.0925039027351886e-05
8730, 3.566518716979772e-05
8735, 3.0110681109363213e-05
8740, 2.8361509976093657e-05
8745, 2.6053867259179242e-05
8750, 2.386383494012989e-05
8755, 3.442822344368324e-05
8760, 2.5510526029393077e-05
8765, 2.941893762908876e-05
8770, 2.517025677661877e-05
8775, 3.13074815494474e-05
8780, 2.458344170008786e-05
8785, 2.9351769626373425e-05
8790, 2.639533886394929e-05
8795, 2.239619971078355e-05
8800, 2.9287430152180605e-05
8805, 2.870355274353642e-05
8810, 2.392337228229735e-05
8815, 2.237500848423224e-05
8820, 1.9370485460967757e-05
8825, 1.9075714590144344e-05
8830, 2.3549562683911063e-05
8835, 2.35238294408191e-05
8840, 2.9203556550783105e-05
8845, 3.136920349788852e-05
8850, 3.294536145403981e-05
8855, 2.455881804053206e-05
8860, 3.212094816262834e-05
8865, 3.231214577681385e-05
8870, 2.426316677883733e-05
8875, 2.8503089197329246e-05
8880, 3.155921513098292e-05
8885, 2.6908321160590276e-05
8890, 2.3647477064514533e-05
8895, 2.526555363147054e-05
8900, 2.5858353183139116e-05
8905, 4.7329529479611665e-05
8910, 3.2494772312929854e-05
8915, 2.89829677058151e-05
8920, 2.801291338982992e-05
8925, 2.262410635012202e-05
8930, 3.0057231924729422e-05
8935, 3.7487327062990516e-05
8940, 3.499347803881392e-05
8945, 2.0676161511801183e-05
8950, 3.607973121688701e-05
8955, 3.3369102311553434e-05
8960, 3.238094723201357e-05
8965, 2.4543853214709088e-05
8970, 3.77130345441401e-05
8975, 2.5240624381694943e-05
8980, 2.1120977180544287e-05
8985, 2.1861893401364796e-05
8990, 2.2653743144473992e-05
8995, 2.437312650727108e-05
9000, 2.5331382857984863e-05
9005, 2.2559343051398173e-05
9010, 2.6136682208743878e-05
9015, 2.208210207754746e-05
9020, 3.4297958336537704e-05
9025, 2.331852010684088e-05
9030, 2.7561178285395727e-05
9035, 2.5710980480653234e-05
9040, 2.184949153161142e-05
9045, 2.1424439182737842e-05
9050, 2.1272697267704643e-05
9055, 2.754385604930576e-05
9060, 2.2572841771761887e-05
9065, 3.268535510869697e-05
9070, 2.7302574380883016e-05
9075, 1.793490991985891e-05
9080, 1.9312092263135128e-05
9085, 3.4522818168625236e-05
9090, 1.9206840079277754e-05
9095, 2.631473762448877e-05
9100, 2.1500525690498762e-05
9105, 2.828258766385261e-05
9110, 3.274843402323313e-05
9115, 2.816470805555582e-05
9120, 2.9003489544265904e-05
9125, 3.144802030874416e-05
9130, 1.9644452549982816e-05
9135, 2.96125090244459e-05
9140, 2.768242484307848e-05
9145, 2.4992024918901734e-05
9150, 3.46221677318681e-05
9155, 2.4026310711633414e-05
9160, 2.7856161977979355e-05
9165, 2.4353861590498127e-05
9170, 4.3066920625278726e-05
9175, 2.620954910526052e-05
9180, 4.92880426463671e-05
9185, 2.6611205612425692e-05
9190, 3.473857941571623e-05
9195, 2.1378784367698245e-05
9200, 3.3078817068599164e-05
9205, 3.2021405786508694e-05
9210, 3.0936698749428615e-05
9215, 2.6379431801615283e-05
9220, 2.3026395865599625e-05
9225, 2.6851672373595648e-05
9230, 3.7933335988782346e-05
9235, 2.5945575544028543e-05
9240, 2.410010165476706e-05
9245, 2.4227168978541158e-05
9250, 2.5451676265220158e-05
9255, 2.337018486286979e-05
9260, 2.5363358872709796e-05
9265, 2.2699134206050076e-05
9270, 1.6258256437140517e-05
9275, 1.9812134269159287e-05
9280, 1.8151369658880867e-05
9285, 2.5976793040172197e-05
9290, 1.9536688341759145e-05
9295, 2.1374202333390713e-05
9300, 2.0676510757766664e-05
9305, 2.3957692974363454e-05
9310, 2.2118701963336207e-05
9315, 2.0800702259293757e-05
9320, 1.894359229481779e-05
9325, 2.7772741304943338e-05
9330, 2.5526998797431588e-05
9335, 1.9533810700522736e-05
9340, 2.28647913900204e-05
9345, 2.1005336748203263e-05
9350, 2.774653876258526e-05
9355, 2.1445079255499877e-05
9360, 2.9433305826387368e-05
9365, 2.3299793610931374e-05
9370, 2.3742526536807418e-05
9375, 2.467118792992551e-05
9380, 2.4839922843966633e-05
9385, 2.23533916141605e-05
9390, 2.264308750454802e-05
9395, 2.102158214256633e-05
9400, 3.069003651035018e-05
9405, 2.4997914806590416e-05
9410, 2.106059037032537e-05
9415, 2.71480530500412e-05
9420, 2.0835441318922676e-05
9425, 2.3373388103209436e-05
9430, 2.2319643903756514e-05
9435, 2.9400245693977922e-05
9440, 2.2919792172615416e-05
9445, 2.3060129024088383e-05
9450, 1.9617171346908435e-05
9455, 2.0410701836226508e-05
9460, 2.9067130526527762e-05
9465, 2.383630817348603e-05
9470, 3.8334976125042886e-05
9475, 2.3692704417044297e-05
9480, 5.2331968618091196e-05
9485, 1.9535978935891762e-05
9490, 2.5400089725735597e-05
9495, 2.1354844648158178e-05
9500, 2.963168481073808e-05
9505, 2.5189769075950608e-05
9510, 2.729296829784289e-05
9515, 2.2063959477236494e-05
9520, 2.24539380724309e-05
9525, 1.947257806023117e-05
9530, 5.917142334510572e-05
9535, 1.776306271494832e-05
9540, 2.0287881852709688e-05
9545, 1.9803395844064653e-05
9550, 2.183238393627107e-05
9555, 1.884938683360815e-05
9560, 2.3765311198076233e-05
9565, 2.0965559087926522e-05
9570, 1.9414566850173287e-05
9575, 1.9619645172497258e-05
9580, 2.2681462723994628e-05
9585, 3.2309824746334925e-05
9590, 1.9533512386260554e-05
9595, 1.7735083019942977e-05
9600, 3.802707578870468e-05
9605, 3.396305692149326e-05
9610, 1.973669532162603e-05
9615, 2.5236089641111903e-05
9620, 1.9295053789392114e-05
9625, 1.6270972992060706e-05
9630, 2.2209495000424795e-05
9635, 2.8159502107882872e-05
9640, 2.2156000341055915e-05
9645, 2.226696778961923e-05
9650, 2.5500643459963612e-05
9655, 1.9460574549157172e-05
9660, 1.678082480793819e-05
9665, 1.949557008629199e-05
9670, 2.295314334332943e-05
9675, 2.6589799745124765e-05
9680, 3.4256176149938256e-05
9685, 2.004547968681436e-05
9690, 3.2272771932184696e-05
9695, 2.6595836970955133e-05
9700, 2.157706330763176e-05
9705, 2.376761221967172e-05
9710, 3.595216912799515e-05
9715, 2.5006029318319634e-05
9720, 2.5430697860429063e-05
9725, 2.0617995687643997e-05
9730, 3.2277825084747747e-05
9735, 2.0035986381117254e-05
9740, 3.914585249731317e-05
9745, 2.055642835330218e-05
9750, 2.5093906515394337e-05
9755, 1.9853627236443572e-05
9760, 1.927013545355294e-05
9765, 2.4307531930389814e-05
9770, 2.5796691261348315e-05
9775, 2.5276387532358058e-05
9780, 2.507863064238336e-05
9785, 1.9469198377919383e-05
9790, 3.16827827191446e-05
9795, 1.945983422046993e-05
9800, 2.299977495567873e-05
9805, 1.949497891473584e-05
9810, 2.399533877905924e-05
9815, 2.5397601348231547e-05
9820, 2.203325493610464e-05
9825, 2.51638084591832e-05
9830, 1.5613180949003436e-05
9835, 2.5835037376964465e-05
9840, 1.988555959542282e-05
9845, 2.5222236217814498e-05
9850, 2.0434641555766575e-05
9855, 2.7814741770271212e-05
9860, 2.7105765184387565e-05
9865, 1.7809245036914945e-05
9870, 2.3186750695458613e-05
9875, 1.8863975128624588e-05
9880, 2.119766031682957e-05
9885, 2.388137363595888e-05
9890, 1.7950242181541398e-05
9895, 1.7588075934327208e-05
9900, 1.81556952156825e-05
9905, 3.0238335966714658e-05
9910, 2.8620221200981177e-05
9915, 1.952750790223945e-05
9920, 2.7362195396563038e-05
9925, 2.3717162548564374e-05
9930, 1.738766695780214e-05
9935, 2.0473798940656707e-05
9940, 1.979927947104443e-05
9945, 1.956941014213953e-05
9950, 2.432586370559875e-05
9955, 1.5751073078718036e-05
9960, 2.274420330650173e-05
9965, 5.97321086388547e-05
9970, 2.4276645490317605e-05
9975, 1.8900529539678246e-05
9980, 3.0206301744328812e-05
9985, 2.092819158860948e-05
9990, 3.2437616027891636e-05
9995, 2.2382086172001436e-05
10000, 2.4555301934015006e-05
10005, 3.640943759819493e-05
10010, 2.5140683646895923e-05
10015, 2.9484177503036335e-05
10020, 1.9126075130770914e-05
10025, 2.803337702061981e-05
10030, 2.303411383763887e-05
10035, 2.41200268646935e-05
10040, 1.920164140756242e-05
10045, 3.5570734326029196e-05
10050, 2.4189785108319484e-05
10055, 2.4771366952336393e-05
10060, 3.767868838622235e-05
10065, 2.583695822977461e-05
10070, 2.9423817977658473e-05
10075, 2.2468277165899053e-05
10080, 2.7236812456976622e-05
10085, 2.078201032418292e-05
10090, 3.104756979155354e-05
10095, 2.6568475732346997e-05
10100, 2.9227288905531168e-05
10105, 2.3084214262780733e-05
10110, 1.8783561245072633e-05
10115, 2.9601718779304065e-05
10120, 3.7011948734289035e-05
10125, 2.042199412244372e-05
10130, 2.3892871467978694e-05
10135, 2.0075913198525086e-05
10140, 4.448290928849019e-05
10145, 1.9966964828199707e-05
10150, 2.4562652470194735e-05
10155, 1.8579601601231843e-05
10160, 2.238143679278437e-05
10165, 2.853737532859668e-05
10170, 2.1521202143048868e-05
10175, 3.3237844036193565e-05
10180, 2.4156015570042655e-05
10185, 1.8289061699761078e-05
10190, 2.256152220070362e-05
10195, 2.5616469429223798e-05
10200, 3.121333793387748e-05
10205, 1.8547587387729436e-05
10210, 2.4525732442270964e-05
10215, 2.349372152821161e-05
10220, 1.8214357623946853e-05
10225, 3.129913238808513e-05
10230, 2.105917883454822e-05
10235, 1.98718007595744e-05
10240, 3.2016076147556305e-05
10245, 2.545670940889977e-05
10250, 1.919455644383561e-05
10255, 2.649266207299661e-05
10260, 2.7281110305921175e-05
10265, 2.197356843680609e-05
10270, 1.6926820535445586e-05
10275, 3.029680738109164e-05
10280, 2.4924003810156137e-05
10285, 2.665323881956283e-05
10290, 2.4240449420176446e-05
10295, 3.266932981205173e-05
10300, 1.6948226402746513e-05
10305, 2.459889219608158e-05
10310, 2.5994455427280627e-05
10315, 2.557578045525588e-05
10320, 2.482125273672864e-05
10325, 2.9689552320633084e-05
10330, 1.947345481312368e-05
10335, 2.1721065422752872e-05
10340, 2.9299286325112917e-05
10345, 1.8021200958173722e-05
10350, 2.0801540813408792e-05
10355, 1.9551180230337195e-05
10360, 2.612859861983452e-05
10365, 1.384086408506846e-05
10370, 2.213322659372352e-05
10375, 2.6561128834146075e-05
10380, 2.1644276785082184e-05
10385, 2.5038625608431175e-05
10390, 3.0915569368517026e-05
10395, 2.4318098439835012e-05
10400, 2.316587597306352e-05
10405, 2.7442903956398368e-05
10410, 2.823632166837342e-05
10415, 2.953535113192629e-05
10420, 1.708625495666638e-05
10425, 2.9901168090873398e-05
10430, 2.493765168765094e-05
10435, 1.890699059003964e-05
10440, 2.4626813683426008e-05
10445, 2.8370912332320586e-05
10450, 2.4768367438809946e-05
10455, 3.572511559468694e-05
10460, 2.763171687547583e-05
10465, 2.057611709460616e-05
10470, 2.5575178369763307e-05
10475, 2.0125333321630023e-05
10480, 2.541429603297729e-05
10485, 2.3844670067774132e-05
10490, 2.9163364160922356e-05
10495, 2.887575828935951e-05
10500, 2.4757291612331755e-05
10505, 1.7524500435683876e-05
10510, 2.191636485804338e-05
10515, 2.6020317818620242e-05
10520, 2.239251261926256e-05
10525, 2.2070573322707787e-05
10530, 2.34859708143631e-05
10535, 3.151341661578044e-05
10540, 1.7344862499157898e-05
10545, 2.6213961973553523e-05
10550, 1.551273453515023e-05
10555, 2.9042306778137572e-05
10560, 2.0584840967785567e-05
10565, 2.0054414562764578e-05
10570, 2.055964432656765e-05
10575, 2.0374594896566123e-05
10580, 1.9589362636907026e-05
10585, 2.0220406440785155e-05
10590, 1.7499851310276426e-05
10595, 2.4917399059631862e-05
10600, 2.9829301638528705e-05
10605, 2.774441963993013e-05
10610, 3.4075659641530365e-05
10615, 2.2696465748595074e-05
10620, 3.906798519892618e-05
10625, 2.360670259804465e-05
10630, 2.643765037646517e-05
10635, 2.1983121769153513e-05
10640, 2.7487198167364113e-05
10645, 2.668367415026296e-05
10650, 2.5188335712300614e-05
10655, 2.6342337150708772e-05
10660, 1.5886076653259806e-05
10665, 3.734726124093868e-05
10670, 2.0043931726831943e-05
10675, 2.4970649974420667e-05
10680, 2.025177855102811e-05
10685, 2.508607940399088e-05
10690, 1.9307895854581147e-05
10695, 2.0461789972614497e-05
10700, 2.318021870451048e-05
10705, 2.3805843738955446e-05
10710, 2.0382469301694073e-05
10715, 2.392989154031966e-05
10720, 1.9865499780280516e-05
10725, 2.229462370451074e-05
10730, 2.1255251340335235e-05
10735, 2.4188333554775454e-05
10740, 2.14209812838817e-05
10745, 1.758423968567513e-05
10750, 2.5736293537192978e-05
10755, 1.3115729416313116e-05
10760, 2.5513967557344586e-05
10765, 1.842190613388084e-05
10770, 2.222522562078666e-05
10775, 3.0289091228041798e-05
10780, 2.6388783226138912e-05
10785, 2.3071215764502995e-05
10790, 3.0437544410233386e-05
10795, 2.0968624085071497e-05
10800, 2.815779225784354e-05
10805, 3.052028114325367e-05
10810, 1.9658824385260232e-05
10815, 2.1535555788432248e-05
10820, 2.068221328954678e-05
10825, 2.122167825291399e-05
10830, 2.007460170716513e-05
10835, 1.7187150660902262e-05
10840, 1.6458148820674978e-05
10845, 2.8634061891352758e-05
10850, 2.7550877348403446e-05
10855, 2.440208481857553e-05
10860, 2.505563315935433e-05
10865, 1.9407030777074397e-05
10870, 2.0042563846800476e-05
10875, 2.6965975848725066e-05
10880, 2.1567206204053946e-05
10885, 2.4294457034557126e-05
10890, 2.257701453345362e-05
10895, 2.5185136109939776e-05
10900, 2.1907651898800395e-05
10905, 3.694153201649897e-05
10910, 1.8092579921358265e-05
10915, 1.7079686585930176e-05
10920, 2.7597403459367342e-05
10925, 2.5498717150185257e-05
10930, 3.375453161424957e-05
10935, 2.5916760932886973e-05
10940, 1.9360928490641527e-05
10945, 2.6139496185351163e-05
10950, 2.5198965886374936e-05
10955, 2.2788672140450217e-05
10960, 2.6301884645363316e-05
10965, 2.054025389952585e-05
10970, 3.494508200674318e-05
10975, 1.94338099390734e-05
10980, 2.4553499315516092e-05
10985, 2.776978726615198e-05
10990, 1.8847162209567614e-05
10995, 2.3577666070195846e-05
11000, 2.67800351139158e-05
11005, 1.9390274246688932e-05
11010, 1.9889568648068234e-05
11015, 1.6305757526424713e-05
11020, 2.42544301727321e-05
11025, 2.1480791474459693e-05
11030, 2.503986434021499e-05
11035, 2.5474651920376346e-05
11040, 2.1840429326402955e-05
11045, 2.830186531355139e-05
11050, 1.830180553952232e-05
11055, 3.340538023621775e-05
11060, 2.06537006306462e-05
11065, 2.846616189344786e-05
11070, 2.0854797185165808e-05
11075, 3.173136065015569e-05
11080, 1.5557827282464132e-05
11085, 2.2721094865119085e-05
11090, 2.596194826764986e-05
11095, 2.278320062032435e-05
11100, 2.1430223569041118e-05
11105, 2.718084942898713e-05
11110, 2.2486659872811288e-05
11115, 1.9004726709681563e-05
11120, 2.6752652047434822e-05
11125, 2.2785839973948896e-05
11130, 2.3339012841461226e-05
11135, 2.0540845071082003e-05
11140, 3.425149407121353e-05
11145, 2.7142981707584113e-05
11150, 1.805017927836161e-05
11155, 4.1006864194059744e-05
11160, 2.190298073401209e-05
11165, 1.8398413885734044e-05
11170, 2.027027221629396e-05
11175, 2.3686619897489436e-05
11180, 2.1360485334298573e-05
11185, 1.6606298231636174e-05
11190, 1.5032812370918691e-05
11195, 2.144585050700698e-05
11200, 2.016974030993879e-05
11205, 2.6443269234732725e-05
11210, 2.9416416509775445e-05
11215, 2.7215410227654502e-05
11220, 2.9119928512955084e-05
11225, 1.6919562767725438e-05
11230, 2.8638271032832563e-05
11235, 3.25310138578061e-05
11240, 2.0012501408928074e-05
11245, 2.062330167973414e-05
11250, 1.7801048670662567e-05
11255, 2.2001688193995506e-05
11260, 1.4720884792041034e-05
11265, 2.6490024538361467e-05
11270, 2.892569318646565e-05
11275, 3.370400736457668e-05
11280, 1.7365098756272346e-05
11285, 2.472099004080519e-05
11290, 2.3197702830657363e-05
11295, 2.2652729967376217e-05
11300, 1.7738959286361933e-05
11305, 3.0042137950658798e-05
11310, 2.7365073037799448e-05
11315, 2.606131965876557e-05
11320, 2.8311958885751665e-05
11325, 4.030949276057072e-05
11330, 2.790715552691836e-05
11335, 1.7960688637685962e-05
11340, 1.85311528184684e-05
11345, 2.070943264698144e-05
11350, 3.0154138585203327e-05
11355, 2.1684158127754927e-05
11360, 2.2420426830649376e-05
11365, 2.570016476965975e-05
11370, 1.8663948139874265e-05
11375, 3.1300736736739054e-05
11380, 1.7615519027458504e-05
11385, 1.916639848786872e-05
11390, 1.867994615167845e-05
11395, 1.8161106709158048e-05
11400, 1.784784581104759e-05
11405, 2.1372699848143384e-05
11410, 2.3626964321010746e-05
11415, 1.9478884496493265e-05
11420, 1.838447860791348e-05
11425, 3.083858246100135e-05
11430, 2.317801227036398e-05
11435, 2.140616561518982e-05
11440, 3.041102536371909e-05
11445, 2.319155646546278e-05
11450, 2.6470459488336928e-05
11455, 3.323337296023965e-05
11460, 2.7425563530414365e-05
11465, 2.7494612368172966e-05
11470, 1.7739315808285028e-05
11475, 1.9502502254908904e-05
11480, 2.1120924429851584e-05
11485, 2.181174568249844e-05
11490, 3.500259481370449e-05
11495, 2.870117714337539e-05
11500, 3.0203344067558646e-05
11505, 2.0169964045635425e-05
11510, 2.1991911125951447e-05
11515, 1.9905917724827304e-05
11520, 2.1223837393335998e-05
11525, 3.092908809776418e-05
11530, 1.8122414985555224e-05
11535, 2.237331136711873e-05
11540, 3.644793832791038e-05
11545, 2.662697443156503e-05
11550, 2.2540780264534988e-05
11555, 2.5997895136242732e-05
11560, 2.4798242520773783e-05
11565, 1.867678656708449e-05
11570, 2.93526281893719e-05
11575, 1.777468241925817e-05
11580, 2.200883682235144e-05
11585, 3.309862222522497e-05
11590, 2.252384183520917e-05
11595, 2.8846296117990278e-05
11600, 2.4881410354282707e-05
11605, 3.877985727740452e-05
11610, 2.082486571453046e-05
11615, 2.7245627279626206e-05
11620, 2.0349589249235578e-05
11625, 1.8634142179507762e-05
11630, 2.5481222110101953e-05
11635, 1.9911954950657673e-05
11640, 1.9109562344965525e-05
11645, 1.8427383110974915e-05
11650, 3.291881876066327e-05
11655, 2.684567698452156e-05
11660, 2.340739592909813e-05
11665, 2.486130324541591e-05
11670, 2.2613234250457026e-05
11675, 2.722364843066316e-05
11680, 2.0322815544204786e-05
11685, 2.448335180815775e-05
11690, 2.5550738428137265e-05
11695, 1.6079782653832808e-05
11700, 3.6500154237728566e-05
11705, 2.7567908546188846e-05
11710, 2.2191381503944285e-05
11715, 2.8382357413647696e-05
11720, 2.4016015231609344e-05
11725, 1.7892518371809274e-05
11730, 2.287655479449313e-05
11735, 1.941003938554786e-05
11740, 2.0675859559560195e-05
11745, 2.07961584237637e-05
11750, 1.603097189217806e-05
11755, 2.3054186385707e-05
11760, 1.9932094801333733e-05
11765, 1.6603076801402494e-05
11770, 2.369939102209173e-05
11775, 1.5696336049586535e-05
11780, 1.9711244021891616e-05
11785, 1.754140976117924e-05
11790, 1.683528535068035e-05
11795, 2.798527930281125e-05
11800, 1.5135211469896603e-05
11805, 1.5579811588395387e-05
11810, 2.2690062905894592e-05
11815, 2.1947027562418953e-05
11820, 2.570919787103776e-05
11825, 2.201793722633738e-05
11830, 2.6043608158943243e-05
11835, 2.2708600226906128e-05
11840, 2.2414507839130238e-05
11845, 3.290101813036017e-05
11850, 2.348563793930225e-05
11855, 2.2910004190634936e-05
11860, 1.996211358346045e-05
11865, 2.0004603356937878e-05
11870, 1.3333928109204862e-05
11875, 2.4751429009484127e-05
11880, 1.4591507351724431e-05
11885, 2.4730641598580405e-05
11890, 2.589611722214613e-05
11895, 2.0171426513115875e-05
11900, 1.551765853946563e-05
11905, 2.7560483431443572e-05
11910, 2.1878313418710604e-05
11915, 2.3351507479674183e-05
11920, 2.1105031919432804e-05
11925, 2.136540388164576e-05
11930, 2.3140664779930376e-05
11935, 3.901394302374683e-05
11940, 1.6501991922268644e-05
11945, 2.6419364075991325e-05
11950, 2.66144415945746e-05
11955, 2.1510053556994535e-05
11960, 1.9032686395803466e-05
11965, 1.8120839740731753e-05
11970, 2.232106271549128e-05
11975, 1.6280391719192266e-05
11980, 1.7114434740506113e-05
11985, 3.593814835767262e-05
11990, 2.740915624599438e-05
11995, 1.9854327547363937e-05
12000, 2.1025673049734905e-05
12005, 2.1835407096659765e-05
12010, 3.0789517040830106e-05
12015, 1.9723012883332558e-05
12020, 2.589299219835084e-05
12025, 3.03399301628815e-05
12030, 1.6492936993017793e-05
12035, 1.6125397451105528e-05
12040, 1.9342358427820727e-05
12045, 1.3806439710606355e-05
12050, 2.420107375655789e-05
12055, 2.254914397781249e-05
12060, 2.4562477847211994e-05
12065, 1.854434776760172e-05
12070, 3.524658313835971e-05
12075, 2.3474256522604264e-05
12080, 2.0065015633008443e-05
12085, 1.6463431165902875e-05
12090, 3.1987354304874316e-05
12095, 1.8226388419861905e-05
12100, 3.4849064832087606e-05
12105, 1.6795433111838065e-05
12110, 2.2018355593900196e-05
12115, 1.8859873307519592e-05
12120, 2.227783807029482e-05
12125, 1.6922571376198903e-05
12130, 1.6415293430327438e-05
12135, 2.1409625333035365e-05
12140, 2.462286465743091e-05
12145, 1.9072616851190105e-05
12150, 2.4924973331508227e-05
12155, 1.7977932657231577e-05
12160, 2.0085255528101698e-05
12165, 1.89936654351186e-05
12170, 2.0280476746847853e-05
12175, 1.6585763660259545e-05
12180, 2.285613118147012e-05
12185, 2.6847355911741033e-05
12190, 2.941969796665944e-05
12195, 2.796338412736077e-05
12200, 2.42846963374177e-05
12205, 2.164807119697798e-05
12210, 2.0000759832328185e-05
12215, 3.156068851239979e-05
12220, 2.552636397012975e-05
12225, 2.90827447315678e-05
12230, 2.738102739385795e-05
12235, 2.939501246146392e-05
12240, 3.8088175642769784e-05
12245, 1.9521052308846265e-05
12250, 2.395584488112945e-05
12255, 1.561592762300279e-05
12260, 2.7302296075504273e-05
12265, 1.9290251657366753e-05
12270, 1.7716301954351366e-05
12275, 1.7310369003098458e-05
12280, 2.1850226403330453e-05
12285, 2.4619852410978638e-05
12290, 2.6347248422098346e-05
12295, 2.6750252800411545e-05
12300, 2.8711487175314687e-05
12305, 3.3824551792349666e-05
12310, 2.134823262167629e-05
12315, 2.882744047383312e-05
12320, 1.9653711206046864e-05
12325, 1.9765757315326482e-05
12330, 1.9599179722717963e-05
12335, 2.1643378204316832e-05
12340, 2.4876249881344847e-05
12345, 2.5780369469430298e-05
12350, 1.9433950001257472e-05
12355, 1.653583240113221e-05
12360, 1.5145806173677556e-05
12365, 3.0501580113195814e-05
12370, 2.0330920960986987e-05
12375, 2.072179631795734e-05
12380, 1.6581541785853915e-05
12385, 2.0811898139072582e-05
12390, 2.599987419671379e-05
12395, 2.0682255126303062e-05
12400, 2.2759781131753698e-05
12405, 3.1752861104905605e-05
12410, 1.9422785044298507e-05
12415, 2.7003157811122946e-05
12420, 1.6679101463523693e-05
12425, 1.5696681657573208e-05
12430, 1.7748579921317287e-05
12435, 1.8005652236752212e-05
12440, 2.1258503693388775e-05
12445, 2.210738239227794e-05
12450, 1.6680307453498244e-05
12455, 1.8425260350340977e-05
12460, 2.358640995225869e-05
12465, 2.7088964998256415e-05
12470, 2.298549225088209e-05
12475, 1.8150045434595086e-05
12480, 2.006344402616378e-05
12485, 2.6480347514734603e-05
12490, 2.412162211840041e-05
12495, 2.7118887373944744e-05
12500, 1.8253442249260843e-05
12505, 2.3436850824509747e-05
12510, 2.670820504135918e-05
12515, 2.572412631707266e-05
12520, 2.2304504454950802e-05
12525, 1.5749745216453448e-05
12530, 1.8701615772442892e-05
12535, 2.334794044145383e-05
12540, 2.705317092477344e-05
12545, 3.541824480635114e-05
12550, 2.6074594643432647e-05
12555, 1.9157292626914568e-05
12560, 2.1329973606043495e-05
12565, 2.9503944460884668e-05
12570, 2.4187786038964987e-05
12575, 2.7894657250726596e-05
12580, 1.9118964701192454e-05
12585, 2.5800261937547475e-05
12590, 2.2156504201120697e-05
12595, 1.8691291188588366e-05
12600, 2.492547719157301e-05
12605, 3.6029818147653714e-05
12610, 3.222766099497676e-05
12615, 3.471543823252432e-05
12620, 2.2221776816877536e-05
12625, 2.8598318749573082e-05
12630, 2.0467787180677988e-05
12635, 2.481849332980346e-05
12640, 2.8629920052480884e-05
12645, 1.7324155123787932e-05
12650, 2.681558908079751e-05
12655, 3.642040610429831e-05
12660, 2.219306225015316e-05
12665, 2.1724046746385284e-05
12670, 2.1462852600961924e-05
12675, 2.1500572984223254e-05
12680, 2.290628617629409e-05
12685, 2.3865268303779885e-05
12690, 1.6611162209301256e-05
12695, 1.560586315463297e-05
12700, 2.4053608285612427e-05
12705, 2.5236387955374084e-05
12710, 2.4294620743603446e-05
12715, 1.8985238057211973e-05
12720, 3.294609996373765e-05
12725, 1.4794366506976075e-05
12730, 2.2352007363224402e-05
12735, 2.7646270609693602e-05
12740, 2.474798748153262e-05
12745, 3.4475222491892055e-05
12750, 1.9997385606984608e-05
12755, 2.9624849048559554e-05
12760, 2.0742450942634605e-05
12765, 2.014914025494363e-05
12770, 2.0173740267637186e-05
12775, 2.0995663362555206e-05
12780, 2.3462795070372522e-05
12785, 2.998735726578161e-05
12790, 2.4391481929342262e-05
12795, 1.6903233699849807e-05
12800, 2.25653584493557e-05
12805, 1.8850118067348376e-05
12810, 3.202647712896578e-05
12815, 2.2367024939740077e-05
12820, 3.4501092159189284e-05
12825, 2.4912564185797237e-05
12830, 2.104251689161174e-05
12835, 2.2246875232667662e-05
12840, 2.8402948373695835e-05
12845, 2.391869929851964e-05
12850, 2.0378105546114966e-05
12855, 2.739763294812292e-05
12860, 2.9651062504854053e-05
12865, 1.833209171309136e-05
12870, 2.8986496545257978e-05
12875, 2.730601954681333e-05
12880, 1.916641485877335e-05
12885, 1.8249564163852483e-05
12890, 1.845969927671831e-05
12895, 1.7216905689565465e-05
12900, 2.1288349671522155e-05
12905, 2.1865776943741366e-05
12910, 1.7394624592270702e-05
12915, 2.9837547117494978e-05
12920, 2.231827238574624e-05
12925, 2.0641329683712684e-05
12930, 2.1412584828794934e-05
12935, 1.983475340239238e-05
12940, 1.8661430658539757e-05
12945, 1.9114668248221278e-05
12950, 2.5598075808375143e-05
12955, 2.8038155505782925e-05
12960, 2.6483190595172346e-05
12965, 2.232858787465375e-05
12970, 2.1054491298855282e-05
12975, 2.6529089154792018e-05
12980, 2.9415150493150577e-05
12985, 3.4384880564175546e-05
12990, 2.5986482796724886e-05
12995, 4.4919568608747795e-05
13000, 1.891225838335231e-05
13005, 1.9423092453507707e-05
13010, 2.6120296752196737e-05
13015, 2.323623630218208e-05
13020, 2.37910462601576e-05
13025, 2.0746532754856162e-05
13030, 2.4136592401191592e-05
13035, 1.9174225599272177e-05
13040, 2.448358827678021e-05
13045, 1.902866642922163e-05
13050, 1.8514223484089598e-05
13055, 1.9874194549629465e-05
13060, 2.7771220629801974e-05
13065, 2.1250825739116408e-05
13070, 3.098962770309299e-05
13075, 2.523139482946135e-05
13080, 2.1052208467153832e-05
13085, 3.092654878855683e-05
13090, 2.500751543266233e-05
13095, 2.9022938178968616e-05
13100, 2.786269578791689e-05
13105, 3.173000004608184e-05
13110, 3.2525906135560945e-05
13115, 1.86817160283681e-05
13120, 2.1456404283526354e-05
13125, 3.354268483235501e-05
13130, 1.910579885588959e-05
13135, 2.074154508591164e-05
13140, 2.1426971215987578e-05
13145, 1.8769269445328973e-05
13150, 3.3937685657292604e-05
13155, 2.3747325030853972e-05
13160, 1.6570189472986385e-05
13165, 1.8336402717977762e-05
13170, 2.3193437300506048e-05
13175, 2.2298381736618467e-05
13180, 1.9740740754059516e-05
13185, 2.651793329278007e-05
13190, 1.5791516489116475e-05
13195, 2.0222509192535654e-05
13200, 1.8050739527097903e-05
13205, 1.8396640371065587e-05
13210, 1.6972044249996543e-05
13215, 1.668219374550972e-05
13220, 2.3229180442285724e-05
13225, 2.127863626810722e-05
13230, 2.0776749806827866e-05
13235, 2.2677048036712222e-05
13240, 2.4521648811060004e-05
13245, 3.3420550607843325e-05
13250, 2.669119930942543e-05
13255, 2.9378132239799015e-05
13260, 1.8659391571418382e-05
13265, 2.428054722258821e-05
13270, 2.6631871151039377e-05
13275, 2.7031564968638122e-05
13280, 2.196585774072446e-05
13285, 4.062689913553186e-05
13290, 2.125397077179514e-05
13295, 2.3153294023359194e-05
13300, 2.7376963771530427e-05
13305, 3.230743823223747e-05
13310, 2.774508175207302e-05
13315, 2.6018493372248486e-05
13320, 1.8284355974174105e-05
13325, 3.4084252547472715e-05
13330, 2.8676649890257977e-05
13335, 1.8405984519631602e-05
13340, 2.159350879082922e-05
13345, 2.748350379988551e-05
13350, 2.2857077055959962e-05
13355, 1.902362964756321e-05
13360, 3.3558422728674486e-05
13365, 1.9072303985012695e-05
13370, 2.9483828257070854e-05
13375, 2.0416116967680864e-05
13380, 2.0132998542976566e-05
13385, 3.353023203089833e-05
13390, 2.2662445189780556e-05
13395, 3.082981129409745e-05
13400, 2.6988829631591216e-05
13405, 2.650269743753597e-05
13410, 2.804961877700407e-05
13415, 2.224346826551482e-05
13420, 3.061547249672003e-05
13425, 3.717822255566716e-05
13430, 3.357108653290197e-05
13435, 3.047480458917562e-05
13440, 1.962759233720135e-05
13445, 1.8876977264881134e-05
13450, 3.495950295473449e-05
13455, 1.5890440408838913e-05
13460, 1.465709738113219e-05
13465, 1.9818895452772267e-05
13470, 1.8485785403754562e-05
13475, 2.1200787159614265e-05
13480, 2.2446814909926616e-05
13485, 2.60946799244266e-05
13490, 1.6440417311969213e-05
13495, 2.492827297828626e-05
13500, 2.578750718384981e-05
13505, 1.844483813329134e-05
13510, 1.785994209058117e-05
13515, 2.1093936084071174e-05
13520, 2.5886201910907403e-05
13525, 2.618528924358543e-05
13530, 3.0610975954914466e-05
13535, 3.138760439469479e-05
13540, 3.3242820791201666e-05
13545, 3.0394754503504373e-05
13550, 1.4009830010763835e-05
13555, 1.8869646737584844e-05
13560, 2.6240213628625497e-05
13565, 1.6967635019682348e-05
13570, 1.5917315977276303e-05
13575, 2.420982491457835e-05
13580, 2.223271076218225e-05
13585, 2.002921792154666e-05
13590, 3.471254603937268e-05
13595, 1.6494759620400146e-05
13600, 2.7998266887152568e-05
13605, 2.7851036065840162e-05
13610, 1.9658107703435235e-05
13615, 2.6156132662435994e-05
13620, 1.711822005745489e-05
13625, 1.8200880731455982e-05
13630, 4.1812094423221424e-05
13635, 2.607370879559312e-05
13640, 2.477225280017592e-05
13645, 3.3060889109037817e-05
13650, 2.4272458176710643e-05
13655, 2.562853660492692e-05
13660, 3.788374306168407e-05
13665, 2.6910145606962033e-05
13670, 2.803908137138933e-05
13675, 2.1411498892121017e-05
13680, 2.0010773368994705e-05
13685, 2.2102762159192935e-05
13690, 2.0409104763530195e-05
13695, 3.194102828274481e-05
13700, 2.6257963327225298e-05
13705, 1.646347482164856e-05
13710, 2.98358663712861e-05
13715, 3.482203101157211e-05
13720, 2.2788533897255547e-05
13725, 3.0299283025669865e-05
13730, 1.891697866085451e-05
13735, 2.131420660589356e-05
13740, 1.921510192914866e-05
13745, 1.5360923498519696e-05
13750, 3.145958544337191e-05
13755, 1.8716971680987626e-05
13760, 1.5715357221779414e-05
13765, 2.901676452893298e-05
13770, 1.9968914784840308e-05
13775, 2.3315020371228456e-05
13780, 3.782263956964016e-05
13785, 2.13411076401826e-05
13790, 2.4199107429012656e-05
13795, 2.3715956558589824e-05
13800, 2.5506215024506673e-05
13805, 3.1098563340492547e-05
13810, 1.4663796719105449e-05
13815, 2.5910001568263397e-05
13820, 2.1247351469355635e-05
13825, 2.9017570341238752e-05
13830, 2.4825900254654698e-05
13835, 2.9758242817479186e-05
13840, 2.378491080889944e-05
13845, 3.08340422634501e-05
13850, 2.234813291579485e-05
13855, 3.1260642572306097e-05
13860, 2.1906857000431046e-05
13865, 1.8107892174157314e-05
13870, 1.8745487977867015e-05
13875, 2.1822950657224283e-05
13880, 2.3641368898097426e-05
13885, 2.3625661924597807e-05
13890, 2.4156868676072918e-05
13895, 2.14223655348178e-05
13900, 2.467126068950165e-05
13905, 2.010150819842238e-05
13910, 2.434805537632201e-05
13915, 2.1795212887809612e-05
13920, 2.441627293592319e-05
13925, 2.3776250600349158e-05
13930, 3.222708619432524e-05
13935, 1.832662928791251e-05
13940, 2.8291022317716852e-05
13945, 2.452744956826791e-05
13950, 1.4380335414898582e-05
13955, 1.787664405128453e-05
13960, 2.1876005121157505e-05
13965, 4.723167876363732e-05
13970, 3.1906110962154344e-05
13975, 2.480970579199493e-05
13980, 2.6048426661873236e-05
13985, 2.2346190235111862e-05
13990, 2.3973943825694732e-05
13995, 3.8312049582600594e-05
14000, 3.02949920296669e-05
14005, 2.679636236280203e-05
14010, 1.649320802243892e-05
14015, 2.2884261852595955e-05
14020, 2.4564993509557098e-05
14025, 2.3038825020194054e-05
14030, 3.49721267411951e-05
14035, 2.0771149138454348e-05
14040, 1.9819288354483433e-05
14045, 1.9478857211652212e-05
14050, 1.5676345356041566e-05
14055, 1.934823376359418e-05
14060, 1.5514400729443878e-05
14065, 3.377364555490203e-05
14070, 1.4505053513858002e-05
14075, 3.945169009966776e-05
14080, 2.0975558072677813e-05
14085, 1.723656168906018e-05
14090, 2.1431258574011736e-05
14095, 2.731720633164514e-05
14100, 2.9489374355762266e-05
14105, 1.8841697965399362e-05
14110, 3.0599432648159564e-05
14115, 1.866865932242945e-05
14120, 1.9217521185055375e-05
14125, 2.9161392376408912e-05
14130, 2.078506804537028e-05
14135, 2.7594689527177252e-05
14140, 1.8166014342568815e-05
14145, 1.8210834241472185e-05
14150, 2.3577045794809237e-05
14155, 2.496587512723636e-05
14160, 1.911822982947342e-05
14165, 3.6523295420920476e-05
14170, 2.0897881768178195e-05
14175, 3.3082356821978465e-05
14180, 2.4129438315867446e-05
14185, 2.5121056751231663e-05
14190, 2.117906478815712e-05
14195, 1.8567474398878403e-05
14200, 2.4521084924344905e-05
14205, 3.058682705159299e-05
14210, 2.283199137309566e-05
14215, 1.6501684513059445e-05
14220, 1.8122313122148626e-05
14225, 1.8527010979596525e-05
14230, 2.728304752963595e-05
14235, 3.911002931999974e-05
14240, 1.5829980839043856e-05
14245, 2.71660592261469e-05
14250, 1.997710387513507e-05
14255, 1.751791569404304e-05
14260, 2.179116381739732e-05
14265, 1.794671334209852e-05
14270, 2.2129883291199803e-05
14275, 2.126418439729605e-05
14280, 2.6865112886298448e-05
14285, 2.0297495211707428e-05
14290, 1.4520374861604068e-05
14295, 2.0292009139666334e-05
14300, 1.7828086129156873e-05
14305, 1.793325282051228e-05
14310, 3.012490014953073e-05
14315, 2.3029520889394917e-05
14320, 2.8982380172237754e-05
14325, 2.4013230358832516e-05
14330, 1.761205385264475e-05
14335, 2.825454794219695e-05
14340, 1.983606671274174e-05
14345, 2.784439675451722e-05
14350, 1.7520002074888907e-05
14355, 2.1200088667683303e-05
14360, 2.1373823983594775e-05
14365, 2.4153061531251296e-05
14370, 1.5888568668742664e-05
14375, 1.7119707990786992e-05
14380, 1.9273205907666124e-05
14385, 1.673472252150532e-05
14390, 2.912742093030829e-05
14395, 1.968419564946089e-05
14400, 1.6801865058369003e-05
14405, 3.3806729334173724e-05
14410, 3.207941335858777e-05
14415, 3.198587000952102e-05
14420, 1.8848331819754094e-05
14425, 2.5051856937352568e-05
14430, 1.91905000974657e-05
14435, 1.6012445485102944e-05
14440, 2.622139800223522e-05
14445, 2.041121661022771e-05
14450, 1.5297871868824586e-05
14455, 2.504415351722855e-05
14460, 1.5753423213027418e-05
14465, 2.2583346435567364e-05
14470, 1.7595635654288344e-05
14475, 1.9149549189023674e-05
14480, 1.7489277524873614e-05
14485, 2.750049316091463e-05
14490, 2.2964190065977164e-05
14495, 2.031650183198508e-05
14500, 2.535668681957759e-05
14505, 2.25248841161374e-05
14510, 1.7982070858124644e-05
14515, 2.0667097487603314e-05
14520, 1.6991081793094054e-05
14525, 1.8972337784362026e-05
14530, 1.8504937543184496e-05
14535, 3.218434358132072e-05
14540, 1.4893000297888648e-05
14545, 2.592497730802279e-05
14550, 1.4261435353546403e-05
14555, 2.49985732807545e-05
14560, 2.130865141225513e-05
14565, 2.3784650693414733e-05
14570, 1.766542663972359e-05
14575, 1.7075577488867566e-05
14580, 2.2479487597593106e-05
14585, 4.1992047044914216e-05
14590, 2.1191210180404596e-05
14595, 2.0287576262489893e-05
14600, 2.1139376258361153e-05
14605, 2.0723751731566153e-05
14610, 2.733526889642235e-05
14615, 2.2222831830731593e-05
14620, 2.010042589972727e-05
14625, 2.1009051124565303e-05
14630, 1.9779465219471604e-05
14635, 2.2448542949859984e-05
14640, 2.4018032490857877e-05
14645, 1.7474298147135414e-05
14650, 2.3314742065849714e-05
14655, 1.7656886484473944e-05
14660, 2.2749118215870112e-05
14665, 2.3416072508553043e-05
14670, 2.3213431632029824e-05
14675, 3.083622868871316e-05
14680, 2.351493458263576e-05
14685, 2.3380000129691325e-05
14690, 1.3807312825520057e-05
14695, 2.0810852220165543e-05
14700, 2.0907940779579803e-05
14705, 2.850967393897008e-05
14710, 2.4953355023171753e-05
14715, 2.050632974714972e-05
14720, 2.0711784600280225e-05
14725, 2.3060067178448662e-05
14730, 1.905051976791583e-05
14735, 2.2980328139965422e-05
14740, 1.58051243488444e-05
14745, 2.400452649453655e-05
14750, 1.5959920347086154e-05
14755, 2.2223470296012238e-05
14760, 2.0259538359823637e-05
14765, 1.651945785852149e-05
14770, 1.829778921091929e-05
14775, 2.2736814571544528e-05
14780, 1.644673102418892e-05
14785, 1.9105893443338573e-05
14790, 1.5165806871664245e-05
14795, 1.8014063243754208e-05
14800, 2.037152626144234e-05
14805, 2.0177587430225685e-05
14810, 2.2661186449113302e-05
14815, 2.252159538329579e-05
14820, 3.0363713449332863e-05
14825, 1.4770967027288862e-05
14830, 3.142456625937484e-05
14835, 2.4350327294087037e-05
14840, 2.2715817976859398e-05
14845, 2.9441620426950976e-05
14850, 1.77742876985576e-05
14855, 1.5854475350352004e-05
14860, 1.755968332872726e-05
14865, 1.480903483752627e-05
14870, 1.71934279933339e-05
14875, 1.64321518241195e-05
14880, 2.2726220777258277e-05
14885, 1.8039983842754737e-05
14890, 2.8838467187597416e-05
14895, 2.236684667877853e-05
14900, 1.8831224224413745e-05
14905, 4.1181239794241264e-05
14910, 2.838997170329094e-05
14915, 2.128401683876291e-05
14920, 1.9833216356346384e-05
14925, 2.529324592615012e-05
14930, 1.7548041796544567e-05
14935, 2.0655530533986166e-05
14940, 2.9447135602822527e-05
14945, 1.8416933016851544e-05
14950, 2.0366920580272563e-05
14955, 1.6201689504669048e-05
14960, 2.5600631488487124e-05
14965, 1.9210989194107242e-05
14970, 1.7630012735025957e-05
14975, 1.8630358681548387e-05
14980, 2.222239891125355e-05
14985, 6.0734357248293236e-05
14990, 0.00018561887554824352
14995, 0.00021595109137706459
15000, 0.00015305714623536915
15005, 0.00013459967158269137
15010, 0.00015365220315288752
15015, 0.00010803568875417113
15020, 0.00011380577780073509
15025, 0.00010671323252609
15030, 0.00012429864727891982
15035, 7.337057468248531e-05
15040, 8.391304436372593e-05
15045, 8.873212937032804e-05
15050, 7.948360871523619e-05
15055, 7.046649989206344e-05
15060, 8.949900075094774e-05
15065, 7.750708755338565e-05
15070, 8.05792078608647e-05
15075, 4.7524430556222796e-05
15080, 5.099330155644566e-05
15085, 7.055509922793135e-05
15090, 5.0879625632660463e-05
15095, 7.322215242311358e-05
15100, 5.517612225958146e-05
15105, 3.8303740439005196e-05
15110, 3.510990063659847e-05
15115, 3.066971476073377e-05
15120, 3.890666630468331e-05
15125, 3.328415550640784e-05
15130, 4.780743984156288e-05
15135, 6.205285899341106e-05
15140, 3.444054163992405e-05
15145, 3.4904682252090424e-05
15150, 4.101851300220005e-05
15155, 3.1859799491940066e-05
15160, 3.9417518564732745e-05
15165, 3.933930565835908e-05
15170, 3.8074114854680374e-05
15175, 2.4647661120980047e-05
15180, 2.5518958864267915e-05
15185, 4.449518382898532e-05
15190, 2.7525658879312687e-05
15195, 3.129092510789633e-05
15200, 2.652038529049605e-05
15205, 3.414161255932413e-05
15210, 3.119327448075637e-05
15215, 5.6993576436070725e-05
15220, 4.007686220575124e-05
15225, 3.356801607878879e-05
15230, 3.8554258935619146e-05
15235, 3.941257455153391e-05
15240, 2.450236934237182e-05
15245, 2.4561009922763333e-05
15250, 3.825966268777847e-05
15255, 2.7093708922620863e-05
15260, 3.19469727401156e-05
15265, 2.3059779778122902e-05
15270, 2.476994995959103e-05
15275, 2.0677507563959807e-05
15280, 2.2624761186307296e-05
15285, 2.5189398002112284e-05
15290, 2.5648128939792514e-05
15295, 2.455437061144039e-05
15300, 1.905908720800653e-05
15305, 2.694438626349438e-05
15310, 3.132514757453464e-05
15315, 1.9740093193831854e-05
15320, 2.0266992578399368e-05
15325, 2.106148713210132e-05
15330, 3.8161702832439914e-05
15335, 3.138354077236727e-05
15340, 3.641488729044795e-05
15345, 2.062505518551916e-05
15350, 3.302750701550394e-05
15355, 2.012643017224036e-05
15360, 1.8655056919669732e-05
15365, 4.4664211600320414e-05
15370, 3.614973684307188e-05
15375, 1.488615816924721e-05
15380, 2.8076303351554088e-05
15385, 1.58961793204071e-05
15390, 1.7460028175264597e-05
15395, 2.027231857937295e-05
15400, 3.0565744964405894e-05
15405, 3.2111944165080786e-05
15410, 2.9137194360373542e-05
15415, 1.9175820852979086e-05
15420, 1.8832053683581762e-05
15425, 4.6796620154054835e-05
15430, 3.3135605917777866e-05
15435, 3.429905336815864e-05
15440, 2.0953406419721432e-05
15445, 2.651325849001296e-05
15450, 3.790987466345541e-05
15455, 2.437891816953197e-05
15460, 1.5930741938063875e-05
15465, 2.7937157938140444e-05
15470, 4.8001813411246985e-05
15475, 3.245069456170313e-05
15480, 2.1343321350286715e-05
15485, 1.8005997844738886e-05
15490, 2.6382356736576185e-05
15495, 2.8207616196596064e-05
15500, 2.4450057026115246e-05
15505, 3.340476905577816e-05
15510, 2.0674058760050684e-05
15515, 3.440519867581315e-05
15520, 1.8759094018605538e-05
15525, 1.784707092156168e-05
15530, 1.9441442418610677e-05
15535, 2.124127422575839e-05
15540, 2.0581479475367814e-05
15545, 1.943594907061197e-05
15550, 2.0814924937440082e-05
15555, 1.9891178453690372e-05
15560, 1.8415788872516714e-05
15565, 2.7742977181333117e-05
15570, 2.4479208150296472e-05
15575, 1.618178612261545e-05
15580, 1.8245476894662715e-05
15585, 2.277868588862475e-05
15590, 1.62549640663201e-05
15595, 2.3098773453966714e-05
15600, 2.4062244847300462e-05
15605, 1.987970608752221e-05
15610, 4.212370185996406e-05
15615, 2.7029975171899423e-05
15620, 2.260516157548409e-05
15625, 1.4259439922170714e-05
15630, 2.8627919164136983e-05
15635, 2.721409691730514e-05
15640, 1.7916285287356004e-05
15645, 2.1379984900704585e-05
15650, 2.052360105153639e-05
15655, 3.2114410714711994e-05
15660, 2.2589621949009597e-05
15665, 2.7504293029778637e-05
15670, 2.7632084311335348e-05
15675, 2.356528966629412e-05
15680, 4.154144335188903e-05
15685, 2.7415626391302794e-05
15690, 1.6603380572632886e-05
15695, 2.693734313652385e-05
15700, 1.6622710973024368e-05
15705, 1.8046635887003504e-05
15710, 1.9431852706475183e-05
15715, 2.2752796212444082e-05
15720, 2.0252447939128615e-05
15725, 2.941885031759739e-05
15730, 2.1676112737623043e-05
15735, 2.5320714485133067e-05
15740, 1.7041813407558948e-05
15745, 1.8576694856164977e-05
15750, 1.5612724382663146e-05
15755, 1.84551281563472e-05
15760, 1.8792903574649245e-05
15765, 2.635562304931227e-05
15770, 1.534749026177451e-05
15775, 2.4295173716382124e-05
15780, 2.111637149937451e-05
15785, 1.9650900867418386e-05
15790, 3.0288269044831395e-05
15795, 3.2135551009560004e-05
15800, 2.8108659535064362e-05
15805, 1.9582324966904707e-05
15810, 2.653281990205869e-05
15815, 1.8317188732908107e-05
15820, 3.101181209785864e-05
15825, 1.606512159924023e-05
15830, 3.1499530450673774e-05
15835, 2.624877197376918e-05
15840, 2.4751452656346373e-05
15845, 2.3105274522094987e-05
15850, 2.688161112018861e-05
15855, 1.650437479838729e-05
15860, 1.8490874936105683e-05
15865, 1.5789915778441355e-05
15870, 2.203788790211547e-05
15875, 3.205999746569432e-05
15880, 1.9888562746928073e-05
15885, 1.954245090018958e-05
15890, 2.8016995202051476e-05
15895, 1.5921266822260804e-05
15900, 3.3621381589910015e-05
15905, 2.6187373805441894e-05
15910, 1.854324000305496e-05
15915, 1.8477416233508848e-05
15920, 2.99877101497259e-05
15925, 2.1621304767904803e-05
15930, 2.2955378881306387e-05
15935, 1.5872907169978134e-05
15940, 2.4190754629671574e-05
15945, 2.2718226318829693e-05
15950, 3.0271285140770487e-05
15955, 2.577039776952006e-05
15960, 1.990852615563199e-05
15965, 3.301939432276413e-05
15970, 3.0087190680205822e-05
15975, 2.8379970899550244e-05
15980, 1.8944958355859853e-05
15985, 2.3838914785301313e-05
15990, 2.6927045837510377e-05
15995, 3.512343027978204e-05
16000, 2.8141001166659407e-05
16005, 1.8983368136105128e-05
16010, 2.7955160476267338e-05
16015, 2.2830736270407215e-05
16020, 1.6689587937435135e-05
16025, 3.4526197850937024e-05
16030, 1.8120157619705424e-05
16035, 3.0047753170947544e-05
16040, 3.1681473046774045e-05
16045, 2.240604408143554e-05
16050, 1.732923192321323e-05
