0, 0.04334290325641632
5, 0.032139480113983154
10, 0.01925663836300373
15, 0.01617570035159588
20, 0.008984971791505814
25, 0.018669819459319115
30, 0.012185153551399708
35, 0.00912524200975895
40, 0.01030286680907011
45, 0.01302708312869072
50, 0.017434708774089813
55, 0.013310403563082218
60, 0.009305440820753574
65, 0.01396314986050129
70, 0.009260042570531368
75, 0.011744696646928787
80, 0.01159119326621294
85, 0.007458788808435202
90, 0.006675709970295429
95, 0.005592328030616045
100, 0.00532622542232275
105, 0.005037120543420315
110, 0.0035897432826459408
115, 0.0036938171833753586
120, 0.0037683616392314434
125, 0.003586458507925272
130, 0.0023478278890252113
135, 0.002446273108944297
140, 0.0019117755582556129
145, 0.002296179300174117
150, 0.0018226760439574718
155, 0.0019980045035481453
160, 0.001781162922270596
165, 0.0017326080705970526
170, 0.0018743237014859915
175, 0.0019545259419828653
180, 0.0023270046804100275
185, 0.001857429975643754
190, 0.0019033580319955945
195, 0.0019121143268421292
200, 0.0016508089611306787
205, 0.0014144104206934571
210, 0.00226108287461102
215, 0.0012544066412374377
220, 0.0018519809236750007
225, 0.0011468492448329926
230, 0.00202056928537786
235, 0.0012326242867857218
240, 0.001690204837359488
245, 0.002641345141455531
250, 0.0012330644531175494
255, 0.0019396853167563677
260, 0.0016967927804216743
265, 0.002252554288133979
270, 0.0030494192615151405
275, 0.0010687729809433222
280, 0.0016148468712344766
285, 0.001487712492235005
290, 0.0025516324676573277
295, 0.0014390343567356467
300, 0.0012959003215655684
305, 0.0011366514954715967
310, 0.001813077018596232
315, 0.0015115514397621155
320, 0.00114688731264323
325, 0.001265050726942718
330, 0.0014009031001478434
335, 0.0011308931279927492
340, 0.0015562549233436584
345, 0.0024161790497601032
350, 0.002246120711788535
355, 0.0025362905580550432
360, 0.002472792286425829
365, 0.0022245189175009727
370, 0.0032464289106428623
375, 0.0022326295729726553
380, 0.0024455245584249496
385, 0.002237029140815139
390, 0.0032124416902661324
395, 0.0027340929955244064
400, 0.0033455705270171165
405, 0.004156472161412239
410, 0.003023256082087755
415, 0.004380331374704838
420, 0.005113091319799423
425, 0.004074347671121359
430, 0.004168908577412367
435, 0.004124191123992205
440, 0.0049543483182787895
445, 0.002903222106397152
450, 0.005337361712008715
455, 0.004327450413256884
460, 0.004361363127827644
465, 0.005407985765486956
470, 0.0057673379778862
475, 0.005211018957197666
480, 0.0054017421789467335
485, 0.004235844127833843
490, 0.004548009485006332
495, 0.006028905976563692
500, 0.005145345814526081
505, 0.005460252519696951
510, 0.005946943536400795
515, 0.005271582398563623
520, 0.005329594481736422
525, 0.004197810310870409
530, 0.003360157599672675
535, 0.004838558845221996
540, 0.0038245997857302427
545, 0.00464999582618475
550, 0.004911108408123255
555, 0.004235444124788046
560, 0.0035820351913571358
565, 0.004176156595349312
570, 0.004730318207293749
575, 0.005143246613442898
580, 0.005579262971878052
585, 0.004505259916186333
590, 0.00462066475301981
595, 0.005220551509410143
600, 0.005883915349841118
605, 0.0050031873397529125
610, 0.0054757497273385525
615, 0.005073487758636475
620, 0.006792080122977495
625, 0.005835091229528189
630, 0.005881212186068296
635, 0.006428357679396868
640, 0.006901649758219719
645, 0.006176909897476435
650, 0.007631789427250624
655, 0.006541580427438021
660, 0.00680882204324007
665, 0.009177795611321926
670, 0.0077409991063177586
675, 0.007206299342215061
680, 0.008698005229234695
685, 0.007632689084857702
690, 0.006628429517149925
695, 0.006763989571481943
700, 0.00902919378131628
705, 0.007624057587236166
710, 0.010499563068151474
715, 0.00843250472098589
720, 0.008291233330965042
725, 0.010818972252309322
730, 0.00960476603358984
735, 0.007928822189569473
740, 0.007824554108083248
745, 0.009270933456718922
750, 0.009694838896393776
755, 0.008504648692905903
760, 0.008003299124538898
765, 0.008572041988372803
770, 0.009419381618499756
775, 0.009505344554781914
780, 0.008904780261218548
785, 0.008994340896606445
790, 0.010111268609762192
795, 0.009767132811248302
800, 0.009410255588591099
805, 0.009716028347611427
810, 0.007854116149246693
815, 0.00795429851859808
820, 0.008090787567198277
825, 0.007676835637539625
830, 0.008723550476133823
835, 0.009433304890990257
840, 0.009395351633429527
845, 0.008735936135053635
850, 0.00803668424487114
855, 0.009875359013676643
860, 0.01071961410343647
865, 0.010725230909883976
870, 0.00989261083304882
875, 0.00839784275740385
880, 0.010643061250448227
885, 0.009404120035469532
890, 0.00968679878860712
895, 0.01064823567867279
900, 0.010316289030015469
905, 0.011845464818179607
910, 0.01106963586062193
915, 0.01084964256733656
920, 0.013218016363680363
925, 0.011729326099157333
930, 0.012762708589434624
935, 0.013626547530293465
940, 0.011319668032228947
945, 0.011951801367104053
950, 0.01095653511583805
955, 0.013606473803520203
960, 0.013686146587133408
965, 0.01249957550317049
970, 0.013676660135388374
975, 0.013623823411762714
980, 0.013414711691439152
985, 0.01450459286570549
990, 0.012669737450778484
995, 0.015974409878253937
1000, 0.014492921531200409
1005, 0.013922522775828838
1010, 0.016902731731534004
1015, 0.014718722552061081
1020, 0.014553098008036613
1025, 0.015344704501330853
1030, 0.015372557565569878
1035, 0.017828430980443954
1040, 0.014985854737460613
1045, 0.017510103061795235
1050, 0.01641823723912239
1055, 0.018595946952700615
1060, 0.01640833355486393
1065, 0.01712190918624401
1070, 0.016132928431034088
1075, 0.016905175521969795
1080, 0.015931008383631706
1085, 0.018580598756670952
1090, 0.016471784561872482
1095, 0.018108470365405083
1100, 0.019041329622268677
1105, 0.01625634729862213
1110, 0.01872139796614647
1115, 0.019159937277436256
1120, 0.018140830099582672
1125, 0.017675114795565605
1130, 0.015245017595589161
1135, 0.018326925113797188
1140, 0.01939823292195797
1145, 0.017992215231060982
1150, 0.020229458808898926
1155, 0.020315058529376984
1160, 0.017670946195721626
1165, 0.019998731091618538
1170, 0.01790676638484001
1175, 0.019776811823248863
1180, 0.014058798551559448
1185, 0.016995340585708618
1190, 0.018657708540558815
1195, 0.01671285182237625
1200, 0.01696365885436535
1205, 0.017108619213104248
1210, 0.01865796186029911
1215, 0.018206097185611725
1220, 0.019208507612347603
1225, 0.017419256269931793
1230, 0.018835127353668213
1235, 0.017872655764222145
1240, 0.018562763929367065
1245, 0.01808476820588112
1250, 0.018615292385220528
1255, 0.01689370535314083
1260, 0.018334709107875824
1265, 0.019028043374419212
1270, 0.021165408194065094
1275, 0.020575985312461853
1280, 0.021277885884046555
1285, 0.01856810972094536
1290, 0.019149191677570343
1295, 0.019146425649523735
1300, 0.018082546070218086
1305, 0.019523313269019127
1310, 0.021385902538895607
1315, 0.020300643518567085
1320, 0.017824608832597733
1325, 0.01666383258998394
1330, 0.01559331826865673
1335, 0.020283199846744537
1340, 0.015648258849978447
1345, 0.02036246471107006
1350, 0.017519621178507805
1355, 0.018487688153982162
1360, 0.02064322680234909
1365, 0.01832478679716587
1370, 0.018252229318022728
1375, 0.02015026845037937
1380, 0.018856456503272057
1385, 0.019193559885025024
1390, 0.01629756949841976
1395, 0.018940264359116554
1400, 0.017501257359981537
1405, 0.01717459410429001
1410, 0.016310233622789383
1415, 0.018465612083673477
1420, 0.01915978454053402
1425, 0.019219566136598587
1430, 0.018384674564003944
1435, 0.01678173802793026
1440, 0.01859484612941742
1445, 0.016420789062976837
1450, 0.01816626265645027
1455, 0.018420381471514702
1460, 0.019274020567536354
1465, 0.01939423754811287
1470, 0.016810640692710876
1475, 0.0173777025192976
1480, 0.017519650980830193
1485, 0.018298858776688576
1490, 0.017055898904800415
1495, 0.016948413103818893
1500, 0.017303986474871635
1505, 0.015868613496422768
1510, 0.01666775904595852
1515, 0.017693256959319115
1520, 0.018572019413113594
1525, 0.01669216901063919
1530, 0.019227229058742523
1535, 0.019331511110067368
1540, 0.02261732518672943
1545, 0.020251333713531494
1550, 0.0166854839771986
1555, 0.017651690170168877
1560, 0.019261043518781662
1565, 0.022485442459583282
1570, 0.017525671049952507
1575, 0.018324367702007294
1580, 0.019540591165423393
1585, 0.016888046637177467
1590, 0.01884407550096512
1595, 0.018946506083011627
1600, 0.016785182058811188
1605, 0.01625637523829937
1610, 0.019370827823877335
1615, 0.014199943281710148
1620, 0.014253468252718449
1625, 0.017515573650598526
1630, 0.01562168076634407
1635, 0.018374139443039894
1640, 0.01777059957385063
1645, 0.014134319499135017
1650, 0.016727471724152565
1655, 0.014670919626951218
1660, 0.016799071803689003
1665, 0.01793491654098034
1670, 0.01712932251393795
1675, 0.01620372198522091
1680, 0.014630754478275776
1685, 0.014540346339344978
1690, 0.019723689183592796
1695, 0.016849782317876816
1700, 0.0156064098700881
1705, 0.017494823783636093
1710, 0.015086831524968147
1715, 0.01760677434504032
1720, 0.01591164618730545
1725, 0.015111774206161499
1730, 0.016806960105895996
1735, 0.018959639593958855
1740, 0.017587339505553246
1745, 0.0154489791020751
1750, 0.017717871814966202
1755, 0.017677398398518562
1760, 0.017526503652334213
1765, 0.015364591963589191
1770, 0.015739155933260918
1775, 0.014113771729171276
1780, 0.016621679067611694
1785, 0.015416176058351994
1790, 0.01605009101331234
1795, 0.01418161578476429
1800, 0.017673026770353317
1805, 0.016075102612376213
1810, 0.01530049741268158
1815, 0.017354130744934082
1820, 0.012913317419588566
1825, 0.014149274677038193
1830, 0.01601317711174488
1835, 0.015607161447405815
1840, 0.016221709549427032
1845, 0.017506347969174385
1850, 0.015361378900706768
1855, 0.017027530819177628
1860, 0.016654593870043755
1865, 0.01547366101294756
1870, 0.016123151406645775
1875, 0.01539467554539442
1880, 0.013376017101109028
1885, 0.01703209988772869
1890, 0.01294021587818861
1895, 0.014657239429652691
1900, 0.01384375523775816
1905, 0.013886610977351665
1910, 0.013233338482677937
1915, 0.012907903641462326
1920, 0.016518082469701767
1925, 0.013993775472044945
1930, 0.011621660552918911
1935, 0.012761848047375679
1940, 0.013618145138025284
1945, 0.012877300381660461
1950, 0.01571657881140709
1955, 0.01474185474216938
1960, 0.014179570600390434
1965, 0.01336838211864233
1970, 0.012262844480574131
1975, 0.014239750802516937
1980, 0.013296501711010933
1985, 0.013318046927452087
1990, 0.014142203144729137
1995, 0.012118157930672169
2000, 0.014630415476858616
2005, 0.014548119157552719
2010, 0.013430736027657986
2015, 0.012808099389076233
2020, 0.012466613203287125
2025, 0.011059076525270939
2030, 0.012653893791139126
2035, 0.016389841213822365
2040, 0.012651494704186916
2045, 0.013447515666484833
2050, 0.011982904747128487
2055, 0.013044864870607853
2060, 0.014008290134370327
2065, 0.010541419498622417
2070, 0.012341965921223164
2075, 0.013371460139751434
2080, 0.011812789365649223
2085, 0.012735465541481972
2090, 0.010167224332690239
2095, 0.012918357737362385
2100, 0.009868726134300232
2105, 0.011762773618102074
2110, 0.013185886666178703
2115, 0.009390278719365597
2120, 0.011672561056911945
2125, 0.00989967118948698
2130, 0.011352320201694965
2135, 0.012065253220498562
2140, 0.012700469233095646
2145, 0.010159449651837349
2150, 0.010273998603224754
2155, 0.01124642789363861
2160, 0.009800086729228497
2165, 0.01171103585511446
2170, 0.010012492537498474
2175, 0.011579846031963825
2180, 0.010152141563594341
2185, 0.010892154648900032
2190, 0.009398859925568104
2195, 0.010850503109395504
2200, 0.010918764397501945
2205, 0.010055490769445896
2210, 0.010769566521048546
2215, 0.008460923098027706
2220, 0.009983220137655735
2225, 0.010220936499536037
2230, 0.009118890389800072
2235, 0.009712409228086472
2240, 0.010475325398147106
2245, 0.009291199035942554
2250, 0.007724623661488295
2255, 0.008589881472289562
2260, 0.007509187329560518
2265, 0.010286481119692326
2270, 0.007590532768517733
2275, 0.007562114391475916
2280, 0.007967501878738403
2285, 0.009474319405853748
2290, 0.008901484310626984
2295, 0.00930313766002655
2300, 0.007335148751735687
2305, 0.008758928626775742
2310, 0.008513947948813438
2315, 0.008975333534181118
2320, 0.008678211830556393
2325, 0.009911113418638706
2330, 0.0077120279893279076
2335, 0.00798210222274065
2340, 0.008131069131195545
2345, 0.007607968989759684
2350, 0.008426808752119541
2355, 0.007327503990381956
2360, 0.007492648903280497
2365, 0.008893373422324657
2370, 0.007785749156028032
2375, 0.007150870282202959
2380, 0.007500562351197004
2385, 0.006618593353778124
2390, 0.007837110199034214
2395, 0.0069694072008132935
2400, 0.007900356315076351
2405, 0.00774112856015563
2410, 0.006425015162676573
2415, 0.00853017158806324
2420, 0.006464069243520498
2425, 0.006067497655749321
2430, 0.005669183097779751
2435, 0.006427715998142958
2440, 0.006667412351816893
2445, 0.006246986333280802
2450, 0.005822217557579279
2455, 0.006166030652821064
2460, 0.007808847818523645
2465, 0.006148156244307756
2470, 0.005846795160323381
2475, 0.006112999748438597
2480, 0.005736332852393389
2485, 0.005468200426548719
2490, 0.005116262938827276
2495, 0.005265881773084402
2500, 0.004878138657659292
2505, 0.006141214165836573
2510, 0.0049822148866951466
2515, 0.00669521652162075
2520, 0.004934501834213734
2525, 0.005083922762423754
2530, 0.00427348492667079
2535, 0.0047196270897984505
2540, 0.004230721853673458
2545, 0.005779549945145845
2550, 0.00465401029214263
2555, 0.004539210349321365
2560, 0.0036781546659767628
2565, 0.00587728014215827
2570, 0.004801122937351465
2575, 0.00400320440530777
2580, 0.002959043253213167
2585, 0.004373958799988031
2590, 0.0038054026663303375
2595, 0.004418571945279837
2600, 0.003983291797339916
2605, 0.003375775646418333
2610, 0.003724080277606845
2615, 0.004456562455743551
2620, 0.0036052034702152014
2625, 0.0033681034110486507
2630, 0.003747982904314995
2635, 0.0028020807076245546
2640, 0.003542921971529722
2645, 0.0035062888637185097
2650, 0.003884088946506381
2655, 0.003128357697278261
2660, 0.0027749955188483
2665, 0.003790038637816906
2670, 0.003745648078620434
2675, 0.002838416723534465
2680, 0.003103001043200493
2685, 0.002796751679852605
2690, 0.002519469242542982
2695, 0.0029175137169659138
2700, 0.002999811666086316
2705, 0.002354483352974057
2710, 0.002743874676525593
2715, 0.002170525724068284
2720, 0.0023151522036641836
2725, 0.002570347161963582
2730, 0.002580539556220174
2735, 0.002512966748327017
2740, 0.0027509178034961224
2745, 0.002198968781158328
2750, 0.0025999981444329023
2755, 0.0021597929298877716
2760, 0.00255666789598763
2765, 0.0021917156409472227
2770, 0.00232959003187716
2775, 0.0016989492578431964
2780, 0.002311673713847995
2785, 0.002033524215221405
2790, 0.0019032807322219014
2795, 0.002281907945871353
2800, 0.0021039063576608896
2805, 0.0018163617933169007
2810, 0.0019492917926982045
2815, 0.0019460039911791682
2820, 0.0020593658555299044
2825, 0.0016453260323032737
2830, 0.0022333133965730667
2835, 0.0017273995326831937
2840, 0.0018161499174311757
2845, 0.0016765085747465491
2850, 0.0022337441332638264
2855, 0.0015904251486063004
2860, 0.0016983462264761329
2865, 0.0017739030299708247
2870, 0.0020352210849523544
2875, 0.0016937053296715021
2880, 0.0018698073690757155
2885, 0.0018759750528261065
2890, 0.0014940485125407577
2895, 0.0016569464933127165
2900, 0.0015125828795135021
2905, 0.0018207501852884889
2910, 0.0017138594994321465
2915, 0.0015516596613451838
2920, 0.0013450118713080883
2925, 0.0016264640726149082
2930, 0.0015674217138439417
2935, 0.0019363102037459612
2940, 0.0014410375151783228
2945, 0.0017788134282454848
2950, 0.0019358780700713396
2955, 0.001726643880829215
2960, 0.0016385818598791957
2965, 0.001334624015726149
2970, 0.001894547720439732
2975, 0.0017170266946777701
2980, 0.0019059404730796814
2985, 0.00170911755412817
2990, 0.0012498825090005994
2995, 0.0010315137915313244
3000, 0.0013105099787935615
3005, 0.0015932621899992228
3010, 0.001965878065675497
3015, 0.0013697042595595121
3020, 0.001501481980085373
3025, 0.0014832104789093137
3030, 0.0012783011188730597
3035, 0.001214700867421925
3040, 0.0013874090509489179
3045, 0.0014467545552179217
3050, 0.001139824278652668
3055, 0.001478241989389062
3060, 0.001380279310978949
3065, 0.001441459869965911
3070, 0.0012661024229601026
3075, 0.0015343880513682961
3080, 0.001429011463187635
3085, 0.0014625964686274529
3090, 0.0016502185026183724
3095, 0.0012873923406004906
3100, 0.001325216144323349
3105, 0.0013042923528701067
3110, 0.0014756121672689915
3115, 0.0014280438190326095
3120, 0.001331097329966724
3125, 0.0013492333237081766
3130, 0.0011602306040003896
3135, 0.0016255724476650357
3140, 0.0013400384923443198
3145, 0.0015103433979675174
3150, 0.0016143058892339468
3155, 0.0012833286309614778
3160, 0.0014250472886487842
3165, 0.0012767037842422724
3170, 0.0011899361852556467
3175, 0.0011550610652193427
3180, 0.0011161536676809192
3185, 0.0013732464285567403
3190, 0.0012021396541967988
3195, 0.0010809455998241901
3200, 0.001231058849953115
3205, 0.0011450945166870952
3210, 0.0013545748079195619
3215, 0.001375272055156529
3220, 0.0010870681144297123
3225, 0.0011557627003639936
3230, 0.0012860822025686502
3235, 0.0012221138458698988
3240, 0.0010862821945920587
3245, 0.0012430829228833318
3250, 0.0010974574834108353
3255, 0.0013902527280151844
3260, 0.0010162679245695472
3265, 0.001218888908624649
3270, 0.0010969529394060373
3275, 0.0008175501716323197
3280, 0.0010347766801714897
3285, 0.001036140020005405
3290, 0.0013423580676317215
3295, 0.0010733207454904914
3300, 0.0010723854647949338
3305, 0.0011764004593715072
3310, 0.0011703610653057694
3315, 0.0010646269656717777
3320, 0.0012462566373869777
3325, 0.0010469261324033141
3330, 0.0008583350572735071
3335, 0.0009809060720726848
3340, 0.0012487529311329126
3345, 0.0009099517483264208
3350, 0.0011059619719162583
3355, 0.0009577759774401784
3360, 0.001131533645093441
3365, 0.0011616979027166963
3370, 0.001110898214392364
3375, 0.0011161142028868198
3380, 0.0008160262950696051
3385, 0.0009683049865998328
3390, 0.001016939990222454
3395, 0.0012119594030082226
3400, 0.0014031516620889306
3405, 0.0009547557565383613
3410, 0.0011427466524764895
3415, 0.0009528721566312015
3420, 0.000819798675365746
3425, 0.0011442198883742094
3430, 0.0009865937754511833
3435, 0.0012926008785143495
3440, 0.0007755767437629402
3445, 0.0008421165985055268
3450, 0.001183900167234242
3455, 0.0011092659551650286
3460, 0.0009037951822392642
3465, 0.0008974171942099929
3470, 0.0009596867603249848
3475, 0.0009750201134011149
3480, 0.000901821709703654
3485, 0.0008697266457602382
3490, 0.0012254794128239155
3495, 0.000977943418547511
3500, 0.0008677211008034647
3505, 0.0008986060274764895
3510, 0.0008185905171558261
3515, 0.0010631881887093186
3520, 0.0008658022852614522
3525, 0.0009105472126975656
3530, 0.0008355139289051294
3535, 0.0007799500599503517
3540, 0.0009871707297861576
3545, 0.0008160579018294811
3550, 0.000886762049049139
3555, 0.0009865110041573644
3560, 0.0010431362316012383
3565, 0.0006972469273023307
3570, 0.0011017846409231424
3575, 0.0010271950159221888
3580, 0.0008731911657378078
3585, 0.0007482717628590763
3590, 0.0009806117741391063
3595, 0.0008252051193267107
3600, 0.0007356692804023623
3605, 0.000888545997440815
3610, 0.0009223317611031234
3615, 0.0008813771419227123
3620, 0.0008460889803245664
3625, 0.0008855446358211339
3630, 0.0008063075365498662
3635, 0.000799969770014286
3640, 0.0009023140883073211
3645, 0.00069554423680529
3650, 0.0007722513983026147
3655, 0.000986103666946292
3660, 0.000979297561571002
3665, 0.0008870473247952759
3670, 0.0010962001979351044
3675, 0.0008076363592408597
3680, 0.0007652681088075042
3685, 0.0008344785892404616
3690, 0.0008329190313816071
3695, 0.0006859025452286005
3700, 0.0007505700341425836
3705, 0.0007645890000276268
3710, 0.0006302553229033947
3715, 0.0007330927182920277
3720, 0.0007252697250805795
3725, 0.0007325224578380585
3730, 0.0006524594500660896
3735, 0.0006540973554365337
3740, 0.0009698632638901472
3745, 0.0008123360457830131
3750, 0.0007243739673867822
3755, 0.0009207798866555095
3760, 0.0008147823391482234
3765, 0.0006403159932233393
3770, 0.0007469301344826818
3775, 0.0007291603833436966
3780, 0.0007698198896832764
3785, 0.0007532913004979491
3790, 0.0007547392742708325
3795, 0.0007696196553297341
3800, 0.0006481271120719612
3805, 0.0006939898012205958
3810, 0.0005512817297130823
3815, 0.000720039417501539
3820, 0.0007551898015663028
3825, 0.0006332903867587447
3830, 0.0004682272265199572
3835, 0.000628619862254709
3840, 0.0008025478455238044
3845, 0.0005898768431507051
3850, 0.0006182364886626601
3855, 0.0006995737203396857
3860, 0.000699766562320292
3865, 0.0007071543950587511
3870, 0.0006363067659549415
3875, 0.0005893741617910564
3880, 0.0007995821069926023
3885, 0.0007299007847905159
3890, 0.0006392998620867729
3895, 0.0007186136208474636
3900, 0.0007097133784554899
3905, 0.000698573247063905
3910, 0.0006376446690410376
3915, 0.0007442273199558258
3920, 0.000754325243178755
3925, 0.000747476820833981
3930, 0.0006747266743332148
3935, 0.0006440255674533546
3940, 0.0005703689530491829
3945, 0.0006655132747255266
3950, 0.0006198463961482048
3955, 0.0006093509728088975
3960, 0.000635446747764945
3965, 0.0007233054493553936
3970, 0.00046884341281838715
3975, 0.0006322995177470148
3980, 0.0006225051474757493
3985, 0.000540884502697736
3990, 0.0006492598913609982
3995, 0.0006287168362177908
4000, 0.0005915059009566903
4005, 0.0007499783532693982
4010, 0.0007522192317992449
4015, 0.000666479580104351
4020, 0.00046241702511906624
4025, 0.0005938998656347394
4030, 0.0006106560467742383
4035, 0.0005527360481210053
4040, 0.000705139187630266
4045, 0.000726464088074863
4050, 0.0005971829523332417
4055, 0.0006171220447868109
4060, 0.0005738803884014487
4065, 0.00044037034967914224
4070, 0.0006417850381694734
4075, 0.0005684292991645634
4080, 0.0006716978386975825
4085, 0.0005092421197332442
4090, 0.0006156064919196069
4095, 0.0005220017628744245
4100, 0.0006048970390111208
4105, 0.0005506085581146181
4110, 0.0007255423115566373
4115, 0.0006235018954612315
4120, 0.0004580723762046546
4125, 0.0006645641406066716
4130, 0.000605455250479281
4135, 0.0006552538252435625
4140, 0.00040834519313648343
4145, 0.0005282945930957794
4150, 0.0005301819765008986
4155, 0.0005924481083638966
4160, 0.0006047219503670931
4165, 0.0004353040421847254
4170, 0.0004661179264076054
4175, 0.0005107859033159912
4180, 0.000493333674967289
4185, 0.0005850721499882638
4190, 0.0005594946560449898
4195, 0.000647548062261194
4200, 0.0004991469322703779
4205, 0.0005960343405604362
4210, 0.0004381392791401595
4215, 0.0006020333385095
4220, 0.0006092042895033956
4225, 0.0006776024238206446
4230, 0.0004737583512905985
4235, 0.0005989499040879309
4240, 0.0005885146674700081
4245, 0.0004748237261082977
4250, 0.0005048428429290652
4255, 0.00048057636013254523
4260, 0.0004191251064185053
4265, 0.00045882826088927686
4270, 0.0005319475894793868
4275, 0.0005030120955780149
4280, 0.0006270866142585874
4285, 0.00048823378165252507
4290, 0.0006135732401162386
4295, 0.0005159953143447638
4300, 0.000548919546417892
4305, 0.0003768859605770558
4310, 0.0004046970861963928
4315, 0.0006097052246332169
4320, 0.0004082380037289113
4325, 0.00044800087925978005
4330, 0.0006092795520089567
4335, 0.000339117570547387
4340, 0.0005559832789003849
4345, 0.00034325322485528886
4350, 0.0004658014513552189
4355, 0.0005713948630727828
4360, 0.00046391348587349057
4365, 0.0004966259002685547
4370, 0.0004883477231487632
4375, 0.0004995968192815781
4380, 0.00035934767220169306
4385, 0.00044859989429824054
4390, 0.0005172832170501351
4395, 0.0004677111573982984
4400, 0.00046355644008144736
4405, 0.0004567236464936286
4410, 0.0003987524542026222
4415, 0.00037828905624337494
4420, 0.000666947802528739
4425, 0.00046405469765886664
4430, 0.00038952406612224877
4435, 0.00039520880091004074
4440, 0.0004176159854978323
4445, 0.0005635045818053186
4450, 0.0005066485609859228
4455, 0.000484359246911481
4460, 0.00037418093415908515
4465, 0.0003589001134969294
4470, 0.0003129977558273822
4475, 0.0004158318624831736
4480, 0.0006139932665973902
4485, 0.0004931242438033223
4490, 0.00040670798625797033
4495, 0.00038939682417549193
4500, 0.00040588638512417674
4505, 0.00039219536120072007
4510, 0.00045221438631415367
4515, 0.00047526619164273143
4520, 0.0004797675646841526
4525, 0.0003683625836856663
4530, 0.0004975543124601245
4535, 0.0003635633911471814
4540, 0.00040075197466649115
4545, 0.00039904817822389305
4550, 0.0005331723368726671
4555, 0.0004941779188811779
4560, 0.00048276595771312714
4565, 0.0004268354969099164
4570, 0.00048042769776657224
4575, 0.0004145853454247117
4580, 0.0003617932670749724
4585, 0.0004556718631647527
4590, 0.00042638450395315886
4595, 0.00046891081728972495
4600, 0.0004017405735794455
4605, 0.00047542067477479577
4610, 0.0003998498432338238
4615, 0.00039214862044900656
4620, 0.00034694880014285445
4625, 0.00032450532307848334
4630, 0.0004061892395839095
4635, 0.0004093295137863606
4640, 0.00040893882396630943
4645, 0.00045244969078339636
4650, 0.0004180638352409005
4655, 0.00029992786585353315
4660, 0.00033936643740162253
4665, 0.00037168595008552074
4670, 0.00032922340324148536
4675, 0.0003581067139748484
4680, 0.0005830860463902354
4685, 0.000501128553878516
4690, 0.00045776358456350863
4695, 0.0004985884297639132
4700, 0.0003776751400437206
4705, 0.00041672319639474154
4710, 0.0003581225755624473
4715, 0.00041213128133676946
4720, 0.0004976072814315557
4725, 0.0004006556991953403
4730, 0.0004790679377038032
4735, 0.0003589803527574986
4740, 0.00037380418507382274
4745, 0.0003069634549319744
4750, 0.00033393228659406304
4755, 0.0003767634043470025
4760, 0.00035547910374589264
4765, 0.0004423299396876246
4770, 0.00032235137769021094
4775, 0.0003854813985526562
4780, 0.0004384945204947144
4785, 0.0003393102088011801
4790, 0.00037623054231517017
4795, 0.00037112407153472304
4800, 0.0003344471915625036
4805, 0.00037752691423520446
4810, 0.00033789261942729354
4815, 0.0004053594311699271
4820, 0.00035136810038238764
4825, 0.00043107077362947166
4830, 0.00037308409810066223
4835, 0.00043782213469967246
4840, 0.00044869445264339447
4845, 0.00048269398394040763
4850, 0.0003202254301868379
4855, 0.00035745438071899116
4860, 0.0002815127372741699
4865, 0.0003256180789321661
4870, 0.00036796575295738876
4875, 0.0004074815660715103
4880, 0.0003471152449492365
4885, 0.0003585934464354068
4890, 0.00033434093347750604
4895, 0.0003910046652890742
4900, 0.0005239564343355596
4905, 0.00032426987309008837
4910, 0.00031815626425668597
4915, 0.0004405090003274381
4920, 0.0003784427826758474
4925, 0.0004681129939854145
4930, 0.0003914405242539942
4935, 0.0003580241173040122
4940, 0.0003292753826826811
4945, 0.0004150469903834164
4950, 0.0003635887405835092
4955, 0.0003527109220158309
4960, 0.0003238075296394527
4965, 0.00040062228799797595
4970, 0.0003377132525201887
4975, 0.0004037389880977571
4980, 0.00035654264502227306
4985, 0.00028409005608409643
4990, 0.00033316260669380426
4995, 0.00034771740320138633
5000, 0.0004144240519963205
5005, 0.0003975865838583559
5010, 0.00040413698297925293
5015, 0.0004651094786822796
5020, 0.00028143185772933066
5025, 0.0003679516084957868
5030, 0.00041110016172751784
5035, 0.00042547142948023975
5040, 0.00030174857238307595
5045, 0.00045948344632051885
5050, 0.0003653939056675881
5055, 0.0003801949496846646
5060, 0.00028553552692756057
5065, 0.0003178951155859977
5070, 0.00033809576416388154
5075, 0.0004049192648380995
5080, 0.00037040351890027523
5085, 0.0002989293134305626
5090, 0.00035543955164030194
5095, 0.000476150686154142
5100, 0.00035251639201305807
5105, 0.0003404775634407997
5110, 0.0004490002174861729
5115, 0.0003539918689057231
5120, 0.00035828963154926896
5125, 0.00038320443127304316
5130, 0.0003101261390838772
5135, 0.0003661753435153514
5140, 0.0003258430806454271
5145, 0.00040008409996517
5150, 0.00033872321364469826
5155, 0.00032604404259473085
5160, 0.00031452038092538714
5165, 0.000347036198945716
5170, 0.0003629653074312955
5175, 0.0003204409731552005
5180, 0.00034179844078607857
5185, 0.00035402856883592904
5190, 0.0003440332948230207
5195, 0.0004180672694928944
5200, 0.0003086233336944133
5205, 0.0003290363238193095
5210, 0.0003927920770365745
5215, 0.000374368712073192
5220, 0.00031438670703209937
5225, 0.00037206747219897807
5230, 0.00026995016378350556
5235, 0.0003220489888917655
5240, 0.00031216206843964756
5245, 0.0003228606656193733
5250, 0.000335835968144238
5255, 0.00035371887497603893
5260, 0.0003475928970146924
5265, 0.0003400254063308239
5270, 0.0004491227737162262
5275, 0.0002366898552281782
5280, 0.0003096678701695055
5285, 0.00032341424957849085
5290, 0.00032364888465963304
5295, 0.000299298670142889
5300, 0.0002871938340831548
5305, 0.0003312454209662974
5310, 0.0003285595739725977
5315, 0.00037594186142086983
5320, 0.00035166024463251233
5325, 0.0003596088499762118
5330, 0.00033673475263640285
5335, 0.00032015994656831026
5340, 0.00027765496633946896
5345, 0.0003542651538737118
5350, 0.0003588859981391579
5355, 0.0002934704243671149
5360, 0.0003880032745655626
5365, 0.0003199873899575323
5370, 0.00029198487754911184
5375, 0.0003051913226954639
5380, 0.0004185379948467016
5385, 0.0003161312488373369
5390, 0.0003221438091713935
5395, 0.0003033581597264856
5400, 0.00024764545378275216
5405, 0.0003759142418857664
5410, 0.00035086512798443437
5415, 0.00029648991767317057
5420, 0.000293738063191995
5425, 0.0002886167785618454
5430, 0.00037596881156787276
5435, 0.00032610446214675903
5440, 0.0003178786428179592
5445, 0.0003539651515893638
5450, 0.00026461409288458526
5455, 0.00032669163192622364
5460, 0.0003571266133803874
5465, 0.00034256759681738913
5470, 0.0003107478842139244
5475, 0.00032998601091094315
5480, 0.0003403918817639351
5485, 0.0003016771806869656
5490, 0.00029206127510406077
5495, 0.0002869571035262197
5500, 0.0003645606921054423
5505, 0.0003492893883958459
5510, 0.00037326867459341884
5515, 0.000366934051271528
5520, 0.0002624161134008318
5525, 0.0003146282979287207
5530, 0.0003067118814215064
5535, 0.000287508184555918
5540, 0.00034251503529958427
5545, 0.0004076884943060577
5550, 0.00030550765222869813
5555, 0.0002638318983372301
5560, 0.0003073258849326521
5565, 0.0003416216350160539
5570, 0.0003667273558676243
5575, 0.0002911482297349721
5580, 0.00027726381085813046
5585, 0.00026555737713351846
5590, 0.00036181756877340376
5595, 0.000323292741086334
5600, 0.0003153559810016304
5605, 0.0002589476353023201
5610, 0.0002929497859440744
5615, 0.0003293520421721041
5620, 0.0002820290974341333
5625, 0.0004629343166016042
5630, 0.0002840659872163087
5635, 0.00034341408172622323
5640, 0.000269495154498145
5645, 0.0003317916707601398
5650, 0.0003348537429701537
5655, 0.0002521199930924922
5660, 0.00025473727146163583
5665, 0.0003275696944911033
5670, 0.0003138438914902508
5675, 0.00033129838993772864
5680, 0.0003206143737770617
5685, 0.00031020125607028604
5690, 0.00030030979542061687
5695, 0.00024659684277139604
5700, 0.0003419819404371083
5705, 0.00033336010528728366
5710, 0.00023803251679055393
5715, 0.00032420989009551704
5720, 0.0003608159604482353
5725, 0.00028088889666832983
5730, 0.00033472516224719584
5735, 0.0003692634927574545
5740, 0.00035299270530231297
5745, 0.00031625418341718614
5750, 0.0003137379535473883
5755, 0.00033444780274294317
5760, 0.000297130667604506
5765, 0.00032171502243727446
5770, 0.00035595541703514755
5775, 0.0002943475847132504
5780, 0.00032695120899006724
5785, 0.0003294609487056732
5790, 0.0003067944198846817
5795, 0.0003376418026164174
5800, 0.00029731832910329103
5805, 0.00029897884815
5810, 0.00029221130535006523
5815, 0.0004001643101219088
5820, 0.0002669494424480945
5825, 0.00033817713847383857
5830, 0.00039460978587158024
5835, 0.0002862286928575486
5840, 0.00032163187279365957
5845, 0.000322208070429042
5850, 0.0003245024417992681
5855, 0.00029888490098528564
5860, 0.0002897469385061413
5865, 0.00038008051342330873
5870, 0.00029278098372742534
5875, 0.0003363261930644512
5880, 0.00031186986598186195
5885, 0.0003213456948287785
5890, 0.00036129230284132063
5895, 0.0002997435221914202
5900, 0.0002901492116507143
5905, 0.0003637546324171126
5910, 0.0003432028752285987
5915, 0.0002609997463878244
5920, 0.00033612162224017084
5925, 0.0004265972238499671
5930, 0.0002561737201176584
5935, 0.0002789887657854706
5940, 0.0003966267395298928
5945, 0.0003207919071428478
5950, 0.00027647969545796514
5955, 0.00029671203810721636
5960, 0.00033067696494981647
5965, 0.0003244940016884357
5970, 0.00036649193498305976
5975, 0.00024196987214963883
5980, 0.0002950032940134406
5985, 0.00033584487391635776
5990, 0.0003365238371770829
5995, 0.0003246959240641445
6000, 0.00027228271937929094
6005, 0.0003485680790618062
6010, 0.00030355845228768885
6015, 0.0003163837536703795
6020, 0.00023588654585182667
6025, 0.0002827680727932602
6030, 0.0003308453597128391
6035, 0.00024335547641385347
6040, 0.000340025348123163
6045, 0.00032515072962269187
6050, 0.0003200721985194832
6055, 0.00029727796209044755
6060, 0.0002764936944004148
6065, 0.00040635562618263066
6070, 0.00030645832885056734
6075, 0.0003824626619461924
6080, 0.0003720481472555548
6085, 0.000349020236171782
6090, 0.00043460249435156584
6095, 0.00035037120687775314
6100, 0.00031123554799705744
6105, 0.0002681178448256105
6110, 0.00031184780527837574
6115, 0.00028139291680417955
6120, 0.00030617634183727205
6125, 0.0002670304384082556
6130, 0.00028772655059583485
6135, 0.0002717259048949927
6140, 0.0003092183615081012
6145, 0.00030611196416430175
6150, 0.0004256925021763891
6155, 0.0002654884592629969
6160, 0.00030974962282925844
6165, 0.0002873959601856768
6170, 0.0003215866454411298
6175, 0.0003687787684611976
6180, 0.000424771336838603
6185, 0.00029037767671979964
6190, 0.0003652126179076731
6195, 0.00032482907408848405
6200, 0.00033628553501330316
6205, 0.00038108936860226095
6210, 0.00029623007867485285
6215, 0.0003060993039980531
6220, 0.00027963516185991466
6225, 0.00029223322053439915
6230, 0.0004158708325121552
6235, 0.00032478690263815224
6240, 0.00030375411733984947
6245, 0.00027656438760459423
6250, 0.0003498726582620293
6255, 0.00028969088452868164
6260, 0.00031081336783245206
6265, 0.0003419253043830395
6270, 0.000387247942853719
6275, 0.0004071799630764872
6280, 0.00029047284624539316
6285, 0.0003248141147196293
6290, 0.00032284826738759875
6295, 0.0003007772611454129
6300, 0.00029971543699502945
6305, 0.00030030819470994174
6310, 0.0002993273956235498
6315, 0.0003049163206014782
6320, 0.00029362511122599244
6325, 0.00033153026015497744
6330, 0.00033513037487864494
6335, 0.0003598673501983285
6340, 0.0002899815153796226
6345, 0.00030127487843856215
6350, 0.00028828097856603563
6355, 0.00029992643976584077
6360, 0.00028432850376702845
6365, 0.0002877025108318776
6370, 0.00030530086951330304
6375, 0.0003007063642144203
6380, 0.00031671617762185633
6385, 0.00041656705434434116
6390, 0.0002607052738312632
6395, 0.00037899042945355177
6400, 0.0003001345321536064
6405, 0.00033938363776542246
6410, 0.0003423964080866426
6415, 0.00030714113381691277
6420, 0.000257895007962361
6425, 0.00027408916503190994
6430, 0.0002998607524204999
6435, 0.00029314972925931215
6440, 0.00034084724029526114
6445, 0.0003548063396010548
6450, 0.0003354837535880506
6455, 0.00035745417699217796
6460, 0.00039532981463707983
6465, 0.00034475940628908575
6470, 0.00030221528140828013
6475, 0.0003229494031984359
6480, 0.0003685455012600869
6485, 0.0002646375505719334
6490, 0.00030740330112166703
6495, 0.0003338562382850796
6500, 0.0003205225511919707
6505, 0.00032266989001072943
6510, 0.00029698130674660206
6515, 0.0003725776041392237
6520, 0.000312893302179873
6525, 0.0003215779724996537
6530, 0.0003000341821461916
6535, 0.0004193891363684088
6540, 0.00025619135703891516
6545, 0.00033060647547245026
6550, 0.00033307893318124115
6555, 0.00026373902801424265
6560, 0.00033864466240629554
6565, 0.0002998892159666866
6570, 0.0002781070361379534
6575, 0.00035350292455404997
6580, 0.00033612793777137995
6585, 0.0003078441950492561
6590, 0.0003409831551834941
6595, 0.0003103491908404976
6600, 0.0002637288998812437
6605, 0.0003809472837019712
6610, 0.00027958143618889153
6615, 0.00034972920548170805
6620, 0.000338745245244354
6625, 0.00033006659941747785
6630, 0.00035103349364362657
6635, 0.0003117845917586237
6640, 0.00036155179259367287
6645, 0.0003568344109226018
6650, 0.00029128315509296954
6655, 0.00033675937447696924
6660, 0.0003597461327444762
6665, 0.00030613905983045697
6670, 0.0003204892564099282
6675, 0.0002854302292689681
6680, 0.00031002910691313446
6685, 0.00037306800368241966
6690, 0.00033720553619787097
6695, 0.00033824218553490937
6700, 0.0004068136040586978
6705, 0.00031872326508164406
6710, 0.00040316907688975334
6715, 0.0004106441338080913
6720, 0.000364251114660874
6725, 0.0003436628030613065
6730, 0.00032676890259608626
6735, 0.0003393203660380095
6740, 0.0004090777656529099
6745, 0.0003529677342157811
6750, 0.00033083537709899247
6755, 0.0003129428660031408
6760, 0.0003029689542017877
6765, 0.00028645541169680655
6770, 0.0003525176434777677
6775, 0.00032734344131313264
6780, 0.0002651802496984601
6785, 0.000307070673443377
6790, 0.00031610316364094615
6795, 0.00042195699643343687
6800, 0.00042172742541879416
6805, 0.00030644077924080193
6810, 0.00030856739613227546
6815, 0.00033412492484785616
6820, 0.0002804675605148077
6825, 0.000378395285224542
6830, 0.0003910150262527168
6835, 0.00030894510564394295
6840, 0.00032451070728711784
6845, 0.00028690602630376816
6850, 0.0003471201634965837
6855, 0.0002837061183527112
6860, 0.00040566964889876544
6865, 0.00030253545264713466
6870, 0.0003660408256109804
6875, 0.0002819898654706776
6880, 0.00028416153509169817
6885, 0.000317728437948972
6890, 0.0002885563881136477
6895, 0.0003994495782535523
6900, 0.0002968948392663151
6905, 0.0003496601711958647
6910, 0.0003095206920988858
6915, 0.00036785207339562476
6920, 0.0003678302455227822
6925, 0.0003438996209297329
6930, 0.0004270499339327216
6935, 0.0002903470303863287
6940, 0.0003444096364546567
6945, 0.0003541598271112889
6950, 0.00034428905928507447
6955, 0.00039234684663824737
6960, 0.0003382504219189286
6965, 0.00029141464619897306
6970, 0.0003834662202280015
6975, 0.0004395520663820207
6980, 0.0003767930611502379
6985, 0.0003248342836741358
6990, 0.0003259573131799698
6995, 0.00040447688661515713
7000, 0.0003463858156464994
7005, 0.0003793581563513726
7010, 0.00037940367474220693
7015, 0.0003995753068011254
7020, 0.00040349431219510734
7025, 0.0003624476375989616
7030, 0.00031631175079382956
7035, 0.00036634018761105835
7040, 0.00034759886329993606
7045, 0.0004027746617794037
7050, 0.00038827236858196557
7055, 0.00037841909215785563
7060, 0.00031212452449835837
7065, 0.0003449817013461143
7070, 0.0003895448171533644
7075, 0.00027322612004354596
7080, 0.00035054967156611383
7085, 0.0003636396722868085
7090, 0.00031327089527621865
7095, 0.0003480447339825332
7100, 0.00027262585354037583
7105, 0.00040825747419148684
7110, 0.0003793532378040254
7115, 0.0003827465116046369
7120, 0.0003371620550751686
7125, 0.00035736424615606666
7130, 0.0004437041643541306
7135, 0.0003562766360118985
7140, 0.00030932488152757287
7145, 0.0003731267061084509
7150, 0.00037431190139614046
7155, 0.0003001100558321923
7160, 0.0003521493053995073
7165, 0.00035724847111850977
7170, 0.0003674873732961714
7175, 0.000310246687149629
7180, 0.00042228406528010964
7185, 0.0003850871871691197
7190, 0.0003636818437371403
7195, 0.0003593382134567946
7200, 0.00031515848240815103
7205, 0.00033292704029008746
7210, 0.00038440970820374787
7215, 0.0003534705610945821
7220, 0.0003509949310682714
7225, 0.00027391937328502536
7230, 0.00032310778624378145
7235, 0.00033918212284334004
7240, 0.00033171463292092085
7245, 0.00030573789263144135
7250, 0.0003117414307780564
7255, 0.00035723557812161744
7260, 0.00040040939347818494
7265, 0.0002724613877944648
7270, 0.00042089566704817116
7275, 0.0002780717040877789
7280, 0.00040674401680007577
7285, 0.000330053037032485
7290, 0.00037681596586480737
7295, 0.0003109605167992413
7300, 0.00032288662623614073
7305, 0.00034234102349728346
7310, 0.0003645046672318131
7315, 0.0003521702310536057
7320, 0.00033424681168980896
7325, 0.000383430888177827
7330, 0.00043033011024817824
7335, 0.0003122148918919265
7340, 0.00034227341529913247
7345, 0.0004227368044666946
7350, 0.00030305582913570106
7355, 0.0003949594683945179
7360, 0.00030477120890282094
7365, 0.0003015614638570696
7370, 0.0004068083653692156
7375, 0.00035765752545557916
7380, 0.00033983387402258813
7385, 0.00033785434789024293
7390, 0.00030707428231835365
7395, 0.00031490359106101096
7400, 0.00035905881668441
7405, 0.00040302949491888285
7410, 0.0003675714833661914
7415, 0.00039335156907327473
7420, 0.00032407863182015717
7425, 0.00034810914075933397
7430, 0.00038037370541132987
7435, 0.00041343120392411947
7440, 0.00031144643435254693
7445, 0.00039007209124974906
7450, 0.0003092921688221395
7455, 0.0003084211493842304
7460, 0.0003038085997104645
7465, 0.0003252789319958538
7470, 0.00037314597284421325
7475, 0.0003843761805910617
7480, 0.00030764390248805285
7485, 0.00031810850487090647
7490, 0.0003309711755719036
7495, 0.00035345565993338823
7500, 0.0003482330066617578
7505, 0.0003794835938606411
7510, 0.00037959462497383356
7515, 0.00034703611163422465
7520, 0.000305661786114797
7525, 0.00034526907256804407
7530, 0.0003500377933960408
7535, 0.0003600540803745389
7540, 0.0003156315942760557
7545, 0.00035729652154259384
7550, 0.0003312693734187633
7555, 0.00028125615790486336
7560, 0.00038731793756596744
7565, 0.0003662013914436102
7570, 0.0003981485206168145
7575, 0.00042090823990292847
7580, 0.00035355507861822844
7585, 0.00042058079270645976
7590, 0.0003518590237945318
7595, 0.0003805799351539463
7600, 0.00034010360832326114
7605, 0.0003633887099567801
7610, 0.00035538338124752045
7615, 0.0003166483948007226
7620, 0.00039604445919394493
7625, 0.000334753975039348
7630, 0.0003257588832639158
7635, 0.00037915928987786174
7640, 0.0003638543130364269
7645, 0.00034536185557954013
7650, 0.000369219109416008
7655, 0.00037814510869793594
7660, 0.000375052826711908
7665, 0.0003436020633671433
7670, 0.0003518333251122385
7675, 0.00034739874536171556
7680, 0.0003374157822690904
7685, 0.00030386936850845814
7690, 0.00043671837192960083
7695, 0.0003212802403140813
7700, 0.0003521626640576869
7705, 0.0003493193944450468
7710, 0.00038304991903714836
7715, 0.0003676550113596022
7720, 0.0004644682048819959
7725, 0.00028331144130788743
7730, 0.00036711012944579124
7735, 0.00038216172833926976
7740, 0.00039412162732332945
7745, 0.0003432874218560755
7750, 0.00045816722558811307
7755, 0.0003248428402002901
7760, 0.00035924138501286507
7765, 0.00037927963421680033
7770, 0.00039195804856717587
7775, 0.00033440248807892203
7780, 0.0003394346567802131
7785, 0.0003368720063008368
7790, 0.0003202974039595574
7795, 0.00036024540895596147
7800, 0.0003506375360302627
7805, 0.0003249415021855384
7810, 0.00039576488779857755
7815, 0.0002890253090299666
7820, 0.0003501404426060617
7825, 0.0002899455721490085
7830, 0.0003495583951007575
7835, 0.00034010253148153424
7840, 0.0003467319766059518
7845, 0.00031073539867065847
7850, 0.0003850631765089929
7855, 0.00033078447449952364
7860, 0.00033108395291492343
7865, 0.0003270918095950037
7870, 0.0003148590330965817
7875, 0.00029039380024187267
7880, 0.00040176461334340274
7885, 0.0004009299154859036
7890, 0.00035204997402615845
7895, 0.00030423718271777034
7900, 0.00034611739101819694
7905, 0.0003653397725429386
7910, 0.00034581965883262455
7915, 0.0002974527596961707
7920, 0.0003188719565514475
7925, 0.00035645178286358714
7930, 0.0004155106726102531
7935, 0.0003103070193901658
7940, 0.00040613996679894626
7945, 0.00041859064367599785
7950, 0.0003183700027875602
7955, 0.000376280426280573
7960, 0.00031827224302105606
7965, 0.0004733133246190846
7970, 0.0003968556993640959
7975, 0.00041035565664060414
7980, 0.00033291461295448244
7985, 0.0004013151628896594
7990, 0.0003668881254270673
7995, 0.0004287968622520566
8000, 0.0003623229276854545
8005, 0.0003154254227411002
8010, 0.0003939396410714835
8015, 0.0003197339829057455
8020, 0.0003490861563477665
8025, 0.00030959423747844994
8030, 0.00033734022872522473
8035, 0.00040481414180248976
8040, 0.0003973614366259426
8045, 0.000425819045631215
8050, 0.0003289182495791465
8055, 0.00036146343336440623
8060, 0.0003432929515838623
8065, 0.00037912349216639996
8070, 0.0003758025704883039
8075, 0.0004026292881462723
8080, 0.00048656301805749536
8085, 0.00033098337007686496
8090, 0.00040507770609110594
8095, 0.0004514835018198937
8100, 0.0004022476787213236
8105, 0.00039695820305496454
8110, 0.00034663270344026387
8115, 0.0003600535565055907
8120, 0.00039408131851814687
8125, 0.0004106918640900403
8130, 0.00033891014754772186
8135, 0.0004197512462269515
8140, 0.0003181588544975966
8145, 0.00032788782846182585
8150, 0.00034560568747110665
8155, 0.0002780522918328643
8160, 0.0003739309322554618
8165, 0.00043312262278050184
8170, 0.00032645397004671395
8175, 0.00042282568756490946
8180, 0.00034342746948823333
8185, 0.0003091521211899817
8190, 0.00031623063841834664
8195, 0.00035147136077284813
8200, 0.0004514200845733285
8205, 0.000317275058478117
8210, 0.0003936337598133832
8215, 0.00038930855225771666
8220, 0.0003803090949077159
8225, 0.00038704409962520003
8230, 0.00029320575413294137
8235, 0.0004306689079385251
8240, 0.0002948394976556301
8245, 0.00040911324322223663
8250, 0.000438613846199587
8255, 0.0003084177733398974
8260, 0.00033974513644352555
8265, 0.000366692227544263
8270, 0.0004330470401328057
8275, 0.00041318757575936615
8280, 0.000307295675156638
8285, 0.0003597555623855442
8290, 0.0003285107668489218
8295, 0.0003710657765623182
8300, 0.0003573802823666483
8305, 0.000427011662395671
8310, 0.00035427382681518793
8315, 0.0002825878909789026
8320, 0.0004463478398974985
8325, 0.00038661356666125357
8330, 0.00035694806138053536
8335, 0.0003086000506300479
8340, 0.00037941313348710537
8345, 0.00035961202229373157
8350, 0.0003303303965367377
8355, 0.00034878900623880327
8360, 0.00046307226875796914
8365, 0.00036952036316506565
8370, 0.0003511560498736799
8375, 0.00038800068432465196
8380, 0.0003505623317323625
8385, 0.00041068284190259874
8390, 0.00039647697121836245
8395, 0.0003632731968536973
8400, 0.00048186822095885873
8405, 0.00039395055500790477
8410, 0.00035102947731502354
8415, 0.00029819380142726004
8420, 0.00034870728268288076
8425, 0.0003472843673080206
8430, 0.00037229061126708984
8435, 0.00033549562795087695
8440, 0.000427479506470263
8445, 0.00034670025343075395
8450, 0.0003685752162709832
8455, 0.0003598452312871814
8460, 0.0003792952047660947
8465, 0.0004346890782471746
8470, 0.00035054105683229864
8475, 0.00033730032737366855
8480, 0.0003763565036933869
8485, 0.0003232558665331453
8490, 0.00034691888140514493
8495, 0.00038586786831729114
8500, 0.00031724266591481864
8505, 0.00031341545400209725
8510, 0.00032319658203050494
8515, 0.00033493965747766197
8520, 0.00032148233731277287
8525, 0.000390860834158957
8530, 0.0003192190488334745
8535, 0.000345808599377051
8540, 0.0003054743283428252
8545, 0.0003541037440299988
8550, 0.0003328763705212623
8555, 0.00034201183007098734
8560, 0.00043351264321245253
8565, 0.0003397927212063223
8570, 0.000421663949964568
8575, 0.00033773266477510333
8580, 0.0003558917378541082
8585, 0.0003140803019050509
8590, 0.00042153752292506397
8595, 0.0003748211602214724
8600, 0.00032746486249379814
8605, 0.000418760726461187
8610, 0.0003603950026445091
8615, 0.0003783066349569708
8620, 0.0004077145713381469
8625, 0.0003173957229591906
8630, 0.00035935413325205445
8635, 0.0003281481913290918
8640, 0.0003747374867089093
8645, 0.0003609998675528914
8650, 0.0003933707484975457
8655, 0.00039638858288526535
8660, 0.00034543080255389214
8665, 0.000314693694235757
8670, 0.00043663641554303467
8675, 0.00039715520688332617
8680, 0.0003253254108130932
8685, 0.0003880384610965848
8690, 0.00041241085273213685
8695, 0.0003667528217192739
8700, 0.0003217578923795372
8705, 0.0003727932053152472
8710, 0.0004441800992935896
8715, 0.00036787192220799625
8720, 0.00037729903124272823
8725, 0.00034930967376567423
8730, 0.0004081977531313896
8735, 0.00039843874401412904
8740, 0.0003260172961745411
8745, 0.00040011279634200037
8750, 0.0003563223290257156
8755, 0.00044303759932518005
8760, 0.0003821690916083753
8765, 0.00038284939364530146
8770, 0.00038887507980689406
8775, 0.00042033090721815825
8780, 0.000423438468715176
8785, 0.00027180687175132334
8790, 0.0003790936607401818
8795, 0.0003455921832937747
8800, 0.0004349111404735595
8805, 0.00041324421181343496
8810, 0.00039633939741179347
8815, 0.00037642655661329627
8820, 0.0003528691013343632
8825, 0.0003490795788820833
8830, 0.00034440262243151665
8835, 0.00032513870974071324
8840, 0.00044069491559639573
8845, 0.00036340701626613736
8850, 0.00037248071748763323
8855, 0.00033201868063770235
8860, 0.00036140624433755875
8865, 0.00040885579073801637
8870, 0.00028373851091600955
8875, 0.00037742036511190236
8880, 0.00039498083060607314
8885, 0.00031902085174806416
8890, 0.0003336606896482408
8895, 0.0003541339829098433
8900, 0.00035377099993638694
8905, 0.00042407563887536526
8910, 0.0004250723868608475
8915, 0.00036823569098487496
8920, 0.00045236560981720686
8925, 0.00029962987173348665
8930, 0.0003430861106608063
8935, 0.00047637164243496954
8940, 0.0004213484935462475
8945, 0.00032439015922136605
8950, 0.00041395321022719145
8955, 0.0004000554035883397
8960, 0.000391749432310462
8965, 0.00031809223582968116
8970, 0.0004221569688525051
8975, 0.000337103265337646
8980, 0.0003054052940569818
8985, 0.0003151496348436922
8990, 0.00038391584530472755
8995, 0.00031454607960768044
9000, 0.0003282014513388276
9005, 0.0003470716474112123
9010, 0.00034378471900708973
9015, 0.0003700486558955163
9020, 0.00037988799158483744
9025, 0.0003613774897530675
9030, 0.000418314739363268
9035, 0.0004117380012758076
9040, 0.0003513358533382416
9045, 0.0003786163288168609
9050, 0.0003139110922347754
9055, 0.0004166087892372161
9060, 0.0004017164174001664
9065, 0.00041167548624798656
9070, 0.000421896722400561
9075, 0.0003274839255027473
9080, 0.00032946266583167017
9085, 0.0003817861434072256
9090, 0.00030977377900853753
9095, 0.0004583483387250453
9100, 0.00041095964843407273
9105, 0.0004601839173119515
9110, 0.0004608748422469944
9115, 0.0004101483500562608
9120, 0.00035055229091085494
9125, 0.0004175289941485971
9130, 0.0003413535887375474
9135, 0.00039198168087750673
9140, 0.00042863754788413644
9145, 0.00037362921284511685
9150, 0.00041773635894060135
9155, 0.0003479163278825581
9160, 0.00034980502096004784
9165, 0.0003734610800165683
9170, 0.00047045311657711864
9175, 0.00037149013951420784
9180, 0.00046960165491327643
9185, 0.00038469754508696496
9190, 0.00045951749780215323
9195, 0.000350001675542444
9200, 0.00042844447307288647
9205, 0.00041917903581634164
9210, 0.0004004173679277301
9215, 0.0003987058880738914
9220, 0.0004080486251041293
9225, 0.00039153799298219383
9230, 0.00042029048199765384
9235, 0.00037260286626406014
9240, 0.00037861353484913707
9245, 0.0004102269886061549
9250, 0.0004270723438821733
9255, 0.0004584536363836378
9260, 0.0003720491367857903
9265, 0.0004165663558524102
9270, 0.0003426535695325583
9275, 0.0003482621686998755
9280, 0.0003670555888675153
9285, 0.0004107815329916775
9290, 0.00039896569796837866
9295, 0.00035507860593497753
9300, 0.00036664720391854644
9305, 0.00039985202602110803
9310, 0.0003950921236537397
9315, 0.000383746693842113
9320, 0.0003537419834174216
9325, 0.0003742495900951326
9330, 0.00048802612582221627
9335, 0.0003450190706644207
9340, 0.0003679474466480315
9345, 0.00041569009772501886
9350, 0.00043622514931485057
9355, 0.0003782526182476431
9360, 0.00042676215525716543
9365, 0.00045159965520724654
9370, 0.0004875310405623168
9375, 0.00047220251872204244
9380, 0.00042184177436865866
9385, 0.0003957751323468983
9390, 0.00035466975532472134
9395, 0.0003313644847366959
9400, 0.00037973426515236497
9405, 0.0003868279163725674
9410, 0.0003713757323566824
9415, 0.000406620092689991
9420, 0.00038047018460929394
9425, 0.0003973565180785954
9430, 0.0003517704317346215
9435, 0.00032997524249367416
9440, 0.000386907224310562
9445, 0.00043788866605609655
9450, 0.0003471847448963672
9455, 0.000377065094653517
9460, 0.00046616047620773315
9465, 0.0004097816126886755
9470, 0.000397923169657588
9475, 0.0004338641301728785
9480, 0.0004741603333968669
9485, 0.00038867024704813957
9490, 0.0004236963577568531
9495, 0.0003703697002492845
9500, 0.00028988326084800065
9505, 0.0003768373862840235
9510, 0.0003822165890596807
9515, 0.00038661036523990333
9520, 0.0003920646267943084
9525, 0.0003358498797751963
9530, 0.0004705382452812046
9535, 0.00031358710839413106
9540, 0.0003595245652832091
9545, 0.0003736154758371413
9550, 0.0004295507096685469
9555, 0.0003805389569606632
9560, 0.00032219200511462986
9565, 0.0003290423774160445
9570, 0.0003653160820249468
9575, 0.00038121960824355483
9580, 0.00040225862176157534
9585, 0.0004223209398332983
9590, 0.0003696891071740538
9595, 0.0003424699534662068
9600, 0.0003655292675830424
9605, 0.0004209619655739516
9610, 0.00031494515133090317
9615, 0.0003463309840299189
9620, 0.00035202945582568645
9625, 0.0003318533708807081
9630, 0.00037501525366678834
9635, 0.00038019614294171333
9640, 0.0003892703971359879
9645, 0.0003592489520087838
9650, 0.00043213902972638607
9655, 0.0003816214739345014
9660, 0.00032635926618240774
9665, 0.00031158473575487733
9670, 0.0003615994064603001
9675, 0.0003279891679994762
9680, 0.00040978449396789074
9685, 0.0003051459207199514
9690, 0.00040656322380527854
9695, 0.0003450875519774854
9700, 0.00034512532874941826
9705, 0.00044228933984413743
9710, 0.00041183142457157373
9715, 0.0002984357997775078
9720, 0.0004048349510412663
9725, 0.00039307234692387283
9730, 0.00038479967042803764
9735, 0.0003977517772000283
9740, 0.0004524976247921586
9745, 0.0003808711771853268
9750, 0.00036170484963804483
9755, 0.00037054321728646755
9760, 0.00033913154038600624
9765, 0.00045102243893779814
9770, 0.00045533617958426476
9775, 0.0003797356621362269
9780, 0.00039337476482614875
9785, 0.00036560228909365833
9790, 0.00031733119976706803
9795, 0.00039597696741111577
9800, 0.00038999473326839507
9805, 0.0003574851725716144
9810, 0.0003292527107987553
9815, 0.0004371133982203901
9820, 0.000370494817616418
9825, 0.0004254006198607385
9830, 0.0002860347449313849
9835, 0.00039786077104508877
9840, 0.0002821492962539196
9845, 0.0004204670258332044
9850, 0.00036897193058393896
9855, 0.0003625601530075073
9860, 0.0004001585184596479
9865, 0.00031113403383642435
9870, 0.00037392403464764357
9875, 0.0003771547635551542
9880, 0.0004206941230222583
9885, 0.0004233774379827082
9890, 0.00033559961593709886
9895, 0.00029151729540899396
9900, 0.00033076087129302323
9905, 0.0004098038771189749
9910, 0.0004244401352480054
9915, 0.00037841196171939373
9920, 0.0004413507704157382
9925, 0.00039398312219418585
9930, 0.00034616535413078964
9935, 0.0003798940742854029
9940, 0.0003988697426393628
9945, 0.0003983145870734006
9950, 0.00039434703649021685
9955, 0.00037834825343452394
9960, 0.0003725305141415447
9965, 0.0005259325262159109
9970, 0.0004283948219381273
9975, 0.00037095529842190444
9980, 0.00044365457142703235
9985, 0.0004135281778872013
9990, 0.0004425996448844671
9995, 0.0003581545897759497
10000, 0.0004192855558358133
10005, 0.0004624126013368368
10010, 0.00041187001625075936
10015, 0.00046133092837408185
10020, 0.00036403245758265257
10025, 0.00040551117854192853
10030, 0.0003959991445299238
10035, 0.00038337268051691353
10040, 0.00038485359982587397
10045, 0.000464315467979759
10050, 0.00036272587021812797
10055, 0.000426774233346805
10060, 0.0004916124744340777
10065, 0.0003559555043466389
10070, 0.0003674137988127768
10075, 0.0003644893877208233
10080, 0.00038128747837617993
10085, 0.0004219015536364168
10090, 0.00047410940169356763
10095, 0.0003591831191442907
10100, 0.000398187548853457
10105, 0.00039632405969314277
10110, 0.00037464970955625176
10115, 0.00043383700540289283
10120, 0.0004408277745824307
10125, 0.00033530453220009804
10130, 0.0003766081063076854
10135, 0.00036315491888672113
10140, 0.0004881753702647984
10145, 0.0003778586396947503
10150, 0.0003924549964722246
10155, 0.0003353075298946351
10160, 0.0004346856730990112
10165, 0.0003875347028952092
10170, 0.00036238227039575577
10175, 0.00037711599725298584
10180, 0.0004456213500816375
10185, 0.00035901207593269646
10190, 0.00028266452136449516
10195, 0.0003747215087059885
10200, 0.00039526872569695115
10205, 0.00033730355789884925
10210, 0.000306029076455161
10215, 0.0003585217928048223
10220, 0.0003153434081468731
10225, 0.00040190908475778997
10230, 0.00035873320302926004
10235, 0.00040217049536295235
10240, 0.00035412967554293573
10245, 0.000363547500455752
10250, 0.0003605603997129947
10255, 0.0004119168734177947
10260, 0.0003642598749138415
10265, 0.0003614152374211699
10270, 0.00037160387728363276
10275, 0.0004186803998891264
10280, 0.0003719261148944497
10285, 0.00039463178836740553
10290, 0.00035855345777235925
10295, 0.0004633774806279689
10300, 0.0003434884420130402
10305, 0.00039344228571280837
10310, 0.00043626362457871437
10315, 0.00042418064549565315
10320, 0.0003350894548930228
10325, 0.00035730356466956437
10330, 0.00034650860470719635
10335, 0.00043193824240006506
10340, 0.0004082047089468688
10345, 0.00032657914562150836
10350, 0.0004497847694437951
10355, 0.0003720377280842513
10360, 0.00042792983003892004
10365, 0.00030630978289991617
10370, 0.0003482422907836735
10375, 0.00044192405766807497
10380, 0.00038339628372341394
10385, 0.00042016501538455486
10390, 0.00042891866178251803
10395, 0.00046199976350180805
10400, 0.0003774970828089863
10405, 0.0003896071284543723
10410, 0.0003552847192622721
10415, 0.0004499836068134755
10420, 0.0003359997062943876
10425, 0.0004555335908662528
10430, 0.00040099589386954904
10435, 0.0003599361516535282
10440, 0.0004438094620127231
10445, 0.0004237008688505739
10450, 0.0003610946878325194
10455, 0.00038131585461087525
10460, 0.0004294264945201576
10465, 0.00038785478682257235
10470, 0.00037294637877494097
10475, 0.00036008335882797837
10480, 0.000459814298665151
10485, 0.00042372875032015145
10490, 0.0003752687480300665
10495, 0.0003830578934866935
10500, 0.00040464146877638996
10505, 0.0003668029385153204
10510, 0.00031907384982332587
10515, 0.00036460248520597816
10520, 0.00030883430736139417
10525, 0.000359067867975682
10530, 0.0003111863334197551
10535, 0.0004003334615845233
10540, 0.0003634669119492173
10545, 0.0004195450455881655
10550, 0.000311320269247517
10555, 0.00042384304106235504
10560, 0.0003803807485383004
10565, 0.000370004097931087
10570, 0.000376053067157045
10575, 0.00033963232999667525
10580, 0.00034110937849618495
10585, 0.00035510057932697237
10590, 0.0003742442058864981
10595, 0.0003826890024356544
10600, 0.0003924879420083016
10605, 0.0003942814364563674
10610, 0.00040119016193784773
10615, 0.0003879606956616044
10620, 0.00043721776455640793
10625, 0.0003339895629324019
10630, 0.00040120058110915124
10635, 0.0003701946698129177
10640, 0.00039289952837862074
10645, 0.0003494781267363578
10650, 0.00040614992030896246
10655, 0.0003944553609471768
10660, 0.0003504194610286504
10665, 0.00045106923789717257
10670, 0.00036466604797169566
10675, 0.00037400214932858944
10680, 0.0003339456452522427
10685, 0.00036920650745742023
10690, 0.0003502972249407321
10695, 0.0003939489251933992
10700, 0.00042730948189273477
10705, 0.0003471519739832729
10710, 0.0004059978236909956
10715, 0.00041209167102351785
10720, 0.0003367950557731092
10725, 0.0003949112433474511
10730, 0.00036443123826757073
10735, 0.0003976443549618125
10740, 0.000410086358897388
10745, 0.00037929046084173024
10750, 0.0004208215104881674
10755, 0.00032962957629933953
10760, 0.0003638165071606636
10765, 0.00036109081702306867
10770, 0.00038174280780367553
10775, 0.00045437196968123317
10780, 0.0004231405910104513
10785, 0.0003911839739885181
10790, 0.0004012398421764374
10795, 0.000375029951101169
10800, 0.0004452375287655741
10805, 0.0004187151789665222
10810, 0.00036412960616871715
10815, 0.0003898544528055936
10820, 0.00038031235453672707
10825, 0.00040817318949848413
10830, 0.00030999304726719856
10835, 0.00034073993447236717
10840, 0.0004051772702950984
10845, 0.00036678253673017025
10850, 0.00036692662979476154
10855, 0.00041333812987431884
10860, 0.0004240201669745147
10865, 0.00037405110197141767
10870, 0.00029587867902591825
10875, 0.00040191804873757064
10880, 0.0003692903264891356
10885, 0.0003934295382350683
10890, 0.0004090431903023273
10895, 0.0004401539918035269
10900, 0.00034827846684493124
10905, 0.0004105140978936106
10910, 0.0003374348452780396
10915, 0.00031882309122011065
10920, 0.0003799958503805101
10925, 0.0004191011830698699
10930, 0.0004150683234911412
10935, 0.00038473575841635466
10940, 0.00041059605428017676
10945, 0.00041515103657729924
10950, 0.0004628841415978968
10955, 0.00038686819607391953
10960, 0.00040561362402513623
10965, 0.00038262084126472473
10970, 0.00045996226253919303
10975, 0.00038258961285464466
10980, 0.0004352443211246282
10985, 0.00045075081288814545
10990, 0.00034508993849158287
10995, 0.00032962061231955886
11000, 0.0004016972961835563
11005, 0.0003762523119803518
11010, 0.0003767209709621966
11015, 0.0003483254986349493
11020, 0.0003962938499171287
11025, 0.00037781885475851595
11030, 0.00042738145566545427
11035, 0.00045779673382639885
11040, 0.0004586184804793447
11045, 0.0004347464710008353
11050, 0.00034538336331024766
11055, 0.00046276170178316534
11060, 0.00037929456448182464
11065, 0.0003938630979973823
11070, 0.0003867278282996267
11075, 0.0004024387162644416
11080, 0.00033913584775291383
11085, 0.0004069200367666781
11090, 0.000380304001737386
11095, 0.0003893503453582525
11100, 0.00039831167669035494
11105, 0.0004679756530094892
11110, 0.0004084041283931583
11115, 0.00042440122342668474
11120, 0.00036562091554515064
11125, 0.00037303654244169593
11130, 0.0003721528919413686
11135, 0.00040441786404699087
11140, 0.00045179043081589043
11145, 0.00043463840847834945
11150, 0.00035661528818309307
11155, 0.0004660368140321225
11160, 0.00034907410736195743
11165, 0.0004047952243126929
11170, 0.0004056206380482763
11175, 0.00034472785773687065
11180, 0.0004272578516975045
11185, 0.0003804616571869701
11190, 0.00034908950328826904
11195, 0.00043095226283185184
11200, 0.00032958475640043616
11205, 0.00043512336560525
11210, 0.0004028903495054692
11215, 0.0003935811691917479
11220, 0.00036350503796711564
11225, 0.00032882107188925147
11230, 0.00040272384649142623
11235, 0.0004373161355033517
11240, 0.0004140845558140427
11245, 0.000408807274652645
11250, 0.0003871555090881884
11255, 0.000399930082494393
11260, 0.000340054597472772
11265, 0.0004399721510708332
11270, 0.0003652828745543957
11275, 0.00047360657481476665
11280, 0.0003374133084435016
11285, 0.00036406537401489913
11290, 0.0003390908823348582
11295, 0.00041023007361218333
11300, 0.0003243126266170293
11305, 0.0004416208539623767
11310, 0.00039376228232868016
11315, 0.0003660350921563804
11320, 0.00042968621710315347
11325, 0.00045265801600180566
11330, 0.00034482937189750373
11335, 0.0003016243572346866
11340, 0.0003433703095652163
11345, 0.00035821995697915554
11350, 0.00042979264981113374
11355, 0.00039301966899074614
11360, 0.0003921323805116117
11365, 0.00033585826167836785
11370, 0.00036862597335129976
11375, 0.00040910462848842144
11380, 0.0003714568738359958
11385, 0.0004047134716529399
11390, 0.0003943440970033407
11395, 0.000300686719128862
11400, 0.0003460471925791353
11405, 0.0003671428421512246
11410, 0.00040672405157238245
11415, 0.00038732014945708215
11420, 0.00040889871888794005
11425, 0.000454826484201476
11430, 0.0003917592403013259
11435, 0.0003506499924696982
11440, 0.0005014432827010751
11445, 0.00042109659989364445
11450, 0.0003739168168976903
11455, 0.0005087255849502981
11460, 0.00038938148645684123
11465, 0.00041046104161068797
11470, 0.00034450372913852334
11475, 0.00037633944884873927
11480, 0.00036970750079490244
11485, 0.0004078064812347293
11490, 0.00046098075108602643
11495, 0.0003726710274349898
11500, 0.0004438511678017676
11505, 0.00040456780698150396
11510, 0.00038479111390188336
11515, 0.00036188377998769283
11520, 0.00042147006024606526
11525, 0.0003829431370832026
11530, 0.00035574944922700524
11535, 0.0003989014367107302
11540, 0.00046668536379002035
11545, 0.00046854084939695895
11550, 0.0004168203449808061
11555, 0.0003624549717642367
11560, 0.0004052677541039884
11565, 0.00040649701259098947
11570, 0.0004922238877043128
11575, 0.00038488252903334796
11580, 0.00036768955760635436
11585, 0.00041251390939578414
11590, 0.0003990480909124017
11595, 0.0003696374478749931
11600, 0.0003773595381062478
11605, 0.00048573859385214746
11610, 0.0004186148871667683
11615, 0.00037761195562779903
11620, 0.00033793761394917965
11625, 0.0003588747640606016
11630, 0.0004179868847131729
11635, 0.00036817562067881227
11640, 0.0003820930724032223
11645, 0.0003190317074768245
11650, 0.0004415455332491547
11655, 0.00036298923077993095
11660, 0.0003884867182932794
11665, 0.0003922226605936885
11670, 0.00037206313572824
11675, 0.00045376410707831383
11680, 0.0003185052773915231
11685, 0.0004194169014226645
11690, 0.000374008173821494
11695, 0.0003697505744639784
11700, 0.0004371346440166235
11705, 0.000421686825575307
11710, 0.0003619867784436792
11715, 0.0004125302948523313
11720, 0.0004166917351540178
11725, 0.0003493936965242028
11730, 0.0003978075983468443
11735, 0.0004281592555344105
11740, 0.00038838587352074683
11745, 0.00037446257192641497
11750, 0.00033964068279601634
11755, 0.000445022335043177
11760, 0.00038197057438082993
11765, 0.0003523542545735836
11770, 0.0003778095415327698
11775, 0.00040037810686044395
11780, 0.00043766407179646194
11785, 0.0003765526053030044
11790, 0.0003154942824039608
11795, 0.00044088935828767717
11800, 0.0003293809131719172
11805, 0.0003573219000827521
11810, 0.0003984025679528713
11815, 0.00035807190579362214
11820, 0.00044228843762539327
11825, 0.00039195388671942055
11830, 0.0004862711939495057
11835, 0.0003794246003963053
11840, 0.0003453029494266957
11845, 0.00044619495747610927
11850, 0.00039805026608519256
11855, 0.0004365942149888724
11860, 0.00037104508373886347
11865, 0.0004787673824466765
11870, 0.0003210882714483887
11875, 0.00047754618572071195
11880, 0.00037202145904302597
11885, 0.00042111394577659667
11890, 0.0003918439906556159
11895, 0.0003901047457475215
11900, 0.0003834087401628494
11905, 0.00043039489537477493
11910, 0.0003787374298553914
11915, 0.00039828906301409006
11920, 0.00039652176201343536
11925, 0.0004060209321323782
11930, 0.0004114196344744414
11935, 0.0004066147084813565
11940, 0.00036574635305441916
11945, 0.0004313176032155752
11950, 0.00042730040149763227
11955, 0.0004295984690543264
11960, 0.0003782258718274534
11965, 0.0003766096197068691
11970, 0.0003869150532409549
11975, 0.0003219418867956847
11980, 0.00039463816210627556
11985, 0.0003944425261579454
11990, 0.0004593624034896493
11995, 0.0004209639155305922
12000, 0.0004195681249257177
12005, 0.0004702204023487866
12010, 0.0003976562584284693
12015, 0.0004117561038583517
12020, 0.0004203910648357123
12025, 0.0003972499107476324
12030, 0.00038830205448903143
12035, 0.00036943083978258073
12040, 0.00034111537388525903
12045, 0.00033414980862289667
12050, 0.00042892186320386827
12055, 0.00041897903429344296
12060, 0.0003421065048314631
12065, 0.0004430024710018188
12070, 0.0004374904092401266
12075, 0.0004538909997791052
12080, 0.0003626042453106493
12085, 0.00035112202749587595
12090, 0.00042659163591451943
12095, 0.00035956717329099774
12100, 0.00046048167860135436
12105, 0.00036914506927132607
12110, 0.0004557912761811167
12115, 0.00039215508149936795
12120, 0.00037834240356460214
12125, 0.00039501942228525877
12130, 0.0004028638359159231
12135, 0.00044483100646175444
12140, 0.0004415154398884624
12145, 0.00041531925671733916
12150, 0.00040806218748912215
12155, 0.0004402003833092749
12160, 0.00043719582026824355
12165, 0.00035428954288363457
12170, 0.0003488384245429188
12175, 0.0003935647546313703
12180, 0.00046240739175118506
12185, 0.0004141688987147063
12190, 0.0003119566827081144
12195, 0.00046989164547994733
12200, 0.0003602398210205138
12205, 0.00033712535514496267
12210, 0.00036032142816111445
12215, 0.0004603387205861509
12220, 0.0004511059960350394
12225, 0.00043930200627073646
12230, 0.0005162729066796601
12235, 0.0004727256891783327
12240, 0.0005321177304722369
12245, 0.0003897713031619787
12250, 0.0003671279118862003
12255, 0.00040393605013377964
12260, 0.00040723374695517123
12265, 0.0003479782317299396
12270, 0.0004105418047402054
12275, 0.0003687187272589654
12280, 0.00042320482316426933
12285, 0.00040112726856023073
12290, 0.00037670115125365555
12295, 0.00040499275201000273
12300, 0.00046456826385110617
12305, 0.0004116625350434333
12310, 0.00038190081249922514
12315, 0.0005093403742648661
12320, 0.00040730240289121866
12325, 0.00039175577694550157
12330, 0.0003782255807891488
12335, 0.00036047628964297473
12340, 0.00039684021612629294
12345, 0.00045408884761855006
12350, 0.0003885370388161391
12355, 0.00035050808219239116
12360, 0.00033892400097101927
12365, 0.0004655270604416728
12370, 0.00038142158882692456
12375, 0.00044308110955171287
12380, 0.0003330495092086494
12385, 0.00043111821287311614
12390, 0.00046978212776593864
12395, 0.0003631336148828268
12400, 0.0004681880527641624
12405, 0.0004556516942102462
12410, 0.00037911944673396647
12415, 0.0004013492725789547
12420, 0.000347678957041353
12425, 0.0003894370747730136
12430, 0.00034184163087047637
12435, 0.00033097455161623657
12440, 0.0003930848033633083
12445, 0.0004019125481136143
12450, 0.0003525997744873166
12455, 0.00045103931915946305
12460, 0.0004019328916911036
12465, 0.0003584741789381951
12470, 0.00042689897236414254
12475, 0.0003785321023315191
12480, 0.00041290230001322925
12485, 0.00035087106516584754
12490, 0.0004007913521490991
12495, 0.0004944838583469391
12500, 0.0003867177292704582
12505, 0.00043414911488071084
12510, 0.00045082828728482127
12515, 0.0003785191511269659
12520, 0.00041996504296548665
12525, 0.00031437730649486184
12530, 0.00037988461554050446
12535, 0.0004396538424771279
12540, 0.00046311214100569487
12545, 0.0004171798937022686
12550, 0.000425016536610201
12555, 0.00039885981823317707
12560, 0.00040804699528962374
12565, 0.00043335638474673033
12570, 0.00040235475171357393
12575, 0.00040329014882445335
12580, 0.0003859988646581769
12585, 0.00040583155350759625
12590, 0.000422130135120824
12595, 0.0003683842660393566
12600, 0.0004585879505611956
12605, 0.0005189505754970014
12610, 0.000494092411827296
12615, 0.0003909569059032947
12620, 0.00043747274321503937
12625, 0.00037031626561656594
12630, 0.0004508571873884648
12635, 0.0004275798564776778
12640, 0.0004787160432897508
12645, 0.00036718123010359704
12650, 0.00040633007301948965
12655, 0.00041070341831073165
12660, 0.0003780529950745404
12665, 0.0003985654329881072
12670, 0.000451048428658396
12675, 0.00040602422086521983
12680, 0.00037967367097735405
12685, 0.00036517748958431184
12690, 0.0003616272588260472
12695, 0.00034203246468678117
12700, 0.000451404950581491
12705, 0.0004865553928539157
12710, 0.0004513958701863885
12715, 0.00040781922871246934
12720, 0.000408840918680653
12725, 0.0003581299679353833
12730, 0.00038125875289551914
12735, 0.0005120564019307494
12740, 0.0003923298208974302
12745, 0.0003730807511601597
12750, 0.00046410239883698523
12755, 0.00043688880396075547
12760, 0.00039025969454087317
12765, 0.00041265873005613685
12770, 0.0003955555730499327
12775, 0.00042740695062093437
12780, 0.0003784460132010281
12785, 0.0004364053893368691
12790, 0.0004731477238237858
12795, 0.00041882312507368624
12800, 0.0003797221870627254
12805, 0.00037637478089891374
12810, 0.0004757746064569801
12815, 0.00040691287722438574
12820, 0.0004654069780372083
12825, 0.00044184934813529253
12830, 0.00042980178841389716
12835, 0.0003936302091460675
12840, 0.0005079705733805895
12845, 0.00038857467006891966
12850, 0.00041146797593683004
12855, 0.0004041148931719363
12860, 0.00043361668940633535
12865, 0.00035673609818331897
12870, 0.00045770747237838805
12875, 0.00041452920413576066
12880, 0.0003822755825240165
12885, 0.000394401082303375
12890, 0.0004508390265982598
12895, 0.00039406734867952764
12900, 0.00043079990427941084
12905, 0.000445009209215641
12910, 0.0003748211311176419
12915, 0.0004602433764375746
12920, 0.00037487706867977977
12925, 0.00039622499025426805
12930, 0.00043103157076984644
12935, 0.0004680964339058846
12940, 0.0004633408389054239
12945, 0.0004252168000675738
12950, 0.00036727325641550124
12955, 0.0005003288388252258
12960, 0.00036881337291561067
12965, 0.00047642021672800183
12970, 0.00041954859625548124
12975, 0.0004100262885913253
12980, 0.00042674544965848327
12985, 0.0004837103479076177
12990, 0.0004918191698379815
12995, 0.00044865853851661086
13000, 0.0003739643725566566
13005, 0.00039676090818829834
13010, 0.0004739785799756646
13015, 0.0004089552676305175
13020, 0.00038347719237208366
13025, 0.0003948203520849347
13030, 0.00045351736480370164
13035, 0.00041322506149299443
13040, 0.0004477949405554682
13045, 0.0004370804817881435
13050, 0.0004112680035177618
13055, 0.0003741784021258354
13060, 0.0005092547507956624
13065, 0.00035244671744294465
13070, 0.0004428208922035992
13075, 0.00039598895818926394
13080, 0.00034510024124756455
13085, 0.0004865169175900519
13090, 0.0005365359829738736
13095, 0.0004336017300374806
13100, 0.000378782075131312
13105, 0.00039513915544375777
13110, 0.0005277767195366323
13115, 0.0003904835321009159
13120, 0.0004269259807188064
13125, 0.00044340937165543437
13130, 0.0004513898747973144
13135, 0.00040481321047991514
13140, 0.00044751560199074447
13145, 0.0003915478300768882
13150, 0.00048738199984654784
13155, 0.0003974397841375321
13160, 0.00038425656384788454
13165, 0.0004304944886825979
13170, 0.0003751172043848783
13175, 0.0004474391753319651
13180, 0.0004090143775101751
13185, 0.00048516946844756603
13190, 0.0003979811444878578
13195, 0.0004753364191856235
13200, 0.00041462748777121305
13205, 0.00036001528496854007
13210, 0.0004001156776212156
13215, 0.0004387868975754827
13220, 0.0003288622829131782
13225, 0.0005010736640542746
13230, 0.00035718962317332625
13235, 0.00038057463825680315
13240, 0.0003916840651072562
13245, 0.00043327925959602
13250, 0.0004447905521374196
13255, 0.000441864161984995
13260, 0.00042462017154321074
13265, 0.00044009892735630274
13270, 0.00037309160688892007
13275, 0.0004231823841109872
13280, 0.00046406997716985643
13285, 0.0004875004815403372
13290, 0.00039818722871132195
13295, 0.0004763691686093807
13300, 0.00042795404442586005
13305, 0.0005107020842842758
13310, 0.0004294054233469069
13315, 0.0004941665101796389
13320, 0.00041276728734374046
13325, 0.0004943666281178594
13330, 0.00038798240711912513
13335, 0.0004223498690407723
13340, 0.0004286299808882177
13345, 0.00041161177796311677
13350, 0.00044035501196049154
13355, 0.00041896983748301864
13360, 0.0004170802130829543
13365, 0.00046083107008598745
13370, 0.000439554889453575
13375, 0.00043467251816764474
13380, 0.00035357920569367707
13385, 0.00045513387885876
13390, 0.0004342234169598669
13395, 0.0004526805423665792
13400, 0.00038382812635973096
13405, 0.00046160610509105027
13410, 0.0003953212290070951
13415, 0.0003539665194693953
13420, 0.00037759242695756257
13425, 0.00042993141687475145
13430, 0.00045770255383104086
13435, 0.0003892144013661891
13440, 0.0004016186867374927
13445, 0.0003412928490433842
13450, 0.00036901768180541694
13455, 0.00037936665466986597
13460, 0.0004200524417683482
13465, 0.0004582757828757167
13470, 0.00038161445991136134
13475, 0.00042685767402872443
13480, 0.00043174612801522017
13485, 0.00041533386684022844
13490, 0.0003975841391365975
13495, 0.00044428862747736275
13500, 0.0004539386136457324
13505, 0.00044075457844883204
13510, 0.00041132239857688546
13515, 0.00040841795271262527
13520, 0.0005358972121030092
13525, 0.00037171324947848916
13530, 0.0003435065445955843
13535, 0.0004077946941833943
13540, 0.0004901271895505488
13545, 0.0004333541728556156
13550, 0.0003620281058829278
13555, 0.0004521940427366644
13560, 0.00048342152149416506
13565, 0.000441274227341637
13570, 0.0003824965679086745
13575, 0.0004350679519120604
13580, 0.00043606667895801365
13585, 0.0004397250013425946
13590, 0.0004723873862531036
13595, 0.00035397507599554956
13600, 0.0004263600567355752
13605, 0.00033762416569516063
13610, 0.00046927377115935087
13615, 0.00044918141793459654
13620, 0.00032531513716094196
13625, 0.0003781563718803227
13630, 0.0005012208130210638
13635, 0.00035293030668981373
13640, 0.0003656877379398793
13645, 0.00042390485759824514
13650, 0.0003503929765429348
13655, 0.0005015621427446604
13660, 0.0004670715134125203
13665, 0.00045019283425062895
13670, 0.00038064259570091963
13675, 0.00046877539716660976
13680, 0.0003992797282990068
13685, 0.0004561763198580593
13690, 0.00040815272950567305
13695, 0.00042126394691877067
13700, 0.00045608324580825865
13705, 0.0003670801525004208
13710, 0.0004972877795808017
13715, 0.0004885807284153998
13720, 0.00041617429815232754
13725, 0.00046097589074634016
13730, 0.00045578411663882434
13735, 0.0004160117241553962
13740, 0.00036967842606827617
13745, 0.00042054508230648935
13750, 0.0005102942232042551
13755, 0.0004445752128958702
13760, 0.0004179388051852584
13765, 0.00044998183147981763
13770, 0.0003672273305710405
13775, 0.00040039612213149667
13780, 0.00046220250078476965
13785, 0.0004616913211066276
13790, 0.0004135590570513159
13795, 0.00043042018660344183
13800, 0.0004093301249668002
13805, 0.0005104014417156577
13810, 0.0004506835248321295
13815, 0.0004920875071547925
13820, 0.00039908254984766245
13825, 0.0004625912697520107
13830, 0.0004973939503543079
13835, 0.0004674502997659147
13840, 0.00040990306297317147
13845, 0.00043942357297055423
13850, 0.00041426040115766227
13855, 0.0004614284262061119
13860, 0.00041357733425684273
13865, 0.0004071798175573349
13870, 0.0004448284744285047
13875, 0.00037267967127263546
13880, 0.00048317015171051025
13885, 0.0005225278437137604
13890, 0.0004913982702419162
13895, 0.000444249773863703
13900, 0.0004447961109690368
13905, 0.00040896079735830426
13910, 0.0004449881089385599
13915, 0.00043858541175723076
13920, 0.0004108708235435188
13925, 0.00042914971709251404
13930, 0.0004856596642639488
13935, 0.00041661871364340186
13940, 0.00044468219857662916
13945, 0.00035470022703520954
13950, 0.00034905876964330673
13955, 0.0003554044524207711
13960, 0.00037886551581323147
13965, 0.000510377692990005
13970, 0.00044683468877337873
13975, 0.0004958458011969924
13980, 0.00039497323450632393
13985, 0.00047742127208039165
13990, 0.0004117029020562768
13995, 0.0005851419409736991
14000, 0.0004503739473875612
14005, 0.0004559015796985477
14010, 0.00038279397995211184
14015, 0.0004217847599647939
14020, 0.000414621812524274
14025, 0.0004848632088396698
14030, 0.00046412221854552627
14035, 0.00042117759585380554
14040, 0.0003847670159302652
14045, 0.00044179122778587043
14050, 0.00044867530232295394
14055, 0.00037257917574606836
14060, 0.0004341956810094416
14065, 0.00048327393596991897
14070, 0.00043278481462039053
14075, 0.00043821861618198454
14080, 0.00036981687298975885
14085, 0.00032372373971156776
14090, 0.0004153107001911849
14095, 0.0004873800207860768
14100, 0.00044004758819937706
14105, 0.0003685451520141214
14110, 0.0004728292697109282
14115, 0.0004674865340348333
14120, 0.00045624247286468744
14125, 0.0005330030107870698
14130, 0.0004433791327755898
14135, 0.0004767288046423346
14140, 0.0003848288906738162
14145, 0.0004378212906885892
14150, 0.0005099730915389955
14155, 0.00045233461423777044
14160, 0.00039518802077509463
14165, 0.0004354653356131166
14170, 0.00047473289305344224
14175, 0.0005138838896527886
14180, 0.00050970574375242
14185, 0.0004826678487006575
14190, 0.00045470468467101455
14195, 0.00043204135727137327
14200, 0.0004723199235741049
14205, 0.0005038544186390936
14210, 0.00043185747927054763
14215, 0.00038311793468892574
14220, 0.00046012483653612435
14225, 0.0004341912572272122
14230, 0.00037269495078362525
14235, 0.0004168212180957198
14240, 0.0003711071622092277
14245, 0.00037843070458620787
14250, 0.0004305880283936858
14255, 0.00046020594891160727
14260, 0.0004611470503732562
14265, 0.00035967564326711
14270, 0.00043734110658988357
14275, 0.0003488200018182397
14280, 0.00043141862261109054
14285, 0.0003644614480435848
14290, 0.00039620406460016966
14295, 0.0004175353387836367
14300, 0.00044630616321228445
14305, 0.00047497483319602907
14310, 0.00048620745656080544
14315, 0.00042685697553679347
14320, 0.0005313160363584757
14325, 0.0004051951109431684
14330, 0.0004639593535102904
14335, 0.00045629474334418774
14340, 0.0004637622623704374
14345, 0.0004977678181603551
14350, 0.00040782062569633126
14355, 0.0004957738565281034
14360, 0.00042670872062444687
14365, 0.0005292301648296416
14370, 0.0004347248759586364
14375, 0.0003905830380972475
14380, 0.0004614510980900377
14385, 0.0004195577639620751
14390, 0.00046890939120203257
14395, 0.0004417134332470596
14400, 0.00042950076749548316
14405, 0.0005560615682043135
14410, 0.00041910892468877137
14415, 0.0005282055353745818
14420, 0.00040586100658401847
14425, 0.00044461965444497764
14430, 0.00044587469892576337
14435, 0.0004110301670152694
14440, 0.0005099698319099844
14445, 0.00047442183131352067
14450, 0.00044162903213873506
14455, 0.00047327092033810914
14460, 0.00043025054037570953
14465, 0.0005251994007267058
14470, 0.0004777039575856179
14475, 0.0004937425255775452
14480, 0.00043468273361213505
14485, 0.0004931940929964185
14490, 0.0004089674912393093
14495, 0.0004369462258182466
14500, 0.0004748413630295545
14505, 0.0004594316997099668
14510, 0.0004666664754040539
14515, 0.00045260501792654395
14520, 0.0003913319087587297
14525, 0.00038528948789462447
14530, 0.0003819565463345498
14535, 0.0004840953624807298
14540, 0.00039409880992025137
14545, 0.00041677316767163575
14550, 0.00040949112735688686
14555, 0.0005021704128012061
14560, 0.0004766448400914669
14565, 0.00046860851580277085
14570, 0.00040419603465124965
14575, 0.0004498894268181175
14580, 0.0004187338054180145
14585, 0.0005398926441557705
14590, 0.0004427584062796086
14595, 0.00036240360350348055
14600, 0.0004633548087440431
14605, 0.0004358411533758044
14610, 0.0005068443715572357
14615, 0.0005159617285244167
14620, 0.0005082408897578716
14625, 0.00043004262261092663
14630, 0.0004684424202423543
14635, 0.0004714399401564151
14640, 0.0005197133868932724
14645, 0.00042883172864094377
14650, 0.0004892423748970032
14655, 0.0004169761959929019
14660, 0.00046240061055868864
14665, 0.0004333767865318805
14670, 0.0005157674313522875
14675, 0.0004844152426812798
14680, 0.00046186341205611825
14685, 0.00045789990690536797
14690, 0.00037917535519227386
14695, 0.0005158847197890282
14700, 0.0004669419431593269
14705, 0.0005278066964820027
14710, 0.0005259652389213443
14715, 0.00042688852408900857
14720, 0.0004350897506810725
14725, 0.0004353372205514461
14730, 0.0004271264187991619
14735, 0.0004127446736674756
14740, 0.00036937205004505813
14745, 0.0004041001957375556
14750, 0.0003716720675583929
14755, 0.000463082775240764
14760, 0.0004650976916309446
14765, 0.000435768801253289
14770, 0.00042926674359478056
14775, 0.0004422520869411528
14780, 0.00039542873855680227
14785, 0.0004923156811855733
14790, 0.00037579162744805217
14795, 0.0004690860223490745
14800, 0.00040321011329069734
14805, 0.00037315464578568935
14810, 0.000525584036950022
14815, 0.000502005044836551
14820, 0.0003800818230956793
14825, 0.00043150762212462723
14830, 0.000508672499563545
14835, 0.0004457918112166226
14840, 0.0004678737896028906
14845, 0.0004905680543743074
14850, 0.0004455559537746012
14855, 0.0004105407278984785
14860, 0.00046452844981104136
14865, 0.0003850492066703737
14870, 0.00041039183270186186
14875, 0.00038596466765739024
14880, 0.00045145934564061463
14885, 0.00042900495463982224
14890, 0.0004733589303214103
14895, 0.0004686443426180631
14900, 0.00046702680992893875
14905, 0.0006066496716812253
14910, 0.0005486113950610161
14915, 0.0004741303564514965
14920, 0.00039816333446651697
14925, 0.00042336838669143617
14930, 0.0004103951505385339
14935, 0.0003954406420234591
14940, 0.0005243719206191599
14945, 0.00045022284029982984
14950, 0.00038351144758053124
14955, 0.0004407001833897084
14960, 0.0004556713975034654
14965, 0.0004677436372730881
14970, 0.0004172561166342348
14975, 0.0004101624945178628
14980, 0.00038136521470732987
14985, 0.0003725881106220186
14990, 0.00035239197313785553
14995, 0.0003248917346354574
15000, 0.0003161559870932251
15005, 0.0002929987385869026
15010, 0.0003004404716193676
15015, 0.0002954358933493495
15020, 0.00034142762888222933
15025, 0.00032749405363574624
15030, 0.00038150191539898515
15035, 0.00030679276096634567
15040, 0.00034255353966727853
15045, 0.00038787565426900983
15050, 0.0003347750171087682
15055, 0.00037290819454938173
15060, 0.0004157577350270003
15065, 0.00046377783291973174
15070, 0.00046291889157146215
15075, 0.00036734252353198826
15080, 0.00039679754991084337
15085, 0.00047487381380051374
15090, 0.00042461437988094985
15095, 0.0004997591604478657
15100, 0.00041413854341953993
15105, 0.0003739891981240362
15110, 0.0003746793663594872
15115, 0.0003277852956671268
15120, 0.0004257222171872854
15125, 0.0004050550633110106
15130, 0.0004033084842376411
15135, 0.0005297448369674385
15140, 0.0004576653882395476
15145, 0.00041086686542257667
15150, 0.0004523021343629807
15155, 0.00043289101449772716
15160, 0.00046972971176728606
15165, 0.0004833369457628578
15170, 0.0004362344916444272
15175, 0.0003540496400091797
15180, 0.0004140000091865659
15185, 0.00048686619265936315
15190, 0.0003837183758150786
15195, 0.00041538133518770337
15200, 0.00041454806341789663
15205, 0.0004130243032705039
15210, 0.00045872016926296055
15215, 0.00047264419845305383
15220, 0.00037994899321347475
15225, 0.00047161622205749154
15230, 0.00042299425695091486
15235, 0.0004112321184948087
15240, 0.00043107959209010005
15245, 0.00041296990821138024
15250, 0.00041857094038277864
15255, 0.000401656492613256
15260, 0.00043048555380664766
15265, 0.00044897504267282784
15270, 0.0004627959569916129
15275, 0.0003891805827151984
15280, 0.00041096698259934783
15285, 0.0004353539552539587
15290, 0.0004199779068585485
15295, 0.00042451091576367617
15300, 0.00039549777284264565
15305, 0.0003912538231816143
15310, 0.00046234583714976907
15315, 0.00040987067040987313
15320, 0.0003458186110947281
15325, 0.00041488147689960897
15330, 0.0004491545259952545
15335, 0.00041816895827651024
15340, 0.00040253138286061585
15345, 0.0003650172729976475
15350, 0.0004668588808272034
15355, 0.0003372209030203521
15360, 0.00037918813177384436
15365, 0.00048668752424418926
15370, 0.0004280458379071206
15375, 0.00036311018629930913
15380, 0.00045638246228918433
15385, 0.00039633482811041176
15390, 0.0003318629751447588
15395, 0.000457356363767758
15400, 0.0004562539979815483
15405, 0.00042314932215958834
15410, 0.0004552817263174802
15415, 0.0003975341096520424
15420, 0.00044446653919294477
15425, 0.0005752859287895262
15430, 0.0004213730280753225
15435, 0.0004720955912489444
15440, 0.0004214619693811983
15445, 0.0004641671839635819
15450, 0.0004872795834671706
15455, 0.0004469538980629295
15460, 0.0003838785632979125
15465, 0.00041396968299522996
15470, 0.0004680967249441892
15475, 0.0004438245960045606
15480, 0.00043900712626054883
15485, 0.0003824494779109955
15490, 0.00048496085219085217
15495, 0.0004217535024508834
15500, 0.00041301376768387854
15505, 0.0004976043128408492
15510, 0.00040646843262948096
15515, 0.00046055472921580076
15520, 0.0004035118909087032
15525, 0.00041289173532277346
15530, 0.0004050180141348392
15535, 0.00046598276821896434
15540, 0.0004154670750722289
15545, 0.0004023019573651254
15550, 0.0004379197198431939
15555, 0.0003664012183435261
15560, 0.000453160930192098
15565, 0.00035131393815390766
15570, 0.0003762223059311509
15575, 0.00036014881334267557
15580, 0.00038443508674390614
15585, 0.00046585328527726233
15590, 0.00040926935616880655
15595, 0.0004808098019566387
15600, 0.0004960726946592331
15605, 0.0004191895422991365
15610, 0.000577175582293421
15615, 0.00046797964023426175
15620, 0.0004621861153282225
15625, 0.00035080304951407015
15630, 0.0004828245146200061
15635, 0.00044467681436799467
15640, 0.00037689576856791973
15645, 0.00040767586324363947
15650, 0.00042996861157007515
15655, 0.0004660548293031752
15660, 0.0004370117967482656
15665, 0.00046969344839453697
15670, 0.0004292359808459878
15675, 0.00040944639476947486
15680, 0.0004420180048327893
15685, 0.00047776391147635877
15690, 0.0004072216688655317
15695, 0.00042259288602508605
15700, 0.00046027539065107703
15705, 0.0003594145819079131
15710, 0.00040784370503388345
15715, 0.0004533029568847269
15720, 0.0004085940308868885
15725, 0.00041392288403585553
15730, 0.0004410136316437274
15735, 0.0004999841912649572
15740, 0.0003838574921246618
15745, 0.00046876599662937224
15750, 0.00038807696546427906
15755, 0.00043036649003624916
15760, 0.00037547919782809913
15765, 0.0004638587706722319
15770, 0.00042140609002672136
15775, 0.00045145416515879333
15780, 0.0005264344508759677
15785, 0.00039211823605000973
15790, 0.0004994614282622933
15795, 0.00041729837539605796
15800, 0.0004973698523826897
15805, 0.0004148749285377562
15810, 0.0003762757987715304
15815, 0.0004558975051622838
15820, 0.0005483939894475043
15825, 0.00042367540299892426
15830, 0.0004864587972406298
15835, 0.0003772535128518939
15840, 0.00044518589857034385
15845, 0.0005367502453736961
15850, 0.00048414745833724737
15855, 0.0004141653480473906
15860, 0.0004063250671606511
15865, 0.00032234290847554803
15870, 0.0004548738070297986
15875, 0.00043078538146801293
15880, 0.00045305484673008323
15885, 0.00041484370012767613
15890, 0.0004934124881401658
15895, 0.0003796728269662708
15900, 0.0005020668031647801
15905, 0.00047971270396374166
15910, 0.0004112230089958757
15915, 0.00044193080975674093
15920, 0.000437607173807919
15925, 0.0004809585225302726
15930, 0.00036543584428727627
15935, 0.0004419867182150483
15940, 0.0004420342156663537
15945, 0.00048237378359772265
15950, 0.0004789373779203743
15955, 0.00046037277206778526
15960, 0.0005279907491058111
15965, 0.0005485947476699948
15970, 0.000509509991388768
15975, 0.0004897136241197586
15980, 0.00043359771370887756
15985, 0.0005746653187088668
15990, 0.0004683349106926471
15995, 0.0004384353233035654
16000, 0.0005737441824749112
16005, 0.0004065638640895486
16010, 0.0005009164451621473
16015, 0.00046829431084915996
16020, 0.00039876336813904345
16025, 0.0004830711695831269
16030, 0.0004693243245128542
16035, 0.0005328819970600307
16040, 0.00056861323537305
16045, 0.0004169399617239833
16050, 0.0004700485151261091
